[ 2016-08-19T09:13:24+08:00 ] 127.0.0.1 /index.php/
INFO: [ app_init ] --START--
INFO: Run Behavior\BuildLiteBehavior [ RunTime:0.000000s ]
INFO: [ app_init ] --END-- [ RunTime:0.001000s ]
INFO: [ app_begin ] --START--
INFO: Run Behavior\ReadHtmlCacheBehavior [ RunTime:0.000000s ]
INFO: [ app_begin ] --END-- [ RunTime:0.002000s ]
INFO: [ view_parse ] --START--
INFO: [ template_filter ] --START--
INFO: Run Behavior\ContentReplaceBehavior [ RunTime:0.000000s ]
INFO: [ template_filter ] --END-- [ RunTime:0.000000s ]
INFO: Run Behavior\ParseTemplateBehavior [ RunTime:0.027001s ]
INFO: [ view_parse ] --END-- [ RunTime:0.028002s ]
INFO: [ view_filter ] --START--
INFO: Run Behavior\WriteHtmlCacheBehavior [ RunTime:0.001000s ]
INFO: [ view_filter ] --END-- [ RunTime:0.001000s ]

[ 2016-08-19T09:13:46+08:00 ] 127.0.0.1 /index.php/Home/Tenant/login.html
INFO: [ app_init ] --START--
INFO: Run Behavior\BuildLiteBehavior [ RunTime:0.000000s ]
INFO: [ app_init ] --END-- [ RunTime:0.002000s ]
INFO: [ app_begin ] --START--
INFO: Run Behavior\ReadHtmlCacheBehavior [ RunTime:0.002000s ]
INFO: [ app_begin ] --END-- [ RunTime:0.002000s ]
SQL: SHOW COLUMNS FROM `lewo_account` [ RunTime:0.1980s ]
SQL: SELECT * FROM `lewo_account` WHERE `mobile` = '13751507973' AND `password` = 'e10adc3949ba59abbe56e057f20f883e' LIMIT 1   [ RunTime:0.0010s ]
INFO: [ view_parse ] --START--
INFO: [ template_filter ] --START--
INFO: Run Behavior\ContentReplaceBehavior [ RunTime:0.001001s ]
INFO: [ template_filter ] --END-- [ RunTime:0.001001s ]
INFO: Run Behavior\ParseTemplateBehavior [ RunTime:0.095006s ]
INFO: [ view_parse ] --END-- [ RunTime:0.095006s ]
INFO: [ view_filter ] --START--
INFO: Run Behavior\WriteHtmlCacheBehavior [ RunTime:0.001000s ]
INFO: [ view_filter ] --END-- [ RunTime:0.001000s ]

[ 2016-08-19T09:13:47+08:00 ] 127.0.0.1 /index.php/Home/Tenant/index.html
INFO: [ app_init ] --START--
INFO: Run Behavior\BuildLiteBehavior [ RunTime:0.000000s ]
INFO: [ app_init ] --END-- [ RunTime:0.001000s ]
INFO: [ app_begin ] --START--
INFO: Run Behavior\ReadHtmlCacheBehavior [ RunTime:0.002000s ]
INFO: [ app_begin ] --END-- [ RunTime:0.002000s ]
SQL: SHOW COLUMNS FROM `lewo_account` [ RunTime:0.0060s ]
SQL: SELECT `id`,`mobile`,`email`,`sex`,`birthday`,`register_time`,`avatar`,`address`,`zipcode`,`card_no`,`balance`,`realname`,`contact2` FROM `lewo_account` WHERE `id` = 23 LIMIT 1   [ RunTime:0.0010s ]
SQL: SHOW COLUMNS FROM `lewo_room` [ RunTime:0.1620s ]
SQL: SELECT * FROM `lewo_room` WHERE `account_id` = 23 AND `status` = 2 LIMIT 1   [ RunTime:0.0020s ]
SQL: SHOW COLUMNS FROM `lewo_houses` [ RunTime:0.0550s ]
SQL: SELECT * FROM `lewo_houses` INNER JOIN lewo_area ON lewo_houses.area_id = lewo_area.id  WHERE `house_code` = 'A805' LIMIT 1   [ RunTime:0.0540s ]
SQL: SHOW COLUMNS FROM `lewo_charge_bill` [ RunTime:0.0340s ]
SQL: SELECT * FROM `lewo_charge_bill` WHERE `account_id` = 23 AND `pay_status` = 0  [ RunTime:0.0020s ]
SQL: SHOW COLUMNS FROM `lewo_back_bill` [ RunTime:0.0690s ]
SQL: SELECT * FROM `lewo_back_bill` WHERE `is_finish` = 0 AND `is_affirm` = 0 AND `account_id` = 23 LIMIT 1   [ RunTime:0.0010s ]
INFO: [ view_parse ] --START--
INFO: [ template_filter ] --START--
INFO: Run Behavior\ContentReplaceBehavior [ RunTime:0.000000s ]
INFO: [ template_filter ] --END-- [ RunTime:0.000000s ]
INFO: Run Behavior\ParseTemplateBehavior [ RunTime:0.042002s ]
INFO: [ view_parse ] --END-- [ RunTime:0.043002s ]
INFO: [ view_filter ] --START--
INFO: Run Behavior\WriteHtmlCacheBehavior [ RunTime:0.001000s ]
INFO: [ view_filter ] --END-- [ RunTime:0.001000s ]
INFO: [ app_end ] --START--
INFO: Run Behavior\ShowPageTraceBehavior [ RunTime:0.002000s ]
INFO: [ app_end ] --END-- [ RunTime:0.003000s ]

[ 2016-08-19T09:14:56+08:00 ] 127.0.0.1 /index.php/Home/Tenant/index.html
INFO: [ app_init ] --START--
INFO: Run Behavior\BuildLiteBehavior [ RunTime:0.000000s ]
INFO: [ app_init ] --END-- [ RunTime:0.001000s ]
INFO: [ app_begin ] --START--
INFO: Run Behavior\ReadHtmlCacheBehavior [ RunTime:0.001000s ]
INFO: [ app_begin ] --END-- [ RunTime:0.002000s ]
SQL: SHOW COLUMNS FROM `lewo_account` [ RunTime:0.0060s ]
SQL: SELECT `id`,`mobile`,`email`,`sex`,`birthday`,`register_time`,`avatar`,`address`,`zipcode`,`card_no`,`balance`,`realname`,`contact2` FROM `lewo_account` WHERE `id` = 23 LIMIT 1   [ RunTime:0.0010s ]
SQL: SHOW COLUMNS FROM `lewo_room` [ RunTime:0.0070s ]
SQL: SELECT * FROM `lewo_room` WHERE `account_id` = 23 AND `status` = 2 LIMIT 1   [ RunTime:0.0010s ]
SQL: SHOW COLUMNS FROM `lewo_houses` [ RunTime:0.0060s ]
SQL: SELECT * FROM `lewo_houses` INNER JOIN lewo_area ON lewo_houses.area_id = lewo_area.id  WHERE `house_code` = 'A805' LIMIT 1   [ RunTime:0.0020s ]
SQL: SHOW COLUMNS FROM `lewo_charge_bill` [ RunTime:0.0050s ]
SQL: SELECT * FROM `lewo_charge_bill` WHERE `account_id` = 23 AND `pay_status` = 0  [ RunTime:0.0010s ]
SQL: SHOW COLUMNS FROM `lewo_back_bill` [ RunTime:0.0050s ]
SQL: SELECT * FROM `lewo_back_bill` WHERE `is_finish` = 0 AND `is_affirm` = 0 AND `account_id` = 23 LIMIT 1   [ RunTime:0.0000s ]
INFO: [ view_parse ] --START--
INFO: [ template_filter ] --START--
INFO: Run Behavior\ContentReplaceBehavior [ RunTime:0.001000s ]
INFO: [ template_filter ] --END-- [ RunTime:0.001000s ]
INFO: Run Behavior\ParseTemplateBehavior [ RunTime:0.027001s ]
INFO: [ view_parse ] --END-- [ RunTime:0.027001s ]
INFO: [ view_filter ] --START--
INFO: Run Behavior\WriteHtmlCacheBehavior [ RunTime:0.001000s ]
INFO: [ view_filter ] --END-- [ RunTime:0.001000s ]
INFO: [ app_end ] --START--
INFO: Run Behavior\ShowPageTraceBehavior [ RunTime:0.004000s ]
INFO: [ app_end ] --END-- [ RunTime:0.004000s ]

[ 2016-08-19T09:15:00+08:00 ] 127.0.0.1 /index.php/Home/Tenant/index.html
INFO: [ app_init ] --START--
INFO: Run Behavior\BuildLiteBehavior [ RunTime:0.000000s ]
INFO: [ app_init ] --END-- [ RunTime:0.001000s ]
INFO: [ app_begin ] --START--
INFO: Run Behavior\ReadHtmlCacheBehavior [ RunTime:0.001000s ]
INFO: [ app_begin ] --END-- [ RunTime:0.001000s ]
SQL: SHOW COLUMNS FROM `lewo_account` [ RunTime:0.0050s ]
SQL: SELECT `id`,`mobile`,`email`,`sex`,`birthday`,`register_time`,`avatar`,`address`,`zipcode`,`card_no`,`balance`,`realname`,`contact2` FROM `lewo_account` WHERE `id` = 23 LIMIT 1   [ RunTime:0.0010s ]
SQL: SHOW COLUMNS FROM `lewo_room` [ RunTime:0.0050s ]
SQL: SELECT * FROM `lewo_room` WHERE `account_id` = 23 AND `status` = 2 LIMIT 1   [ RunTime:0.0000s ]
SQL: SHOW COLUMNS FROM `lewo_houses` [ RunTime:0.0050s ]
SQL: SELECT * FROM `lewo_houses` INNER JOIN lewo_area ON lewo_houses.area_id = lewo_area.id  WHERE `house_code` = 'A805' LIMIT 1   [ RunTime:0.0010s ]
SQL: SHOW COLUMNS FROM `lewo_charge_bill` [ RunTime:0.0050s ]
SQL: SELECT * FROM `lewo_charge_bill` WHERE `account_id` = 23 AND `pay_status` = 0  [ RunTime:0.0010s ]
SQL: SHOW COLUMNS FROM `lewo_back_bill` [ RunTime:0.0040s ]
SQL: SELECT * FROM `lewo_back_bill` WHERE `is_finish` = 0 AND `is_affirm` = 0 AND `account_id` = 23 LIMIT 1   [ RunTime:0.0000s ]
INFO: [ view_parse ] --START--
INFO: [ template_filter ] --START--
INFO: Run Behavior\ContentReplaceBehavior [ RunTime:0.000000s ]
INFO: [ template_filter ] --END-- [ RunTime:0.000000s ]
INFO: Run Behavior\ParseTemplateBehavior [ RunTime:0.025001s ]
INFO: [ view_parse ] --END-- [ RunTime:0.026001s ]
INFO: [ view_filter ] --START--
INFO: Run Behavior\WriteHtmlCacheBehavior [ RunTime:0.000000s ]
INFO: [ view_filter ] --END-- [ RunTime:0.001000s ]
INFO: [ app_end ] --START--
INFO: Run Behavior\ShowPageTraceBehavior [ RunTime:0.004000s ]
INFO: [ app_end ] --END-- [ RunTime:0.004000s ]

[ 2016-08-19T09:15:23+08:00 ] 127.0.0.1 /index.php/Home/Alipay/pay/WIDout_trade_no/69/WIDsubject/2016%E5%B9%B48%E6%9C%88%E6%97%A5%E5%B8%B8%E8%B4%A6%E5%8D%95/WIDtotal_fee/0.01.html
INFO: [ app_init ] --START--
INFO: Run Behavior\BuildLiteBehavior [ RunTime:0.000000s ]
INFO: [ app_init ] --END-- [ RunTime:0.001001s ]
INFO: [ app_begin ] --START--
INFO: Run Behavior\ReadHtmlCacheBehavior [ RunTime:0.001000s ]
INFO: [ app_begin ] --END-- [ RunTime:0.003000s ]
INFO: [ app_end ] --START--
INFO: Run Behavior\ShowPageTraceBehavior [ RunTime:0.002000s ]
INFO: [ app_end ] --END-- [ RunTime:0.003000s ]

[ 2016-08-19T09:25:03+08:00 ] 127.0.0.1 /index.php/Home/Alipay/pay/WIDout_trade_no/69/WIDsubject/2016%E5%B9%B48%E6%9C%88%E6%97%A5%E5%B8%B8%E8%B4%A6%E5%8D%95/WIDtotal_fee/0.01.html
INFO: [ app_init ] --START--
INFO: Run Behavior\BuildLiteBehavior [ RunTime:0.000000s ]
INFO: [ app_init ] --END-- [ RunTime:0.001000s ]
INFO: [ app_begin ] --START--
INFO: Run Behavior\ReadHtmlCacheBehavior [ RunTime:0.001000s ]
INFO: [ app_begin ] --END-- [ RunTime:0.003000s ]

[ 2016-08-19T09:25:25+08:00 ] 127.0.0.1 /index.php/Home/Alipay/pay/WIDout_trade_no/69/WIDsubject/2016%E5%B9%B48%E6%9C%88%E6%97%A5%E5%B8%B8%E8%B4%A6%E5%8D%95/WIDtotal_fee/0.01.html
INFO: [ app_init ] --START--
INFO: Run Behavior\BuildLiteBehavior [ RunTime:0.001000s ]
INFO: [ app_init ] --END-- [ RunTime:0.002000s ]
INFO: [ app_begin ] --START--
INFO: Run Behavior\ReadHtmlCacheBehavior [ RunTime:0.002000s ]
INFO: [ app_begin ] --END-- [ RunTime:0.002000s ]

[ 2016-08-19T09:25:28+08:00 ] 127.0.0.1 /index.php/Home/Alipay/pay/WIDout_trade_no/69/WIDsubject/2016%E5%B9%B48%E6%9C%88%E6%97%A5%E5%B8%B8%E8%B4%A6%E5%8D%95/WIDtotal_fee/0.01.html
INFO: [ app_init ] --START--
INFO: Run Behavior\BuildLiteBehavior [ RunTime:0.000000s ]
INFO: [ app_init ] --END-- [ RunTime:0.001000s ]
INFO: [ app_begin ] --START--
INFO: Run Behavior\ReadHtmlCacheBehavior [ RunTime:0.001000s ]
INFO: [ app_begin ] --END-- [ RunTime:0.002000s ]

[ 2016-08-19T09:26:14+08:00 ] 127.0.0.1 /index.php/Home/Alipay/pay/WIDout_trade_no/69/WIDsubject/2016%E5%B9%B48%E6%9C%88%E6%97%A5%E5%B8%B8%E8%B4%A6%E5%8D%95/WIDtotal_fee/0.01.html
INFO: [ app_init ] --START--
INFO: Run Behavior\BuildLiteBehavior [ RunTime:0.001000s ]
INFO: [ app_init ] --END-- [ RunTime:0.002000s ]
INFO: [ app_begin ] --START--
INFO: Run Behavior\ReadHtmlCacheBehavior [ RunTime:0.001000s ]
INFO: [ app_begin ] --END-- [ RunTime:0.001000s ]

[ 2016-08-19T09:26:51+08:00 ] 127.0.0.1 /index.php/Home/Alipay/pay/WIDout_trade_no/69/WIDsubject/2016%E5%B9%B48%E6%9C%88%E6%97%A5%E5%B8%B8%E8%B4%A6%E5%8D%95/WIDtotal_fee/0.01.html
INFO: [ app_init ] --START--
INFO: Run Behavior\BuildLiteBehavior [ RunTime:0.000000s ]
INFO: [ app_init ] --END-- [ RunTime:0.001000s ]
INFO: [ app_begin ] --START--
INFO: Run Behavior\ReadHtmlCacheBehavior [ RunTime:0.002000s ]
INFO: [ app_begin ] --END-- [ RunTime:0.003000s ]

[ 2016-08-19T09:38:47+08:00 ] 127.0.0.1 /index.php/Home/Alipay/pay/WIDout_trade_no/69/WIDsubject/2016%E5%B9%B48%E6%9C%88%E6%97%A5%E5%B8%B8%E8%B4%A6%E5%8D%95/WIDtotal_fee/0.01.html
INFO: [ app_init ] --START--
INFO: Run Behavior\BuildLiteBehavior [ RunTime:0.000000s ]
INFO: [ app_init ] --END-- [ RunTime:0.002000s ]
INFO: [ app_begin ] --START--
INFO: Run Behavior\ReadHtmlCacheBehavior [ RunTime:0.002000s ]
INFO: [ app_begin ] --END-- [ RunTime:0.002000s ]

[ 2016-08-19T09:40:01+08:00 ] 127.0.0.1 /index.php/Home/Alipay/pay/WIDout_trade_no/69/WIDsubject/2016%E5%B9%B48%E6%9C%88%E6%97%A5%E5%B8%B8%E8%B4%A6%E5%8D%95/WIDtotal_fee/0.01.html
INFO: [ app_init ] --START--
INFO: Run Behavior\BuildLiteBehavior [ RunTime:0.000000s ]
INFO: [ app_init ] --END-- [ RunTime:0.001000s ]
INFO: [ app_begin ] --START--
INFO: Run Behavior\ReadHtmlCacheBehavior [ RunTime:0.003000s ]
INFO: [ app_begin ] --END-- [ RunTime:0.004000s ]

[ 2016-08-19T09:40:26+08:00 ] 127.0.0.1 /index.php/Home/Alipay/pay/WIDout_trade_no/69/WIDsubject/2016%E5%B9%B48%E6%9C%88%E6%97%A5%E5%B8%B8%E8%B4%A6%E5%8D%95/WIDtotal_fee/0.01.html
INFO: [ app_init ] --START--
INFO: Run Behavior\BuildLiteBehavior [ RunTime:0.000000s ]
INFO: [ app_init ] --END-- [ RunTime:0.001000s ]
INFO: [ app_begin ] --START--
INFO: Run Behavior\ReadHtmlCacheBehavior [ RunTime:0.001000s ]
INFO: [ app_begin ] --END-- [ RunTime:0.001000s ]

[ 2016-08-19T09:42:40+08:00 ] 127.0.0.1 /index.php/Home/Alipay/pay/WIDout_trade_no/69/WIDsubject/2016%E5%B9%B48%E6%9C%88%E6%97%A5%E5%B8%B8%E8%B4%A6%E5%8D%95/WIDtotal_fee/0.01.html
INFO: [ app_init ] --START--
INFO: Run Behavior\BuildLiteBehavior [ RunTime:0.000000s ]
INFO: [ app_init ] --END-- [ RunTime:0.001000s ]
INFO: [ app_begin ] --START--
INFO: Run Behavior\ReadHtmlCacheBehavior [ RunTime:0.001000s ]
INFO: [ app_begin ] --END-- [ RunTime:0.002000s ]

[ 2016-08-19T09:42:58+08:00 ] 127.0.0.1 /index.php/Home/Alipay/pay/WIDout_trade_no/69/WIDsubject/2016%E5%B9%B48%E6%9C%88%E6%97%A5%E5%B8%B8%E8%B4%A6%E5%8D%95/WIDtotal_fee/0.01.html
INFO: [ app_init ] --START--
INFO: Run Behavior\BuildLiteBehavior [ RunTime:0.000000s ]
INFO: [ app_init ] --END-- [ RunTime:0.001000s ]
INFO: [ app_begin ] --START--
INFO: Run Behavior\ReadHtmlCacheBehavior [ RunTime:0.001000s ]
INFO: [ app_begin ] --END-- [ RunTime:0.001000s ]

[ 2016-08-19T09:43:05+08:00 ] 127.0.0.1 /index.php/Home/Alipay/pay/WIDout_trade_no/69/WIDsubject/2016%E5%B9%B48%E6%9C%88%E6%97%A5%E5%B8%B8%E8%B4%A6%E5%8D%95/WIDtotal_fee/0.01.html
INFO: [ app_init ] --START--
INFO: Run Behavior\BuildLiteBehavior [ RunTime:0.000000s ]
INFO: [ app_init ] --END-- [ RunTime:0.001000s ]
INFO: [ app_begin ] --START--
INFO: Run Behavior\ReadHtmlCacheBehavior [ RunTime:0.001000s ]
INFO: [ app_begin ] --END-- [ RunTime:0.002000s ]

[ 2016-08-19T09:43:12+08:00 ] 127.0.0.1 /index.php/Home/Alipay/pay/WIDout_trade_no/69/WIDsubject/2016%E5%B9%B48%E6%9C%88%E6%97%A5%E5%B8%B8%E8%B4%A6%E5%8D%95/WIDtotal_fee/0.01.html
INFO: [ app_init ] --START--
INFO: Run Behavior\BuildLiteBehavior [ RunTime:0.000000s ]
INFO: [ app_init ] --END-- [ RunTime:0.002000s ]
INFO: [ app_begin ] --START--
INFO: Run Behavior\ReadHtmlCacheBehavior [ RunTime:0.001000s ]
INFO: [ app_begin ] --END-- [ RunTime:0.002000s ]

[ 2016-08-19T09:49:14+08:00 ] 127.0.0.1 /index.php/Home/Alipay/pay/WIDout_trade_no/69/WIDsubject/2016%E5%B9%B48%E6%9C%88%E6%97%A5%E5%B8%B8%E8%B4%A6%E5%8D%95/WIDtotal_fee/0.01.html
INFO: [ app_init ] --START--
INFO: Run Behavior\BuildLiteBehavior [ RunTime:0.000000s ]
INFO: [ app_init ] --END-- [ RunTime:0.001000s ]
INFO: [ app_begin ] --START--
INFO: Run Behavior\ReadHtmlCacheBehavior [ RunTime:0.001000s ]
INFO: [ app_begin ] --END-- [ RunTime:0.002000s ]

[ 2016-08-19T09:50:17+08:00 ] 127.0.0.1 /index.php/Home/Alipay/pay/WIDout_trade_no/69/WIDsubject/2016%E5%B9%B48%E6%9C%88%E6%97%A5%E5%B8%B8%E8%B4%A6%E5%8D%95/WIDtotal_fee/0.01.html
INFO: [ app_init ] --START--
INFO: Run Behavior\BuildLiteBehavior [ RunTime:0.001000s ]
INFO: [ app_init ] --END-- [ RunTime:0.002001s ]
INFO: [ app_begin ] --START--
INFO: Run Behavior\ReadHtmlCacheBehavior [ RunTime:0.001000s ]
INFO: [ app_begin ] --END-- [ RunTime:0.002000s ]

[ 2016-08-19T09:51:50+08:00 ] 127.0.0.1 /index.php/Home/Alipay/pay/WIDout_trade_no/69/WIDsubject/2016%E5%B9%B48%E6%9C%88%E6%97%A5%E5%B8%B8%E8%B4%A6%E5%8D%95/WIDtotal_fee/0.01.html
INFO: [ app_init ] --START--
INFO: Run Behavior\BuildLiteBehavior [ RunTime:0.000000s ]
INFO: [ app_init ] --END-- [ RunTime:0.001000s ]
INFO: [ app_begin ] --START--
INFO: Run Behavior\ReadHtmlCacheBehavior [ RunTime:0.002000s ]
INFO: [ app_begin ] --END-- [ RunTime:0.002000s ]

[ 2016-08-19T09:52:11+08:00 ] 127.0.0.1 /index.php/Home/Alipay/pay/WIDout_trade_no/69/WIDsubject/2016%E5%B9%B48%E6%9C%88%E6%97%A5%E5%B8%B8%E8%B4%A6%E5%8D%95/WIDtotal_fee/0.01.html
INFO: [ app_init ] --START--
INFO: Run Behavior\BuildLiteBehavior [ RunTime:0.000000s ]
INFO: [ app_init ] --END-- [ RunTime:0.001000s ]
INFO: [ app_begin ] --START--
INFO: Run Behavior\ReadHtmlCacheBehavior [ RunTime:0.002000s ]
INFO: [ app_begin ] --END-- [ RunTime:0.002000s ]

[ 2016-08-19T09:52:31+08:00 ] 127.0.0.1 /index.php/Home/Alipay/pay/WIDout_trade_no/69/WIDsubject/2016%E5%B9%B48%E6%9C%88%E6%97%A5%E5%B8%B8%E8%B4%A6%E5%8D%95/WIDtotal_fee/0.01.html
INFO: [ app_init ] --START--
INFO: Run Behavior\BuildLiteBehavior [ RunTime:0.000000s ]
INFO: [ app_init ] --END-- [ RunTime:0.001000s ]
INFO: [ app_begin ] --START--
INFO: Run Behavior\ReadHtmlCacheBehavior [ RunTime:0.001000s ]
INFO: [ app_begin ] --END-- [ RunTime:0.001000s ]

[ 2016-08-19T10:22:44+08:00 ] 127.0.0.1 /index.php/Home/Alipay/pay/WIDout_trade_no/69/WIDsubject/2016%E5%B9%B48%E6%9C%88%E6%97%A5%E5%B8%B8%E8%B4%A6%E5%8D%95/WIDtotal_fee/0.01.html
INFO: [ app_init ] --START--
INFO: Run Behavior\BuildLiteBehavior [ RunTime:0.000000s ]
INFO: [ app_init ] --END-- [ RunTime:0.001001s ]
INFO: [ app_begin ] --START--
INFO: Run Behavior\ReadHtmlCacheBehavior [ RunTime:0.001000s ]
INFO: [ app_begin ] --END-- [ RunTime:0.002000s ]

[ 2016-08-19T10:34:10+08:00 ] 127.0.0.1 /index.php/
INFO: [ app_init ] --START--
INFO: Run Behavior\BuildLiteBehavior [ RunTime:0.000000s ]
INFO: [ app_init ] --END-- [ RunTime:0.001000s ]
INFO: [ app_begin ] --START--
INFO: Run Behavior\ReadHtmlCacheBehavior [ RunTime:0.001000s ]
INFO: [ app_begin ] --END-- [ RunTime:0.001000s ]
SQL: SHOW COLUMNS FROM `lewo_account` [ RunTime:0.0080s ]
SQL: SELECT `id`,`mobile`,`email`,`sex`,`birthday`,`register_time`,`avatar`,`address`,`zipcode`,`card_no`,`balance`,`realname`,`contact2` FROM `lewo_account` WHERE `id` = 23 LIMIT 1   [ RunTime:0.0010s ]
SQL: SHOW COLUMNS FROM `lewo_room` [ RunTime:0.0070s ]
SQL: SELECT * FROM `lewo_room` WHERE `account_id` = 23 AND `status` = 2 LIMIT 1   [ RunTime:0.0010s ]
SQL: SHOW COLUMNS FROM `lewo_houses` [ RunTime:0.0070s ]
SQL: SELECT * FROM `lewo_houses` INNER JOIN lewo_area ON lewo_houses.area_id = lewo_area.id  WHERE `house_code` = 'A805' LIMIT 1   [ RunTime:0.0010s ]
SQL: SHOW COLUMNS FROM `lewo_charge_bill` [ RunTime:0.0090s ]
SQL: SELECT * FROM `lewo_charge_bill` WHERE `account_id` = 23 AND `pay_status` = 0  [ RunTime:0.0010s ]
SQL: SHOW COLUMNS FROM `lewo_back_bill` [ RunTime:0.0060s ]
SQL: SELECT * FROM `lewo_back_bill` WHERE `is_finish` = 0 AND `is_affirm` = 0 AND `account_id` = 23 LIMIT 1   [ RunTime:0.0000s ]
INFO: [ view_parse ] --START--
INFO: [ template_filter ] --START--
INFO: Run Behavior\ContentReplaceBehavior [ RunTime:0.001000s ]
INFO: [ template_filter ] --END-- [ RunTime:0.001000s ]
INFO: Run Behavior\ParseTemplateBehavior [ RunTime:0.036002s ]
INFO: [ view_parse ] --END-- [ RunTime:0.036002s ]
INFO: [ view_filter ] --START--
INFO: Run Behavior\WriteHtmlCacheBehavior [ RunTime:0.001000s ]
INFO: [ view_filter ] --END-- [ RunTime:0.001000s ]
INFO: [ app_end ] --START--
INFO: Run Behavior\ShowPageTraceBehavior [ RunTime:0.001000s ]
INFO: [ app_end ] --END-- [ RunTime:0.001000s ]

[ 2016-08-19T10:34:20+08:00 ] 127.0.0.1 /index.php/Tenant
INFO: [ app_init ] --START--
INFO: Run Behavior\BuildLiteBehavior [ RunTime:0.000000s ]
INFO: [ app_init ] --END-- [ RunTime:0.001001s ]
INFO: [ app_begin ] --START--
INFO: Run Behavior\ReadHtmlCacheBehavior [ RunTime:0.002000s ]
INFO: [ app_begin ] --END-- [ RunTime:0.002000s ]
SQL: SHOW COLUMNS FROM `lewo_account` [ RunTime:0.0070s ]
SQL: SELECT `id`,`mobile`,`email`,`sex`,`birthday`,`register_time`,`avatar`,`address`,`zipcode`,`card_no`,`balance`,`realname`,`contact2` FROM `lewo_account` WHERE `id` = 23 LIMIT 1   [ RunTime:0.0020s ]
SQL: SHOW COLUMNS FROM `lewo_room` [ RunTime:0.0080s ]
SQL: SELECT * FROM `lewo_room` WHERE `account_id` = 23 AND `status` = 2 LIMIT 1   [ RunTime:0.0020s ]
SQL: SHOW COLUMNS FROM `lewo_houses` [ RunTime:0.0100s ]
SQL: SELECT * FROM `lewo_houses` INNER JOIN lewo_area ON lewo_houses.area_id = lewo_area.id  WHERE `house_code` = 'A805' LIMIT 1   [ RunTime:0.0010s ]
SQL: SHOW COLUMNS FROM `lewo_charge_bill` [ RunTime:0.0070s ]
SQL: SELECT * FROM `lewo_charge_bill` WHERE `account_id` = 23 AND `pay_status` = 0  [ RunTime:0.0010s ]
SQL: SHOW COLUMNS FROM `lewo_back_bill` [ RunTime:0.0070s ]
SQL: SELECT * FROM `lewo_back_bill` WHERE `is_finish` = 0 AND `is_affirm` = 0 AND `account_id` = 23 LIMIT 1   [ RunTime:0.0010s ]
INFO: [ view_parse ] --START--
INFO: [ template_filter ] --START--
INFO: Run Behavior\ContentReplaceBehavior [ RunTime:0.001000s ]
INFO: [ template_filter ] --END-- [ RunTime:0.001000s ]
INFO: Run Behavior\ParseTemplateBehavior [ RunTime:0.026001s ]
INFO: [ view_parse ] --END-- [ RunTime:0.026001s ]
INFO: [ view_filter ] --START--
INFO: Run Behavior\WriteHtmlCacheBehavior [ RunTime:0.000000s ]
INFO: [ view_filter ] --END-- [ RunTime:0.001000s ]
INFO: [ app_end ] --START--
INFO: Run Behavior\ShowPageTraceBehavior [ RunTime:0.001001s ]
INFO: [ app_end ] --END-- [ RunTime:0.002001s ]

[ 2016-08-19T10:49:54+08:00 ] 127.0.0.1 /index.php/Tenant
INFO: [ app_init ] --START--
INFO: Run Behavior\BuildLiteBehavior [ RunTime:0.000000s ]
INFO: [ app_init ] --END-- [ RunTime:0.001000s ]
INFO: [ app_begin ] --START--
INFO: Run Behavior\ReadHtmlCacheBehavior [ RunTime:0.002000s ]
INFO: [ app_begin ] --END-- [ RunTime:0.002000s ]
SQL: SHOW COLUMNS FROM `lewo_account` [ RunTime:0.0070s ]
SQL: SELECT `id`,`mobile`,`email`,`sex`,`birthday`,`register_time`,`avatar`,`address`,`zipcode`,`card_no`,`balance`,`realname`,`contact2` FROM `lewo_account` WHERE `id` = 23 LIMIT 1   [ RunTime:0.0010s ]
SQL: SHOW COLUMNS FROM `lewo_room` [ RunTime:0.0070s ]
SQL: SELECT * FROM `lewo_room` WHERE `account_id` = 23 AND `status` = 2 LIMIT 1   [ RunTime:0.0010s ]
SQL: SHOW COLUMNS FROM `lewo_houses` [ RunTime:0.0080s ]
SQL: SELECT * FROM `lewo_houses` INNER JOIN lewo_area ON lewo_houses.area_id = lewo_area.id  WHERE `house_code` = 'A805' LIMIT 1   [ RunTime:0.0020s ]
SQL: SHOW COLUMNS FROM `lewo_charge_bill` [ RunTime:0.0070s ]
SQL: SELECT * FROM `lewo_charge_bill` WHERE `account_id` = 23 AND `pay_status` = 0  [ RunTime:0.0010s ]
SQL: SHOW COLUMNS FROM `lewo_back_bill` [ RunTime:0.0070s ]
SQL: SELECT * FROM `lewo_back_bill` WHERE `is_finish` = 0 AND `is_affirm` = 0 AND `account_id` = 23 LIMIT 1   [ RunTime:0.0020s ]
INFO: [ view_parse ] --START--
INFO: [ template_filter ] --START--
INFO: Run Behavior\ContentReplaceBehavior [ RunTime:0.000000s ]
INFO: [ template_filter ] --END-- [ RunTime:0.000000s ]
INFO: Run Behavior\ParseTemplateBehavior [ RunTime:0.025002s ]
INFO: [ view_parse ] --END-- [ RunTime:0.025002s ]
INFO: [ view_filter ] --START--
INFO: Run Behavior\WriteHtmlCacheBehavior [ RunTime:0.001000s ]
INFO: [ view_filter ] --END-- [ RunTime:0.001000s ]
INFO: [ app_end ] --START--
INFO: Run Behavior\ShowPageTraceBehavior [ RunTime:0.005000s ]
INFO: [ app_end ] --END-- [ RunTime:0.005000s ]

[ 2016-08-19T10:49:57+08:00 ] 127.0.0.1 /index.php/Home/Alipay/pay/WIDout_trade_no/69/WIDsubject/2016%E5%B9%B48%E6%9C%88%E6%97%A5%E5%B8%B8%E8%B4%A6%E5%8D%95/WIDtotal_fee/0.01.html
INFO: [ app_init ] --START--
INFO: Run Behavior\BuildLiteBehavior [ RunTime:0.000000s ]
INFO: [ app_init ] --END-- [ RunTime:0.001000s ]
INFO: [ app_begin ] --START--
INFO: Run Behavior\ReadHtmlCacheBehavior [ RunTime:0.001000s ]
INFO: [ app_begin ] --END-- [ RunTime:0.001000s ]
INFO: [ app_end ] --START--
INFO: Run Behavior\ShowPageTraceBehavior [ RunTime:0.001000s ]
INFO: [ app_end ] --END-- [ RunTime:0.002001s ]

[ 2016-08-19T10:55:28+08:00 ] 127.0.0.1 /index.php/Home/Alipay/pay/WIDout_trade_no/69/WIDsubject/2016%E5%B9%B48%E6%9C%88%E6%97%A5%E5%B8%B8%E8%B4%A6%E5%8D%95/WIDtotal_fee/0.01.html
INFO: [ app_init ] --START--
INFO: Run Behavior\BuildLiteBehavior [ RunTime:0.000000s ]
INFO: [ app_init ] --END-- [ RunTime:0.001000s ]
INFO: [ app_begin ] --START--
INFO: Run Behavior\ReadHtmlCacheBehavior [ RunTime:0.001000s ]
INFO: [ app_begin ] --END-- [ RunTime:0.001000s ]
INFO: [ app_end ] --START--
INFO: Run Behavior\ShowPageTraceBehavior [ RunTime:0.001000s ]
INFO: [ app_end ] --END-- [ RunTime:0.002000s ]

[ 2016-08-19T14:30:46+08:00 ] 127.0.0.1 /index.php/
INFO: [ app_init ] --START--
INFO: Run Behavior\BuildLiteBehavior [ RunTime:0.000000s ]
INFO: [ app_init ] --END-- [ RunTime:0.001000s ]
INFO: [ app_begin ] --START--
INFO: Run Behavior\ReadHtmlCacheBehavior [ RunTime:0.001000s ]
INFO: [ app_begin ] --END-- [ RunTime:0.001000s ]
SQL: SHOW COLUMNS FROM `lewo_account` [ RunTime:0.0060s ]
SQL: SELECT `id`,`mobile`,`email`,`sex`,`birthday`,`register_time`,`avatar`,`address`,`zipcode`,`card_no`,`balance`,`realname`,`contact2` FROM `lewo_account` WHERE `id` = 23 LIMIT 1   [ RunTime:0.0010s ]
SQL: SHOW COLUMNS FROM `lewo_room` [ RunTime:0.0070s ]
SQL: SELECT * FROM `lewo_room` WHERE `account_id` = 23 AND `status` = 2 LIMIT 1   [ RunTime:0.0020s ]
SQL: SHOW COLUMNS FROM `lewo_houses` [ RunTime:0.0050s ]
SQL: SELECT * FROM `lewo_houses` INNER JOIN lewo_area ON lewo_houses.area_id = lewo_area.id  WHERE `house_code` = 'A805' LIMIT 1   [ RunTime:0.0000s ]
SQL: SHOW COLUMNS FROM `lewo_charge_bill` [ RunTime:0.0060s ]
SQL: SELECT * FROM `lewo_charge_bill` WHERE `account_id` = 23 AND `pay_status` = 0  [ RunTime:0.0010s ]
SQL: SHOW COLUMNS FROM `lewo_back_bill` [ RunTime:0.0050s ]
SQL: SELECT * FROM `lewo_back_bill` WHERE `is_finish` = 0 AND `is_affirm` = 0 AND `account_id` = 23 LIMIT 1   [ RunTime:0.0000s ]
INFO: [ view_parse ] --START--
INFO: [ template_filter ] --START--
INFO: Run Behavior\ContentReplaceBehavior [ RunTime:0.001000s ]
INFO: [ template_filter ] --END-- [ RunTime:0.001000s ]
INFO: Run Behavior\ParseTemplateBehavior [ RunTime:0.024001s ]
INFO: [ view_parse ] --END-- [ RunTime:0.026001s ]
INFO: [ view_filter ] --START--
INFO: Run Behavior\WriteHtmlCacheBehavior [ RunTime:0.001000s ]
INFO: [ view_filter ] --END-- [ RunTime:0.001000s ]
INFO: [ app_end ] --START--
INFO: Run Behavior\ShowPageTraceBehavior [ RunTime:0.001000s ]
INFO: [ app_end ] --END-- [ RunTime:0.001000s ]

[ 2016-08-19T15:44:43+08:00 ] 127.0.0.1 /index.php/Steward
INFO: [ app_init ] --START--
INFO: Run Behavior\BuildLiteBehavior [ RunTime:0.000000s ]
INFO: [ app_init ] --END-- [ RunTime:0.000000s ]
INFO: [ app_begin ] --START--
INFO: Run Behavior\ReadHtmlCacheBehavior [ RunTime:0.001000s ]
INFO: [ app_begin ] --END-- [ RunTime:0.002000s ]
INFO: [ view_parse ] --START--
INFO: [ template_filter ] --START--
INFO: Run Behavior\ContentReplaceBehavior [ RunTime:0.000000s ]
INFO: [ template_filter ] --END-- [ RunTime:0.002000s ]
INFO: Run Behavior\ParseTemplateBehavior [ RunTime:0.103006s ]
INFO: [ view_parse ] --END-- [ RunTime:0.103006s ]
INFO: [ view_filter ] --START--
INFO: Run Behavior\WriteHtmlCacheBehavior [ RunTime:0.001000s ]
INFO: [ view_filter ] --END-- [ RunTime:0.002000s ]

[ 2016-08-19T15:44:47+08:00 ] 127.0.0.1 /index.php/Home/Steward/login.html
INFO: [ app_init ] --START--
INFO: Run Behavior\BuildLiteBehavior [ RunTime:0.000000s ]
INFO: [ app_init ] --END-- [ RunTime:0.001000s ]
INFO: [ app_begin ] --START--
INFO: Run Behavior\ReadHtmlCacheBehavior [ RunTime:0.002000s ]
INFO: [ app_begin ] --END-- [ RunTime:0.002000s ]
SQL: SHOW COLUMNS FROM `lewo_admin_user` [ RunTime:0.0080s ]
SQL: SELECT * FROM `lewo_admin_user` WHERE `username` = 'lewo' AND `password` = '7011211e1592352456f07c5d07412e96' LIMIT 1   [ RunTime:0.0010s ]
INFO: [ view_parse ] --START--
INFO: [ template_filter ] --START--
INFO: Run Behavior\ContentReplaceBehavior [ RunTime:0.000000s ]
INFO: [ template_filter ] --END-- [ RunTime:0.000000s ]
INFO: Run Behavior\ParseTemplateBehavior [ RunTime:0.012001s ]
INFO: [ view_parse ] --END-- [ RunTime:0.013001s ]
INFO: [ view_filter ] --START--
INFO: Run Behavior\WriteHtmlCacheBehavior [ RunTime:0.001000s ]
INFO: [ view_filter ] --END-- [ RunTime:0.001000s ]

[ 2016-08-19T15:44:48+08:00 ] 127.0.0.1 /index.php/Home/Steward/index.html
INFO: [ app_init ] --START--
INFO: Run Behavior\BuildLiteBehavior [ RunTime:0.001000s ]
INFO: [ app_init ] --END-- [ RunTime:0.001000s ]
INFO: [ app_begin ] --START--
INFO: Run Behavior\ReadHtmlCacheBehavior [ RunTime:0.001000s ]
INFO: [ app_begin ] --END-- [ RunTime:0.001000s ]
INFO: [ view_parse ] --START--
INFO: [ template_filter ] --START--
INFO: Run Behavior\ContentReplaceBehavior [ RunTime:0.000000s ]
INFO: [ template_filter ] --END-- [ RunTime:0.000000s ]
INFO: Run Behavior\ParseTemplateBehavior [ RunTime:0.068004s ]
INFO: [ view_parse ] --END-- [ RunTime:0.068004s ]
INFO: [ view_filter ] --START--
INFO: Run Behavior\WriteHtmlCacheBehavior [ RunTime:0.001000s ]
INFO: [ view_filter ] --END-- [ RunTime:0.001000s ]
INFO: [ app_end ] --START--
INFO: Run Behavior\ShowPageTraceBehavior [ RunTime:0.001000s ]
INFO: [ app_end ] --END-- [ RunTime:0.001000s ]

[ 2016-08-19T16:21:22+08:00 ] 127.0.0.1 /index.php/Home/Steward/houses.html
INFO: [ app_init ] --START--
INFO: Run Behavior\BuildLiteBehavior [ RunTime:0.000000s ]
INFO: [ app_init ] --END-- [ RunTime:0.002000s ]
INFO: [ app_begin ] --START--
INFO: Run Behavior\ReadHtmlCacheBehavior [ RunTime:0.005000s ]
INFO: [ app_begin ] --END-- [ RunTime:0.005000s ]
SQL: SHOW COLUMNS FROM `lewo_houses` [ RunTime:0.0070s ]
SQL: SHOW COLUMNS FROM `lewo_room` [ RunTime:0.0070s ]
SQL: SHOW COLUMNS FROM `lewo_area` [ RunTime:0.0070s ]
SQL: SELECT `id`,`area_id`,`steward_id`,`house_code`,`type`,`building`,`floor`,`door_no` FROM `lewo_houses` WHERE `steward_id` = 4  [ RunTime:0.0000s ]
SQL: SELECT * FROM `lewo_room` WHERE `house_code` = 'A805' AND `is_show` = 1 AND `status` = 2 LIMIT 1   [ RunTime:0.0000s ]
SQL: SELECT `area_name` FROM `lewo_area` WHERE `id` = 1 LIMIT 1   [ RunTime:0.0010s ]
SQL: SELECT `id`,`room_code`,`room_nickname`,`room_sort`,`room_type`,`bed_code`,`status`,`is_show` FROM `lewo_room` WHERE `house_code` = 'A805' AND `is_show` = 1  [ RunTime:0.0010s ]
INFO: [ view_parse ] --START--
INFO: [ template_filter ] --START--
INFO: Run Behavior\ContentReplaceBehavior [ RunTime:0.000000s ]
INFO: [ template_filter ] --END-- [ RunTime:0.001000s ]
INFO: Run Behavior\ParseTemplateBehavior [ RunTime:0.025001s ]
INFO: [ view_parse ] --END-- [ RunTime:0.026001s ]
INFO: [ view_filter ] --START--
INFO: Run Behavior\WriteHtmlCacheBehavior [ RunTime:0.001000s ]
INFO: [ view_filter ] --END-- [ RunTime:0.001000s ]
INFO: [ view_parse ] --START--
INFO: [ template_filter ] --START--
INFO: Run Behavior\ContentReplaceBehavior [ RunTime:0.000000s ]
INFO: [ template_filter ] --END-- [ RunTime:-0.085005s ]
INFO: Run Behavior\ParseTemplateBehavior [ RunTime:0.079005s ]
INFO: [ view_parse ] --END-- [ RunTime:-0.002000s ]
INFO: [ view_filter ] --START--
INFO: Run Behavior\WriteHtmlCacheBehavior [ RunTime:0.000000s ]
INFO: [ view_filter ] --END-- [ RunTime:-0.080005s ]
NOTIC: [2] Cannot modify header information - headers already sent by (output started at E:\wamp2\www\lewo\ThinkPHP\Library\Think\View.class.php:95) E:\wamp2\www\lewo\ThinkPHP\Library\Think\View.class.php 第 91 行.
NOTIC: [2] Cannot modify header information - headers already sent by (output started at E:\wamp2\www\lewo\ThinkPHP\Library\Think\View.class.php:95) E:\wamp2\www\lewo\ThinkPHP\Library\Think\View.class.php 第 92 行.
NOTIC: [2] Cannot modify header information - headers already sent by (output started at E:\wamp2\www\lewo\ThinkPHP\Library\Think\View.class.php:95) E:\wamp2\www\lewo\ThinkPHP\Library\Think\View.class.php 第 93 行.
INFO: [ app_end ] --START--
INFO: Run Behavior\ShowPageTraceBehavior [ RunTime:0.001000s ]
INFO: [ app_end ] --END-- [ RunTime:0.001000s ]

[ 2016-08-19T16:22:28+08:00 ] 127.0.0.1 /index.php/Home/Steward/houses.html
INFO: [ app_init ] --START--
INFO: Run Behavior\BuildLiteBehavior [ RunTime:0.000000s ]
INFO: [ app_init ] --END-- [ RunTime:0.001001s ]
INFO: [ app_begin ] --START--
INFO: Run Behavior\ReadHtmlCacheBehavior [ RunTime:0.001000s ]
INFO: [ app_begin ] --END-- [ RunTime:0.002000s ]
SQL: SHOW COLUMNS FROM `lewo_houses` [ RunTime:0.0100s ]
SQL: SHOW COLUMNS FROM `lewo_room` [ RunTime:0.0100s ]
SQL: SHOW COLUMNS FROM `lewo_area` [ RunTime:0.0070s ]
SQL: SELECT `id`,`area_id`,`steward_id`,`house_code`,`type`,`building`,`floor`,`door_no` FROM `lewo_houses` WHERE `steward_id` = 4  [ RunTime:0.0020s ]
SQL: SELECT * FROM `lewo_room` WHERE `house_code` = 'A805' AND `is_show` = 1 AND `status` = 2 LIMIT 1   [ RunTime:0.0010s ]
SQL: SELECT `area_name` FROM `lewo_area` WHERE `id` = 1 LIMIT 1   [ RunTime:0.0010s ]
SQL: SELECT `id`,`room_code`,`room_nickname`,`room_sort`,`room_type`,`bed_code`,`status`,`is_show` FROM `lewo_room` WHERE `house_code` = 'A805' AND `is_show` = 1  [ RunTime:0.0010s ]
INFO: [ view_parse ] --START--
INFO: [ template_filter ] --START--
INFO: Run Behavior\ContentReplaceBehavior [ RunTime:0.000000s ]
INFO: [ template_filter ] --END-- [ RunTime:0.001000s ]
INFO: Run Behavior\ParseTemplateBehavior [ RunTime:0.038003s ]
INFO: [ view_parse ] --END-- [ RunTime:0.038003s ]
INFO: [ view_filter ] --START--
INFO: Run Behavior\WriteHtmlCacheBehavior [ RunTime:0.002000s ]
INFO: [ view_filter ] --END-- [ RunTime:0.002000s ]
INFO: [ view_parse ] --START--
INFO: [ template_filter ] --START--
INFO: Run Behavior\ContentReplaceBehavior [ RunTime:0.000000s ]
INFO: [ template_filter ] --END-- [ RunTime:-0.018001s ]
INFO: Run Behavior\ParseTemplateBehavior [ RunTime:0.013000s ]
INFO: [ view_parse ] --END-- [ RunTime:-0.003000s ]
INFO: [ view_filter ] --START--
INFO: Run Behavior\WriteHtmlCacheBehavior [ RunTime:0.001000s ]
INFO: [ view_filter ] --END-- [ RunTime:-0.016001s ]
NOTIC: [2] Cannot modify header information - headers already sent by (output started at E:\wamp2\www\lewo\ThinkPHP\Library\Think\View.class.php:95) E:\wamp2\www\lewo\ThinkPHP\Library\Think\View.class.php 第 91 行.
NOTIC: [2] Cannot modify header information - headers already sent by (output started at E:\wamp2\www\lewo\ThinkPHP\Library\Think\View.class.php:95) E:\wamp2\www\lewo\ThinkPHP\Library\Think\View.class.php 第 92 行.
NOTIC: [2] Cannot modify header information - headers already sent by (output started at E:\wamp2\www\lewo\ThinkPHP\Library\Think\View.class.php:95) E:\wamp2\www\lewo\ThinkPHP\Library\Think\View.class.php 第 93 行.
INFO: [ app_end ] --START--
INFO: Run Behavior\ShowPageTraceBehavior [ RunTime:0.002000s ]
INFO: [ app_end ] --END-- [ RunTime:0.003000s ]

[ 2016-08-19T16:22:31+08:00 ] 127.0.0.1 /index.php/Home/Steward/roominfo/id/31.html
INFO: [ app_init ] --START--
INFO: Run Behavior\BuildLiteBehavior [ RunTime:0.001000s ]
INFO: [ app_init ] --END-- [ RunTime:0.001000s ]
INFO: [ app_begin ] --START--
INFO: Run Behavior\ReadHtmlCacheBehavior [ RunTime:0.002000s ]
INFO: [ app_begin ] --END-- [ RunTime:0.003000s ]
SQL: SHOW COLUMNS FROM `lewo_houses` [ RunTime:0.0070s ]
SQL: SHOW COLUMNS FROM `lewo_room` [ RunTime:0.0060s ]
SQL: SHOW COLUMNS FROM `lewo_houses` [ RunTime:0.0060s ]
SQL: SHOW COLUMNS FROM `lewo_admin_user` [ RunTime:0.0060s ]
SQL: SELECT * FROM `lewo_room` WHERE `id` = 31 LIMIT 1   [ RunTime:0.0010s ]
SQL: SELECT `area_id`,`address`,`floor`,`door_no`,`building`,`steward_id` FROM `lewo_houses` WHERE `house_code` = 'A805' LIMIT 1   [ RunTime:0.0010s ]
SQL: SELECT `id`,`username`,`nickname`,`mobile` FROM `lewo_admin_user` WHERE `id` = 4 LIMIT 1   [ RunTime:0.0010s ]
SQL: SHOW COLUMNS FROM `lewo_area` [ RunTime:0.0060s ]
SQL: SELECT `area_name` FROM `lewo_area` WHERE `id` = 1 LIMIT 1   [ RunTime:0.0010s ]
SQL: SELECT `id`,`house_code`,`room_code`,`room_sort`,`room_area`,`room_parameter`,`rent`,`room_fee`,`status`,`room_images_01`,`room_images_02`,`room_images_03`,`room_images_04` FROM `lewo_room` WHERE `house_code` = 'A805' AND `id` NOT IN ('31') AND `status` = 0 AND `is_show` = 1  [ RunTime:0.0000s ]
INFO: [ view_parse ] --START--
INFO: [ template_filter ] --START--
INFO: Run Behavior\ContentReplaceBehavior [ RunTime:0.000000s ]
INFO: [ template_filter ] --END-- [ RunTime:0.002000s ]
NOTIC: [8] Undefined index: room_images E:\wamp2\www\lewo\lewo\Runtime\Cache\Home\50aa9fee479283f114a3cae7d74e4fb3.php 第 58 行.
NOTIC: [8] Undefined index: room_images E:\wamp2\www\lewo\lewo\Runtime\Cache\Home\50aa9fee479283f114a3cae7d74e4fb3.php 第 62 行.
INFO: Run Behavior\ParseTemplateBehavior [ RunTime:0.087005s ]
INFO: [ view_parse ] --END-- [ RunTime:0.087005s ]
INFO: [ view_filter ] --START--
INFO: Run Behavior\WriteHtmlCacheBehavior [ RunTime:0.001000s ]
INFO: [ view_filter ] --END-- [ RunTime:0.002001s ]
INFO: [ app_end ] --START--
INFO: Run Behavior\ShowPageTraceBehavior [ RunTime:0.005000s ]
INFO: [ app_end ] --END-- [ RunTime:0.007000s ]

[ 2016-08-19T16:22:34+08:00 ] 127.0.0.1 /index.php/Home/Steward/order/id/31.html
INFO: [ app_init ] --START--
INFO: Run Behavior\BuildLiteBehavior [ RunTime:0.000000s ]
INFO: [ app_init ] --END-- [ RunTime:0.001000s ]
INFO: [ app_begin ] --START--
INFO: Run Behavior\ReadHtmlCacheBehavior [ RunTime:0.002000s ]
INFO: [ app_begin ] --END-- [ RunTime:0.002000s ]
SQL: SHOW COLUMNS FROM `lewo_houses` [ RunTime:0.0060s ]
SQL: SHOW COLUMNS FROM `lewo_room` [ RunTime:0.0070s ]
SQL: SHOW COLUMNS FROM `lewo_houses` [ RunTime:0.0070s ]
SQL: SHOW COLUMNS FROM `lewo_admin_user` [ RunTime:0.0060s ]
SQL: SELECT * FROM `lewo_room` WHERE `id` = 31 LIMIT 1   [ RunTime:0.0010s ]
SQL: SELECT `area_id`,`address`,`floor`,`door_no`,`building`,`steward_id` FROM `lewo_houses` WHERE `house_code` = 'A805' LIMIT 1   [ RunTime:0.0000s ]
SQL: SELECT `id`,`username`,`nickname`,`mobile` FROM `lewo_admin_user` WHERE `id` = 4 LIMIT 1   [ RunTime:0.0000s ]
SQL: SHOW COLUMNS FROM `lewo_area` [ RunTime:0.0070s ]
SQL: SELECT `area_name` FROM `lewo_area` WHERE `id` = 1 LIMIT 1   [ RunTime:0.0010s ]
INFO: [ view_parse ] --START--
INFO: [ template_filter ] --START--
INFO: Run Behavior\ContentReplaceBehavior [ RunTime:0.000000s ]
INFO: [ template_filter ] --END-- [ RunTime:0.001000s ]
INFO: Run Behavior\ParseTemplateBehavior [ RunTime:0.116006s ]
INFO: [ view_parse ] --END-- [ RunTime:0.116006s ]
INFO: [ view_filter ] --START--
INFO: Run Behavior\WriteHtmlCacheBehavior [ RunTime:0.000000s ]
INFO: [ view_filter ] --END-- [ RunTime:0.001000s ]
INFO: [ app_end ] --START--
INFO: Run Behavior\ShowPageTraceBehavior [ RunTime:0.005001s ]
INFO: [ app_end ] --END-- [ RunTime:0.006001s ]

[ 2016-08-19T16:23:09+08:00 ] 127.0.0.1 /index.php/Home/Steward/order.html
INFO: [ app_init ] --START--
INFO: Run Behavior\BuildLiteBehavior [ RunTime:0.000000s ]
INFO: [ app_init ] --END-- [ RunTime:0.001000s ]
INFO: [ app_begin ] --START--
INFO: Run Behavior\ReadHtmlCacheBehavior [ RunTime:0.002000s ]
INFO: [ app_begin ] --END-- [ RunTime:0.002000s ]
SQL: SHOW COLUMNS FROM `lewo_account` [ RunTime:0.0110s ]
SQL: SELECT * FROM `lewo_account` WHERE `mobile` = '13751507974' LIMIT 1   [ RunTime:0.0010s ]
SQL: INSERT INTO `lewo_account` (`realname`,`password`,`mobile`,`email`,`contact2`,`card_no`,`register_time`) VALUES ('弹指鞥','e10adc3949ba59abbe56e057f20f883e','13751507974','136229626@qq.com','123','440682109923129','2016-08-19 16:23:09') [ RunTime:0.0020s ]
SQL: SHOW COLUMNS FROM `lewo_schedule` [ RunTime:0.0050s ]
SQL: INSERT INTO `lewo_schedule` (`room_id`,`money`,`account_id`,`create_time`,`mobile`,`schedule_type`,`status`,`appoint_time`,`msg`,`steward_id`,`admin_type`) VALUES ('31','400','26','2016-08-19 16:23:09','13751507974','4','1','2016-08-20','','4','1') [ RunTime:0.0010s ]
SQL: SHOW COLUMNS FROM `lewo_room` [ RunTime:0.0070s ]
SQL: UPDATE `lewo_room` SET `status`='1' WHERE `id` = 31 [ RunTime:0.0000s ]
INFO: [ view_parse ] --START--
INFO: [ template_filter ] --START--
INFO: Run Behavior\ContentReplaceBehavior [ RunTime:0.000000s ]
INFO: [ template_filter ] --END-- [ RunTime:0.001000s ]
INFO: Run Behavior\ParseTemplateBehavior [ RunTime:0.011001s ]
INFO: [ view_parse ] --END-- [ RunTime:0.011001s ]
INFO: [ view_filter ] --START--
INFO: Run Behavior\WriteHtmlCacheBehavior [ RunTime:0.001000s ]
INFO: [ view_filter ] --END-- [ RunTime:0.001000s ]
INFO: [ app_end ] --START--
INFO: Run Behavior\ShowPageTraceBehavior [ RunTime:0.001000s ]
INFO: [ app_end ] --END-- [ RunTime:0.001000s ]

[ 2016-08-19T16:23:10+08:00 ] 127.0.0.1 /index.php/Home/Steward/houses.html
INFO: [ app_init ] --START--
INFO: Run Behavior\BuildLiteBehavior [ RunTime:0.000000s ]
INFO: [ app_init ] --END-- [ RunTime:0.002000s ]
INFO: [ app_begin ] --START--
INFO: Run Behavior\ReadHtmlCacheBehavior [ RunTime:0.002000s ]
INFO: [ app_begin ] --END-- [ RunTime:0.002000s ]
SQL: SHOW COLUMNS FROM `lewo_houses` [ RunTime:0.0050s ]
SQL: SHOW COLUMNS FROM `lewo_room` [ RunTime:0.0060s ]
SQL: SHOW COLUMNS FROM `lewo_area` [ RunTime:0.0050s ]
SQL: SELECT `id`,`area_id`,`steward_id`,`house_code`,`type`,`building`,`floor`,`door_no` FROM `lewo_houses` WHERE `steward_id` = 4  [ RunTime:0.0000s ]
SQL: SELECT * FROM `lewo_room` WHERE `house_code` = 'A805' AND `is_show` = 1 AND `status` = 2 LIMIT 1   [ RunTime:0.0010s ]
SQL: SELECT `area_name` FROM `lewo_area` WHERE `id` = 1 LIMIT 1   [ RunTime:0.0000s ]
SQL: SELECT `id`,`room_code`,`room_nickname`,`room_sort`,`room_type`,`bed_code`,`status`,`is_show` FROM `lewo_room` WHERE `house_code` = 'A805' AND `is_show` = 1  [ RunTime:0.0010s ]
INFO: [ view_parse ] --START--
INFO: [ template_filter ] --START--
INFO: Run Behavior\ContentReplaceBehavior [ RunTime:0.000000s ]
INFO: [ template_filter ] --END-- [ RunTime:0.001000s ]
INFO: Run Behavior\ParseTemplateBehavior [ RunTime:0.025001s ]
INFO: [ view_parse ] --END-- [ RunTime:0.025001s ]
INFO: [ view_filter ] --START--
INFO: Run Behavior\WriteHtmlCacheBehavior [ RunTime:0.001001s ]
INFO: [ view_filter ] --END-- [ RunTime:0.001001s ]
INFO: [ view_parse ] --START--
INFO: [ template_filter ] --START--
INFO: Run Behavior\ContentReplaceBehavior [ RunTime:0.000000s ]
INFO: [ template_filter ] --END-- [ RunTime:-0.011001s ]
INFO: Run Behavior\ParseTemplateBehavior [ RunTime:0.008000s ]
INFO: [ view_parse ] --END-- [ RunTime:-0.003001s ]
INFO: [ view_filter ] --START--
INFO: Run Behavior\WriteHtmlCacheBehavior [ RunTime:0.000000s ]
INFO: [ view_filter ] --END-- [ RunTime:-0.009000s ]
NOTIC: [2] Cannot modify header information - headers already sent by (output started at E:\wamp2\www\lewo\ThinkPHP\Library\Think\View.class.php:95) E:\wamp2\www\lewo\ThinkPHP\Library\Think\View.class.php 第 91 行.
NOTIC: [2] Cannot modify header information - headers already sent by (output started at E:\wamp2\www\lewo\ThinkPHP\Library\Think\View.class.php:95) E:\wamp2\www\lewo\ThinkPHP\Library\Think\View.class.php 第 92 行.
NOTIC: [2] Cannot modify header information - headers already sent by (output started at E:\wamp2\www\lewo\ThinkPHP\Library\Think\View.class.php:95) E:\wamp2\www\lewo\ThinkPHP\Library\Think\View.class.php 第 93 行.
INFO: [ app_end ] --START--
INFO: Run Behavior\ShowPageTraceBehavior [ RunTime:0.002000s ]
INFO: [ app_end ] --END-- [ RunTime:0.002000s ]

[ 2016-08-19T16:29:23+08:00 ] 127.0.0.1 /index.php/Home/Steward/stewardtasks.html
INFO: [ app_init ] --START--
INFO: Run Behavior\BuildLiteBehavior [ RunTime:0.000000s ]
INFO: [ app_init ] --END-- [ RunTime:0.001000s ]
INFO: [ app_begin ] --START--
INFO: Run Behavior\ReadHtmlCacheBehavior [ RunTime:0.001001s ]
INFO: [ app_begin ] --END-- [ RunTime:0.001001s ]
SQL: SHOW COLUMNS FROM `lewo_schedule` [ RunTime:0.0060s ]
SQL: SELECT lewo_room.house_code,lewo_room.room_code,lewo_room.bed_code,lewo_schedule.*,lewo_account.realname,lewo_account.mobile FROM `lewo_schedule` INNER JOIN lewo_room ON lewo_schedule.room_id = lewo_room.id INNER JOIN lewo_account ON lewo_schedule.account_id = lewo_account.id  WHERE `steward_id` = '4' AND `is_finish` = 0 AND `admin_type` = 1  [ RunTime:0.0010s ]
SQL: SELECT COUNT(*) AS tp_count FROM `lewo_schedule` WHERE `steward_id` = 4 AND `schedule_type` = 1 AND `is_finish` = 0 AND `admin_type` = 1 LIMIT 1   [ RunTime:0.0010s ]
SQL: SELECT COUNT(*) AS tp_count FROM `lewo_schedule` WHERE `steward_id` = 4 AND `schedule_type` = 2 AND `is_finish` = 0 AND `admin_type` = 1 LIMIT 1   [ RunTime:0.0000s ]
SQL: SELECT COUNT(*) AS tp_count FROM `lewo_schedule` WHERE `steward_id` = 4 AND `schedule_type` = 3 AND `is_finish` = 0 AND `admin_type` = 1 LIMIT 1   [ RunTime:0.0000s ]
SQL: SELECT COUNT(*) AS tp_count FROM `lewo_schedule` WHERE `steward_id` = 4 AND `schedule_type` = 4 AND `is_finish` = 0 AND `admin_type` = 1 LIMIT 1   [ RunTime:0.0020s ]
INFO: [ view_parse ] --START--
INFO: [ template_filter ] --START--
INFO: Run Behavior\ContentReplaceBehavior [ RunTime:0.001000s ]
INFO: [ template_filter ] --END-- [ RunTime:0.001000s ]
INFO: Run Behavior\ParseTemplateBehavior [ RunTime:0.041002s ]
INFO: [ view_parse ] --END-- [ RunTime:0.041002s ]
INFO: [ view_filter ] --START--
INFO: Run Behavior\WriteHtmlCacheBehavior [ RunTime:0.001000s ]
INFO: [ view_filter ] --END-- [ RunTime:0.001000s ]
INFO: [ view_parse ] --START--
INFO: [ template_filter ] --START--
INFO: Run Behavior\ContentReplaceBehavior [ RunTime:0.000000s ]
INFO: [ template_filter ] --END-- [ RunTime:-0.009000s ]
INFO: Run Behavior\ParseTemplateBehavior [ RunTime:0.007001s ]
INFO: [ view_parse ] --END-- [ RunTime:-0.002000s ]
INFO: [ view_filter ] --START--
INFO: Run Behavior\WriteHtmlCacheBehavior [ RunTime:0.000000s ]
INFO: [ view_filter ] --END-- [ RunTime:-0.008001s ]
INFO: [ app_end ] --START--
INFO: Run Behavior\ShowPageTraceBehavior [ RunTime:0.002000s ]
INFO: [ app_end ] --END-- [ RunTime:0.003000s ]

[ 2016-08-19T16:30:23+08:00 ] 127.0.0.1 /index.php/Home/Steward/order_checkin/schedule_id/70.html
INFO: [ app_init ] --START--
INFO: Run Behavior\BuildLiteBehavior [ RunTime:0.002000s ]
INFO: [ app_init ] --END-- [ RunTime:0.002000s ]
INFO: [ app_begin ] --START--
INFO: Run Behavior\ReadHtmlCacheBehavior [ RunTime:0.002000s ]
INFO: [ app_begin ] --END-- [ RunTime:0.002000s ]
SQL: SHOW COLUMNS FROM `lewo_houses` [ RunTime:0.0080s ]
SQL: SHOW COLUMNS FROM `lewo_schedule` [ RunTime:0.0080s ]
SQL: SELECT lewo_schedule.*,lewo_account.mobile,lewo_account.realname,lewo_account.card_no,lewo_account.contact2,lewo_account.email FROM `lewo_schedule` INNER JOIN lewo_account ON lewo_schedule.account_id = lewo_account.id  WHERE lewo_schedule.id = '70' LIMIT 1   [ RunTime:0.0010s ]
SQL: SHOW COLUMNS FROM `lewo_room` [ RunTime:0.0070s ]
SQL: SHOW COLUMNS FROM `lewo_houses` [ RunTime:0.0070s ]
SQL: SHOW COLUMNS FROM `lewo_admin_user` [ RunTime:0.0050s ]
SQL: SELECT * FROM `lewo_room` WHERE `id` = 31 LIMIT 1   [ RunTime:0.0010s ]
SQL: SELECT `area_id`,`address`,`floor`,`door_no`,`building`,`steward_id` FROM `lewo_houses` WHERE `house_code` = 'A805' LIMIT 1   [ RunTime:0.0000s ]
SQL: SELECT `id`,`username`,`nickname`,`mobile` FROM `lewo_admin_user` WHERE `id` = 4 LIMIT 1   [ RunTime:0.0010s ]
SQL: SHOW COLUMNS FROM `lewo_area` [ RunTime:0.0060s ]
SQL: SELECT `area_name` FROM `lewo_area` WHERE `id` = 1 LIMIT 1   [ RunTime:0.0010s ]
INFO: [ view_parse ] --START--
INFO: [ template_filter ] --START--
INFO: Run Behavior\ContentReplaceBehavior [ RunTime:0.000000s ]
INFO: [ template_filter ] --END-- [ RunTime:0.001000s ]
INFO: Run Behavior\ParseTemplateBehavior [ RunTime:0.096005s ]
INFO: [ view_parse ] --END-- [ RunTime:0.096005s ]
INFO: [ view_filter ] --START--
INFO: Run Behavior\WriteHtmlCacheBehavior [ RunTime:0.001001s ]
INFO: [ view_filter ] --END-- [ RunTime:0.001001s ]
INFO: [ app_end ] --START--
INFO: Run Behavior\ShowPageTraceBehavior [ RunTime:0.002000s ]
INFO: [ app_end ] --END-- [ RunTime:0.002000s ]

[ 2016-08-19T16:37:28+08:00 ] 127.0.0.1 /index.php/Home/Steward/houses.html
INFO: [ app_init ] --START--
INFO: Run Behavior\BuildLiteBehavior [ RunTime:0.000000s ]
INFO: [ app_init ] --END-- [ RunTime:0.001000s ]
INFO: [ app_begin ] --START--
INFO: Run Behavior\ReadHtmlCacheBehavior [ RunTime:0.001000s ]
INFO: [ app_begin ] --END-- [ RunTime:0.002000s ]
SQL: SHOW COLUMNS FROM `lewo_houses` [ RunTime:0.0060s ]
SQL: SHOW COLUMNS FROM `lewo_room` [ RunTime:0.0060s ]
SQL: SHOW COLUMNS FROM `lewo_area` [ RunTime:0.0050s ]
SQL: SELECT `id`,`area_id`,`steward_id`,`house_code`,`type`,`building`,`floor`,`door_no` FROM `lewo_houses` WHERE `steward_id` = 4  [ RunTime:0.0010s ]
SQL: SELECT * FROM `lewo_room` WHERE `house_code` = 'A805' AND `is_show` = 1 AND `status` = 2 LIMIT 1   [ RunTime:0.0010s ]
SQL: SELECT `area_name` FROM `lewo_area` WHERE `id` = 1 LIMIT 1   [ RunTime:0.0010s ]
SQL: SELECT `id`,`room_code`,`room_nickname`,`room_sort`,`room_type`,`bed_code`,`status`,`is_show` FROM `lewo_room` WHERE `house_code` = 'A805' AND `is_show` = 1  [ RunTime:0.0010s ]
INFO: [ view_parse ] --START--
INFO: [ template_filter ] --START--
INFO: Run Behavior\ContentReplaceBehavior [ RunTime:0.001000s ]
INFO: [ template_filter ] --END-- [ RunTime:0.001000s ]
INFO: Run Behavior\ParseTemplateBehavior [ RunTime:0.035002s ]
INFO: [ view_parse ] --END-- [ RunTime:0.035002s ]
INFO: [ view_filter ] --START--
INFO: Run Behavior\WriteHtmlCacheBehavior [ RunTime:0.002000s ]
INFO: [ view_filter ] --END-- [ RunTime:0.002000s ]
INFO: [ view_parse ] --START--
INFO: [ template_filter ] --START--
INFO: Run Behavior\ContentReplaceBehavior [ RunTime:0.000000s ]
INFO: [ template_filter ] --END-- [ RunTime:-0.018001s ]
INFO: Run Behavior\ParseTemplateBehavior [ RunTime:0.010000s ]
INFO: [ view_parse ] --END-- [ RunTime:-0.004000s ]
INFO: [ view_filter ] --START--
INFO: Run Behavior\WriteHtmlCacheBehavior [ RunTime:0.001000s ]
INFO: [ view_filter ] --END-- [ RunTime:-0.012000s ]
NOTIC: [2] Cannot modify header information - headers already sent by (output started at E:\wamp2\www\lewo\ThinkPHP\Library\Think\View.class.php:95) E:\wamp2\www\lewo\ThinkPHP\Library\Think\View.class.php 第 91 行.
NOTIC: [2] Cannot modify header information - headers already sent by (output started at E:\wamp2\www\lewo\ThinkPHP\Library\Think\View.class.php:95) E:\wamp2\www\lewo\ThinkPHP\Library\Think\View.class.php 第 92 行.
NOTIC: [2] Cannot modify header information - headers already sent by (output started at E:\wamp2\www\lewo\ThinkPHP\Library\Think\View.class.php:95) E:\wamp2\www\lewo\ThinkPHP\Library\Think\View.class.php 第 93 行.
INFO: [ app_end ] --START--
INFO: Run Behavior\ShowPageTraceBehavior [ RunTime:0.002000s ]
INFO: [ app_end ] --END-- [ RunTime:0.003001s ]

[ 2016-08-19T16:37:31+08:00 ] 127.0.0.1 /index.php/Home/Steward/roominfo/id/32.html
INFO: [ app_init ] --START--
INFO: Run Behavior\BuildLiteBehavior [ RunTime:0.000000s ]
INFO: [ app_init ] --END-- [ RunTime:0.001000s ]
INFO: [ app_begin ] --START--
INFO: Run Behavior\ReadHtmlCacheBehavior [ RunTime:0.001000s ]
INFO: [ app_begin ] --END-- [ RunTime:0.002000s ]
SQL: SHOW COLUMNS FROM `lewo_houses` [ RunTime:0.0050s ]
SQL: SHOW COLUMNS FROM `lewo_room` [ RunTime:0.0050s ]
SQL: SHOW COLUMNS FROM `lewo_houses` [ RunTime:0.0060s ]
SQL: SHOW COLUMNS FROM `lewo_admin_user` [ RunTime:0.0060s ]
SQL: SELECT * FROM `lewo_room` WHERE `id` = 32 LIMIT 1   [ RunTime:0.0000s ]
SQL: SELECT `area_id`,`address`,`floor`,`door_no`,`building`,`steward_id` FROM `lewo_houses` WHERE `house_code` = 'A805' LIMIT 1   [ RunTime:0.0010s ]
SQL: SELECT `id`,`username`,`nickname`,`mobile` FROM `lewo_admin_user` WHERE `id` = 4 LIMIT 1   [ RunTime:0.0000s ]
SQL: SHOW COLUMNS FROM `lewo_area` [ RunTime:0.0050s ]
SQL: SELECT `area_name` FROM `lewo_area` WHERE `id` = 1 LIMIT 1   [ RunTime:0.0010s ]
SQL: SELECT `id`,`house_code`,`room_code`,`room_sort`,`room_area`,`room_parameter`,`rent`,`room_fee`,`status`,`room_images_01`,`room_images_02`,`room_images_03`,`room_images_04` FROM `lewo_room` WHERE `house_code` = 'A805' AND `id` NOT IN ('32') AND `status` = 0 AND `is_show` = 1  [ RunTime:0.0000s ]
INFO: [ view_parse ] --START--
INFO: [ template_filter ] --START--
INFO: Run Behavior\ContentReplaceBehavior [ RunTime:0.001000s ]
INFO: [ template_filter ] --END-- [ RunTime:0.001000s ]
NOTIC: [8] Undefined index: room_images E:\wamp2\www\lewo\lewo\Runtime\Cache\Home\50aa9fee479283f114a3cae7d74e4fb3.php 第 58 行.
NOTIC: [8] Undefined index: room_images E:\wamp2\www\lewo\lewo\Runtime\Cache\Home\50aa9fee479283f114a3cae7d74e4fb3.php 第 62 行.
INFO: Run Behavior\ParseTemplateBehavior [ RunTime:0.038002s ]
INFO: [ view_parse ] --END-- [ RunTime:0.038002s ]
INFO: [ view_filter ] --START--
INFO: Run Behavior\WriteHtmlCacheBehavior [ RunTime:0.002000s ]
INFO: [ view_filter ] --END-- [ RunTime:0.002000s ]
INFO: [ app_end ] --START--
INFO: Run Behavior\ShowPageTraceBehavior [ RunTime:0.003001s ]
INFO: [ app_end ] --END-- [ RunTime:0.003001s ]

[ 2016-08-19T16:37:33+08:00 ] 127.0.0.1 /index.php/Home/Steward/order/id/32.html
INFO: [ app_init ] --START--
INFO: Run Behavior\BuildLiteBehavior [ RunTime:0.001000s ]
INFO: [ app_init ] --END-- [ RunTime:0.002000s ]
INFO: [ app_begin ] --START--
INFO: Run Behavior\ReadHtmlCacheBehavior [ RunTime:0.002000s ]
INFO: [ app_begin ] --END-- [ RunTime:0.003000s ]
SQL: SHOW COLUMNS FROM `lewo_houses` [ RunTime:0.0060s ]
SQL: SHOW COLUMNS FROM `lewo_room` [ RunTime:0.0060s ]
SQL: SHOW COLUMNS FROM `lewo_houses` [ RunTime:0.0050s ]
SQL: SHOW COLUMNS FROM `lewo_admin_user` [ RunTime:0.0070s ]
SQL: SELECT * FROM `lewo_room` WHERE `id` = 32 LIMIT 1   [ RunTime:0.0010s ]
SQL: SELECT `area_id`,`address`,`floor`,`door_no`,`building`,`steward_id` FROM `lewo_houses` WHERE `house_code` = 'A805' LIMIT 1   [ RunTime:0.0010s ]
SQL: SELECT `id`,`username`,`nickname`,`mobile` FROM `lewo_admin_user` WHERE `id` = 4 LIMIT 1   [ RunTime:0.0000s ]
SQL: SHOW COLUMNS FROM `lewo_area` [ RunTime:0.0060s ]
SQL: SELECT `area_name` FROM `lewo_area` WHERE `id` = 1 LIMIT 1   [ RunTime:0.0010s ]
INFO: [ view_parse ] --START--
INFO: [ template_filter ] --START--
INFO: Run Behavior\ContentReplaceBehavior [ RunTime:0.001000s ]
INFO: [ template_filter ] --END-- [ RunTime:0.001000s ]
INFO: Run Behavior\ParseTemplateBehavior [ RunTime:0.018002s ]
INFO: [ view_parse ] --END-- [ RunTime:0.018002s ]
INFO: [ view_filter ] --START--
INFO: Run Behavior\WriteHtmlCacheBehavior [ RunTime:0.001000s ]
INFO: [ view_filter ] --END-- [ RunTime:0.001000s ]
INFO: [ app_end ] --START--
INFO: Run Behavior\ShowPageTraceBehavior [ RunTime:0.010000s ]
INFO: [ app_end ] --END-- [ RunTime:0.010000s ]

[ 2016-08-19T16:37:57+08:00 ] 127.0.0.1 /index.php/Home/Steward/order.html
INFO: [ app_init ] --START--
INFO: Run Behavior\BuildLiteBehavior [ RunTime:0.000000s ]
INFO: [ app_init ] --END-- [ RunTime:0.001000s ]
INFO: [ app_begin ] --START--
INFO: Run Behavior\ReadHtmlCacheBehavior [ RunTime:0.002001s ]
INFO: [ app_begin ] --END-- [ RunTime:0.003001s ]
SQL: SHOW COLUMNS FROM `lewo_account` [ RunTime:0.0050s ]
SQL: SELECT * FROM `lewo_account` WHERE `mobile` = '13751507975' LIMIT 1   [ RunTime:0.0010s ]
SQL: INSERT INTO `lewo_account` (`realname`,`password`,`mobile`,`email`,`contact2`,`card_no`,`register_time`) VALUES ('安达充','e10adc3949ba59abbe56e057f20f883e','13751507975','136229626@qq.com','123','440682109923129','2016-08-19 16:37:57') [ RunTime:0.0010s ]
SQL: SHOW COLUMNS FROM `lewo_schedule` [ RunTime:0.0050s ]
SQL: INSERT INTO `lewo_schedule` (`room_id`,`money`,`account_id`,`create_time`,`mobile`,`schedule_type`,`status`,`appoint_time`,`msg`,`steward_id`,`admin_type`) VALUES ('32','400','27','2016-08-19 16:37:57','13751507975','4','1','2016-08-20','123','4','1') [ RunTime:0.0000s ]
SQL: SHOW COLUMNS FROM `lewo_room` [ RunTime:0.0050s ]
SQL: UPDATE `lewo_room` SET `status`='1' WHERE `id` = 32 [ RunTime:0.0010s ]
INFO: [ view_parse ] --START--
INFO: [ template_filter ] --START--
INFO: Run Behavior\ContentReplaceBehavior [ RunTime:0.001000s ]
INFO: [ template_filter ] --END-- [ RunTime:0.001000s ]
INFO: Run Behavior\ParseTemplateBehavior [ RunTime:0.013001s ]
INFO: [ view_parse ] --END-- [ RunTime:0.013001s ]
INFO: [ view_filter ] --START--
INFO: Run Behavior\WriteHtmlCacheBehavior [ RunTime:0.001000s ]
INFO: [ view_filter ] --END-- [ RunTime:0.001000s ]
INFO: [ app_end ] --START--
INFO: Run Behavior\ShowPageTraceBehavior [ RunTime:0.001000s ]
INFO: [ app_end ] --END-- [ RunTime:0.001000s ]

[ 2016-08-19T16:37:58+08:00 ] 127.0.0.1 /index.php/Home/Steward/houses.html
INFO: [ app_init ] --START--
INFO: Run Behavior\BuildLiteBehavior [ RunTime:0.000000s ]
INFO: [ app_init ] --END-- [ RunTime:0.001000s ]
INFO: [ app_begin ] --START--
INFO: Run Behavior\ReadHtmlCacheBehavior [ RunTime:0.002000s ]
INFO: [ app_begin ] --END-- [ RunTime:0.003000s ]
SQL: SHOW COLUMNS FROM `lewo_houses` [ RunTime:0.0080s ]
SQL: SHOW COLUMNS FROM `lewo_room` [ RunTime:0.0080s ]
SQL: SHOW COLUMNS FROM `lewo_area` [ RunTime:0.0070s ]
SQL: SELECT `id`,`area_id`,`steward_id`,`house_code`,`type`,`building`,`floor`,`door_no` FROM `lewo_houses` WHERE `steward_id` = 4  [ RunTime:0.0010s ]
SQL: SELECT * FROM `lewo_room` WHERE `house_code` = 'A805' AND `is_show` = 1 AND `status` = 2 LIMIT 1   [ RunTime:0.0020s ]
SQL: SELECT `area_name` FROM `lewo_area` WHERE `id` = 1 LIMIT 1   [ RunTime:0.0000s ]
SQL: SELECT `id`,`room_code`,`room_nickname`,`room_sort`,`room_type`,`bed_code`,`status`,`is_show` FROM `lewo_room` WHERE `house_code` = 'A805' AND `is_show` = 1  [ RunTime:0.0000s ]
INFO: [ view_parse ] --START--
INFO: [ template_filter ] --START--
INFO: Run Behavior\ContentReplaceBehavior [ RunTime:0.000000s ]
INFO: [ template_filter ] --END-- [ RunTime:0.000000s ]
INFO: Run Behavior\ParseTemplateBehavior [ RunTime:0.028001s ]
INFO: [ view_parse ] --END-- [ RunTime:0.028001s ]
INFO: [ view_filter ] --START--
INFO: Run Behavior\WriteHtmlCacheBehavior [ RunTime:0.001000s ]
INFO: [ view_filter ] --END-- [ RunTime:0.001000s ]
INFO: [ view_parse ] --START--
INFO: [ template_filter ] --START--
INFO: Run Behavior\ContentReplaceBehavior [ RunTime:0.001000s ]
INFO: [ template_filter ] --END-- [ RunTime:-0.013001s ]
INFO: Run Behavior\ParseTemplateBehavior [ RunTime:0.007001s ]
INFO: [ view_parse ] --END-- [ RunTime:-0.003000s ]
INFO: [ view_filter ] --START--
INFO: Run Behavior\WriteHtmlCacheBehavior [ RunTime:0.000000s ]
INFO: [ view_filter ] --END-- [ RunTime:-0.009001s ]
NOTIC: [2] Cannot modify header information - headers already sent by (output started at E:\wamp2\www\lewo\ThinkPHP\Library\Think\View.class.php:95) E:\wamp2\www\lewo\ThinkPHP\Library\Think\View.class.php 第 91 行.
NOTIC: [2] Cannot modify header information - headers already sent by (output started at E:\wamp2\www\lewo\ThinkPHP\Library\Think\View.class.php:95) E:\wamp2\www\lewo\ThinkPHP\Library\Think\View.class.php 第 92 行.
NOTIC: [2] Cannot modify header information - headers already sent by (output started at E:\wamp2\www\lewo\ThinkPHP\Library\Think\View.class.php:95) E:\wamp2\www\lewo\ThinkPHP\Library\Think\View.class.php 第 93 行.
INFO: [ app_end ] --START--
INFO: Run Behavior\ShowPageTraceBehavior [ RunTime:0.001000s ]
INFO: [ app_end ] --END-- [ RunTime:0.001000s ]

[ 2016-08-19T16:50:51+08:00 ] 127.0.0.1 /index.php/Home/Steward/houses.html
INFO: [ app_init ] --START--
INFO: Run Behavior\BuildLiteBehavior [ RunTime:0.000000s ]
INFO: [ app_init ] --END-- [ RunTime:0.001001s ]
INFO: [ app_begin ] --START--
INFO: Run Behavior\ReadHtmlCacheBehavior [ RunTime:0.001000s ]
INFO: [ app_begin ] --END-- [ RunTime:0.002000s ]
SQL: SHOW COLUMNS FROM `lewo_houses` [ RunTime:0.0050s ]
SQL: SHOW COLUMNS FROM `lewo_room` [ RunTime:0.0050s ]
SQL: SHOW COLUMNS FROM `lewo_area` [ RunTime:0.0050s ]
SQL: SELECT `id`,`area_id`,`steward_id`,`house_code`,`type`,`building`,`floor`,`door_no` FROM `lewo_houses` WHERE `steward_id` = 4  [ RunTime:0.0010s ]
SQL: SELECT * FROM `lewo_room` WHERE `house_code` = 'A805' AND `is_show` = 1 AND `status` = 2 LIMIT 1   [ RunTime:0.0010s ]
SQL: SELECT `area_name` FROM `lewo_area` WHERE `id` = 1 LIMIT 1   [ RunTime:0.0000s ]
SQL: SELECT `id`,`room_code`,`room_nickname`,`room_sort`,`room_type`,`bed_code`,`status`,`is_show` FROM `lewo_room` WHERE `house_code` = 'A805' AND `is_show` = 1  [ RunTime:0.0000s ]
INFO: [ view_parse ] --START--
INFO: [ template_filter ] --START--
INFO: Run Behavior\ContentReplaceBehavior [ RunTime:0.001000s ]
INFO: [ template_filter ] --END-- [ RunTime:0.001000s ]
INFO: Run Behavior\ParseTemplateBehavior [ RunTime:0.026002s ]
INFO: [ view_parse ] --END-- [ RunTime:0.026002s ]
INFO: [ view_filter ] --START--
INFO: Run Behavior\WriteHtmlCacheBehavior [ RunTime:0.001000s ]
INFO: [ view_filter ] --END-- [ RunTime:0.001000s ]
INFO: [ view_parse ] --START--
INFO: [ template_filter ] --START--
INFO: Run Behavior\ContentReplaceBehavior [ RunTime:0.000000s ]
INFO: [ template_filter ] --END-- [ RunTime:-0.013001s ]
INFO: Run Behavior\ParseTemplateBehavior [ RunTime:0.008000s ]
INFO: [ view_parse ] --END-- [ RunTime:-0.003000s ]
INFO: [ view_filter ] --START--
INFO: Run Behavior\WriteHtmlCacheBehavior [ RunTime:0.000000s ]
INFO: [ view_filter ] --END-- [ RunTime:-0.010001s ]
NOTIC: [2] Cannot modify header information - headers already sent by (output started at E:\wamp2\www\lewo\ThinkPHP\Library\Think\View.class.php:95) E:\wamp2\www\lewo\ThinkPHP\Library\Think\View.class.php 第 91 行.
NOTIC: [2] Cannot modify header information - headers already sent by (output started at E:\wamp2\www\lewo\ThinkPHP\Library\Think\View.class.php:95) E:\wamp2\www\lewo\ThinkPHP\Library\Think\View.class.php 第 92 行.
NOTIC: [2] Cannot modify header information - headers already sent by (output started at E:\wamp2\www\lewo\ThinkPHP\Library\Think\View.class.php:95) E:\wamp2\www\lewo\ThinkPHP\Library\Think\View.class.php 第 93 行.
INFO: [ app_end ] --START--
INFO: Run Behavior\ShowPageTraceBehavior [ RunTime:0.001000s ]
INFO: [ app_end ] --END-- [ RunTime:0.001000s ]

[ 2016-08-19T16:50:53+08:00 ] 127.0.0.1 /index.php/Home/Steward/roominfo/id/33.html
INFO: [ app_init ] --START--
INFO: Run Behavior\BuildLiteBehavior [ RunTime:0.000000s ]
INFO: [ app_init ] --END-- [ RunTime:0.001000s ]
INFO: [ app_begin ] --START--
INFO: Run Behavior\ReadHtmlCacheBehavior [ RunTime:0.002000s ]
INFO: [ app_begin ] --END-- [ RunTime:0.002000s ]
SQL: SHOW COLUMNS FROM `lewo_houses` [ RunTime:0.0070s ]
SQL: SHOW COLUMNS FROM `lewo_room` [ RunTime:0.0080s ]
SQL: SHOW COLUMNS FROM `lewo_houses` [ RunTime:0.0080s ]
SQL: SHOW COLUMNS FROM `lewo_admin_user` [ RunTime:0.0080s ]
SQL: SELECT * FROM `lewo_room` WHERE `id` = 33 LIMIT 1   [ RunTime:0.0010s ]
SQL: SELECT `area_id`,`address`,`floor`,`door_no`,`building`,`steward_id` FROM `lewo_houses` WHERE `house_code` = 'A805' LIMIT 1   [ RunTime:0.0000s ]
SQL: SELECT `id`,`username`,`nickname`,`mobile` FROM `lewo_admin_user` WHERE `id` = 4 LIMIT 1   [ RunTime:0.0000s ]
SQL: SHOW COLUMNS FROM `lewo_area` [ RunTime:0.0060s ]
SQL: SELECT `area_name` FROM `lewo_area` WHERE `id` = 1 LIMIT 1   [ RunTime:0.0010s ]
SQL: SELECT `id`,`house_code`,`room_code`,`room_sort`,`room_area`,`room_parameter`,`rent`,`room_fee`,`status`,`room_images_01`,`room_images_02`,`room_images_03`,`room_images_04` FROM `lewo_room` WHERE `house_code` = 'A805' AND `id` NOT IN ('33') AND `status` = 0 AND `is_show` = 1  [ RunTime:0.0010s ]
INFO: [ view_parse ] --START--
INFO: [ template_filter ] --START--
INFO: Run Behavior\ContentReplaceBehavior [ RunTime:0.001000s ]
INFO: [ template_filter ] --END-- [ RunTime:0.001000s ]
NOTIC: [8] Undefined index: room_images E:\wamp2\www\lewo\lewo\Runtime\Cache\Home\50aa9fee479283f114a3cae7d74e4fb3.php 第 58 行.
NOTIC: [8] Undefined index: room_images E:\wamp2\www\lewo\lewo\Runtime\Cache\Home\50aa9fee479283f114a3cae7d74e4fb3.php 第 62 行.
INFO: Run Behavior\ParseTemplateBehavior [ RunTime:0.047003s ]
INFO: [ view_parse ] --END-- [ RunTime:0.047003s ]
INFO: [ view_filter ] --START--
INFO: Run Behavior\WriteHtmlCacheBehavior [ RunTime:0.003000s ]
INFO: [ view_filter ] --END-- [ RunTime:0.003000s ]
INFO: [ app_end ] --START--
INFO: Run Behavior\ShowPageTraceBehavior [ RunTime:0.001001s ]
INFO: [ app_end ] --END-- [ RunTime:0.004001s ]

[ 2016-08-19T16:50:55+08:00 ] 127.0.0.1 /index.php/Home/Steward/order/id/33.html
INFO: [ app_init ] --START--
INFO: Run Behavior\BuildLiteBehavior [ RunTime:0.000000s ]
INFO: [ app_init ] --END-- [ RunTime:0.001000s ]
INFO: [ app_begin ] --START--
INFO: Run Behavior\ReadHtmlCacheBehavior [ RunTime:0.001000s ]
INFO: [ app_begin ] --END-- [ RunTime:0.001000s ]
SQL: SHOW COLUMNS FROM `lewo_houses` [ RunTime:0.0060s ]
SQL: SHOW COLUMNS FROM `lewo_room` [ RunTime:0.0050s ]
SQL: SHOW COLUMNS FROM `lewo_houses` [ RunTime:0.0060s ]
SQL: SHOW COLUMNS FROM `lewo_admin_user` [ RunTime:0.0040s ]
SQL: SELECT * FROM `lewo_room` WHERE `id` = 33 LIMIT 1   [ RunTime:0.0010s ]
SQL: SELECT `area_id`,`address`,`floor`,`door_no`,`building`,`steward_id` FROM `lewo_houses` WHERE `house_code` = 'A805' LIMIT 1   [ RunTime:0.0000s ]
SQL: SELECT `id`,`username`,`nickname`,`mobile` FROM `lewo_admin_user` WHERE `id` = 4 LIMIT 1   [ RunTime:0.0000s ]
SQL: SHOW COLUMNS FROM `lewo_area` [ RunTime:0.0060s ]
SQL: SELECT `area_name` FROM `lewo_area` WHERE `id` = 1 LIMIT 1   [ RunTime:0.0000s ]
INFO: [ view_parse ] --START--
INFO: [ template_filter ] --START--
INFO: Run Behavior\ContentReplaceBehavior [ RunTime:0.000000s ]
INFO: [ template_filter ] --END-- [ RunTime:0.000000s ]
INFO: Run Behavior\ParseTemplateBehavior [ RunTime:0.015001s ]
INFO: [ view_parse ] --END-- [ RunTime:0.015001s ]
INFO: [ view_filter ] --START--
INFO: Run Behavior\WriteHtmlCacheBehavior [ RunTime:0.001000s ]
INFO: [ view_filter ] --END-- [ RunTime:0.001000s ]
INFO: [ app_end ] --START--
INFO: Run Behavior\ShowPageTraceBehavior [ RunTime:0.002000s ]
INFO: [ app_end ] --END-- [ RunTime:0.002000s ]

[ 2016-08-19T16:51:07+08:00 ] 127.0.0.1 /index.php/Home/Steward/order.html
INFO: [ app_init ] --START--
INFO: Run Behavior\BuildLiteBehavior [ RunTime:0.000000s ]
INFO: [ app_init ] --END-- [ RunTime:0.002000s ]
INFO: [ app_begin ] --START--
INFO: Run Behavior\ReadHtmlCacheBehavior [ RunTime:0.018001s ]
INFO: [ app_begin ] --END-- [ RunTime:0.018001s ]
SQL: SHOW COLUMNS FROM `lewo_account` [ RunTime:0.0080s ]
SQL: SELECT * FROM `lewo_account` WHERE `mobile` = '13751507976' LIMIT 1   [ RunTime:0.0010s ]
SQL: INSERT INTO `lewo_account` (`realname`,`password`,`mobile`,`email`,`contact2`,`card_no`,`register_time`) VALUES ('艾丝凡','e10adc3949ba59abbe56e057f20f883e','13751507976','136229626@qq.com','123','440682109923129','2016-08-19 16:51:06') [ RunTime:0.0010s ]
SQL: SHOW COLUMNS FROM `lewo_schedule` [ RunTime:0.0050s ]
SQL: INSERT INTO `lewo_schedule` (`room_id`,`money`,`account_id`,`mobile`,`schedule_type`,`status`,`appoint_time`,`msg`,`steward_id`,`admin_type`,`create_time`,`create_date`) VALUES ('33','400','28','13751507976','4','1','2016-08-19','','4','1','2016-08-19 16:51:07','2016-08-19') [ RunTime:0.0010s ]
SQL: SHOW COLUMNS FROM `lewo_room` [ RunTime:0.0070s ]
SQL: UPDATE `lewo_room` SET `status`='1' WHERE `id` = 33 [ RunTime:0.0010s ]
INFO: [ view_parse ] --START--
INFO: [ template_filter ] --START--
INFO: Run Behavior\ContentReplaceBehavior [ RunTime:0.000000s ]
INFO: [ template_filter ] --END-- [ RunTime:0.000000s ]
INFO: Run Behavior\ParseTemplateBehavior [ RunTime:0.011001s ]
INFO: [ view_parse ] --END-- [ RunTime:0.012001s ]
INFO: [ view_filter ] --START--
INFO: Run Behavior\WriteHtmlCacheBehavior [ RunTime:0.001000s ]
INFO: [ view_filter ] --END-- [ RunTime:0.001000s ]
INFO: [ app_end ] --START--
INFO: Run Behavior\ShowPageTraceBehavior [ RunTime:0.001000s ]
INFO: [ app_end ] --END-- [ RunTime:0.001000s ]

[ 2016-08-19T16:51:08+08:00 ] 127.0.0.1 /index.php/Home/Steward/houses.html
INFO: [ app_init ] --START--
INFO: Run Behavior\BuildLiteBehavior [ RunTime:0.000000s ]
INFO: [ app_init ] --END-- [ RunTime:0.001000s ]
INFO: [ app_begin ] --START--
INFO: Run Behavior\ReadHtmlCacheBehavior [ RunTime:0.001000s ]
INFO: [ app_begin ] --END-- [ RunTime:0.001000s ]
SQL: SHOW COLUMNS FROM `lewo_houses` [ RunTime:0.0050s ]
SQL: SHOW COLUMNS FROM `lewo_room` [ RunTime:0.0050s ]
SQL: SHOW COLUMNS FROM `lewo_area` [ RunTime:0.0050s ]
SQL: SELECT `id`,`area_id`,`steward_id`,`house_code`,`type`,`building`,`floor`,`door_no` FROM `lewo_houses` WHERE `steward_id` = 4  [ RunTime:0.0000s ]
SQL: SELECT * FROM `lewo_room` WHERE `house_code` = 'A805' AND `is_show` = 1 AND `status` = 2 LIMIT 1   [ RunTime:0.0010s ]
SQL: SELECT `area_name` FROM `lewo_area` WHERE `id` = 1 LIMIT 1   [ RunTime:0.0000s ]
SQL: SELECT `id`,`room_code`,`room_nickname`,`room_sort`,`room_type`,`bed_code`,`status`,`is_show` FROM `lewo_room` WHERE `house_code` = 'A805' AND `is_show` = 1  [ RunTime:0.0010s ]
INFO: [ view_parse ] --START--
INFO: [ template_filter ] --START--
INFO: Run Behavior\ContentReplaceBehavior [ RunTime:0.000000s ]
INFO: [ template_filter ] --END-- [ RunTime:0.000000s ]
INFO: Run Behavior\ParseTemplateBehavior [ RunTime:0.025002s ]
INFO: [ view_parse ] --END-- [ RunTime:0.025002s ]
INFO: [ view_filter ] --START--
INFO: Run Behavior\WriteHtmlCacheBehavior [ RunTime:0.000000s ]
INFO: [ view_filter ] --END-- [ RunTime:0.002000s ]
INFO: [ view_parse ] --START--
INFO: [ template_filter ] --START--
INFO: Run Behavior\ContentReplaceBehavior [ RunTime:0.000000s ]
INFO: [ template_filter ] --END-- [ RunTime:-0.013001s ]
INFO: Run Behavior\ParseTemplateBehavior [ RunTime:0.007000s ]
INFO: [ view_parse ] --END-- [ RunTime:-0.003000s ]
INFO: [ view_filter ] --START--
INFO: Run Behavior\WriteHtmlCacheBehavior [ RunTime:0.000000s ]
INFO: [ view_filter ] --END-- [ RunTime:-0.008000s ]
NOTIC: [2] Cannot modify header information - headers already sent by (output started at E:\wamp2\www\lewo\ThinkPHP\Library\Think\View.class.php:95) E:\wamp2\www\lewo\ThinkPHP\Library\Think\View.class.php 第 91 行.
NOTIC: [2] Cannot modify header information - headers already sent by (output started at E:\wamp2\www\lewo\ThinkPHP\Library\Think\View.class.php:95) E:\wamp2\www\lewo\ThinkPHP\Library\Think\View.class.php 第 92 行.
NOTIC: [2] Cannot modify header information - headers already sent by (output started at E:\wamp2\www\lewo\ThinkPHP\Library\Think\View.class.php:95) E:\wamp2\www\lewo\ThinkPHP\Library\Think\View.class.php 第 93 行.
INFO: [ app_end ] --START--
INFO: Run Behavior\ShowPageTraceBehavior [ RunTime:0.001000s ]
INFO: [ app_end ] --END-- [ RunTime:0.001000s ]

[ 2016-08-19T16:53:33+08:00 ] 127.0.0.1 /index.php/Home/Steward/stewardtasks.html
INFO: [ app_init ] --START--
INFO: Run Behavior\BuildLiteBehavior [ RunTime:0.000000s ]
INFO: [ app_init ] --END-- [ RunTime:0.002000s ]
INFO: [ app_begin ] --START--
INFO: Run Behavior\ReadHtmlCacheBehavior [ RunTime:0.001000s ]
INFO: [ app_begin ] --END-- [ RunTime:0.003000s ]
SQL: SHOW COLUMNS FROM `lewo_schedule` [ RunTime:0.0050s ]
SQL: SELECT lewo_room.house_code,lewo_room.room_code,lewo_room.bed_code,lewo_schedule.*,lewo_account.realname,lewo_account.mobile FROM `lewo_schedule` INNER JOIN lewo_room ON lewo_schedule.room_id = lewo_room.id INNER JOIN lewo_account ON lewo_schedule.account_id = lewo_account.id  WHERE `steward_id` = '4' AND `is_finish` = 0 AND `admin_type` = 1  [ RunTime:0.0010s ]
SQL: SELECT COUNT(*) AS tp_count FROM `lewo_schedule` WHERE `steward_id` = 4 AND `schedule_type` = 1 AND `is_finish` = 0 AND `admin_type` = 1 LIMIT 1   [ RunTime:0.0010s ]
SQL: SELECT COUNT(*) AS tp_count FROM `lewo_schedule` WHERE `steward_id` = 4 AND `schedule_type` = 2 AND `is_finish` = 0 AND `admin_type` = 1 LIMIT 1   [ RunTime:0.0010s ]
SQL: SELECT COUNT(*) AS tp_count FROM `lewo_schedule` WHERE `steward_id` = 4 AND `schedule_type` = 3 AND `is_finish` = 0 AND `admin_type` = 1 LIMIT 1   [ RunTime:0.0000s ]
SQL: SELECT COUNT(*) AS tp_count FROM `lewo_schedule` WHERE `steward_id` = 4 AND `schedule_type` = 4 AND `is_finish` = 0 AND `admin_type` = 1 LIMIT 1   [ RunTime:0.0010s ]
INFO: [ view_parse ] --START--
INFO: [ template_filter ] --START--
INFO: Run Behavior\ContentReplaceBehavior [ RunTime:0.001000s ]
INFO: [ template_filter ] --END-- [ RunTime:0.001000s ]
INFO: Run Behavior\ParseTemplateBehavior [ RunTime:0.020002s ]
INFO: [ view_parse ] --END-- [ RunTime:0.020002s ]
INFO: [ view_filter ] --START--
INFO: Run Behavior\WriteHtmlCacheBehavior [ RunTime:0.001000s ]
INFO: [ view_filter ] --END-- [ RunTime:0.002000s ]
INFO: [ view_parse ] --START--
INFO: [ template_filter ] --START--
INFO: Run Behavior\ContentReplaceBehavior [ RunTime:0.000000s ]
INFO: [ template_filter ] --END-- [ RunTime:-0.011001s ]
INFO: Run Behavior\ParseTemplateBehavior [ RunTime:0.007000s ]
INFO: [ view_parse ] --END-- [ RunTime:-0.002000s ]
INFO: [ view_filter ] --START--
INFO: Run Behavior\WriteHtmlCacheBehavior [ RunTime:0.000000s ]
INFO: [ view_filter ] --END-- [ RunTime:-0.009000s ]
NOTIC: [2] Cannot modify header information - headers already sent by (output started at E:\wamp2\www\lewo\ThinkPHP\Library\Think\View.class.php:95) E:\wamp2\www\lewo\ThinkPHP\Library\Think\View.class.php 第 91 行.
NOTIC: [2] Cannot modify header information - headers already sent by (output started at E:\wamp2\www\lewo\ThinkPHP\Library\Think\View.class.php:95) E:\wamp2\www\lewo\ThinkPHP\Library\Think\View.class.php 第 92 行.
NOTIC: [2] Cannot modify header information - headers already sent by (output started at E:\wamp2\www\lewo\ThinkPHP\Library\Think\View.class.php:95) E:\wamp2\www\lewo\ThinkPHP\Library\Think\View.class.php 第 93 行.
INFO: [ app_end ] --START--
INFO: Run Behavior\ShowPageTraceBehavior [ RunTime:0.003000s ]
INFO: [ app_end ] --END-- [ RunTime:0.003000s ]

[ 2016-08-19T17:06:37+08:00 ] 127.0.0.1 /index.php/Steward
INFO: [ app_init ] --START--
INFO: Run Behavior\BuildLiteBehavior [ RunTime:0.000000s ]
INFO: [ app_init ] --END-- [ RunTime:0.002001s ]
INFO: [ app_begin ] --START--
INFO: Run Behavior\ReadHtmlCacheBehavior [ RunTime:0.001000s ]
INFO: [ app_begin ] --END-- [ RunTime:0.002000s ]
INFO: [ view_parse ] --START--
INFO: [ template_filter ] --START--
INFO: Run Behavior\ContentReplaceBehavior [ RunTime:0.000000s ]
INFO: [ template_filter ] --END-- [ RunTime:0.001000s ]
INFO: Run Behavior\ParseTemplateBehavior [ RunTime:0.015001s ]
INFO: [ view_parse ] --END-- [ RunTime:0.015001s ]
INFO: [ view_filter ] --START--
INFO: Run Behavior\WriteHtmlCacheBehavior [ RunTime:0.001000s ]
INFO: [ view_filter ] --END-- [ RunTime:0.001000s ]
INFO: [ app_end ] --START--
INFO: Run Behavior\ShowPageTraceBehavior [ RunTime:0.001000s ]
INFO: [ app_end ] --END-- [ RunTime:0.001000s ]

[ 2016-08-19T17:24:17+08:00 ] 127.0.0.1 /index.php/Home/Steward/index.html
INFO: [ app_init ] --START--
INFO: Run Behavior\BuildLiteBehavior [ RunTime:0.000000s ]
INFO: [ app_init ] --END-- [ RunTime:0.003001s ]
INFO: [ app_begin ] --START--
INFO: Run Behavior\ReadHtmlCacheBehavior [ RunTime:0.002000s ]
INFO: [ app_begin ] --END-- [ RunTime:0.003000s ]
INFO: [ view_parse ] --START--
INFO: [ template_filter ] --START--
INFO: Run Behavior\ContentReplaceBehavior [ RunTime:0.000000s ]
INFO: [ template_filter ] --END-- [ RunTime:0.001000s ]
INFO: Run Behavior\ParseTemplateBehavior [ RunTime:0.020002s ]
INFO: [ view_parse ] --END-- [ RunTime:0.020002s ]
INFO: [ view_filter ] --START--
INFO: Run Behavior\WriteHtmlCacheBehavior [ RunTime:0.001000s ]
INFO: [ view_filter ] --END-- [ RunTime:0.002000s ]
INFO: [ app_end ] --START--
INFO: Run Behavior\ShowPageTraceBehavior [ RunTime:0.002000s ]
INFO: [ app_end ] --END-- [ RunTime:0.002000s ]

[ 2016-08-19T17:42:39+08:00 ] 127.0.0.1 /index.php/Home/Steward/index.html
INFO: [ app_init ] --START--
INFO: Run Behavior\BuildLiteBehavior [ RunTime:0.000000s ]
INFO: [ app_init ] --END-- [ RunTime:0.001000s ]
INFO: [ app_begin ] --START--
INFO: Run Behavior\ReadHtmlCacheBehavior [ RunTime:0.002000s ]
INFO: [ app_begin ] --END-- [ RunTime:0.002000s ]
INFO: [ view_parse ] --START--
INFO: [ template_filter ] --START--
INFO: Run Behavior\ContentReplaceBehavior [ RunTime:0.001000s ]
INFO: [ template_filter ] --END-- [ RunTime:0.001000s ]
INFO: Run Behavior\ParseTemplateBehavior [ RunTime:0.024001s ]
INFO: [ view_parse ] --END-- [ RunTime:0.025001s ]
INFO: [ view_filter ] --START--
INFO: Run Behavior\WriteHtmlCacheBehavior [ RunTime:0.001000s ]
INFO: [ view_filter ] --END-- [ RunTime:0.002000s ]
INFO: [ app_end ] --START--
INFO: Run Behavior\ShowPageTraceBehavior [ RunTime:0.002000s ]
INFO: [ app_end ] --END-- [ RunTime:0.002000s ]

[ 2016-08-19T18:07:14+08:00 ] 127.0.0.1 /index.php/Steward
INFO: [ app_init ] --START--
INFO: Run Behavior\BuildLiteBehavior [ RunTime:0.000000s ]
INFO: [ app_init ] --END-- [ RunTime:0.001000s ]
INFO: [ app_begin ] --START--
INFO: Run Behavior\ReadHtmlCacheBehavior [ RunTime:0.002000s ]
INFO: [ app_begin ] --END-- [ RunTime:0.002000s ]
SQL: SHOW COLUMNS FROM `lewo_contract` [ RunTime:0.0050s ]
SQL: SELECT SUM(rent) AS tp_sum FROM `lewo_contract` WHERE `start_time` = '2016-08-19' LIMIT 1   [ RunTime:0.0010s ]
SQL: SELECT SUM(fee) AS tp_sum FROM `lewo_contract` WHERE `start_time` = '2016-08-19' LIMIT 1   [ RunTime:0.0000s ]
SQL: SELECT SUM(deposit) AS tp_sum FROM `lewo_contract` WHERE `start_time` = '2016-08-19' LIMIT 1   [ RunTime:0.0010s ]
SQL: SELECT SUM(rent) AS tp_sum FROM `lewo_contract` WHERE `start_time` = '2016-08-18' LIMIT 1   [ RunTime:0.0010s ]
SQL: SELECT SUM(fee) AS tp_sum FROM `lewo_contract` WHERE `start_time` = '2016-08-18' LIMIT 1   [ RunTime:0.0000s ]
SQL: SELECT SUM(deposit) AS tp_sum FROM `lewo_contract` WHERE `start_time` = '2016-08-18' LIMIT 1   [ RunTime:0.0000s ]
SQL: SELECT COUNT(*) AS tp_count FROM `lewo_contract` WHERE `start_time` = '2016-08-19' LIMIT 1   [ RunTime:0.0010s ]
SQL: SHOW COLUMNS FROM `lewo_schedule` [ RunTime:0.0060s ]
SQL: SELECT SUM(money) AS tp_sum FROM `lewo_schedule` WHERE `create_date` = '2016-08-19' AND `schedule_type` = 4 LIMIT 1   [ RunTime:0.0000s ]
SQL: SHOW COLUMNS FROM `lewo_room` [ RunTime:0.0060s ]
SQL: SELECT COUNT(*) AS tp_count FROM `lewo_room` WHERE `room_type` = 1 AND `is_show` = 1 LIMIT 1   [ RunTime:0.0000s ]
SQL: SELECT COUNT(*) AS tp_count FROM `lewo_room` WHERE `status` = 0 AND `room_type` = 1 AND `is_show` = 1 LIMIT 1   [ RunTime:0.0000s ]
SQL: SELECT COUNT(*) AS tp_count FROM `lewo_room` WHERE `room_type` = 2 AND `is_show` = 1 LIMIT 1   [ RunTime:0.0010s ]
SQL: SELECT COUNT(*) AS tp_count FROM `lewo_room` WHERE `status` = 0 AND `room_type` = 2 AND `is_show` = 1 LIMIT 1   [ RunTime:0.0010s ]
INFO: [ view_parse ] --START--
INFO: [ template_filter ] --START--
INFO: Run Behavior\ContentReplaceBehavior [ RunTime:0.001000s ]
INFO: [ template_filter ] --END-- [ RunTime:0.001000s ]
INFO: Run Behavior\ParseTemplateBehavior [ RunTime:0.017001s ]
INFO: [ view_parse ] --END-- [ RunTime:0.017001s ]
INFO: [ view_filter ] --START--
INFO: Run Behavior\WriteHtmlCacheBehavior [ RunTime:0.001000s ]
INFO: [ view_filter ] --END-- [ RunTime:0.001000s ]
INFO: [ app_end ] --START--
INFO: Run Behavior\ShowPageTraceBehavior [ RunTime:0.002000s ]
INFO: [ app_end ] --END-- [ RunTime:0.002000s ]

