[ 2016-10-24T09:29:37+08:00 ] 127.0.0.1 /index.php/steward
INFO: [ app_init ] --START--
INFO: Run Behavior\BuildLiteBehavior [ RunTime:0.000000s ]
INFO: [ app_init ] --END-- [ RunTime:0.002000s ]
INFO: [ app_begin ] --START--
INFO: Run Behavior\ReadHtmlCacheBehavior [ RunTime:0.002000s ]
INFO: [ app_begin ] --END-- [ RunTime:0.003000s ]
INFO: [ view_parse ] --START--
INFO: [ template_filter ] --START--
INFO: Run Behavior\ContentReplaceBehavior [ RunTime:0.000000s ]
INFO: [ template_filter ] --END-- [ RunTime:0.002000s ]
INFO: Run Behavior\ParseTemplateBehavior [ RunTime:0.021002s ]
INFO: [ view_parse ] --END-- [ RunTime:0.021002s ]
INFO: [ view_filter ] --START--
INFO: Run Behavior\WriteHtmlCacheBehavior [ RunTime:0.002000s ]
INFO: [ view_filter ] --END-- [ RunTime:0.002000s ]

[ 2016-10-24T09:29:45+08:00 ] 127.0.0.1 /index.php/Home/Steward/login.html
INFO: [ app_init ] --START--
INFO: Run Behavior\BuildLiteBehavior [ RunTime:0.000000s ]
INFO: [ app_init ] --END-- [ RunTime:0.004000s ]
INFO: [ app_begin ] --START--
INFO: Run Behavior\ReadHtmlCacheBehavior [ RunTime:0.002000s ]
INFO: [ app_begin ] --END-- [ RunTime:0.003000s ]
SQL: SHOW COLUMNS FROM `lewo_admin_user` [ RunTime:0.0120s ]
SQL: SELECT * FROM `lewo_admin_user` WHERE `username` = 'lewo' AND `password` = '7011211e1592352456f07c5d07412e96' LIMIT 1   [ RunTime:0.0030s ]
INFO: [ view_parse ] --START--
INFO: [ template_filter ] --START--
INFO: Run Behavior\ContentReplaceBehavior [ RunTime:0.001000s ]
INFO: [ template_filter ] --END-- [ RunTime:0.001000s ]
INFO: Run Behavior\ParseTemplateBehavior [ RunTime:0.023001s ]
INFO: [ view_parse ] --END-- [ RunTime:0.023001s ]
INFO: [ view_filter ] --START--
INFO: Run Behavior\WriteHtmlCacheBehavior [ RunTime:0.002000s ]
INFO: [ view_filter ] --END-- [ RunTime:0.002000s ]

[ 2016-10-24T09:29:50+08:00 ] 127.0.0.1 /index.php/Home/Steward/login.html
INFO: [ app_init ] --START--
INFO: Run Behavior\BuildLiteBehavior [ RunTime:0.000000s ]
INFO: [ app_init ] --END-- [ RunTime:0.002000s ]
INFO: [ app_begin ] --START--
INFO: Run Behavior\ReadHtmlCacheBehavior [ RunTime:0.002000s ]
INFO: [ app_begin ] --END-- [ RunTime:0.002000s ]
SQL: SHOW COLUMNS FROM `lewo_admin_user` [ RunTime:0.0120s ]
SQL: SELECT * FROM `lewo_admin_user` WHERE `username` = 'lewo' AND `password` = '6b1c5f2dfc828405850929e845df7963' LIMIT 1   [ RunTime:0.0010s ]
INFO: [ view_parse ] --START--
INFO: [ template_filter ] --START--
INFO: Run Behavior\ContentReplaceBehavior [ RunTime:0.001000s ]
INFO: [ template_filter ] --END-- [ RunTime:0.001000s ]
INFO: Run Behavior\ParseTemplateBehavior [ RunTime:0.027001s ]
INFO: [ view_parse ] --END-- [ RunTime:0.027001s ]
INFO: [ view_filter ] --START--
INFO: Run Behavior\WriteHtmlCacheBehavior [ RunTime:0.001001s ]
INFO: [ view_filter ] --END-- [ RunTime:0.002001s ]

[ 2016-10-24T09:29:51+08:00 ] 127.0.0.1 /index.php/Home/Steward/index.html
INFO: [ app_init ] --START--
INFO: Run Behavior\BuildLiteBehavior [ RunTime:0.000000s ]
INFO: [ app_init ] --END-- [ RunTime:0.002000s ]
INFO: [ app_begin ] --START--
INFO: Run Behavior\ReadHtmlCacheBehavior [ RunTime:0.002000s ]
INFO: [ app_begin ] --END-- [ RunTime:0.002000s ]
SQL: SHOW COLUMNS FROM `lewo_schedule` [ RunTime:0.0140s ]
SQL: SELECT COUNT(*) AS tp_count FROM `lewo_schedule` WHERE `schedule_type` = 1 AND `is_finish` = 0 AND `steward_id` = 4 AND `admin_type` = 1 LIMIT 1   [ RunTime:0.0010s ]
SQL: SELECT COUNT(*) AS tp_count FROM `lewo_schedule` WHERE `schedule_type` = 2 AND `is_finish` = 0 AND `steward_id` = 4 AND `admin_type` = 1 LIMIT 1   [ RunTime:0.0000s ]
SQL: SELECT COUNT(*) AS tp_count FROM `lewo_schedule` WHERE `schedule_type` = 3 AND `is_finish` = 0 AND `steward_id` = 4 AND `admin_type` = 1 LIMIT 1   [ RunTime:0.0010s ]
SQL: SHOW COLUMNS FROM `lewo_contract` [ RunTime:0.0140s ]
SQL: SELECT SUM(rent) AS tp_sum FROM `lewo_contract` WHERE `start_time` = '2016-10-24' LIMIT 1   [ RunTime:0.0050s ]
SQL: SELECT SUM(fee) AS tp_sum FROM `lewo_contract` WHERE `start_time` = '2016-10-24' LIMIT 1   [ RunTime:0.0050s ]
SQL: SELECT SUM(deposit) AS tp_sum FROM `lewo_contract` WHERE `start_time` = '2016-10-24' LIMIT 1   [ RunTime:0.0050s ]
SQL: SELECT SUM(rent) AS tp_sum FROM `lewo_contract` WHERE `start_time` = '2016-10-23' LIMIT 1   [ RunTime:0.0050s ]
SQL: SELECT SUM(fee) AS tp_sum FROM `lewo_contract` WHERE `start_time` = '2016-10-23' LIMIT 1   [ RunTime:0.0050s ]
SQL: SELECT SUM(deposit) AS tp_sum FROM `lewo_contract` WHERE `start_time` = '2016-10-23' LIMIT 1   [ RunTime:0.0050s ]
SQL: SELECT COUNT(*) AS tp_count FROM `lewo_contract` WHERE `start_time` = '2016-10-24' LIMIT 1   [ RunTime:0.0050s ]
SQL: SHOW COLUMNS FROM `lewo_schedule` [ RunTime:0.0110s ]
SQL: SELECT SUM(money) AS tp_sum FROM `lewo_schedule` WHERE `create_date` = '2016-10-24' AND `schedule_type` = 4 LIMIT 1   [ RunTime:0.0010s ]
SQL: SHOW COLUMNS FROM `lewo_room` [ RunTime:0.0120s ]
SQL: SELECT COUNT(*) AS tp_count FROM `lewo_room` WHERE `room_type` = 1 AND `is_show` = 1 LIMIT 1   [ RunTime:0.0020s ]
SQL: SELECT COUNT(*) AS tp_count FROM `lewo_room` WHERE `status` = 0 AND `room_type` = 1 AND `is_show` = 1 LIMIT 1   [ RunTime:0.0020s ]
SQL: SELECT COUNT(*) AS tp_count FROM `lewo_room` WHERE `room_type` = 2 AND `is_show` = 1 LIMIT 1   [ RunTime:0.0020s ]
SQL: SELECT COUNT(*) AS tp_count FROM `lewo_room` WHERE `status` = 0 AND `room_type` = 2 AND `is_show` = 1 LIMIT 1   [ RunTime:0.0030s ]
SQL: SHOW COLUMNS FROM `lewo_admin_user` [ RunTime:0.0110s ]
SQL: SELECT * FROM `lewo_admin_user` WHERE `id` = 4 LIMIT 1   [ RunTime:0.0020s ]
INFO: [ view_parse ] --START--
INFO: [ template_filter ] --START--
INFO: Run Behavior\ContentReplaceBehavior [ RunTime:0.000000s ]
INFO: [ template_filter ] --END-- [ RunTime:0.001000s ]
INFO: Run Behavior\ParseTemplateBehavior [ RunTime:0.033002s ]
INFO: [ view_parse ] --END-- [ RunTime:0.033002s ]
INFO: [ view_filter ] --START--
INFO: Run Behavior\WriteHtmlCacheBehavior [ RunTime:0.001000s ]
INFO: [ view_filter ] --END-- [ RunTime:0.002000s ]
INFO: [ app_end ] --START--
INFO: Run Behavior\ShowPageTraceBehavior [ RunTime:0.002000s ]
INFO: [ app_end ] --END-- [ RunTime:0.002000s ]

[ 2016-10-24T09:29:54+08:00 ] 127.0.0.1 /index.php/Home/Steward/houses.html
INFO: [ app_init ] --START--
INFO: Run Behavior\BuildLiteBehavior [ RunTime:0.000000s ]
INFO: [ app_init ] --END-- [ RunTime:0.002000s ]
INFO: [ app_begin ] --START--
INFO: Run Behavior\ReadHtmlCacheBehavior [ RunTime:0.003000s ]
INFO: [ app_begin ] --END-- [ RunTime:0.003000s ]
SQL: SHOW COLUMNS FROM `lewo_houses` [ RunTime:0.0120s ]
SQL: SHOW COLUMNS FROM `lewo_room` [ RunTime:0.0150s ]
SQL: SHOW COLUMNS FROM `lewo_area` [ RunTime:0.0220s ]
SQL: SELECT `id`,`area_id`,`steward_id`,`house_code`,`type`,`building`,`floor`,`door_no` FROM `lewo_houses` WHERE `steward_id` = 4 ORDER BY area_id desc, building desc,floor desc,door_no desc  [ RunTime:0.0010s ]
SQL: SELECT COUNT(*) AS tp_count FROM `lewo_room` WHERE `house_code` = 'CQ00049' AND `is_show` = 1 LIMIT 1   [ RunTime:0.0040s ]
SQL: SELECT COUNT(*) AS tp_count FROM `lewo_room` WHERE `house_code` = 'CQ00049' AND `is_show` = 1 AND `status` = 2 LIMIT 1   [ RunTime:0.0040s ]
SQL: SELECT `area_name` FROM `lewo_area` WHERE `id` = 36 LIMIT 1   [ RunTime:0.0010s ]
SQL: SELECT lewo_room.id,lewo_room.account_id,lewo_room.room_code,lewo_room.room_nickname,lewo_room.room_sort,lewo_room.room_type,lewo_room.bed_code,lewo_room.status,lewo_room.is_show,lewo_account.realname,lewo_account.sex FROM `lewo_room` left JOIN lewo_account ON lewo_room.account_id=lewo_account.id  WHERE `house_code` = 'CQ00049' AND `is_show` = 1 ORDER BY room_sort asc  [ RunTime:0.0040s ]
INFO: [ view_parse ] --START--
INFO: [ template_filter ] --START--
INFO: Run Behavior\ContentReplaceBehavior [ RunTime:0.000000s ]
INFO: [ template_filter ] --END-- [ RunTime:0.002000s ]
INFO: Run Behavior\ParseTemplateBehavior [ RunTime:0.080004s ]
INFO: [ view_parse ] --END-- [ RunTime:0.082004s ]
INFO: [ view_filter ] --START--
INFO: Run Behavior\WriteHtmlCacheBehavior [ RunTime:0.001001s ]
INFO: [ view_filter ] --END-- [ RunTime:0.002001s ]
INFO: [ view_parse ] --START--
INFO: [ template_filter ] --START--
INFO: Run Behavior\ContentReplaceBehavior [ RunTime:0.000000s ]
INFO: [ template_filter ] --END-- [ RunTime:-0.044003s ]
INFO: Run Behavior\ParseTemplateBehavior [ RunTime:0.026001s ]
INFO: [ view_parse ] --END-- [ RunTime:-0.005001s ]
INFO: [ view_filter ] --START--
INFO: Run Behavior\WriteHtmlCacheBehavior [ RunTime:0.000000s ]
INFO: [ view_filter ] --END-- [ RunTime:-0.030001s ]
NOTIC: [2] Cannot modify header information - headers already sent by (output started at E:\wamp2\www\lewo\ThinkPHP\Library\Think\View.class.php:95) E:\wamp2\www\lewo\ThinkPHP\Library\Think\View.class.php 第 91 行.
NOTIC: [2] Cannot modify header information - headers already sent by (output started at E:\wamp2\www\lewo\ThinkPHP\Library\Think\View.class.php:95) E:\wamp2\www\lewo\ThinkPHP\Library\Think\View.class.php 第 92 行.
NOTIC: [2] Cannot modify header information - headers already sent by (output started at E:\wamp2\www\lewo\ThinkPHP\Library\Think\View.class.php:95) E:\wamp2\www\lewo\ThinkPHP\Library\Think\View.class.php 第 93 行.
INFO: [ app_end ] --START--
INFO: Run Behavior\ShowPageTraceBehavior [ RunTime:0.002001s ]
INFO: [ app_end ] --END-- [ RunTime:0.003001s ]

[ 2016-10-24T09:29:58+08:00 ] 127.0.0.1 /index.php/Home/Steward/roominfo/id/628.html
INFO: [ app_init ] --START--
INFO: Run Behavior\BuildLiteBehavior [ RunTime:0.000000s ]
INFO: [ app_init ] --END-- [ RunTime:0.005001s ]
INFO: [ app_begin ] --START--
INFO: Run Behavior\ReadHtmlCacheBehavior [ RunTime:0.003000s ]
INFO: [ app_begin ] --END-- [ RunTime:0.003000s ]
SQL: SHOW COLUMNS FROM `lewo_houses` [ RunTime:0.0150s ]
SQL: SHOW COLUMNS FROM `lewo_room` [ RunTime:0.0150s ]
SQL: SHOW COLUMNS FROM `lewo_houses` [ RunTime:0.0160s ]
SQL: SHOW COLUMNS FROM `lewo_admin_user` [ RunTime:0.0120s ]
SQL: SELECT * FROM `lewo_room` WHERE `id` = 628 LIMIT 1   [ RunTime:0.0010s ]
SQL: SELECT `area_id`,`address`,`floor`,`door_no`,`building`,`steward_id` FROM `lewo_houses` WHERE `house_code` = 'CQ00049' LIMIT 1   [ RunTime:0.0010s ]
SQL: SELECT `id`,`username`,`nickname`,`mobile` FROM `lewo_admin_user` WHERE `id` = 4 LIMIT 1   [ RunTime:0.0010s ]
SQL: SHOW COLUMNS FROM `lewo_area` [ RunTime:0.0110s ]
SQL: SELECT `area_name` FROM `lewo_area` WHERE `id` = 36 LIMIT 1   [ RunTime:0.0020s ]
SQL: SELECT `id`,`house_code`,`room_code`,`room_sort`,`room_area`,`room_parameter`,`rent`,`room_fee`,`status`,`room_images_01`,`room_images_02`,`room_images_03`,`room_images_04` FROM `lewo_room` WHERE `house_code` = 'CQ00049' AND `id` NOT IN ('628') AND `status` = 0 AND `is_show` = 1  [ RunTime:0.0260s ]
INFO: [ view_parse ] --START--
INFO: [ template_filter ] --START--
INFO: Run Behavior\ContentReplaceBehavior [ RunTime:0.001000s ]
INFO: [ template_filter ] --END-- [ RunTime:0.001000s ]
NOTIC: [8] Undefined index: room_images E:\wamp2\www\lewo\lewo\Runtime\Cache\Home\50aa9fee479283f114a3cae7d74e4fb3.php 第 56 行.
NOTIC: [8] Undefined index: room_images E:\wamp2\www\lewo\lewo\Runtime\Cache\Home\50aa9fee479283f114a3cae7d74e4fb3.php 第 60 行.
INFO: Run Behavior\ParseTemplateBehavior [ RunTime:0.082005s ]
INFO: [ view_parse ] --END-- [ RunTime:0.082005s ]
INFO: [ view_filter ] --START--
INFO: Run Behavior\WriteHtmlCacheBehavior [ RunTime:0.001000s ]
INFO: [ view_filter ] --END-- [ RunTime:0.002000s ]
INFO: [ app_end ] --START--
INFO: Run Behavior\ShowPageTraceBehavior [ RunTime:0.003001s ]
INFO: [ app_end ] --END-- [ RunTime:0.003001s ]

[ 2016-10-24T09:30:01+08:00 ] 127.0.0.1 /index.php/Home/Steward/checkin/id/628.html
INFO: [ app_init ] --START--
INFO: Run Behavior\BuildLiteBehavior [ RunTime:0.000000s ]
INFO: [ app_init ] --END-- [ RunTime:0.002000s ]
INFO: [ app_begin ] --START--
INFO: Run Behavior\ReadHtmlCacheBehavior [ RunTime:0.002000s ]
INFO: [ app_begin ] --END-- [ RunTime:0.003000s ]
SQL: SHOW COLUMNS FROM `lewo_houses` [ RunTime:0.0140s ]
SQL: SHOW COLUMNS FROM `lewo_room` [ RunTime:0.0120s ]
SQL: SHOW COLUMNS FROM `lewo_houses` [ RunTime:0.0120s ]
SQL: SHOW COLUMNS FROM `lewo_admin_user` [ RunTime:0.0110s ]
SQL: SELECT * FROM `lewo_room` WHERE `id` = 628 LIMIT 1   [ RunTime:0.0020s ]
SQL: SELECT `area_id`,`address`,`floor`,`door_no`,`building`,`steward_id` FROM `lewo_houses` WHERE `house_code` = 'CQ00049' LIMIT 1   [ RunTime:0.0010s ]
SQL: SELECT `id`,`username`,`nickname`,`mobile` FROM `lewo_admin_user` WHERE `id` = 4 LIMIT 1   [ RunTime:0.0010s ]
SQL: SHOW COLUMNS FROM `lewo_area` [ RunTime:0.0100s ]
SQL: SELECT `area_name` FROM `lewo_area` WHERE `id` = 36 LIMIT 1   [ RunTime:0.0000s ]
INFO: [ view_parse ] --START--
INFO: [ template_filter ] --START--
INFO: Run Behavior\ContentReplaceBehavior [ RunTime:0.001000s ]
INFO: [ template_filter ] --END-- [ RunTime:0.001000s ]
NOTIC: [8] Undefined variable: account_id E:\wamp2\www\lewo\lewo\Runtime\Cache\Home\81a17a9c5756f67421131a5fd2e58e89.php 第 85 行.
NOTIC: [8] Undefined variable: schedule_info E:\wamp2\www\lewo\lewo\Runtime\Cache\Home\81a17a9c5756f67421131a5fd2e58e89.php 第 94 行.
NOTIC: [8] Undefined variable: schedule_info E:\wamp2\www\lewo\lewo\Runtime\Cache\Home\81a17a9c5756f67421131a5fd2e58e89.php 第 103 行.
NOTIC: [8] Undefined variable: schedule_info E:\wamp2\www\lewo\lewo\Runtime\Cache\Home\81a17a9c5756f67421131a5fd2e58e89.php 第 112 行.
NOTIC: [8] Undefined variable: schedule_info E:\wamp2\www\lewo\lewo\Runtime\Cache\Home\81a17a9c5756f67421131a5fd2e58e89.php 第 121 行.
NOTIC: [8] Undefined variable: schedule_info E:\wamp2\www\lewo\lewo\Runtime\Cache\Home\81a17a9c5756f67421131a5fd2e58e89.php 第 130 行.
INFO: Run Behavior\ParseTemplateBehavior [ RunTime:0.062004s ]
INFO: [ view_parse ] --END-- [ RunTime:0.063004s ]
INFO: [ view_filter ] --START--
INFO: Run Behavior\WriteHtmlCacheBehavior [ RunTime:0.001000s ]
INFO: [ view_filter ] --END-- [ RunTime:0.002000s ]
INFO: [ app_end ] --START--
INFO: Run Behavior\ShowPageTraceBehavior [ RunTime:0.023002s ]
INFO: [ app_end ] --END-- [ RunTime:0.023002s ]

[ 2016-10-24T09:30:21+08:00 ] 127.0.0.1 /index.php/Home/Steward/checkin.html
INFO: [ app_init ] --START--
INFO: Run Behavior\BuildLiteBehavior [ RunTime:0.000000s ]
INFO: [ app_init ] --END-- [ RunTime:0.003000s ]
INFO: [ app_begin ] --START--
INFO: Run Behavior\ReadHtmlCacheBehavior [ RunTime:0.002000s ]
INFO: [ app_begin ] --END-- [ RunTime:0.004000s ]
SQL: SHOW COLUMNS FROM `lewo_room` [ RunTime:0.0090s ]
SQL: SELECT `house_code` FROM `lewo_room` WHERE `id` = 628 LIMIT 1   [ RunTime:0.0010s ]
SQL: SHOW COLUMNS FROM `lewo_houses` [ RunTime:0.0100s ]
SQL: SELECT `end_date` FROM `lewo_houses` WHERE `house_code` = 'CQ00049' LIMIT 1   [ RunTime:0.0010s ]
NOTIC: [2048] Declaration of Home\Model\ContractModel::add() should be compatible with Think\Model::add($data = '', $options = Array, $replace = false) E:\wamp2\www\lewo\lewo\Home\Model\ContractModel.class.php 第 140 行.
SQL: SHOW COLUMNS FROM `lewo_contract` [ RunTime:0.0100s ]
SQL: SHOW COLUMNS FROM `lewo_account` [ RunTime:0.0100s ]
SQL: SHOW COLUMNS FROM `lewo_contract` [ RunTime:0.0090s ]
SQL: SELECT * FROM `lewo_account` WHERE `mobile` = '13751507975' LIMIT 1   [ RunTime:0.0030s ]
SQL: SELECT * FROM `lewo_contract` WHERE `account_id` = 2065 AND `pay_status` = 0 AND `is_delete` = 0  [ RunTime:0.0040s ]
SQL: SHOW COLUMNS FROM `lewo_area` [ RunTime:0.0100s ]
SQL: SELECT `house_code` FROM `lewo_room` WHERE `id` = 628 LIMIT 1   [ RunTime:0.0010s ]
SQL: SELECT `area_id` FROM `lewo_houses` WHERE `house_code` = 'CQ00049' LIMIT 1   [ RunTime:0.0010s ]
SQL: SELECT `city_id` FROM `lewo_area` WHERE `id` = 36 LIMIT 1   [ RunTime:0.0010s ]
SQL: INSERT INTO `lewo_contract` (`order_no`,`account_id`,`room_id`,`deposit`,`book_deposit`,`period`,`pay_status`,`create_time`,`steward_id`,`rent_type`,`contract_status`,`start_time`,`end_time`,`rent_date`,`rent`,`fee`,`contact2`,`person_count`,`cotenant`,`roomD`,`total_fee`,`realname`,`city_id`,`pay_total`) VALUES ('201610242001010','2065','628','1800','0','1','0','2016-10-24 09:30:20','4','2_1','1','2016-10-24','2017-10-23','2016-11-23','900.00','90.00','123','1','a:3:{s:10:\"hzRealname\";s:0:\"\";s:8:\"hzMobile\";s:0:\"\";s:8:\"hzCardNo\";s:0:\"\";}','0','2790.00','kkk','2','2790.00') [ RunTime:0.1280s ]
INFO: [ view_parse ] --START--
INFO: [ template_filter ] --START--
INFO: Run Behavior\ContentReplaceBehavior [ RunTime:0.001000s ]
INFO: [ template_filter ] --END-- [ RunTime:0.001000s ]
INFO: Run Behavior\ParseTemplateBehavior [ RunTime:0.024001s ]
INFO: [ view_parse ] --END-- [ RunTime:0.025001s ]
INFO: [ view_filter ] --START--
INFO: Run Behavior\WriteHtmlCacheBehavior [ RunTime:0.002000s ]
INFO: [ view_filter ] --END-- [ RunTime:0.003000s ]
INFO: [ app_end ] --START--
INFO: Run Behavior\ShowPageTraceBehavior [ RunTime:0.002000s ]
INFO: [ app_end ] --END-- [ RunTime:0.004001s ]

[ 2016-10-24T09:30:22+08:00 ] 127.0.0.1 /index.php/Home/Steward/check_contract/id/3907.html
INFO: [ app_init ] --START--
INFO: Run Behavior\BuildLiteBehavior [ RunTime:0.000000s ]
INFO: [ app_init ] --END-- [ RunTime:0.003000s ]
INFO: [ app_begin ] --START--
INFO: Run Behavior\ReadHtmlCacheBehavior [ RunTime:0.003000s ]
INFO: [ app_begin ] --END-- [ RunTime:0.003000s ]
SQL: SHOW COLUMNS FROM `lewo_contract` [ RunTime:0.0140s ]
SQL: SELECT * FROM `lewo_contract` WHERE `id` = 3907 LIMIT 1   [ RunTime:0.0020s ]
INFO: [ view_parse ] --START--
INFO: [ template_filter ] --START--
INFO: Run Behavior\ContentReplaceBehavior [ RunTime:0.001000s ]
INFO: [ template_filter ] --END-- [ RunTime:0.002000s ]
NOTIC: [8] Undefined variable: area_name E:\wamp2\www\lewo\lewo\Runtime\Cache\Home\e67c633618d005adfd1f24ff91bfa169.php 第 87 行.
NOTIC: [8] Undefined variable: bill_info E:\wamp2\www\lewo\lewo\Runtime\Cache\Home\e67c633618d005adfd1f24ff91bfa169.php 第 87 行.
NOTIC: [8] Undefined variable: bill_info E:\wamp2\www\lewo\lewo\Runtime\Cache\Home\e67c633618d005adfd1f24ff91bfa169.php 第 299 行.
INFO: Run Behavior\ParseTemplateBehavior [ RunTime:0.139008s ]
INFO: [ view_parse ] --END-- [ RunTime:0.140008s ]
INFO: [ view_filter ] --START--
INFO: Run Behavior\WriteHtmlCacheBehavior [ RunTime:0.002000s ]
INFO: [ view_filter ] --END-- [ RunTime:0.003000s ]
INFO: [ app_end ] --START--
INFO: Run Behavior\ShowPageTraceBehavior [ RunTime:0.010001s ]
INFO: [ app_end ] --END-- [ RunTime:0.011001s ]

[ 2016-10-24T11:04:00+08:00 ] 127.0.0.1 /index.php/steward
INFO: [ app_init ] --START--
INFO: Run Behavior\BuildLiteBehavior [ RunTime:0.000000s ]
INFO: [ app_init ] --END-- [ RunTime:0.003001s ]
INFO: [ app_begin ] --START--
INFO: Run Behavior\ReadHtmlCacheBehavior [ RunTime:0.002000s ]
INFO: [ app_begin ] --END-- [ RunTime:0.004000s ]
SQL: SHOW COLUMNS FROM `lewo_schedule` [ RunTime:0.0100s ]
SQL: SELECT COUNT(*) AS tp_count FROM `lewo_schedule` WHERE `schedule_type` = 1 AND `is_finish` = 0 AND `steward_id` = 4 AND `admin_type` = 1 LIMIT 1   [ RunTime:0.0020s ]
SQL: SELECT COUNT(*) AS tp_count FROM `lewo_schedule` WHERE `schedule_type` = 2 AND `is_finish` = 0 AND `steward_id` = 4 AND `admin_type` = 1 LIMIT 1   [ RunTime:0.0010s ]
SQL: SELECT COUNT(*) AS tp_count FROM `lewo_schedule` WHERE `schedule_type` = 3 AND `is_finish` = 0 AND `steward_id` = 4 AND `admin_type` = 1 LIMIT 1   [ RunTime:0.0010s ]
SQL: SHOW COLUMNS FROM `lewo_contract` [ RunTime:0.0120s ]
SQL: SELECT SUM(rent) AS tp_sum FROM `lewo_contract` WHERE `start_time` = '2016-10-24' LIMIT 1   [ RunTime:0.0040s ]
SQL: SELECT SUM(fee) AS tp_sum FROM `lewo_contract` WHERE `start_time` = '2016-10-24' LIMIT 1   [ RunTime:0.0050s ]
SQL: SELECT SUM(deposit) AS tp_sum FROM `lewo_contract` WHERE `start_time` = '2016-10-24' LIMIT 1   [ RunTime:0.0040s ]
SQL: SELECT SUM(rent) AS tp_sum FROM `lewo_contract` WHERE `start_time` = '2016-10-23' LIMIT 1   [ RunTime:0.0040s ]
SQL: SELECT SUM(fee) AS tp_sum FROM `lewo_contract` WHERE `start_time` = '2016-10-23' LIMIT 1   [ RunTime:0.0040s ]
SQL: SELECT SUM(deposit) AS tp_sum FROM `lewo_contract` WHERE `start_time` = '2016-10-23' LIMIT 1   [ RunTime:0.0060s ]
SQL: SELECT COUNT(*) AS tp_count FROM `lewo_contract` WHERE `start_time` = '2016-10-24' LIMIT 1   [ RunTime:0.0050s ]
SQL: SHOW COLUMNS FROM `lewo_schedule` [ RunTime:0.0110s ]
SQL: SELECT SUM(money) AS tp_sum FROM `lewo_schedule` WHERE `create_date` = '2016-10-24' AND `schedule_type` = 4 LIMIT 1   [ RunTime:0.0010s ]
SQL: SHOW COLUMNS FROM `lewo_room` [ RunTime:0.0130s ]
SQL: SELECT COUNT(*) AS tp_count FROM `lewo_room` WHERE `room_type` = 1 AND `is_show` = 1 LIMIT 1   [ RunTime:0.0030s ]
SQL: SELECT COUNT(*) AS tp_count FROM `lewo_room` WHERE `status` = 0 AND `room_type` = 1 AND `is_show` = 1 LIMIT 1   [ RunTime:0.0020s ]
SQL: SELECT COUNT(*) AS tp_count FROM `lewo_room` WHERE `room_type` = 2 AND `is_show` = 1 LIMIT 1   [ RunTime:0.0020s ]
SQL: SELECT COUNT(*) AS tp_count FROM `lewo_room` WHERE `status` = 0 AND `room_type` = 2 AND `is_show` = 1 LIMIT 1   [ RunTime:0.0030s ]
SQL: SHOW COLUMNS FROM `lewo_admin_user` [ RunTime:0.0120s ]
SQL: SELECT * FROM `lewo_admin_user` WHERE `id` = 4 LIMIT 1   [ RunTime:0.0020s ]
INFO: [ view_parse ] --START--
INFO: [ template_filter ] --START--
INFO: Run Behavior\ContentReplaceBehavior [ RunTime:0.000000s ]
INFO: [ template_filter ] --END-- [ RunTime:0.002000s ]
INFO: Run Behavior\ParseTemplateBehavior [ RunTime:0.042003s ]
INFO: [ view_parse ] --END-- [ RunTime:0.043003s ]
INFO: [ view_filter ] --START--
INFO: Run Behavior\WriteHtmlCacheBehavior [ RunTime:0.001000s ]
INFO: [ view_filter ] --END-- [ RunTime:0.002000s ]
INFO: [ app_end ] --START--
INFO: Run Behavior\ShowPageTraceBehavior [ RunTime:0.002000s ]
INFO: [ app_end ] --END-- [ RunTime:0.002000s ]

[ 2016-10-24T11:04:04+08:00 ] 127.0.0.1 /index.php/Home/Steward/houses.html
INFO: [ app_init ] --START--
INFO: Run Behavior\BuildLiteBehavior [ RunTime:0.000000s ]
INFO: [ app_init ] --END-- [ RunTime:0.003000s ]
INFO: [ app_begin ] --START--
INFO: Run Behavior\ReadHtmlCacheBehavior [ RunTime:0.002001s ]
INFO: [ app_begin ] --END-- [ RunTime:0.003001s ]
SQL: SHOW COLUMNS FROM `lewo_houses` [ RunTime:0.0130s ]
SQL: SHOW COLUMNS FROM `lewo_room` [ RunTime:0.0120s ]
SQL: SHOW COLUMNS FROM `lewo_area` [ RunTime:0.0120s ]
SQL: SELECT `id`,`area_id`,`steward_id`,`house_code`,`type`,`building`,`floor`,`door_no` FROM `lewo_houses` WHERE `steward_id` = 4 ORDER BY area_id desc, building desc,floor desc,door_no desc  [ RunTime:0.0020s ]
SQL: SELECT COUNT(*) AS tp_count FROM `lewo_room` WHERE `house_code` = 'CQ00049' AND `is_show` = 1 LIMIT 1   [ RunTime:0.0050s ]
SQL: SELECT COUNT(*) AS tp_count FROM `lewo_room` WHERE `house_code` = 'CQ00049' AND `is_show` = 1 AND `status` = 2 LIMIT 1   [ RunTime:0.0030s ]
SQL: SELECT `area_name` FROM `lewo_area` WHERE `id` = 36 LIMIT 1   [ RunTime:0.0010s ]
SQL: SELECT lewo_room.id,lewo_room.account_id,lewo_room.room_code,lewo_room.room_nickname,lewo_room.room_sort,lewo_room.room_type,lewo_room.bed_code,lewo_room.status,lewo_room.is_show,lewo_account.realname,lewo_account.sex FROM `lewo_room` left JOIN lewo_account ON lewo_room.account_id=lewo_account.id  WHERE `house_code` = 'CQ00049' AND `is_show` = 1 ORDER BY room_sort asc  [ RunTime:0.0030s ]
INFO: [ view_parse ] --START--
INFO: [ template_filter ] --START--
INFO: Run Behavior\ContentReplaceBehavior [ RunTime:0.000000s ]
INFO: [ template_filter ] --END-- [ RunTime:0.002000s ]
INFO: Run Behavior\ParseTemplateBehavior [ RunTime:0.068004s ]
INFO: [ view_parse ] --END-- [ RunTime:0.068004s ]
INFO: [ view_filter ] --START--
INFO: Run Behavior\WriteHtmlCacheBehavior [ RunTime:0.001000s ]
INFO: [ view_filter ] --END-- [ RunTime:0.001000s ]
INFO: [ view_parse ] --START--
INFO: [ template_filter ] --START--
INFO: Run Behavior\ContentReplaceBehavior [ RunTime:0.001000s ]
INFO: [ template_filter ] --END-- [ RunTime:-0.031002s ]
INFO: Run Behavior\ParseTemplateBehavior [ RunTime:0.017001s ]
INFO: [ view_parse ] --END-- [ RunTime:-0.004000s ]
INFO: [ view_filter ] --START--
INFO: Run Behavior\WriteHtmlCacheBehavior [ RunTime:0.000000s ]
INFO: [ view_filter ] --END-- [ RunTime:-0.020001s ]
NOTIC: [2] Cannot modify header information - headers already sent by (output started at E:\wamp2\www\lewo\ThinkPHP\Library\Think\View.class.php:95) E:\wamp2\www\lewo\ThinkPHP\Library\Think\View.class.php 第 91 行.
NOTIC: [2] Cannot modify header information - headers already sent by (output started at E:\wamp2\www\lewo\ThinkPHP\Library\Think\View.class.php:95) E:\wamp2\www\lewo\ThinkPHP\Library\Think\View.class.php 第 92 行.
NOTIC: [2] Cannot modify header information - headers already sent by (output started at E:\wamp2\www\lewo\ThinkPHP\Library\Think\View.class.php:95) E:\wamp2\www\lewo\ThinkPHP\Library\Think\View.class.php 第 93 行.
INFO: [ app_end ] --START--
INFO: Run Behavior\ShowPageTraceBehavior [ RunTime:0.002000s ]
INFO: [ app_end ] --END-- [ RunTime:0.002000s ]

[ 2016-10-24T11:04:09+08:00 ] 127.0.0.1 /index.php/Home/Steward/roominfo/id/628.html
INFO: [ app_init ] --START--
INFO: Run Behavior\BuildLiteBehavior [ RunTime:0.000000s ]
INFO: [ app_init ] --END-- [ RunTime:0.003000s ]
INFO: [ app_begin ] --START--
INFO: Run Behavior\ReadHtmlCacheBehavior [ RunTime:0.002000s ]
INFO: [ app_begin ] --END-- [ RunTime:0.005000s ]
SQL: SHOW COLUMNS FROM `lewo_houses` [ RunTime:0.0140s ]
SQL: SHOW COLUMNS FROM `lewo_room` [ RunTime:0.0140s ]
SQL: SHOW COLUMNS FROM `lewo_houses` [ RunTime:0.0300s ]
SQL: SHOW COLUMNS FROM `lewo_admin_user` [ RunTime:0.0180s ]
SQL: SELECT * FROM `lewo_room` WHERE `id` = 628 LIMIT 1   [ RunTime:0.0030s ]
SQL: SELECT `area_id`,`address`,`floor`,`door_no`,`building`,`steward_id` FROM `lewo_houses` WHERE `house_code` = 'CQ00049' LIMIT 1   [ RunTime:0.0020s ]
SQL: SELECT `id`,`username`,`nickname`,`mobile` FROM `lewo_admin_user` WHERE `id` = 4 LIMIT 1   [ RunTime:0.0010s ]
SQL: SHOW COLUMNS FROM `lewo_area` [ RunTime:0.0130s ]
SQL: SELECT `area_name` FROM `lewo_area` WHERE `id` = 36 LIMIT 1   [ RunTime:0.0010s ]
SQL: SELECT `id`,`house_code`,`room_code`,`room_sort`,`room_area`,`room_parameter`,`rent`,`room_fee`,`status`,`room_images_01`,`room_images_02`,`room_images_03`,`room_images_04` FROM `lewo_room` WHERE `house_code` = 'CQ00049' AND `id` NOT IN ('628') AND `status` = 0 AND `is_show` = 1  [ RunTime:0.0030s ]
INFO: [ view_parse ] --START--
INFO: [ template_filter ] --START--
INFO: Run Behavior\ContentReplaceBehavior [ RunTime:0.001000s ]
INFO: [ template_filter ] --END-- [ RunTime:0.002001s ]
NOTIC: [8] Undefined index: room_images E:\wamp2\www\lewo\lewo\Runtime\Cache\Home\50aa9fee479283f114a3cae7d74e4fb3.php 第 56 行.
NOTIC: [8] Undefined index: room_images E:\wamp2\www\lewo\lewo\Runtime\Cache\Home\50aa9fee479283f114a3cae7d74e4fb3.php 第 60 行.
INFO: Run Behavior\ParseTemplateBehavior [ RunTime:0.073005s ]
INFO: [ view_parse ] --END-- [ RunTime:0.076005s ]
INFO: [ view_filter ] --START--
INFO: Run Behavior\WriteHtmlCacheBehavior [ RunTime:0.000000s ]
INFO: [ view_filter ] --END-- [ RunTime:0.002000s ]
INFO: [ app_end ] --START--
INFO: Run Behavior\ShowPageTraceBehavior [ RunTime:0.001000s ]
INFO: [ app_end ] --END-- [ RunTime:0.003000s ]

[ 2016-10-24T11:04:15+08:00 ] 127.0.0.1 /index.php/Home/Steward/checkin/id/628.html
INFO: [ app_init ] --START--
INFO: Run Behavior\BuildLiteBehavior [ RunTime:0.000000s ]
INFO: [ app_init ] --END-- [ RunTime:0.003001s ]
INFO: [ app_begin ] --START--
INFO: Run Behavior\ReadHtmlCacheBehavior [ RunTime:0.002000s ]
INFO: [ app_begin ] --END-- [ RunTime:0.003000s ]
SQL: SHOW COLUMNS FROM `lewo_houses` [ RunTime:0.0130s ]
SQL: SHOW COLUMNS FROM `lewo_room` [ RunTime:0.0120s ]
SQL: SHOW COLUMNS FROM `lewo_houses` [ RunTime:0.0120s ]
SQL: SHOW COLUMNS FROM `lewo_admin_user` [ RunTime:0.0100s ]
SQL: SELECT * FROM `lewo_room` WHERE `id` = 628 LIMIT 1   [ RunTime:0.0010s ]
SQL: SELECT `area_id`,`address`,`floor`,`door_no`,`building`,`steward_id` FROM `lewo_houses` WHERE `house_code` = 'CQ00049' LIMIT 1   [ RunTime:0.0010s ]
SQL: SELECT `id`,`username`,`nickname`,`mobile` FROM `lewo_admin_user` WHERE `id` = 4 LIMIT 1   [ RunTime:0.0010s ]
SQL: SHOW COLUMNS FROM `lewo_area` [ RunTime:0.0120s ]
SQL: SELECT `area_name` FROM `lewo_area` WHERE `id` = 36 LIMIT 1   [ RunTime:0.0010s ]
INFO: [ view_parse ] --START--
INFO: [ template_filter ] --START--
INFO: Run Behavior\ContentReplaceBehavior [ RunTime:0.001001s ]
INFO: [ template_filter ] --END-- [ RunTime:0.001001s ]
NOTIC: [8] Undefined variable: account_id E:\wamp2\www\lewo\lewo\Runtime\Cache\Home\81a17a9c5756f67421131a5fd2e58e89.php 第 85 行.
NOTIC: [8] Undefined variable: schedule_info E:\wamp2\www\lewo\lewo\Runtime\Cache\Home\81a17a9c5756f67421131a5fd2e58e89.php 第 94 行.
NOTIC: [8] Undefined variable: schedule_info E:\wamp2\www\lewo\lewo\Runtime\Cache\Home\81a17a9c5756f67421131a5fd2e58e89.php 第 103 行.
NOTIC: [8] Undefined variable: schedule_info E:\wamp2\www\lewo\lewo\Runtime\Cache\Home\81a17a9c5756f67421131a5fd2e58e89.php 第 112 行.
NOTIC: [8] Undefined variable: schedule_info E:\wamp2\www\lewo\lewo\Runtime\Cache\Home\81a17a9c5756f67421131a5fd2e58e89.php 第 121 行.
NOTIC: [8] Undefined variable: schedule_info E:\wamp2\www\lewo\lewo\Runtime\Cache\Home\81a17a9c5756f67421131a5fd2e58e89.php 第 130 行.
INFO: Run Behavior\ParseTemplateBehavior [ RunTime:0.046002s ]
INFO: [ view_parse ] --END-- [ RunTime:0.047002s ]
INFO: [ view_filter ] --START--
INFO: Run Behavior\WriteHtmlCacheBehavior [ RunTime:0.002000s ]
INFO: [ view_filter ] --END-- [ RunTime:0.003000s ]
INFO: [ app_end ] --START--
INFO: Run Behavior\ShowPageTraceBehavior [ RunTime:0.002000s ]
INFO: [ app_end ] --END-- [ RunTime:0.004001s ]

[ 2016-10-24T11:11:49+08:00 ] 127.0.0.1 /index.php/Home/Steward/checkin/id/628.html
INFO: [ app_init ] --START--
INFO: Run Behavior\BuildLiteBehavior [ RunTime:0.000000s ]
INFO: [ app_init ] --END-- [ RunTime:0.003000s ]
INFO: [ app_begin ] --START--
INFO: Run Behavior\ReadHtmlCacheBehavior [ RunTime:0.003000s ]
INFO: [ app_begin ] --END-- [ RunTime:0.004000s ]
SQL: SHOW COLUMNS FROM `lewo_houses` [ RunTime:0.0180s ]
SQL: SHOW COLUMNS FROM `lewo_room` [ RunTime:0.0140s ]
SQL: SHOW COLUMNS FROM `lewo_houses` [ RunTime:0.0130s ]
SQL: SHOW COLUMNS FROM `lewo_admin_user` [ RunTime:0.0120s ]
SQL: SELECT * FROM `lewo_room` WHERE `id` = 628 LIMIT 1   [ RunTime:0.0020s ]
SQL: SELECT `area_id`,`address`,`floor`,`door_no`,`building`,`steward_id` FROM `lewo_houses` WHERE `house_code` = 'CQ00049' LIMIT 1   [ RunTime:0.0020s ]
SQL: SELECT `id`,`username`,`nickname`,`mobile` FROM `lewo_admin_user` WHERE `id` = 4 LIMIT 1   [ RunTime:0.0010s ]
SQL: SHOW COLUMNS FROM `lewo_area` [ RunTime:0.0110s ]
SQL: SELECT `area_name` FROM `lewo_area` WHERE `id` = 36 LIMIT 1   [ RunTime:0.0020s ]
INFO: [ view_parse ] --START--
INFO: [ template_filter ] --START--
INFO: Run Behavior\ContentReplaceBehavior [ RunTime:0.001000s ]
INFO: [ template_filter ] --END-- [ RunTime:0.001000s ]
NOTIC: [8] Undefined variable: account_id E:\wamp2\www\lewo\lewo\Runtime\Cache\Home\81a17a9c5756f67421131a5fd2e58e89.php 第 85 行.
NOTIC: [8] Undefined variable: schedule_info E:\wamp2\www\lewo\lewo\Runtime\Cache\Home\81a17a9c5756f67421131a5fd2e58e89.php 第 94 行.
NOTIC: [8] Undefined variable: schedule_info E:\wamp2\www\lewo\lewo\Runtime\Cache\Home\81a17a9c5756f67421131a5fd2e58e89.php 第 103 行.
NOTIC: [8] Undefined variable: schedule_info E:\wamp2\www\lewo\lewo\Runtime\Cache\Home\81a17a9c5756f67421131a5fd2e58e89.php 第 112 行.
NOTIC: [8] Undefined variable: schedule_info E:\wamp2\www\lewo\lewo\Runtime\Cache\Home\81a17a9c5756f67421131a5fd2e58e89.php 第 121 行.
NOTIC: [8] Undefined variable: schedule_info E:\wamp2\www\lewo\lewo\Runtime\Cache\Home\81a17a9c5756f67421131a5fd2e58e89.php 第 130 行.
INFO: Run Behavior\ParseTemplateBehavior [ RunTime:0.044003s ]
INFO: [ view_parse ] --END-- [ RunTime:0.045003s ]
INFO: [ view_filter ] --START--
INFO: Run Behavior\WriteHtmlCacheBehavior [ RunTime:0.001000s ]
INFO: [ view_filter ] --END-- [ RunTime:0.003000s ]
INFO: [ app_end ] --START--
INFO: Run Behavior\ShowPageTraceBehavior [ RunTime:0.004000s ]
INFO: [ app_end ] --END-- [ RunTime:0.011001s ]

[ 2016-10-24T11:24:46+08:00 ] 127.0.0.1 /index.php/Home/Steward/checkin.html
INFO: [ app_init ] --START--
INFO: Run Behavior\BuildLiteBehavior [ RunTime:0.000000s ]
INFO: [ app_init ] --END-- [ RunTime:0.002000s ]
INFO: [ app_begin ] --START--
INFO: Run Behavior\ReadHtmlCacheBehavior [ RunTime:0.002000s ]
INFO: [ app_begin ] --END-- [ RunTime:0.002000s ]
SQL: SHOW COLUMNS FROM `lewo_room` [ RunTime:0.0100s ]
SQL: SELECT `house_code` FROM `lewo_room` WHERE `id` = 628 LIMIT 1   [ RunTime:0.0010s ]
SQL: SHOW COLUMNS FROM `lewo_houses` [ RunTime:0.0100s ]
SQL: SELECT `end_date` FROM `lewo_houses` WHERE `house_code` = 'CQ00049' LIMIT 1   [ RunTime:0.0010s ]
NOTIC: [2] call_user_func() expects parameter 1 to be a valid callback, no array or string given E:\wamp2\www\lewo\ThinkPHP\Library\Think\Upload.class.php 第 170 行.

[ 2016-10-24T11:26:18+08:00 ] 127.0.0.1 /index.php/Home/Steward/checkin.html
INFO: [ app_init ] --START--
INFO: Run Behavior\BuildLiteBehavior [ RunTime:0.001000s ]
INFO: [ app_init ] --END-- [ RunTime:0.006001s ]
INFO: [ app_begin ] --START--
INFO: Run Behavior\ReadHtmlCacheBehavior [ RunTime:0.004001s ]
INFO: [ app_begin ] --END-- [ RunTime:0.005001s ]
SQL: SHOW COLUMNS FROM `lewo_room` [ RunTime:0.0120s ]
SQL: SELECT `house_code` FROM `lewo_room` WHERE `id` = 628 LIMIT 1   [ RunTime:0.0010s ]
SQL: SHOW COLUMNS FROM `lewo_houses` [ RunTime:0.0120s ]
SQL: SELECT `end_date` FROM `lewo_houses` WHERE `house_code` = 'CQ00049' LIMIT 1   [ RunTime:0.0010s ]
NOTIC: [2] call_user_func() expects parameter 1 to be a valid callback, no array or string given E:\wamp2\www\lewo\ThinkPHP\Library\Think\Upload.class.php 第 170 行.
NOTIC: [2048] Declaration of Home\Model\ContractModel::add() should be compatible with Think\Model::add($data = '', $options = Array, $replace = false) E:\wamp2\www\lewo\lewo\Home\Model\ContractModel.class.php 第 140 行.
SQL: SHOW COLUMNS FROM `lewo_contract` [ RunTime:0.0120s ]

[ 2016-10-24T11:26:24+08:00 ] 127.0.0.1 /index.php/Home/Steward/checkin.html
INFO: [ app_init ] --START--
INFO: Run Behavior\BuildLiteBehavior [ RunTime:0.000000s ]
INFO: [ app_init ] --END-- [ RunTime:0.008000s ]
INFO: [ app_begin ] --START--
INFO: Run Behavior\ReadHtmlCacheBehavior [ RunTime:0.008001s ]
INFO: [ app_begin ] --END-- [ RunTime:0.010001s ]
SQL: SHOW COLUMNS FROM `lewo_room` [ RunTime:0.0150s ]
SQL: SELECT `house_code` FROM `lewo_room` WHERE `id` = 628 LIMIT 1   [ RunTime:0.0010s ]
SQL: SHOW COLUMNS FROM `lewo_houses` [ RunTime:0.0140s ]
SQL: SELECT `end_date` FROM `lewo_houses` WHERE `house_code` = 'CQ00049' LIMIT 1   [ RunTime:0.0010s ]
NOTIC: [2] call_user_func() expects parameter 1 to be a valid callback, no array or string given E:\wamp2\www\lewo\ThinkPHP\Library\Think\Upload.class.php 第 170 行.
NOTIC: [2048] Declaration of Home\Model\ContractModel::add() should be compatible with Think\Model::add($data = '', $options = Array, $replace = false) E:\wamp2\www\lewo\lewo\Home\Model\ContractModel.class.php 第 140 行.
SQL: SHOW COLUMNS FROM `lewo_contract` [ RunTime:0.0120s ]

[ 2016-10-24T11:27:07+08:00 ] 127.0.0.1 /index.php/Home/Steward/checkin.html
INFO: [ app_init ] --START--
INFO: Run Behavior\BuildLiteBehavior [ RunTime:0.000000s ]
INFO: [ app_init ] --END-- [ RunTime:0.004001s ]
INFO: [ app_begin ] --START--
INFO: Run Behavior\ReadHtmlCacheBehavior [ RunTime:0.004000s ]
INFO: [ app_begin ] --END-- [ RunTime:0.004000s ]
SQL: SHOW COLUMNS FROM `lewo_room` [ RunTime:0.0130s ]
SQL: SELECT `house_code` FROM `lewo_room` WHERE `id` = 628 LIMIT 1   [ RunTime:0.0010s ]
SQL: SHOW COLUMNS FROM `lewo_houses` [ RunTime:0.0090s ]
SQL: SELECT `end_date` FROM `lewo_houses` WHERE `house_code` = 'CQ00049' LIMIT 1   [ RunTime:0.0010s ]
NOTIC: [2] call_user_func() expects parameter 1 to be a valid callback, no array or string given E:\wamp2\www\lewo\ThinkPHP\Library\Think\Upload.class.php 第 170 行.
NOTIC: [2048] Declaration of Home\Model\ContractModel::add() should be compatible with Think\Model::add($data = '', $options = Array, $replace = false) E:\wamp2\www\lewo\lewo\Home\Model\ContractModel.class.php 第 140 行.
SQL: SHOW COLUMNS FROM `lewo_contract` [ RunTime:0.0100s ]

[ 2016-10-24T11:27:22+08:00 ] 127.0.0.1 /index.php/Home/Steward/checkin.html
INFO: [ app_init ] --START--
INFO: Run Behavior\BuildLiteBehavior [ RunTime:0.000000s ]
INFO: [ app_init ] --END-- [ RunTime:0.004000s ]
INFO: [ app_begin ] --START--
INFO: Run Behavior\ReadHtmlCacheBehavior [ RunTime:0.004001s ]
INFO: [ app_begin ] --END-- [ RunTime:0.011001s ]
SQL: SHOW COLUMNS FROM `lewo_room` [ RunTime:0.0190s ]
SQL: SELECT `house_code` FROM `lewo_room` WHERE `id` = 628 LIMIT 1   [ RunTime:0.0020s ]
SQL: SHOW COLUMNS FROM `lewo_houses` [ RunTime:0.0170s ]
SQL: SELECT `end_date` FROM `lewo_houses` WHERE `house_code` = 'CQ00049' LIMIT 1   [ RunTime:0.0010s ]
NOTIC: [2] call_user_func() expects parameter 1 to be a valid callback, no array or string given E:\wamp2\www\lewo\ThinkPHP\Library\Think\Upload.class.php 第 170 行.
NOTIC: [2048] Declaration of Home\Model\ContractModel::add() should be compatible with Think\Model::add($data = '', $options = Array, $replace = false) E:\wamp2\www\lewo\lewo\Home\Model\ContractModel.class.php 第 140 行.
SQL: SHOW COLUMNS FROM `lewo_contract` [ RunTime:0.0140s ]

[ 2016-10-24T11:37:00+08:00 ] 127.0.0.1 /index.php/Home/Steward/checkin.html
INFO: [ app_init ] --START--
INFO: Run Behavior\BuildLiteBehavior [ RunTime:0.001000s ]
INFO: [ app_init ] --END-- [ RunTime:0.002000s ]
INFO: [ app_begin ] --START--
INFO: Run Behavior\ReadHtmlCacheBehavior [ RunTime:0.010001s ]
INFO: [ app_begin ] --END-- [ RunTime:0.010001s ]
SQL: SHOW COLUMNS FROM `lewo_room` [ RunTime:0.0100s ]
SQL: SELECT `house_code` FROM `lewo_room` WHERE `id` = 628 LIMIT 1   [ RunTime:0.0010s ]
SQL: SHOW COLUMNS FROM `lewo_houses` [ RunTime:0.0110s ]
SQL: SELECT `end_date` FROM `lewo_houses` WHERE `house_code` = 'CQ00049' LIMIT 1   [ RunTime:0.0010s ]
NOTIC: [2] call_user_func() expects parameter 1 to be a valid callback, no array or string given E:\wamp2\www\lewo\ThinkPHP\Library\Think\Upload.class.php 第 170 行.
NOTIC: [2048] Declaration of Home\Model\ContractModel::add() should be compatible with Think\Model::add($data = '', $options = Array, $replace = false) E:\wamp2\www\lewo\lewo\Home\Model\ContractModel.class.php 第 140 行.
SQL: SHOW COLUMNS FROM `lewo_contract` [ RunTime:0.0090s ]
SQL: SHOW COLUMNS FROM `lewo_account` [ RunTime:0.0090s ]
SQL: SHOW COLUMNS FROM `lewo_contract` [ RunTime:0.0100s ]
SQL: SELECT * FROM `lewo_account` WHERE `mobile` = '13751507973' LIMIT 1   [ RunTime:0.0010s ]
SQL: SELECT * FROM `lewo_contract` WHERE `account_id` = 27 AND `pay_status` = 0 AND `is_delete` = 0  [ RunTime:0.0040s ]
INFO: [ view_parse ] --START--
INFO: [ template_filter ] --START--
INFO: Run Behavior\ContentReplaceBehavior [ RunTime:0.001000s ]
INFO: [ template_filter ] --END-- [ RunTime:0.001000s ]
INFO: Run Behavior\ParseTemplateBehavior [ RunTime:0.023001s ]
INFO: [ view_parse ] --END-- [ RunTime:0.023001s ]
INFO: [ view_filter ] --START--
INFO: Run Behavior\WriteHtmlCacheBehavior [ RunTime:0.002000s ]
INFO: [ view_filter ] --END-- [ RunTime:0.002000s ]

[ 2016-10-24T11:37:20+08:00 ] 127.0.0.1 /index.php/Home/Steward/checkin.html
INFO: [ app_init ] --START--
INFO: Run Behavior\BuildLiteBehavior [ RunTime:0.000000s ]
INFO: [ app_init ] --END-- [ RunTime:0.002000s ]
INFO: [ app_begin ] --START--
INFO: Run Behavior\ReadHtmlCacheBehavior [ RunTime:0.002000s ]
INFO: [ app_begin ] --END-- [ RunTime:0.003000s ]
SQL: SHOW COLUMNS FROM `lewo_room` [ RunTime:0.0120s ]
SQL: SELECT `house_code` FROM `lewo_room` WHERE `id` = 628 LIMIT 1   [ RunTime:0.0000s ]
SQL: SHOW COLUMNS FROM `lewo_houses` [ RunTime:0.0110s ]
SQL: SELECT `end_date` FROM `lewo_houses` WHERE `house_code` = 'CQ00049' LIMIT 1   [ RunTime:0.0010s ]
NOTIC: [2] call_user_func() expects parameter 1 to be a valid callback, no array or string given E:\wamp2\www\lewo\ThinkPHP\Library\Think\Upload.class.php 第 170 行.
NOTIC: [2048] Declaration of Home\Model\ContractModel::add() should be compatible with Think\Model::add($data = '', $options = Array, $replace = false) E:\wamp2\www\lewo\lewo\Home\Model\ContractModel.class.php 第 140 行.
SQL: SHOW COLUMNS FROM `lewo_contract` [ RunTime:0.0140s ]
SQL: SHOW COLUMNS FROM `lewo_account` [ RunTime:0.0130s ]
SQL: SHOW COLUMNS FROM `lewo_contract` [ RunTime:0.0170s ]
SQL: SELECT * FROM `lewo_account` WHERE `mobile` = '13751507974' LIMIT 1   [ RunTime:0.0050s ]
SQL: INSERT INTO `lewo_account` (`realname`,`password`,`mobile`,`contact2`,`card_no`,`email`,`register_time`) VALUES ('谭志锋','e10adc3949ba59abbe56e057f20f883e','13751507974','123','440682109923129','136229626@qq.com','2016-10-24 11:37:20') [ RunTime:0.0020s ]
SQL: SELECT * FROM `lewo_contract` WHERE `account_id` = 2213 AND `pay_status` = 0 AND `is_delete` = 0  [ RunTime:0.0060s ]
SQL: SHOW COLUMNS FROM `lewo_area` [ RunTime:0.0130s ]
SQL: SELECT `house_code` FROM `lewo_room` WHERE `id` = 628 LIMIT 1   [ RunTime:0.0020s ]
SQL: SELECT `area_id` FROM `lewo_houses` WHERE `house_code` = 'CQ00049' LIMIT 1   [ RunTime:0.0030s ]
SQL: SELECT `city_id` FROM `lewo_area` WHERE `id` = 36 LIMIT 1   [ RunTime:0.0020s ]
SQL: INSERT INTO `lewo_contract` (`order_no`,`account_id`,`room_id`,`deposit`,`book_deposit`,`period`,`pay_status`,`create_time`,`steward_id`,`rent_type`,`contract_status`,`start_time`,`end_time`,`rent_date`,`rent`,`fee`,`contact2`,`person_count`,`cotenant`,`roomD`,`total_fee`,`realname`,`photo`,`city_id`,`pay_total`) VALUES ('201610242048840','2213','628','1800','0','1','0','2016-10-24 11:37:20','4','2_1','1','2016-10-24','2016-10-24','2016-11-24','900.00','90.00','123','1','a:3:{s:10:\"hzRealname\";s:0:\"\";s:8:\"hzMobile\";s:0:\"\";s:8:\"hzCardNo\";s:0:\"\";}','0','2790.00','谭志锋','2016-10-24/580d81f089c86.jpg','2','2790.00') [ RunTime:0.0020s ]
INFO: [ view_parse ] --START--
INFO: [ template_filter ] --START--
INFO: Run Behavior\ContentReplaceBehavior [ RunTime:0.000000s ]
INFO: [ template_filter ] --END-- [ RunTime:0.002000s ]
INFO: Run Behavior\ParseTemplateBehavior [ RunTime:0.029002s ]
INFO: [ view_parse ] --END-- [ RunTime:0.029002s ]
INFO: [ view_filter ] --START--
INFO: Run Behavior\WriteHtmlCacheBehavior [ RunTime:0.003000s ]
INFO: [ view_filter ] --END-- [ RunTime:0.003000s ]
INFO: [ app_end ] --START--
INFO: Run Behavior\ShowPageTraceBehavior [ RunTime:0.003000s ]
INFO: [ app_end ] --END-- [ RunTime:0.003000s ]

[ 2016-10-24T11:37:22+08:00 ] 127.0.0.1 /index.php/Home/Steward/check_contract/id/3908.html
INFO: [ app_init ] --START--
INFO: Run Behavior\BuildLiteBehavior [ RunTime:0.000000s ]
INFO: [ app_init ] --END-- [ RunTime:0.002000s ]
INFO: [ app_begin ] --START--
INFO: Run Behavior\ReadHtmlCacheBehavior [ RunTime:0.003000s ]
INFO: [ app_begin ] --END-- [ RunTime:0.003000s ]
SQL: SHOW COLUMNS FROM `lewo_contract` [ RunTime:0.0110s ]
SQL: SELECT * FROM `lewo_contract` WHERE `id` = 3908 LIMIT 1   [ RunTime:0.0030s ]
INFO: [ view_parse ] --START--
INFO: [ template_filter ] --START--
INFO: Run Behavior\ContentReplaceBehavior [ RunTime:0.000000s ]
INFO: [ template_filter ] --END-- [ RunTime:0.002000s ]
NOTIC: [8] Undefined variable: area_name E:\wamp2\www\lewo\lewo\Runtime\Cache\Home\e67c633618d005adfd1f24ff91bfa169.php 第 87 行.
NOTIC: [8] Undefined variable: bill_info E:\wamp2\www\lewo\lewo\Runtime\Cache\Home\e67c633618d005adfd1f24ff91bfa169.php 第 87 行.
NOTIC: [8] Undefined variable: bill_info E:\wamp2\www\lewo\lewo\Runtime\Cache\Home\e67c633618d005adfd1f24ff91bfa169.php 第 299 行.
INFO: Run Behavior\ParseTemplateBehavior [ RunTime:0.055003s ]
INFO: [ view_parse ] --END-- [ RunTime:0.057003s ]
INFO: [ view_filter ] --START--
INFO: Run Behavior\WriteHtmlCacheBehavior [ RunTime:0.004000s ]
INFO: [ view_filter ] --END-- [ RunTime:0.005000s ]
INFO: [ app_end ] --START--
INFO: Run Behavior\ShowPageTraceBehavior [ RunTime:0.004000s ]
INFO: [ app_end ] --END-- [ RunTime:0.010000s ]

[ 2016-10-24T12:02:25+08:00 ] 127.0.0.1 /index.php/Home/Steward/checkin.html
INFO: [ app_init ] --START--
INFO: Run Behavior\BuildLiteBehavior [ RunTime:0.000000s ]
INFO: [ app_init ] --END-- [ RunTime:0.002000s ]
INFO: [ app_begin ] --START--
INFO: Run Behavior\ReadHtmlCacheBehavior [ RunTime:0.012001s ]
INFO: [ app_begin ] --END-- [ RunTime:0.013001s ]
SQL: SHOW COLUMNS FROM `lewo_room` [ RunTime:0.0100s ]
SQL: SELECT `house_code` FROM `lewo_room` WHERE `id` = 628 LIMIT 1   [ RunTime:0.0010s ]
SQL: SHOW COLUMNS FROM `lewo_houses` [ RunTime:0.0120s ]
SQL: SELECT `end_date` FROM `lewo_houses` WHERE `house_code` = 'CQ00049' LIMIT 1   [ RunTime:0.0010s ]
NOTIC: [2] call_user_func() expects parameter 1 to be a valid callback, no array or string given E:\wamp2\www\lewo\ThinkPHP\Library\Think\Upload.class.php 第 170 行.

[ 2016-10-24T12:02:48+08:00 ] 127.0.0.1 /index.php/Home/Steward/checkin.html
INFO: [ app_init ] --START--
INFO: Run Behavior\BuildLiteBehavior [ RunTime:0.001000s ]
INFO: [ app_init ] --END-- [ RunTime:0.003000s ]
INFO: [ app_begin ] --START--
INFO: Run Behavior\ReadHtmlCacheBehavior [ RunTime:0.004001s ]
INFO: [ app_begin ] --END-- [ RunTime:0.004001s ]
SQL: SHOW COLUMNS FROM `lewo_room` [ RunTime:0.0150s ]
SQL: SELECT `house_code` FROM `lewo_room` WHERE `id` = 628 LIMIT 1   [ RunTime:0.0020s ]
SQL: SHOW COLUMNS FROM `lewo_houses` [ RunTime:0.0120s ]
SQL: SELECT `end_date` FROM `lewo_houses` WHERE `house_code` = 'CQ00049' LIMIT 1   [ RunTime:0.0010s ]
NOTIC: [2] call_user_func() expects parameter 1 to be a valid callback, no array or string given E:\wamp2\www\lewo\ThinkPHP\Library\Think\Upload.class.php 第 170 行.
NOTIC: [8] Undefined variable: _FILE E:\wamp2\www\lewo\lewo\Home\Controller\StewardController.class.php 第 474 行.

[ 2016-10-24T12:02:59+08:00 ] 127.0.0.1 /index.php/Home/Steward/checkin.html
INFO: [ app_init ] --START--
INFO: Run Behavior\BuildLiteBehavior [ RunTime:0.000000s ]
INFO: [ app_init ] --END-- [ RunTime:0.003000s ]
INFO: [ app_begin ] --START--
INFO: Run Behavior\ReadHtmlCacheBehavior [ RunTime:0.003000s ]
INFO: [ app_begin ] --END-- [ RunTime:0.004000s ]
SQL: SHOW COLUMNS FROM `lewo_room` [ RunTime:0.0200s ]
SQL: SELECT `house_code` FROM `lewo_room` WHERE `id` = 628 LIMIT 1   [ RunTime:0.0020s ]
SQL: SHOW COLUMNS FROM `lewo_houses` [ RunTime:0.0160s ]
SQL: SELECT `end_date` FROM `lewo_houses` WHERE `house_code` = 'CQ00049' LIMIT 1   [ RunTime:0.0010s ]
NOTIC: [2] call_user_func() expects parameter 1 to be a valid callback, no array or string given E:\wamp2\www\lewo\ThinkPHP\Library\Think\Upload.class.php 第 170 行.
NOTIC: [8] Undefined variable: _info E:\wamp2\www\lewo\lewo\Home\Controller\StewardController.class.php 第 474 行.

[ 2016-10-24T12:03:01+08:00 ] 127.0.0.1 /index.php/Home/Steward/checkin.html
INFO: [ app_init ] --START--
INFO: Run Behavior\BuildLiteBehavior [ RunTime:0.000000s ]
INFO: [ app_init ] --END-- [ RunTime:0.003000s ]
INFO: [ app_begin ] --START--
INFO: Run Behavior\ReadHtmlCacheBehavior [ RunTime:0.004000s ]
INFO: [ app_begin ] --END-- [ RunTime:0.005000s ]
SQL: SHOW COLUMNS FROM `lewo_room` [ RunTime:0.0130s ]
SQL: SELECT `house_code` FROM `lewo_room` WHERE `id` = 628 LIMIT 1   [ RunTime:0.0010s ]
SQL: SHOW COLUMNS FROM `lewo_houses` [ RunTime:0.0130s ]
SQL: SELECT `end_date` FROM `lewo_houses` WHERE `house_code` = 'CQ00049' LIMIT 1   [ RunTime:0.0010s ]
NOTIC: [2] call_user_func() expects parameter 1 to be a valid callback, no array or string given E:\wamp2\www\lewo\ThinkPHP\Library\Think\Upload.class.php 第 170 行.
NOTIC: [8] Undefined variable: _info E:\wamp2\www\lewo\lewo\Home\Controller\StewardController.class.php 第 474 行.

[ 2016-10-24T12:03:08+08:00 ] 127.0.0.1 /index.php/Home/Steward/checkin.html
INFO: [ app_init ] --START--
INFO: Run Behavior\BuildLiteBehavior [ RunTime:0.001000s ]
INFO: [ app_init ] --END-- [ RunTime:0.002000s ]
INFO: [ app_begin ] --START--
INFO: Run Behavior\ReadHtmlCacheBehavior [ RunTime:0.002000s ]
INFO: [ app_begin ] --END-- [ RunTime:0.004001s ]
SQL: SHOW COLUMNS FROM `lewo_room` [ RunTime:0.0140s ]
SQL: SELECT `house_code` FROM `lewo_room` WHERE `id` = 628 LIMIT 1   [ RunTime:0.0010s ]
SQL: SHOW COLUMNS FROM `lewo_houses` [ RunTime:0.0130s ]
SQL: SELECT `end_date` FROM `lewo_houses` WHERE `house_code` = 'CQ00049' LIMIT 1   [ RunTime:0.0010s ]
NOTIC: [2] call_user_func() expects parameter 1 to be a valid callback, no array or string given E:\wamp2\www\lewo\ThinkPHP\Library\Think\Upload.class.php 第 170 行.

[ 2016-10-24T12:03:49+08:00 ] 127.0.0.1 /index.php/Home/Steward/checkin.html
INFO: [ app_init ] --START--
INFO: Run Behavior\BuildLiteBehavior [ RunTime:0.000000s ]
INFO: [ app_init ] --END-- [ RunTime:0.002000s ]
INFO: [ app_begin ] --START--
INFO: Run Behavior\ReadHtmlCacheBehavior [ RunTime:0.003000s ]
INFO: [ app_begin ] --END-- [ RunTime:0.003000s ]
SQL: SHOW COLUMNS FROM `lewo_room` [ RunTime:0.0130s ]
SQL: SELECT `house_code` FROM `lewo_room` WHERE `id` = 628 LIMIT 1   [ RunTime:0.0010s ]
SQL: SHOW COLUMNS FROM `lewo_houses` [ RunTime:0.0120s ]
SQL: SELECT `end_date` FROM `lewo_houses` WHERE `house_code` = 'CQ00049' LIMIT 1   [ RunTime:0.0010s ]
NOTIC: [2] call_user_func() expects parameter 1 to be a valid callback, no array or string given E:\wamp2\www\lewo\ThinkPHP\Library\Think\Upload.class.php 第 170 行.

[ 2016-10-24T12:11:33+08:00 ] 127.0.0.1 /index.php/Home/Steward/checkin.html
INFO: [ app_init ] --START--
INFO: Run Behavior\BuildLiteBehavior [ RunTime:0.000000s ]
INFO: [ app_init ] --END-- [ RunTime:0.002000s ]
INFO: [ app_begin ] --START--
INFO: Run Behavior\ReadHtmlCacheBehavior [ RunTime:0.002000s ]
INFO: [ app_begin ] --END-- [ RunTime:0.004000s ]
SQL: SHOW COLUMNS FROM `lewo_houses` [ RunTime:0.0130s ]
SQL: SHOW COLUMNS FROM `lewo_room` [ RunTime:0.0140s ]
SQL: SHOW COLUMNS FROM `lewo_houses` [ RunTime:0.0130s ]
SQL: SHOW COLUMNS FROM `lewo_admin_user` [ RunTime:0.0100s ]
SQL: SELECT * FROM `lewo_room` WHERE `id` = 0 LIMIT 1   [ RunTime:0.0020s ]
SQL: SELECT `area_id`,`address`,`floor`,`door_no`,`building`,`steward_id` FROM `lewo_houses` WHERE `house_code` = null LIMIT 1   [ RunTime:0.0010s ]
SQL: SELECT `id`,`username`,`nickname`,`mobile` FROM `lewo_admin_user` WHERE `id` = null LIMIT 1   [ RunTime:0.0000s ]
SQL: SHOW COLUMNS FROM `lewo_area` [ RunTime:0.0120s ]
SQL: SELECT `area_name` FROM `lewo_area` WHERE `id` = null LIMIT 1   [ RunTime:0.0010s ]
INFO: [ view_parse ] --START--
INFO: [ template_filter ] --START--
INFO: Run Behavior\ContentReplaceBehavior [ RunTime:0.001000s ]
INFO: [ template_filter ] --END-- [ RunTime:0.002000s ]
NOTIC: [8] Undefined index: room_code E:\wamp2\www\lewo\lewo\Runtime\Cache\Home\81a17a9c5756f67421131a5fd2e58e89.php 第 85 行.
NOTIC: [8] Undefined index: id E:\wamp2\www\lewo\lewo\Runtime\Cache\Home\81a17a9c5756f67421131a5fd2e58e89.php 第 85 行.
NOTIC: [8] Undefined variable: account_id E:\wamp2\www\lewo\lewo\Runtime\Cache\Home\81a17a9c5756f67421131a5fd2e58e89.php 第 85 行.
NOTIC: [8] Undefined variable: schedule_info E:\wamp2\www\lewo\lewo\Runtime\Cache\Home\81a17a9c5756f67421131a5fd2e58e89.php 第 94 行.
NOTIC: [8] Undefined variable: schedule_info E:\wamp2\www\lewo\lewo\Runtime\Cache\Home\81a17a9c5756f67421131a5fd2e58e89.php 第 103 行.
NOTIC: [8] Undefined variable: schedule_info E:\wamp2\www\lewo\lewo\Runtime\Cache\Home\81a17a9c5756f67421131a5fd2e58e89.php 第 112 行.
NOTIC: [8] Undefined variable: schedule_info E:\wamp2\www\lewo\lewo\Runtime\Cache\Home\81a17a9c5756f67421131a5fd2e58e89.php 第 121 行.
NOTIC: [8] Undefined variable: schedule_info E:\wamp2\www\lewo\lewo\Runtime\Cache\Home\81a17a9c5756f67421131a5fd2e58e89.php 第 130 行.
NOTIC: [8] Undefined index: rent E:\wamp2\www\lewo\lewo\Runtime\Cache\Home\81a17a9c5756f67421131a5fd2e58e89.php 第 139 行.
NOTIC: [8] Undefined index: room_fee E:\wamp2\www\lewo\lewo\Runtime\Cache\Home\81a17a9c5756f67421131a5fd2e58e89.php 第 189 行.
INFO: Run Behavior\ParseTemplateBehavior [ RunTime:0.048002s ]
INFO: [ view_parse ] --END-- [ RunTime:0.050002s ]
INFO: [ view_filter ] --START--
INFO: Run Behavior\WriteHtmlCacheBehavior [ RunTime:0.002000s ]
INFO: [ view_filter ] --END-- [ RunTime:0.003001s ]
INFO: [ app_end ] --START--
INFO: Run Behavior\ShowPageTraceBehavior [ RunTime:0.013000s ]
INFO: [ app_end ] --END-- [ RunTime:0.015001s ]

[ 2016-10-24T12:11:42+08:00 ] 127.0.0.1 /index.php/Home/Steward/checkin.html
INFO: [ app_init ] --START--
INFO: Run Behavior\BuildLiteBehavior [ RunTime:0.001000s ]
INFO: [ app_init ] --END-- [ RunTime:0.003000s ]
INFO: [ app_begin ] --START--
INFO: Run Behavior\ReadHtmlCacheBehavior [ RunTime:0.005000s ]
INFO: [ app_begin ] --END-- [ RunTime:0.006000s ]
SQL: SHOW COLUMNS FROM `lewo_room` [ RunTime:0.0150s ]
SQL: SELECT `house_code` FROM `lewo_room` WHERE `id` = 628 LIMIT 1   [ RunTime:0.0010s ]
SQL: SHOW COLUMNS FROM `lewo_houses` [ RunTime:0.0150s ]
SQL: SELECT `end_date` FROM `lewo_houses` WHERE `house_code` = 'CQ00049' LIMIT 1   [ RunTime:0.0020s ]
NOTIC: [2] call_user_func() expects parameter 1 to be a valid callback, no array or string given E:\wamp2\www\lewo\ThinkPHP\Library\Think\Upload.class.php 第 170 行.

[ 2016-10-24T14:11:25+08:00 ] 127.0.0.1 /index.php/Home/Steward/checkin.html
INFO: [ app_init ] --START--
INFO: Run Behavior\BuildLiteBehavior [ RunTime:0.000000s ]
INFO: [ app_init ] --END-- [ RunTime:0.003000s ]
INFO: [ app_begin ] --START--
INFO: Run Behavior\ReadHtmlCacheBehavior [ RunTime:0.002000s ]
INFO: [ app_begin ] --END-- [ RunTime:0.004000s ]
SQL: SHOW COLUMNS FROM `lewo_room` [ RunTime:0.0160s ]
SQL: SELECT `house_code` FROM `lewo_room` WHERE `id` = 628 LIMIT 1   [ RunTime:0.0010s ]
SQL: SHOW COLUMNS FROM `lewo_houses` [ RunTime:0.0160s ]
SQL: SELECT `end_date` FROM `lewo_houses` WHERE `house_code` = 'CQ00049' LIMIT 1   [ RunTime:0.0020s ]
NOTIC: [2] call_user_func() expects parameter 1 to be a valid callback, no array or string given E:\wamp2\www\lewo\ThinkPHP\Library\Think\Upload.class.php 第 170 行.

[ 2016-10-24T14:13:11+08:00 ] 127.0.0.1 /index.php/Home/Steward/checkin.html
INFO: [ app_init ] --START--
INFO: Run Behavior\BuildLiteBehavior [ RunTime:0.000000s ]
INFO: [ app_init ] --END-- [ RunTime:0.003000s ]
INFO: [ app_begin ] --START--
INFO: Run Behavior\ReadHtmlCacheBehavior [ RunTime:0.003000s ]
INFO: [ app_begin ] --END-- [ RunTime:0.004000s ]
SQL: SHOW COLUMNS FROM `lewo_room` [ RunTime:0.0110s ]
SQL: SELECT `house_code` FROM `lewo_room` WHERE `id` = 628 LIMIT 1   [ RunTime:0.0010s ]
SQL: SHOW COLUMNS FROM `lewo_houses` [ RunTime:0.0130s ]
SQL: SELECT `end_date` FROM `lewo_houses` WHERE `house_code` = 'CQ00049' LIMIT 1   [ RunTime:0.0010s ]
NOTIC: [2] call_user_func() expects parameter 1 to be a valid callback, no array or string given E:\wamp2\www\lewo\ThinkPHP\Library\Think\Upload.class.php 第 170 行.

[ 2016-10-24T15:02:43+08:00 ] 127.0.0.1 /index.php/Home/Steward/checkin.html
INFO: [ app_init ] --START--
INFO: Run Behavior\BuildLiteBehavior [ RunTime:0.001000s ]
INFO: [ app_init ] --END-- [ RunTime:0.003000s ]
INFO: [ app_begin ] --START--
INFO: Run Behavior\ReadHtmlCacheBehavior [ RunTime:0.003000s ]
INFO: [ app_begin ] --END-- [ RunTime:0.004000s ]
SQL: SHOW COLUMNS FROM `lewo_room` [ RunTime:0.0120s ]
SQL: SELECT `house_code` FROM `lewo_room` WHERE `id` = 628 LIMIT 1   [ RunTime:0.0010s ]
SQL: SHOW COLUMNS FROM `lewo_houses` [ RunTime:0.0120s ]
SQL: SELECT `end_date` FROM `lewo_houses` WHERE `house_code` = 'CQ00049' LIMIT 1   [ RunTime:0.0010s ]
NOTIC: [8] Use of undefined constant ture - assumed 'ture' E:\wamp2\www\lewo\lewo\Home\Controller\StewardController.class.php 第 476 行.
NOTIC: [8] Use of undefined constant uniqid - assumed 'uniqid' E:\wamp2\www\lewo\lewo\Home\Controller\StewardController.class.php 第 484 行.
NOTIC: [2] call_user_func() expects parameter 1 to be a valid callback, no array or string given E:\wamp2\www\lewo\ThinkPHP\Library\Think\Upload.class.php 第 170 行.
NOTIC: [2048] Declaration of Home\Model\ContractModel::add() should be compatible with Think\Model::add($data = '', $options = Array, $replace = false) E:\wamp2\www\lewo\lewo\Home\Model\ContractModel.class.php 第 140 行.
SQL: SHOW COLUMNS FROM `lewo_contract` [ RunTime:0.0120s ]
SQL: SHOW COLUMNS FROM `lewo_account` [ RunTime:0.0130s ]
SQL: SHOW COLUMNS FROM `lewo_contract` [ RunTime:0.0120s ]
SQL: SELECT * FROM `lewo_account` WHERE `mobile` = '13751507975' LIMIT 1   [ RunTime:0.0040s ]
SQL: SELECT * FROM `lewo_contract` WHERE `account_id` = 2065 AND `pay_status` = 0 AND `is_delete` = 0  [ RunTime:0.0040s ]
INFO: [ view_parse ] --START--
INFO: [ template_filter ] --START--
INFO: Run Behavior\ContentReplaceBehavior [ RunTime:0.000000s ]
INFO: [ template_filter ] --END-- [ RunTime:0.001000s ]
INFO: Run Behavior\ParseTemplateBehavior [ RunTime:0.023002s ]
INFO: [ view_parse ] --END-- [ RunTime:0.024002s ]
INFO: [ view_filter ] --START--
INFO: Run Behavior\WriteHtmlCacheBehavior [ RunTime:0.001000s ]
INFO: [ view_filter ] --END-- [ RunTime:0.002000s ]

[ 2016-10-24T15:02:57+08:00 ] 127.0.0.1 /index.php/Home/Steward/checkin.html
INFO: [ app_init ] --START--
INFO: Run Behavior\BuildLiteBehavior [ RunTime:0.001000s ]
INFO: [ app_init ] --END-- [ RunTime:0.003000s ]
INFO: [ app_begin ] --START--
INFO: Run Behavior\ReadHtmlCacheBehavior [ RunTime:0.005000s ]
INFO: [ app_begin ] --END-- [ RunTime:0.007001s ]
SQL: SHOW COLUMNS FROM `lewo_room` [ RunTime:0.0100s ]
SQL: SELECT `house_code` FROM `lewo_room` WHERE `id` = 628 LIMIT 1   [ RunTime:0.0010s ]
SQL: SHOW COLUMNS FROM `lewo_houses` [ RunTime:0.0110s ]
SQL: SELECT `end_date` FROM `lewo_houses` WHERE `house_code` = 'CQ00049' LIMIT 1   [ RunTime:0.0010s ]
NOTIC: [8] Use of undefined constant ture - assumed 'ture' E:\wamp2\www\lewo\lewo\Home\Controller\StewardController.class.php 第 476 行.
NOTIC: [8] Use of undefined constant uniqid - assumed 'uniqid' E:\wamp2\www\lewo\lewo\Home\Controller\StewardController.class.php 第 484 行.
NOTIC: [2] call_user_func() expects parameter 1 to be a valid callback, no array or string given E:\wamp2\www\lewo\ThinkPHP\Library\Think\Upload.class.php 第 170 行.
NOTIC: [2048] Declaration of Home\Model\ContractModel::add() should be compatible with Think\Model::add($data = '', $options = Array, $replace = false) E:\wamp2\www\lewo\lewo\Home\Model\ContractModel.class.php 第 140 行.
SQL: SHOW COLUMNS FROM `lewo_contract` [ RunTime:0.0120s ]
SQL: SHOW COLUMNS FROM `lewo_account` [ RunTime:0.0130s ]
SQL: SHOW COLUMNS FROM `lewo_contract` [ RunTime:0.0120s ]
SQL: SELECT * FROM `lewo_account` WHERE `mobile` = '13751507977' LIMIT 1   [ RunTime:0.0040s ]
SQL: INSERT INTO `lewo_account` (`realname`,`password`,`mobile`,`contact2`,`card_no`,`email`,`register_time`) VALUES ('kkk','e10adc3949ba59abbe56e057f20f883e','13751507977','123','440682109923129','136229626@qq.com','2016-10-24 15:02:57') [ RunTime:0.0010s ]
SQL: SELECT * FROM `lewo_contract` WHERE `account_id` = 2214 AND `pay_status` = 0 AND `is_delete` = 0  [ RunTime:0.0050s ]
SQL: SHOW COLUMNS FROM `lewo_area` [ RunTime:0.0100s ]
SQL: SELECT `house_code` FROM `lewo_room` WHERE `id` = 628 LIMIT 1   [ RunTime:0.0010s ]
SQL: SELECT `area_id` FROM `lewo_houses` WHERE `house_code` = 'CQ00049' LIMIT 1   [ RunTime:0.0010s ]
SQL: SELECT `city_id` FROM `lewo_area` WHERE `id` = 36 LIMIT 1   [ RunTime:0.0010s ]
SQL: INSERT INTO `lewo_contract` (`order_no`,`account_id`,`room_id`,`deposit`,`book_deposit`,`period`,`pay_status`,`create_time`,`steward_id`,`rent_type`,`contract_status`,`start_time`,`end_time`,`rent_date`,`rent`,`fee`,`contact2`,`person_count`,`cotenant`,`roomD`,`total_fee`,`realname`,`photo`,`city_id`,`pay_total`) VALUES ('201610245779396','2214','628','1800','0','1','0','2016-10-24 15:02:57','4','2_1','1','2016-10-24','2016-10-24','2016-11-24','900.00','90.00','123','1','a:3:{s:10:\"hzRealname\";s:0:\"\";s:8:\"hzMobile\";s:0:\"\";s:8:\"hzCardNo\";s:0:\"\";}','0','2790.00','kkk','2016-10-24/580db221a2e49.jpg','2','2790.00') [ RunTime:0.0020s ]
INFO: [ view_parse ] --START--
INFO: [ template_filter ] --START--
INFO: Run Behavior\ContentReplaceBehavior [ RunTime:0.000000s ]
INFO: [ template_filter ] --END-- [ RunTime:0.001000s ]
INFO: Run Behavior\ParseTemplateBehavior [ RunTime:0.020001s ]
INFO: [ view_parse ] --END-- [ RunTime:0.021001s ]
INFO: [ view_filter ] --START--
INFO: Run Behavior\WriteHtmlCacheBehavior [ RunTime:0.002000s ]
INFO: [ view_filter ] --END-- [ RunTime:0.003000s ]
INFO: [ app_end ] --START--
INFO: Run Behavior\ShowPageTraceBehavior [ RunTime:0.003000s ]
INFO: [ app_end ] --END-- [ RunTime:0.004000s ]

[ 2016-10-24T15:02:59+08:00 ] 127.0.0.1 /index.php/Home/Steward/check_contract/id/3909.html
INFO: [ app_init ] --START--
INFO: Run Behavior\BuildLiteBehavior [ RunTime:0.000000s ]
INFO: [ app_init ] --END-- [ RunTime:0.003000s ]
INFO: [ app_begin ] --START--
INFO: Run Behavior\ReadHtmlCacheBehavior [ RunTime:0.003001s ]
INFO: [ app_begin ] --END-- [ RunTime:0.003001s ]
SQL: SHOW COLUMNS FROM `lewo_contract` [ RunTime:0.0160s ]
SQL: SELECT * FROM `lewo_contract` WHERE `id` = 3909 LIMIT 1   [ RunTime:0.0010s ]
INFO: [ view_parse ] --START--
INFO: [ template_filter ] --START--
INFO: Run Behavior\ContentReplaceBehavior [ RunTime:0.001000s ]
INFO: [ template_filter ] --END-- [ RunTime:0.002000s ]
NOTIC: [8] Undefined variable: area_name E:\wamp2\www\lewo\lewo\Runtime\Cache\Home\e67c633618d005adfd1f24ff91bfa169.php 第 87 行.
NOTIC: [8] Undefined variable: bill_info E:\wamp2\www\lewo\lewo\Runtime\Cache\Home\e67c633618d005adfd1f24ff91bfa169.php 第 87 行.
NOTIC: [8] Undefined variable: bill_info E:\wamp2\www\lewo\lewo\Runtime\Cache\Home\e67c633618d005adfd1f24ff91bfa169.php 第 299 行.
INFO: Run Behavior\ParseTemplateBehavior [ RunTime:0.053003s ]
INFO: [ view_parse ] --END-- [ RunTime:0.053003s ]
INFO: [ view_filter ] --START--
INFO: Run Behavior\WriteHtmlCacheBehavior [ RunTime:0.002000s ]
INFO: [ view_filter ] --END-- [ RunTime:0.003000s ]
INFO: [ app_end ] --START--
INFO: Run Behavior\ShowPageTraceBehavior [ RunTime:0.004001s ]
INFO: [ app_end ] --END-- [ RunTime:0.004001s ]

[ 2016-10-24T15:04:24+08:00 ] 127.0.0.1 /index.php/Home/Steward/index.html
INFO: [ app_init ] --START--
INFO: Run Behavior\BuildLiteBehavior [ RunTime:0.000000s ]
INFO: [ app_init ] --END-- [ RunTime:0.006000s ]
INFO: [ app_begin ] --START--
INFO: Run Behavior\ReadHtmlCacheBehavior [ RunTime:0.004000s ]
INFO: [ app_begin ] --END-- [ RunTime:0.005001s ]
SQL: SHOW COLUMNS FROM `lewo_schedule` [ RunTime:0.0140s ]
SQL: SELECT COUNT(*) AS tp_count FROM `lewo_schedule` WHERE `schedule_type` = 1 AND `is_finish` = 0 AND `steward_id` = 4 AND `admin_type` = 1 LIMIT 1   [ RunTime:0.0050s ]
SQL: SELECT COUNT(*) AS tp_count FROM `lewo_schedule` WHERE `schedule_type` = 2 AND `is_finish` = 0 AND `steward_id` = 4 AND `admin_type` = 1 LIMIT 1   [ RunTime:0.0010s ]
SQL: SELECT COUNT(*) AS tp_count FROM `lewo_schedule` WHERE `schedule_type` = 3 AND `is_finish` = 0 AND `steward_id` = 4 AND `admin_type` = 1 LIMIT 1   [ RunTime:0.0010s ]
SQL: SHOW COLUMNS FROM `lewo_contract` [ RunTime:0.0130s ]
SQL: SELECT SUM(rent) AS tp_sum FROM `lewo_contract` WHERE `start_time` = '2016-10-24' LIMIT 1   [ RunTime:0.0050s ]
SQL: SELECT SUM(fee) AS tp_sum FROM `lewo_contract` WHERE `start_time` = '2016-10-24' LIMIT 1   [ RunTime:0.0030s ]
SQL: SELECT SUM(deposit) AS tp_sum FROM `lewo_contract` WHERE `start_time` = '2016-10-24' LIMIT 1   [ RunTime:0.0030s ]
SQL: SELECT SUM(rent) AS tp_sum FROM `lewo_contract` WHERE `start_time` = '2016-10-23' LIMIT 1   [ RunTime:0.0040s ]
SQL: SELECT SUM(fee) AS tp_sum FROM `lewo_contract` WHERE `start_time` = '2016-10-23' LIMIT 1   [ RunTime:0.0040s ]
SQL: SELECT SUM(deposit) AS tp_sum FROM `lewo_contract` WHERE `start_time` = '2016-10-23' LIMIT 1   [ RunTime:0.0040s ]
SQL: SELECT COUNT(*) AS tp_count FROM `lewo_contract` WHERE `start_time` = '2016-10-24' LIMIT 1   [ RunTime:0.0030s ]
SQL: SHOW COLUMNS FROM `lewo_schedule` [ RunTime:0.0090s ]
SQL: SELECT SUM(money) AS tp_sum FROM `lewo_schedule` WHERE `create_date` = '2016-10-24' AND `schedule_type` = 4 LIMIT 1   [ RunTime:0.0010s ]
SQL: SHOW COLUMNS FROM `lewo_room` [ RunTime:0.0110s ]
SQL: SELECT COUNT(*) AS tp_count FROM `lewo_room` WHERE `room_type` = 1 AND `is_show` = 1 LIMIT 1   [ RunTime:0.0020s ]
SQL: SELECT COUNT(*) AS tp_count FROM `lewo_room` WHERE `status` = 0 AND `room_type` = 1 AND `is_show` = 1 LIMIT 1   [ RunTime:0.0020s ]
SQL: SELECT COUNT(*) AS tp_count FROM `lewo_room` WHERE `room_type` = 2 AND `is_show` = 1 LIMIT 1   [ RunTime:0.0020s ]
SQL: SELECT COUNT(*) AS tp_count FROM `lewo_room` WHERE `status` = 0 AND `room_type` = 2 AND `is_show` = 1 LIMIT 1   [ RunTime:0.0020s ]
SQL: SHOW COLUMNS FROM `lewo_admin_user` [ RunTime:0.0090s ]
SQL: SELECT * FROM `lewo_admin_user` WHERE `id` = 4 LIMIT 1   [ RunTime:0.0010s ]
INFO: [ view_parse ] --START--
INFO: [ template_filter ] --START--
INFO: Run Behavior\ContentReplaceBehavior [ RunTime:0.001000s ]
INFO: [ template_filter ] --END-- [ RunTime:0.001000s ]
INFO: Run Behavior\ParseTemplateBehavior [ RunTime:0.034002s ]
INFO: [ view_parse ] --END-- [ RunTime:0.034002s ]
INFO: [ view_filter ] --START--
INFO: Run Behavior\WriteHtmlCacheBehavior [ RunTime:0.002000s ]
INFO: [ view_filter ] --END-- [ RunTime:0.002000s ]
INFO: [ app_end ] --START--
INFO: Run Behavior\ShowPageTraceBehavior [ RunTime:0.002001s ]
INFO: [ app_end ] --END-- [ RunTime:0.002001s ]

[ 2016-10-24T15:04:26+08:00 ] 127.0.0.1 /index.php/Home/Steward/houses.html
INFO: [ app_init ] --START--
INFO: Run Behavior\BuildLiteBehavior [ RunTime:0.001001s ]
INFO: [ app_init ] --END-- [ RunTime:0.002001s ]
INFO: [ app_begin ] --START--
INFO: Run Behavior\ReadHtmlCacheBehavior [ RunTime:0.003000s ]
INFO: [ app_begin ] --END-- [ RunTime:0.005000s ]
SQL: SHOW COLUMNS FROM `lewo_houses` [ RunTime:0.0120s ]
SQL: SHOW COLUMNS FROM `lewo_room` [ RunTime:0.0130s ]
SQL: SHOW COLUMNS FROM `lewo_area` [ RunTime:0.0120s ]
SQL: SELECT `id`,`area_id`,`steward_id`,`house_code`,`type`,`building`,`floor`,`door_no` FROM `lewo_houses` WHERE `steward_id` = 4 ORDER BY area_id desc, building desc,floor desc,door_no desc  [ RunTime:0.0020s ]
SQL: SELECT COUNT(*) AS tp_count FROM `lewo_room` WHERE `house_code` = 'CQ00049' AND `is_show` = 1 LIMIT 1   [ RunTime:0.0030s ]
SQL: SELECT COUNT(*) AS tp_count FROM `lewo_room` WHERE `house_code` = 'CQ00049' AND `is_show` = 1 AND `status` = 2 LIMIT 1   [ RunTime:0.0020s ]
SQL: SELECT `area_name` FROM `lewo_area` WHERE `id` = 36 LIMIT 1   [ RunTime:0.0010s ]
SQL: SELECT lewo_room.id,lewo_room.account_id,lewo_room.room_code,lewo_room.room_nickname,lewo_room.room_sort,lewo_room.room_type,lewo_room.bed_code,lewo_room.status,lewo_room.is_show,lewo_account.realname,lewo_account.sex FROM `lewo_room` left JOIN lewo_account ON lewo_room.account_id=lewo_account.id  WHERE `house_code` = 'CQ00049' AND `is_show` = 1 ORDER BY room_sort asc  [ RunTime:0.0030s ]
INFO: [ view_parse ] --START--
INFO: [ template_filter ] --START--
INFO: Run Behavior\ContentReplaceBehavior [ RunTime:0.000000s ]
INFO: [ template_filter ] --END-- [ RunTime:0.002000s ]
INFO: Run Behavior\ParseTemplateBehavior [ RunTime:0.068003s ]
INFO: [ view_parse ] --END-- [ RunTime:0.068003s ]
INFO: [ view_filter ] --START--
INFO: Run Behavior\WriteHtmlCacheBehavior [ RunTime:0.002000s ]
INFO: [ view_filter ] --END-- [ RunTime:0.003001s ]
INFO: [ view_parse ] --START--
INFO: [ template_filter ] --START--
INFO: Run Behavior\ContentReplaceBehavior [ RunTime:0.001000s ]
INFO: [ template_filter ] --END-- [ RunTime:-0.032002s ]
INFO: Run Behavior\ParseTemplateBehavior [ RunTime:0.019001s ]
INFO: [ view_parse ] --END-- [ RunTime:-0.005001s ]
INFO: [ view_filter ] --START--
INFO: Run Behavior\WriteHtmlCacheBehavior [ RunTime:0.000000s ]
INFO: [ view_filter ] --END-- [ RunTime:-0.025001s ]
NOTIC: [2] Cannot modify header information - headers already sent by (output started at E:\wamp2\www\lewo\ThinkPHP\Library\Think\View.class.php:95) E:\wamp2\www\lewo\ThinkPHP\Library\Think\View.class.php 第 91 行.
NOTIC: [2] Cannot modify header information - headers already sent by (output started at E:\wamp2\www\lewo\ThinkPHP\Library\Think\View.class.php:95) E:\wamp2\www\lewo\ThinkPHP\Library\Think\View.class.php 第 92 行.
NOTIC: [2] Cannot modify header information - headers already sent by (output started at E:\wamp2\www\lewo\ThinkPHP\Library\Think\View.class.php:95) E:\wamp2\www\lewo\ThinkPHP\Library\Think\View.class.php 第 93 行.
INFO: [ app_end ] --START--
INFO: Run Behavior\ShowPageTraceBehavior [ RunTime:0.003000s ]
INFO: [ app_end ] --END-- [ RunTime:0.004001s ]

[ 2016-10-24T15:04:28+08:00 ] 127.0.0.1 /index.php/Home/Steward/roominfo/id/628.html
INFO: [ app_init ] --START--
INFO: Run Behavior\BuildLiteBehavior [ RunTime:0.000000s ]
INFO: [ app_init ] --END-- [ RunTime:0.003000s ]
INFO: [ app_begin ] --START--
INFO: Run Behavior\ReadHtmlCacheBehavior [ RunTime:0.002000s ]
INFO: [ app_begin ] --END-- [ RunTime:0.004000s ]
SQL: SHOW COLUMNS FROM `lewo_houses` [ RunTime:0.0140s ]
SQL: SHOW COLUMNS FROM `lewo_room` [ RunTime:0.0140s ]
SQL: SHOW COLUMNS FROM `lewo_houses` [ RunTime:0.0130s ]
SQL: SHOW COLUMNS FROM `lewo_admin_user` [ RunTime:0.0120s ]
SQL: SELECT * FROM `lewo_room` WHERE `id` = 628 LIMIT 1   [ RunTime:0.0010s ]
SQL: SELECT `area_id`,`address`,`floor`,`door_no`,`building`,`steward_id` FROM `lewo_houses` WHERE `house_code` = 'CQ00049' LIMIT 1   [ RunTime:0.0010s ]
SQL: SELECT `id`,`username`,`nickname`,`mobile` FROM `lewo_admin_user` WHERE `id` = 4 LIMIT 1   [ RunTime:0.0010s ]
SQL: SHOW COLUMNS FROM `lewo_area` [ RunTime:0.0100s ]
SQL: SELECT `area_name` FROM `lewo_area` WHERE `id` = 36 LIMIT 1   [ RunTime:0.0010s ]
SQL: SELECT `id`,`house_code`,`room_code`,`room_sort`,`room_area`,`room_parameter`,`rent`,`room_fee`,`status`,`room_images_01`,`room_images_02`,`room_images_03`,`room_images_04` FROM `lewo_room` WHERE `house_code` = 'CQ00049' AND `id` NOT IN ('628') AND `status` = 0 AND `is_show` = 1  [ RunTime:0.0030s ]
INFO: [ view_parse ] --START--
INFO: [ template_filter ] --START--
INFO: Run Behavior\ContentReplaceBehavior [ RunTime:0.001000s ]
INFO: [ template_filter ] --END-- [ RunTime:0.001000s ]
NOTIC: [8] Undefined index: room_images E:\wamp2\www\lewo\lewo\Runtime\Cache\Home\50aa9fee479283f114a3cae7d74e4fb3.php 第 56 行.
NOTIC: [8] Undefined index: room_images E:\wamp2\www\lewo\lewo\Runtime\Cache\Home\50aa9fee479283f114a3cae7d74e4fb3.php 第 60 行.
INFO: Run Behavior\ParseTemplateBehavior [ RunTime:0.086005s ]
INFO: [ view_parse ] --END-- [ RunTime:0.086005s ]
INFO: [ view_filter ] --START--
INFO: Run Behavior\WriteHtmlCacheBehavior [ RunTime:0.002000s ]
INFO: [ view_filter ] --END-- [ RunTime:0.003001s ]
INFO: [ app_end ] --START--
INFO: Run Behavior\ShowPageTraceBehavior [ RunTime:0.014001s ]
INFO: [ app_end ] --END-- [ RunTime:0.016001s ]

[ 2016-10-24T15:04:30+08:00 ] 127.0.0.1 /index.php/Home/Steward/checkin/id/628.html
INFO: [ app_init ] --START--
INFO: Run Behavior\BuildLiteBehavior [ RunTime:0.000000s ]
INFO: [ app_init ] --END-- [ RunTime:0.002000s ]
INFO: [ app_begin ] --START--
INFO: Run Behavior\ReadHtmlCacheBehavior [ RunTime:0.002000s ]
INFO: [ app_begin ] --END-- [ RunTime:0.003000s ]
SQL: SHOW COLUMNS FROM `lewo_houses` [ RunTime:0.0130s ]
SQL: SHOW COLUMNS FROM `lewo_room` [ RunTime:0.0140s ]
SQL: SHOW COLUMNS FROM `lewo_houses` [ RunTime:0.0110s ]
SQL: SHOW COLUMNS FROM `lewo_admin_user` [ RunTime:0.0130s ]
SQL: SELECT * FROM `lewo_room` WHERE `id` = 628 LIMIT 1   [ RunTime:0.0010s ]
SQL: SELECT `area_id`,`address`,`floor`,`door_no`,`building`,`steward_id` FROM `lewo_houses` WHERE `house_code` = 'CQ00049' LIMIT 1   [ RunTime:0.0010s ]
SQL: SELECT `id`,`username`,`nickname`,`mobile` FROM `lewo_admin_user` WHERE `id` = 4 LIMIT 1   [ RunTime:0.0010s ]
SQL: SHOW COLUMNS FROM `lewo_area` [ RunTime:0.0110s ]
SQL: SELECT `area_name` FROM `lewo_area` WHERE `id` = 36 LIMIT 1   [ RunTime:0.0010s ]
INFO: [ view_parse ] --START--
INFO: [ template_filter ] --START--
INFO: Run Behavior\ContentReplaceBehavior [ RunTime:0.001000s ]
INFO: [ template_filter ] --END-- [ RunTime:0.001000s ]
NOTIC: [8] Undefined variable: account_id E:\wamp2\www\lewo\lewo\Runtime\Cache\Home\81a17a9c5756f67421131a5fd2e58e89.php 第 85 行.
NOTIC: [8] Undefined variable: schedule_info E:\wamp2\www\lewo\lewo\Runtime\Cache\Home\81a17a9c5756f67421131a5fd2e58e89.php 第 94 行.
NOTIC: [8] Undefined variable: schedule_info E:\wamp2\www\lewo\lewo\Runtime\Cache\Home\81a17a9c5756f67421131a5fd2e58e89.php 第 103 行.
NOTIC: [8] Undefined variable: schedule_info E:\wamp2\www\lewo\lewo\Runtime\Cache\Home\81a17a9c5756f67421131a5fd2e58e89.php 第 112 行.
NOTIC: [8] Undefined variable: schedule_info E:\wamp2\www\lewo\lewo\Runtime\Cache\Home\81a17a9c5756f67421131a5fd2e58e89.php 第 121 行.
NOTIC: [8] Undefined variable: schedule_info E:\wamp2\www\lewo\lewo\Runtime\Cache\Home\81a17a9c5756f67421131a5fd2e58e89.php 第 130 行.
INFO: Run Behavior\ParseTemplateBehavior [ RunTime:0.045002s ]
INFO: [ view_parse ] --END-- [ RunTime:0.045002s ]
INFO: [ view_filter ] --START--
INFO: Run Behavior\WriteHtmlCacheBehavior [ RunTime:0.002001s ]
INFO: [ view_filter ] --END-- [ RunTime:0.003001s ]
INFO: [ app_end ] --START--
INFO: Run Behavior\ShowPageTraceBehavior [ RunTime:0.014000s ]
INFO: [ app_end ] --END-- [ RunTime:0.015000s ]

[ 2016-10-24T15:04:45+08:00 ] 127.0.0.1 /index.php/Home/Steward/checkin.html
INFO: [ app_init ] --START--
INFO: Run Behavior\BuildLiteBehavior [ RunTime:0.000000s ]
INFO: [ app_init ] --END-- [ RunTime:0.004000s ]
INFO: [ app_begin ] --START--
INFO: Run Behavior\ReadHtmlCacheBehavior [ RunTime:0.005000s ]
INFO: [ app_begin ] --END-- [ RunTime:0.006001s ]
SQL: SHOW COLUMNS FROM `lewo_room` [ RunTime:0.0120s ]
SQL: SELECT `house_code` FROM `lewo_room` WHERE `id` = 628 LIMIT 1   [ RunTime:0.0020s ]
SQL: SHOW COLUMNS FROM `lewo_houses` [ RunTime:0.0120s ]
SQL: SELECT `end_date` FROM `lewo_houses` WHERE `house_code` = 'CQ00049' LIMIT 1   [ RunTime:0.0010s ]
NOTIC: [8] Use of undefined constant ture - assumed 'ture' E:\wamp2\www\lewo\lewo\Home\Controller\StewardController.class.php 第 476 行.
NOTIC: [8] Use of undefined constant uniqid - assumed 'uniqid' E:\wamp2\www\lewo\lewo\Home\Controller\StewardController.class.php 第 484 行.
NOTIC: [2] call_user_func() expects parameter 1 to be a valid callback, no array or string given E:\wamp2\www\lewo\ThinkPHP\Library\Think\Upload.class.php 第 170 行.
NOTIC: [2048] Declaration of Home\Model\ContractModel::add() should be compatible with Think\Model::add($data = '', $options = Array, $replace = false) E:\wamp2\www\lewo\lewo\Home\Model\ContractModel.class.php 第 140 行.
SQL: SHOW COLUMNS FROM `lewo_contract` [ RunTime:0.0140s ]
SQL: SHOW COLUMNS FROM `lewo_account` [ RunTime:0.0150s ]
SQL: SHOW COLUMNS FROM `lewo_contract` [ RunTime:0.0160s ]
SQL: SELECT * FROM `lewo_account` WHERE `mobile` = '13751507973' LIMIT 1   [ RunTime:0.0020s ]
SQL: SELECT * FROM `lewo_contract` WHERE `account_id` = 27 AND `pay_status` = 0 AND `is_delete` = 0  [ RunTime:0.0040s ]
INFO: [ view_parse ] --START--
INFO: [ template_filter ] --START--
INFO: Run Behavior\ContentReplaceBehavior [ RunTime:0.001000s ]
INFO: [ template_filter ] --END-- [ RunTime:0.001000s ]
INFO: Run Behavior\ParseTemplateBehavior [ RunTime:0.027002s ]
INFO: [ view_parse ] --END-- [ RunTime:0.027002s ]
INFO: [ view_filter ] --START--
INFO: Run Behavior\WriteHtmlCacheBehavior [ RunTime:0.002000s ]
INFO: [ view_filter ] --END-- [ RunTime:0.002000s ]

[ 2016-10-24T15:05:00+08:00 ] 127.0.0.1 /index.php/Home/Steward/checkin.html
INFO: [ app_init ] --START--
INFO: Run Behavior\BuildLiteBehavior [ RunTime:0.000000s ]
INFO: [ app_init ] --END-- [ RunTime:0.003000s ]
INFO: [ app_begin ] --START--
INFO: Run Behavior\ReadHtmlCacheBehavior [ RunTime:0.004000s ]
INFO: [ app_begin ] --END-- [ RunTime:0.005000s ]
SQL: SHOW COLUMNS FROM `lewo_room` [ RunTime:0.0150s ]
SQL: SELECT `house_code` FROM `lewo_room` WHERE `id` = 628 LIMIT 1   [ RunTime:0.0060s ]
SQL: SHOW COLUMNS FROM `lewo_houses` [ RunTime:0.0170s ]
SQL: SELECT `end_date` FROM `lewo_houses` WHERE `house_code` = 'CQ00049' LIMIT 1   [ RunTime:0.0010s ]
NOTIC: [8] Use of undefined constant ture - assumed 'ture' E:\wamp2\www\lewo\lewo\Home\Controller\StewardController.class.php 第 476 行.
NOTIC: [8] Use of undefined constant uniqid - assumed 'uniqid' E:\wamp2\www\lewo\lewo\Home\Controller\StewardController.class.php 第 484 行.
NOTIC: [2] call_user_func() expects parameter 1 to be a valid callback, no array or string given E:\wamp2\www\lewo\ThinkPHP\Library\Think\Upload.class.php 第 170 行.
NOTIC: [2048] Declaration of Home\Model\ContractModel::add() should be compatible with Think\Model::add($data = '', $options = Array, $replace = false) E:\wamp2\www\lewo\lewo\Home\Model\ContractModel.class.php 第 140 行.
SQL: SHOW COLUMNS FROM `lewo_contract` [ RunTime:0.0160s ]
SQL: SHOW COLUMNS FROM `lewo_account` [ RunTime:0.0150s ]
SQL: SHOW COLUMNS FROM `lewo_contract` [ RunTime:0.0190s ]
SQL: SELECT * FROM `lewo_account` WHERE `mobile` = '13751507973' LIMIT 1   [ RunTime:0.0020s ]
SQL: SELECT * FROM `lewo_contract` WHERE `account_id` = 27 AND `pay_status` = 0 AND `is_delete` = 0  [ RunTime:0.0050s ]
INFO: [ view_parse ] --START--
INFO: [ template_filter ] --START--
INFO: Run Behavior\ContentReplaceBehavior [ RunTime:0.000000s ]
INFO: [ template_filter ] --END-- [ RunTime:0.001000s ]
INFO: Run Behavior\ParseTemplateBehavior [ RunTime:0.024002s ]
INFO: [ view_parse ] --END-- [ RunTime:0.025002s ]
INFO: [ view_filter ] --START--
INFO: Run Behavior\WriteHtmlCacheBehavior [ RunTime:0.001000s ]
INFO: [ view_filter ] --END-- [ RunTime:0.002000s ]

[ 2016-10-24T15:05:16+08:00 ] 127.0.0.1 /index.php/Home/Steward/checkin.html
INFO: [ app_init ] --START--
INFO: Run Behavior\BuildLiteBehavior [ RunTime:0.000000s ]
INFO: [ app_init ] --END-- [ RunTime:0.002000s ]
INFO: [ app_begin ] --START--
INFO: Run Behavior\ReadHtmlCacheBehavior [ RunTime:0.003000s ]
INFO: [ app_begin ] --END-- [ RunTime:0.004000s ]
SQL: SHOW COLUMNS FROM `lewo_room` [ RunTime:0.0200s ]
SQL: SELECT `house_code` FROM `lewo_room` WHERE `id` = 628 LIMIT 1   [ RunTime:0.0010s ]
SQL: SHOW COLUMNS FROM `lewo_houses` [ RunTime:0.0140s ]
SQL: SELECT `end_date` FROM `lewo_houses` WHERE `house_code` = 'CQ00049' LIMIT 1   [ RunTime:0.0010s ]
NOTIC: [8] Use of undefined constant ture - assumed 'ture' E:\wamp2\www\lewo\lewo\Home\Controller\StewardController.class.php 第 476 行.
NOTIC: [8] Use of undefined constant uniqid - assumed 'uniqid' E:\wamp2\www\lewo\lewo\Home\Controller\StewardController.class.php 第 484 行.
NOTIC: [2] call_user_func() expects parameter 1 to be a valid callback, no array or string given E:\wamp2\www\lewo\ThinkPHP\Library\Think\Upload.class.php 第 170 行.
NOTIC: [2048] Declaration of Home\Model\ContractModel::add() should be compatible with Think\Model::add($data = '', $options = Array, $replace = false) E:\wamp2\www\lewo\lewo\Home\Model\ContractModel.class.php 第 140 行.
SQL: SHOW COLUMNS FROM `lewo_contract` [ RunTime:0.0140s ]
SQL: SHOW COLUMNS FROM `lewo_account` [ RunTime:0.0150s ]
SQL: SHOW COLUMNS FROM `lewo_contract` [ RunTime:0.0140s ]
SQL: SELECT * FROM `lewo_account` WHERE `mobile` = '13751507973' LIMIT 1   [ RunTime:0.0020s ]
SQL: SELECT * FROM `lewo_contract` WHERE `account_id` = 27 AND `pay_status` = 0 AND `is_delete` = 0  [ RunTime:0.0040s ]
INFO: [ view_parse ] --START--
INFO: [ template_filter ] --START--
INFO: Run Behavior\ContentReplaceBehavior [ RunTime:0.001000s ]
INFO: [ template_filter ] --END-- [ RunTime:0.001000s ]
INFO: Run Behavior\ParseTemplateBehavior [ RunTime:0.027002s ]
INFO: [ view_parse ] --END-- [ RunTime:0.027002s ]
INFO: [ view_filter ] --START--
INFO: Run Behavior\WriteHtmlCacheBehavior [ RunTime:0.002000s ]
INFO: [ view_filter ] --END-- [ RunTime:0.003000s ]

[ 2016-10-24T15:06:13+08:00 ] 127.0.0.1 /index.php/Home/Steward/checkin.html
INFO: [ app_init ] --START--
INFO: Run Behavior\BuildLiteBehavior [ RunTime:0.000000s ]
INFO: [ app_init ] --END-- [ RunTime:0.001000s ]
INFO: [ app_begin ] --START--
INFO: Run Behavior\ReadHtmlCacheBehavior [ RunTime:0.001000s ]
INFO: [ app_begin ] --END-- [ RunTime:0.001000s ]
SQL: SHOW COLUMNS FROM `lewo_room` [ RunTime:0.0070s ]
SQL: SELECT `house_code` FROM `lewo_room` WHERE `id` = 628 LIMIT 1   [ RunTime:0.0010s ]
SQL: SHOW COLUMNS FROM `lewo_houses` [ RunTime:0.0070s ]
SQL: SELECT `end_date` FROM `lewo_houses` WHERE `house_code` = 'CQ00049' LIMIT 1   [ RunTime:0.0010s ]
NOTIC: [8] Use of undefined constant ture - assumed 'ture' E:\wamp2\www\lewo\lewo\Home\Controller\StewardController.class.php 第 476 行.
NOTIC: [8] Use of undefined constant uniqid - assumed 'uniqid' E:\wamp2\www\lewo\lewo\Home\Controller\StewardController.class.php 第 484 行.
NOTIC: [2] call_user_func() expects parameter 1 to be a valid callback, no array or string given E:\wamp2\www\lewo\ThinkPHP\Library\Think\Upload.class.php 第 170 行.
NOTIC: [2048] Declaration of Home\Model\ContractModel::add() should be compatible with Think\Model::add($data = '', $options = Array, $replace = false) E:\wamp2\www\lewo\lewo\Home\Model\ContractModel.class.php 第 140 行.
SQL: SHOW COLUMNS FROM `lewo_contract` [ RunTime:0.0070s ]
SQL: SHOW COLUMNS FROM `lewo_account` [ RunTime:0.0080s ]
SQL: SHOW COLUMNS FROM `lewo_contract` [ RunTime:0.0090s ]
SQL: SELECT * FROM `lewo_account` WHERE `mobile` = '13751507973' LIMIT 1   [ RunTime:0.0010s ]
SQL: SELECT * FROM `lewo_contract` WHERE `account_id` = 27 AND `pay_status` = 0 AND `is_delete` = 0  [ RunTime:0.0010s ]
SQL: SHOW COLUMNS FROM `lewo_area` [ RunTime:0.0100s ]
SQL: SELECT `house_code` FROM `lewo_room` WHERE `id` = 628 LIMIT 1   [ RunTime:0.0010s ]
SQL: SELECT `area_id` FROM `lewo_houses` WHERE `house_code` = 'CQ00049' LIMIT 1   [ RunTime:0.0010s ]
SQL: SELECT `city_id` FROM `lewo_area` WHERE `id` = 36 LIMIT 1   [ RunTime:0.0000s ]
SQL: INSERT INTO `lewo_contract` (`order_no`,`account_id`,`room_id`,`deposit`,`book_deposit`,`period`,`pay_status`,`create_time`,`steward_id`,`rent_type`,`contract_status`,`start_time`,`end_time`,`rent_date`,`rent`,`fee`,`contact2`,`person_count`,`cotenant`,`roomD`,`total_fee`,`realname`,`photo`,`city_id`,`pay_total`) VALUES ('201610241387966','27','628','1800','0','1','0','2016-10-24 15:06:13','4','2_1','1','2016-10-24','2016-10-24','2016-11-24','900.00','90.00','123','1','a:3:{s:10:\"hzRealname\";s:0:\"\";s:8:\"hzMobile\";s:0:\"\";s:8:\"hzCardNo\";s:0:\"\";}','0','2790.00','123撒旦','2016-10-24/580db2e555cd3.jpg','2','2790.00') [ RunTime:0.0010s ]
INFO: [ view_parse ] --START--
INFO: [ template_filter ] --START--
INFO: Run Behavior\ContentReplaceBehavior [ RunTime:0.000000s ]
INFO: [ template_filter ] --END-- [ RunTime:0.001000s ]
INFO: Run Behavior\ParseTemplateBehavior [ RunTime:0.016001s ]
INFO: [ view_parse ] --END-- [ RunTime:0.016001s ]
INFO: [ view_filter ] --START--
INFO: Run Behavior\WriteHtmlCacheBehavior [ RunTime:0.001000s ]
INFO: [ view_filter ] --END-- [ RunTime:0.002000s ]
INFO: [ app_end ] --START--
INFO: Run Behavior\ShowPageTraceBehavior [ RunTime:0.002000s ]
INFO: [ app_end ] --END-- [ RunTime:0.002000s ]

[ 2016-10-24T15:06:14+08:00 ] 127.0.0.1 /index.php/Home/Steward/check_contract/id/3910.html
INFO: [ app_init ] --START--
INFO: Run Behavior\BuildLiteBehavior [ RunTime:0.000000s ]
INFO: [ app_init ] --END-- [ RunTime:0.002000s ]
INFO: [ app_begin ] --START--
INFO: Run Behavior\ReadHtmlCacheBehavior [ RunTime:0.002000s ]
INFO: [ app_begin ] --END-- [ RunTime:0.003000s ]
SQL: SHOW COLUMNS FROM `lewo_contract` [ RunTime:0.0130s ]
SQL: SELECT * FROM `lewo_contract` WHERE `id` = 3910 LIMIT 1   [ RunTime:0.0010s ]
INFO: [ view_parse ] --START--
INFO: [ template_filter ] --START--
INFO: Run Behavior\ContentReplaceBehavior [ RunTime:0.001000s ]
INFO: [ template_filter ] --END-- [ RunTime:0.002000s ]
NOTIC: [8] Undefined variable: area_name E:\wamp2\www\lewo\lewo\Runtime\Cache\Home\e67c633618d005adfd1f24ff91bfa169.php 第 87 行.
NOTIC: [8] Undefined variable: bill_info E:\wamp2\www\lewo\lewo\Runtime\Cache\Home\e67c633618d005adfd1f24ff91bfa169.php 第 87 行.
NOTIC: [8] Undefined variable: bill_info E:\wamp2\www\lewo\lewo\Runtime\Cache\Home\e67c633618d005adfd1f24ff91bfa169.php 第 299 行.
INFO: Run Behavior\ParseTemplateBehavior [ RunTime:0.054003s ]
INFO: [ view_parse ] --END-- [ RunTime:0.056004s ]
INFO: [ view_filter ] --START--
INFO: Run Behavior\WriteHtmlCacheBehavior [ RunTime:0.003000s ]
INFO: [ view_filter ] --END-- [ RunTime:0.003000s ]
INFO: [ app_end ] --START--
INFO: Run Behavior\ShowPageTraceBehavior [ RunTime:0.005000s ]
INFO: [ app_end ] --END-- [ RunTime:0.005000s ]

[ 2016-10-24T15:08:35+08:00 ] 127.0.0.1 /index.php/Home/Steward/index.html
INFO: [ app_init ] --START--
INFO: Run Behavior\BuildLiteBehavior [ RunTime:0.000000s ]
INFO: [ app_init ] --END-- [ RunTime:0.003001s ]
INFO: [ app_begin ] --START--
INFO: Run Behavior\ReadHtmlCacheBehavior [ RunTime:0.006001s ]
INFO: [ app_begin ] --END-- [ RunTime:0.008001s ]
SQL: SHOW COLUMNS FROM `lewo_schedule` [ RunTime:0.0130s ]
SQL: SELECT COUNT(*) AS tp_count FROM `lewo_schedule` WHERE `schedule_type` = 1 AND `is_finish` = 0 AND `steward_id` = 4 AND `admin_type` = 1 LIMIT 1   [ RunTime:0.0010s ]
SQL: SELECT COUNT(*) AS tp_count FROM `lewo_schedule` WHERE `schedule_type` = 2 AND `is_finish` = 0 AND `steward_id` = 4 AND `admin_type` = 1 LIMIT 1   [ RunTime:0.0010s ]
SQL: SELECT COUNT(*) AS tp_count FROM `lewo_schedule` WHERE `schedule_type` = 3 AND `is_finish` = 0 AND `steward_id` = 4 AND `admin_type` = 1 LIMIT 1   [ RunTime:0.0010s ]
SQL: SHOW COLUMNS FROM `lewo_contract` [ RunTime:0.0130s ]
SQL: SELECT SUM(rent) AS tp_sum FROM `lewo_contract` WHERE `start_time` = '2016-10-24' LIMIT 1   [ RunTime:0.0010s ]
SQL: SELECT SUM(fee) AS tp_sum FROM `lewo_contract` WHERE `start_time` = '2016-10-24' LIMIT 1   [ RunTime:0.0020s ]
SQL: SELECT SUM(deposit) AS tp_sum FROM `lewo_contract` WHERE `start_time` = '2016-10-24' LIMIT 1   [ RunTime:0.0010s ]
SQL: SELECT SUM(rent) AS tp_sum FROM `lewo_contract` WHERE `start_time` = '2016-10-23' LIMIT 1   [ RunTime:0.0010s ]
SQL: SELECT SUM(fee) AS tp_sum FROM `lewo_contract` WHERE `start_time` = '2016-10-23' LIMIT 1   [ RunTime:0.0010s ]
SQL: SELECT SUM(deposit) AS tp_sum FROM `lewo_contract` WHERE `start_time` = '2016-10-23' LIMIT 1   [ RunTime:0.0010s ]
SQL: SELECT COUNT(*) AS tp_count FROM `lewo_contract` WHERE `start_time` = '2016-10-24' LIMIT 1   [ RunTime:0.0010s ]
SQL: SHOW COLUMNS FROM `lewo_schedule` [ RunTime:0.0130s ]
SQL: SELECT SUM(money) AS tp_sum FROM `lewo_schedule` WHERE `create_date` = '2016-10-24' AND `schedule_type` = 4 LIMIT 1   [ RunTime:0.0020s ]
SQL: SHOW COLUMNS FROM `lewo_room` [ RunTime:0.0140s ]
SQL: SELECT COUNT(*) AS tp_count FROM `lewo_room` WHERE `room_type` = 1 AND `is_show` = 1 LIMIT 1   [ RunTime:0.0030s ]
SQL: SELECT COUNT(*) AS tp_count FROM `lewo_room` WHERE `status` = 0 AND `room_type` = 1 AND `is_show` = 1 LIMIT 1   [ RunTime:0.0040s ]
SQL: SELECT COUNT(*) AS tp_count FROM `lewo_room` WHERE `room_type` = 2 AND `is_show` = 1 LIMIT 1   [ RunTime:0.0030s ]
SQL: SELECT COUNT(*) AS tp_count FROM `lewo_room` WHERE `status` = 0 AND `room_type` = 2 AND `is_show` = 1 LIMIT 1   [ RunTime:0.0020s ]
SQL: SHOW COLUMNS FROM `lewo_admin_user` [ RunTime:0.0120s ]
SQL: SELECT * FROM `lewo_admin_user` WHERE `id` = 4 LIMIT 1   [ RunTime:0.0020s ]
INFO: [ view_parse ] --START--
INFO: [ template_filter ] --START--
INFO: Run Behavior\ContentReplaceBehavior [ RunTime:0.001000s ]
INFO: [ template_filter ] --END-- [ RunTime:0.002000s ]
INFO: Run Behavior\ParseTemplateBehavior [ RunTime:0.043003s ]
INFO: [ view_parse ] --END-- [ RunTime:0.043003s ]
INFO: [ view_filter ] --START--
INFO: Run Behavior\WriteHtmlCacheBehavior [ RunTime:0.001000s ]
INFO: [ view_filter ] --END-- [ RunTime:0.003000s ]
INFO: [ app_end ] --START--
INFO: Run Behavior\ShowPageTraceBehavior [ RunTime:0.002000s ]
INFO: [ app_end ] --END-- [ RunTime:0.003000s ]

[ 2016-10-24T15:08:37+08:00 ] 127.0.0.1 /index.php/Home/Steward/houses.html
INFO: [ app_init ] --START--
INFO: Run Behavior\BuildLiteBehavior [ RunTime:0.000000s ]
INFO: [ app_init ] --END-- [ RunTime:0.001000s ]
INFO: [ app_begin ] --START--
INFO: Run Behavior\ReadHtmlCacheBehavior [ RunTime:0.002000s ]
INFO: [ app_begin ] --END-- [ RunTime:0.002000s ]
SQL: SHOW COLUMNS FROM `lewo_houses` [ RunTime:0.0090s ]
SQL: SHOW COLUMNS FROM `lewo_room` [ RunTime:0.0080s ]
SQL: SHOW COLUMNS FROM `lewo_area` [ RunTime:0.0090s ]
SQL: SELECT `id`,`area_id`,`steward_id`,`house_code`,`type`,`building`,`floor`,`door_no` FROM `lewo_houses` WHERE `steward_id` = 4 ORDER BY area_id desc, building desc,floor desc,door_no desc  [ RunTime:0.0010s ]
SQL: SELECT COUNT(*) AS tp_count FROM `lewo_room` WHERE `house_code` = 'CQ00049' AND `is_show` = 1 LIMIT 1   [ RunTime:0.0020s ]
SQL: SELECT COUNT(*) AS tp_count FROM `lewo_room` WHERE `house_code` = 'CQ00049' AND `is_show` = 1 AND `status` = 2 LIMIT 1   [ RunTime:0.0020s ]
SQL: SELECT `area_name` FROM `lewo_area` WHERE `id` = 36 LIMIT 1   [ RunTime:0.0000s ]
SQL: SELECT lewo_room.id,lewo_room.account_id,lewo_room.room_code,lewo_room.room_nickname,lewo_room.room_sort,lewo_room.room_type,lewo_room.bed_code,lewo_room.status,lewo_room.is_show,lewo_account.realname,lewo_account.sex FROM `lewo_room` left JOIN lewo_account ON lewo_room.account_id=lewo_account.id  WHERE `house_code` = 'CQ00049' AND `is_show` = 1 ORDER BY room_sort asc  [ RunTime:0.0030s ]
INFO: [ view_parse ] --START--
INFO: [ template_filter ] --START--
INFO: Run Behavior\ContentReplaceBehavior [ RunTime:0.001000s ]
INFO: [ template_filter ] --END-- [ RunTime:0.001000s ]
INFO: Run Behavior\ParseTemplateBehavior [ RunTime:0.046002s ]
INFO: [ view_parse ] --END-- [ RunTime:0.046002s ]
INFO: [ view_filter ] --START--
INFO: Run Behavior\WriteHtmlCacheBehavior [ RunTime:0.001000s ]
INFO: [ view_filter ] --END-- [ RunTime:0.001000s ]
INFO: [ view_parse ] --START--
INFO: [ template_filter ] --START--
INFO: Run Behavior\ContentReplaceBehavior [ RunTime:0.001000s ]
INFO: [ template_filter ] --END-- [ RunTime:-0.023002s ]
INFO: Run Behavior\ParseTemplateBehavior [ RunTime:0.012001s ]
INFO: [ view_parse ] --END-- [ RunTime:-0.004000s ]
INFO: [ view_filter ] --START--
INFO: Run Behavior\WriteHtmlCacheBehavior [ RunTime:0.000000s ]
INFO: [ view_filter ] --END-- [ RunTime:-0.019001s ]
NOTIC: [2] Cannot modify header information - headers already sent by (output started at E:\wamp2\www\lewo\ThinkPHP\Library\Think\View.class.php:95) E:\wamp2\www\lewo\ThinkPHP\Library\Think\View.class.php 第 91 行.
NOTIC: [2] Cannot modify header information - headers already sent by (output started at E:\wamp2\www\lewo\ThinkPHP\Library\Think\View.class.php:95) E:\wamp2\www\lewo\ThinkPHP\Library\Think\View.class.php 第 92 行.
NOTIC: [2] Cannot modify header information - headers already sent by (output started at E:\wamp2\www\lewo\ThinkPHP\Library\Think\View.class.php:95) E:\wamp2\www\lewo\ThinkPHP\Library\Think\View.class.php 第 93 行.
INFO: [ app_end ] --START--
INFO: Run Behavior\ShowPageTraceBehavior [ RunTime:0.003000s ]
INFO: [ app_end ] --END-- [ RunTime:0.003000s ]

[ 2016-10-24T15:08:43+08:00 ] 127.0.0.1 /index.php/Home/Steward/roominfo/id/628.html
INFO: [ app_init ] --START--
INFO: Run Behavior\BuildLiteBehavior [ RunTime:0.000000s ]
INFO: [ app_init ] --END-- [ RunTime:0.002000s ]
INFO: [ app_begin ] --START--
INFO: Run Behavior\ReadHtmlCacheBehavior [ RunTime:0.004000s ]
INFO: [ app_begin ] --END-- [ RunTime:0.004000s ]
SQL: SHOW COLUMNS FROM `lewo_houses` [ RunTime:0.0110s ]
SQL: SHOW COLUMNS FROM `lewo_room` [ RunTime:0.0130s ]
SQL: SHOW COLUMNS FROM `lewo_houses` [ RunTime:0.0120s ]
SQL: SHOW COLUMNS FROM `lewo_admin_user` [ RunTime:0.0110s ]
SQL: SELECT * FROM `lewo_room` WHERE `id` = 628 LIMIT 1   [ RunTime:0.0010s ]
SQL: SELECT `area_id`,`address`,`floor`,`door_no`,`building`,`steward_id` FROM `lewo_houses` WHERE `house_code` = 'CQ00049' LIMIT 1   [ RunTime:0.0010s ]
SQL: SELECT `id`,`username`,`nickname`,`mobile` FROM `lewo_admin_user` WHERE `id` = 4 LIMIT 1   [ RunTime:0.0010s ]
SQL: SHOW COLUMNS FROM `lewo_area` [ RunTime:0.0130s ]
SQL: SELECT `area_name` FROM `lewo_area` WHERE `id` = 36 LIMIT 1   [ RunTime:0.0010s ]
SQL: SELECT `id`,`house_code`,`room_code`,`room_sort`,`room_area`,`room_parameter`,`rent`,`room_fee`,`status`,`room_images_01`,`room_images_02`,`room_images_03`,`room_images_04` FROM `lewo_room` WHERE `house_code` = 'CQ00049' AND `id` NOT IN ('628') AND `status` = 0 AND `is_show` = 1  [ RunTime:0.0040s ]
INFO: [ view_parse ] --START--
INFO: [ template_filter ] --START--
INFO: Run Behavior\ContentReplaceBehavior [ RunTime:0.001000s ]
INFO: [ template_filter ] --END-- [ RunTime:0.003000s ]
NOTIC: [8] Undefined index: room_images E:\wamp2\www\lewo\lewo\Runtime\Cache\Home\50aa9fee479283f114a3cae7d74e4fb3.php 第 56 行.
NOTIC: [8] Undefined index: room_images E:\wamp2\www\lewo\lewo\Runtime\Cache\Home\50aa9fee479283f114a3cae7d74e4fb3.php 第 60 行.
INFO: Run Behavior\ParseTemplateBehavior [ RunTime:0.084005s ]
INFO: [ view_parse ] --END-- [ RunTime:0.085005s ]
INFO: [ view_filter ] --START--
INFO: Run Behavior\WriteHtmlCacheBehavior [ RunTime:0.001000s ]
INFO: [ view_filter ] --END-- [ RunTime:0.003000s ]
INFO: [ app_end ] --START--
INFO: Run Behavior\ShowPageTraceBehavior [ RunTime:0.005000s ]
INFO: [ app_end ] --END-- [ RunTime:0.007000s ]

[ 2016-10-24T15:08:45+08:00 ] 127.0.0.1 /index.php/Home/Steward/checkin/id/628.html
INFO: [ app_init ] --START--
INFO: Run Behavior\BuildLiteBehavior [ RunTime:0.001000s ]
INFO: [ app_init ] --END-- [ RunTime:0.002000s ]
INFO: [ app_begin ] --START--
INFO: Run Behavior\ReadHtmlCacheBehavior [ RunTime:0.003000s ]
INFO: [ app_begin ] --END-- [ RunTime:0.004000s ]
SQL: SHOW COLUMNS FROM `lewo_houses` [ RunTime:0.0120s ]
SQL: SHOW COLUMNS FROM `lewo_room` [ RunTime:0.0140s ]
SQL: SHOW COLUMNS FROM `lewo_houses` [ RunTime:0.0130s ]
SQL: SHOW COLUMNS FROM `lewo_admin_user` [ RunTime:0.0120s ]
SQL: SELECT * FROM `lewo_room` WHERE `id` = 628 LIMIT 1   [ RunTime:0.0020s ]
SQL: SELECT `area_id`,`address`,`floor`,`door_no`,`building`,`steward_id` FROM `lewo_houses` WHERE `house_code` = 'CQ00049' LIMIT 1   [ RunTime:0.0010s ]
SQL: SELECT `id`,`username`,`nickname`,`mobile` FROM `lewo_admin_user` WHERE `id` = 4 LIMIT 1   [ RunTime:0.0010s ]
SQL: SHOW COLUMNS FROM `lewo_area` [ RunTime:0.0120s ]
SQL: SELECT `area_name` FROM `lewo_area` WHERE `id` = 36 LIMIT 1   [ RunTime:0.0020s ]
INFO: [ view_parse ] --START--
INFO: [ template_filter ] --START--
INFO: Run Behavior\ContentReplaceBehavior [ RunTime:0.000000s ]
INFO: [ template_filter ] --END-- [ RunTime:0.002000s ]
NOTIC: [8] Undefined variable: account_id E:\wamp2\www\lewo\lewo\Runtime\Cache\Home\81a17a9c5756f67421131a5fd2e58e89.php 第 85 行.
NOTIC: [8] Undefined variable: schedule_info E:\wamp2\www\lewo\lewo\Runtime\Cache\Home\81a17a9c5756f67421131a5fd2e58e89.php 第 94 行.
NOTIC: [8] Undefined variable: schedule_info E:\wamp2\www\lewo\lewo\Runtime\Cache\Home\81a17a9c5756f67421131a5fd2e58e89.php 第 103 行.
NOTIC: [8] Undefined variable: schedule_info E:\wamp2\www\lewo\lewo\Runtime\Cache\Home\81a17a9c5756f67421131a5fd2e58e89.php 第 112 行.
NOTIC: [8] Undefined variable: schedule_info E:\wamp2\www\lewo\lewo\Runtime\Cache\Home\81a17a9c5756f67421131a5fd2e58e89.php 第 121 行.
NOTIC: [8] Undefined variable: schedule_info E:\wamp2\www\lewo\lewo\Runtime\Cache\Home\81a17a9c5756f67421131a5fd2e58e89.php 第 130 行.
INFO: Run Behavior\ParseTemplateBehavior [ RunTime:0.046003s ]
INFO: [ view_parse ] --END-- [ RunTime:0.047003s ]
INFO: [ view_filter ] --START--
INFO: Run Behavior\WriteHtmlCacheBehavior [ RunTime:0.003000s ]
INFO: [ view_filter ] --END-- [ RunTime:0.004000s ]
INFO: [ app_end ] --START--
INFO: Run Behavior\ShowPageTraceBehavior [ RunTime:0.004001s ]
INFO: [ app_end ] --END-- [ RunTime:0.006001s ]

[ 2016-10-24T15:08:59+08:00 ] 127.0.0.1 /index.php/Home/Steward/checkin.html
INFO: [ app_init ] --START--
INFO: Run Behavior\BuildLiteBehavior [ RunTime:0.000000s ]
INFO: [ app_init ] --END-- [ RunTime:0.003000s ]
INFO: [ app_begin ] --START--
INFO: Run Behavior\ReadHtmlCacheBehavior [ RunTime:0.003000s ]
INFO: [ app_begin ] --END-- [ RunTime:0.005001s ]
SQL: SHOW COLUMNS FROM `lewo_room` [ RunTime:0.0200s ]
SQL: SELECT `house_code` FROM `lewo_room` WHERE `id` = 628 LIMIT 1   [ RunTime:0.0010s ]
SQL: SHOW COLUMNS FROM `lewo_houses` [ RunTime:0.0160s ]
SQL: SELECT `end_date` FROM `lewo_houses` WHERE `house_code` = 'CQ00049' LIMIT 1   [ RunTime:0.0040s ]
NOTIC: [8] Use of undefined constant ture - assumed 'ture' E:\wamp2\www\lewo\lewo\Home\Controller\StewardController.class.php 第 476 行.
NOTIC: [8] Use of undefined constant uniqid - assumed 'uniqid' E:\wamp2\www\lewo\lewo\Home\Controller\StewardController.class.php 第 486 行.

[ 2016-10-24T15:10:03+08:00 ] 127.0.0.1 /index.php/Home/Steward/checkin.html
INFO: [ app_init ] --START--
INFO: Run Behavior\BuildLiteBehavior [ RunTime:0.000000s ]
INFO: [ app_init ] --END-- [ RunTime:0.003001s ]
INFO: [ app_begin ] --START--
INFO: Run Behavior\ReadHtmlCacheBehavior [ RunTime:0.002000s ]
INFO: [ app_begin ] --END-- [ RunTime:0.003001s ]
SQL: SHOW COLUMNS FROM `lewo_room` [ RunTime:0.0130s ]
SQL: SELECT `house_code` FROM `lewo_room` WHERE `id` = 628 LIMIT 1   [ RunTime:0.0010s ]
SQL: SHOW COLUMNS FROM `lewo_houses` [ RunTime:0.0130s ]
SQL: SELECT `end_date` FROM `lewo_houses` WHERE `house_code` = 'CQ00049' LIMIT 1   [ RunTime:0.0020s ]
NOTIC: [8] Use of undefined constant ture - assumed 'ture' E:\wamp2\www\lewo\lewo\Home\Controller\StewardController.class.php 第 476 行.
NOTIC: [8] Use of undefined constant uniqid - assumed 'uniqid' E:\wamp2\www\lewo\lewo\Home\Controller\StewardController.class.php 第 486 行.
NOTIC: [2] call_user_func() expects parameter 1 to be a valid callback, no array or string given E:\wamp2\www\lewo\ThinkPHP\Library\Think\Upload.class.php 第 170 行.

