[ 2016-12-15T09:16:52+08:00 ] 127.0.0.1 /
INFO: [ app_init ] --START--
INFO: Run Behavior\BuildLiteBehavior [ RunTime:0.000032s ]
INFO: [ app_init ] --END-- [ RunTime:0.003707s ]
INFO: [ app_begin ] --START--
INFO: Run Behavior\ReadHtmlCacheBehavior [ RunTime:0.002192s ]
INFO: [ app_begin ] --END-- [ RunTime:0.002323s ]
INFO: [ view_parse ] --START--
INFO: [ template_filter ] --START--
INFO: Run Behavior\ContentReplaceBehavior [ RunTime:0.000483s ]
INFO: [ template_filter ] --END-- [ RunTime:0.000633s ]
INFO: Run Behavior\ParseTemplateBehavior [ RunTime:0.028853s ]
INFO: [ view_parse ] --END-- [ RunTime:0.028984s ]
INFO: [ view_filter ] --START--
INFO: Run Behavior\WriteHtmlCacheBehavior [ RunTime:0.001453s ]
INFO: [ view_filter ] --END-- [ RunTime:0.001567s ]

[ 2016-12-15T09:17:20+08:00 ] 127.0.0.1 /index.php/Home/steward/login.html
INFO: [ app_init ] --START--
INFO: Run Behavior\BuildLiteBehavior [ RunTime:0.000028s ]
INFO: [ app_init ] --END-- [ RunTime:0.000660s ]
INFO: [ app_begin ] --START--
INFO: Run Behavior\ReadHtmlCacheBehavior [ RunTime:0.000797s ]
INFO: [ app_begin ] --END-- [ RunTime:0.000920s ]
INFO: [ view_parse ] --START--
INFO: [ template_filter ] --START--
INFO: Run Behavior\ContentReplaceBehavior [ RunTime:0.000092s ]
INFO: [ template_filter ] --END-- [ RunTime:0.000205s ]
INFO: Run Behavior\ParseTemplateBehavior [ RunTime:0.011740s ]
INFO: [ view_parse ] --END-- [ RunTime:0.011906s ]
INFO: [ view_filter ] --START--
INFO: Run Behavior\WriteHtmlCacheBehavior [ RunTime:0.000525s ]
INFO: [ view_filter ] --END-- [ RunTime:0.000653s ]

[ 2016-12-15T09:17:25+08:00 ] 127.0.0.1 /index.php/Home/Steward/login.html
INFO: [ app_init ] --START--
INFO: Run Behavior\BuildLiteBehavior [ RunTime:0.000028s ]
INFO: [ app_init ] --END-- [ RunTime:0.000662s ]
INFO: [ app_begin ] --START--
INFO: Run Behavior\ReadHtmlCacheBehavior [ RunTime:0.002225s ]
INFO: [ app_begin ] --END-- [ RunTime:0.002418s ]
SQL: SHOW COLUMNS FROM `lewo_admin_user` [ RunTime:0.0109s ]
SQL: SELECT * FROM `lewo_admin_user` WHERE `username` = 'lewoGJ' AND `password` = '233ffb4cc18ec70bbe332df5efb42662' LIMIT 1   [ RunTime:0.0013s ]

[ 2016-12-15T09:17:25+08:00 ] 127.0.0.1 /index.php/Home/Steward/index.html
INFO: [ app_init ] --START--
INFO: Run Behavior\BuildLiteBehavior [ RunTime:0.000028s ]
INFO: [ app_init ] --END-- [ RunTime:0.000632s ]
INFO: [ app_begin ] --START--
INFO: Run Behavior\ReadHtmlCacheBehavior [ RunTime:0.000780s ]
INFO: [ app_begin ] --END-- [ RunTime:0.000902s ]
SQL: SHOW COLUMNS FROM `lewo_schedule` [ RunTime:0.0084s ]
SQL: SELECT COUNT(*) AS tp_count FROM `lewo_schedule` WHERE `schedule_type` = 1 AND `is_finish` = 0 AND `steward_id` = 35 AND `admin_type` = 1 LIMIT 1   [ RunTime:0.0010s ]
SQL: SELECT COUNT(*) AS tp_count FROM `lewo_schedule` WHERE `schedule_type` = 2 AND `is_finish` = 0 AND `steward_id` = 35 AND `admin_type` = 1 LIMIT 1   [ RunTime:0.0004s ]
SQL: SELECT COUNT(*) AS tp_count FROM `lewo_schedule` WHERE `schedule_type` = 3 AND `is_finish` = 0 AND `steward_id` = 35 AND `admin_type` = 1 LIMIT 1   [ RunTime:0.0004s ]
SQL: SELECT COUNT(*) AS tp_count FROM `lewo_schedule` WHERE `schedule_type` = 4 AND `is_finish` = 0 AND `steward_id` = 35 AND `admin_type` = 1 LIMIT 1   [ RunTime:0.0004s ]
SQL: SHOW COLUMNS FROM `lewo_contract` [ RunTime:0.0133s ]
SQL: SELECT SUM(rent) AS tp_sum FROM `lewo_contract` WHERE `start_time` = '2016-12-15' LIMIT 1   [ RunTime:0.0060s ]
SQL: SELECT SUM(fee) AS tp_sum FROM `lewo_contract` WHERE `start_time` = '2016-12-15' LIMIT 1   [ RunTime:0.0014s ]
SQL: SELECT SUM(deposit) AS tp_sum FROM `lewo_contract` WHERE `start_time` = '2016-12-15' LIMIT 1   [ RunTime:0.0013s ]
SQL: SELECT SUM(rent) AS tp_sum FROM `lewo_contract` WHERE `start_time` = '2016-12-14' LIMIT 1   [ RunTime:0.0014s ]
SQL: SELECT SUM(fee) AS tp_sum FROM `lewo_contract` WHERE `start_time` = '2016-12-14' LIMIT 1   [ RunTime:0.0014s ]
SQL: SELECT SUM(deposit) AS tp_sum FROM `lewo_contract` WHERE `start_time` = '2016-12-14' LIMIT 1   [ RunTime:0.0013s ]
SQL: SELECT COUNT(*) AS tp_count FROM `lewo_contract` WHERE `start_time` = '2016-12-15' LIMIT 1   [ RunTime:0.0013s ]
SQL: SHOW COLUMNS FROM `lewo_schedule` [ RunTime:0.0067s ]
SQL: SELECT SUM(money) AS tp_sum FROM `lewo_schedule` WHERE `create_date` = '2016-12-15' AND `schedule_type` = 4 LIMIT 1   [ RunTime:0.0005s ]
SQL: SHOW COLUMNS FROM `lewo_room` [ RunTime:0.0103s ]
SQL: SELECT COUNT(*) AS tp_count FROM `lewo_room` WHERE `room_type` = 1 AND `is_show` = 1 LIMIT 1   [ RunTime:0.0042s ]
SQL: SELECT COUNT(*) AS tp_count FROM `lewo_room` WHERE `status` = 0 AND `room_type` = 1 AND `is_show` = 1 LIMIT 1   [ RunTime:0.0010s ]
SQL: SELECT COUNT(*) AS tp_count FROM `lewo_room` WHERE `room_type` = 2 AND `is_show` = 1 LIMIT 1   [ RunTime:0.0009s ]
SQL: SELECT COUNT(*) AS tp_count FROM `lewo_room` WHERE `status` = 0 AND `room_type` = 2 AND `is_show` = 1 LIMIT 1   [ RunTime:0.0009s ]
SQL: SHOW COLUMNS FROM `lewo_admin_user` [ RunTime:0.0057s ]
SQL: SELECT * FROM `lewo_admin_user` WHERE `id` = 35 LIMIT 1   [ RunTime:0.0006s ]
INFO: [ view_parse ] --START--
INFO: [ template_filter ] --START--
INFO: Run Behavior\ContentReplaceBehavior [ RunTime:0.000127s ]
INFO: [ template_filter ] --END-- [ RunTime:0.000237s ]
INFO: Run Behavior\ParseTemplateBehavior [ RunTime:0.014275s ]
INFO: [ view_parse ] --END-- [ RunTime:0.014404s ]
INFO: [ view_filter ] --START--
INFO: Run Behavior\WriteHtmlCacheBehavior [ RunTime:0.000539s ]
INFO: [ view_filter ] --END-- [ RunTime:0.000645s ]
INFO: [ app_end ] --START--
INFO: Run Behavior\ShowPageTraceBehavior [ RunTime:0.016369s ]
INFO: [ app_end ] --END-- [ RunTime:0.016501s ]

[ 2016-12-15T09:18:26+08:00 ] 127.0.0.1 /index.php/Home/Steward/refesh_schedule_count.html
INFO: [ app_init ] --START--
INFO: Run Behavior\BuildLiteBehavior [ RunTime:0.000027s ]
INFO: [ app_init ] --END-- [ RunTime:0.000737s ]
INFO: [ app_begin ] --START--
INFO: Run Behavior\ReadHtmlCacheBehavior [ RunTime:0.000935s ]
INFO: [ app_begin ] --END-- [ RunTime:0.001043s ]
SQL: SHOW COLUMNS FROM `lewo_schedule` [ RunTime:0.0062s ]
SQL: SELECT COUNT(*) AS tp_count FROM `lewo_schedule` WHERE `schedule_type` = 1 AND `is_finish` = 0 AND `steward_id` = 35 AND `admin_type` = 1 LIMIT 1   [ RunTime:0.0005s ]
SQL: SELECT COUNT(*) AS tp_count FROM `lewo_schedule` WHERE `schedule_type` = 2 AND `is_finish` = 0 AND `steward_id` = 35 AND `admin_type` = 1 LIMIT 1   [ RunTime:0.0004s ]
SQL: SELECT COUNT(*) AS tp_count FROM `lewo_schedule` WHERE `schedule_type` = 3 AND `is_finish` = 0 AND `steward_id` = 35 AND `admin_type` = 1 LIMIT 1   [ RunTime:0.0004s ]
SQL: SELECT COUNT(*) AS tp_count FROM `lewo_schedule` WHERE `schedule_type` = 4 AND `is_finish` = 0 AND `steward_id` = 35 AND `admin_type` = 1 LIMIT 1   [ RunTime:0.0004s ]
NOTIC: [8] Undefined index: stewrad_schedule_count G:\wamp2\www\new_lewo\lewo\Home\Controller\StewardController.class.php 第 65 行.

[ 2016-12-15T09:18:57+08:00 ] 127.0.0.1 /index.php/Home/Steward/houses.html
INFO: [ app_init ] --START--
INFO: Run Behavior\BuildLiteBehavior [ RunTime:0.000042s ]
INFO: [ app_init ] --END-- [ RunTime:0.001103s ]
INFO: [ app_begin ] --START--
INFO: Run Behavior\ReadHtmlCacheBehavior [ RunTime:0.003133s ]
INFO: [ app_begin ] --END-- [ RunTime:0.003342s ]
SQL: SHOW COLUMNS FROM `lewo_houses` [ RunTime:0.0087s ]
SQL: SHOW COLUMNS FROM `lewo_room` [ RunTime:0.0066s ]
SQL: SHOW COLUMNS FROM `lewo_area` [ RunTime:0.0068s ]
SQL: SELECT `id`,`area_id`,`steward_id`,`house_code`,`type`,`building`,`floor`,`door_no` FROM `lewo_houses` WHERE `steward_id` = 35 AND ( house_code LIKE '%%' OR area_name LIKE '%%' ) ORDER BY area_id desc, building desc,floor desc,door_no desc  [ RunTime:0.0014s ]
SQL: SELECT COUNT(*) AS tp_count FROM `lewo_room` WHERE `house_code` = '重庆测试01' AND `is_show` = 1 LIMIT 1   [ RunTime:0.0005s ]
SQL: SELECT COUNT(*) AS tp_count FROM `lewo_room` WHERE `house_code` = '重庆测试01' AND `is_show` = 1 AND `status` = 2 LIMIT 1   [ RunTime:0.0005s ]
SQL: SELECT `area_name` FROM `lewo_area` WHERE `id` = 38 LIMIT 1   [ RunTime:0.0004s ]
SQL: SELECT lewo_room.id,lewo_room.account_id,lewo_room.room_code,lewo_room.room_nickname,lewo_room.room_sort,lewo_room.room_type,lewo_room.bed_code,lewo_room.rent,lewo_room.status,lewo_room.is_show,lewo_account.realname,lewo_account.sex FROM `lewo_room` left JOIN lewo_account ON lewo_room.account_id=lewo_account.id  WHERE `house_code` = '重庆测试01' AND `is_show` = 1 ORDER BY room_sort asc  [ RunTime:0.0073s ]
INFO: [ view_parse ] --START--
INFO: [ template_filter ] --START--
INFO: Run Behavior\ContentReplaceBehavior [ RunTime:0.000181s ]
INFO: [ template_filter ] --END-- [ RunTime:0.000331s ]
INFO: Run Behavior\ParseTemplateBehavior [ RunTime:0.021535s ]
INFO: [ view_parse ] --END-- [ RunTime:0.021653s ]
INFO: [ view_filter ] --START--
INFO: Run Behavior\WriteHtmlCacheBehavior [ RunTime:0.000730s ]
INFO: [ view_filter ] --END-- [ RunTime:0.000844s ]
INFO: [ view_parse ] --START--
INFO: [ template_filter ] --START--
INFO: Run Behavior\ContentReplaceBehavior [ RunTime:0.000080s ]
INFO: [ template_filter ] --END-- [ RunTime:-0.022649s ]
INFO: Run Behavior\ParseTemplateBehavior [ RunTime:0.018563s ]
INFO: [ view_parse ] --END-- [ RunTime:-0.001366s ]
INFO: [ view_filter ] --START--
INFO: Run Behavior\WriteHtmlCacheBehavior [ RunTime:0.000027s ]
INFO: [ view_filter ] --END-- [ RunTime:-0.019198s ]
INFO: [ app_end ] --START--
INFO: Run Behavior\ShowPageTraceBehavior [ RunTime:0.001893s ]
INFO: [ app_end ] --END-- [ RunTime:0.002037s ]

[ 2016-12-15T09:19:00+08:00 ] 127.0.0.1 /index.php/Home/Steward/tenant_info/account_id/2389/room_id/781.html
INFO: [ app_init ] --START--
INFO: Run Behavior\BuildLiteBehavior [ RunTime:0.000039s ]
INFO: [ app_init ] --END-- [ RunTime:0.001807s ]
INFO: [ app_begin ] --START--
INFO: Run Behavior\ReadHtmlCacheBehavior [ RunTime:0.002068s ]
INFO: [ app_begin ] --END-- [ RunTime:0.002235s ]
SQL: SHOW COLUMNS FROM `lewo_account` [ RunTime:0.0085s ]
SQL: SHOW COLUMNS FROM `lewo_room` [ RunTime:0.0079s ]
SQL: SHOW COLUMNS FROM `lewo_houses` [ RunTime:0.0084s ]
SQL: SHOW COLUMNS FROM `lewo_area` [ RunTime:0.0069s ]
SQL: SELECT * FROM `lewo_account` WHERE `id` = 2389 LIMIT 1   [ RunTime:0.0009s ]
SQL: SELECT r.id,r.room_code,r.bed_code,h.building,h.floor,h.door_no,area.area_name FROM lewo_room r left JOIN lewo_houses h ON r.house_code=h.house_code left JOIN lewo_area area ON area.id=h.area_id  WHERE r.id = '781' LIMIT 1   [ RunTime:0.0008s ]
NOTIC: [8] Undefined variable: area_name G:\wamp2\www\new_lewo\lewo\Home\Controller\StewardController.class.php 第 362 行.
INFO: [ view_parse ] --START--
INFO: [ template_filter ] --START--
INFO: Run Behavior\ContentReplaceBehavior [ RunTime:0.000236s ]
INFO: [ template_filter ] --END-- [ RunTime:0.000410s ]
NOTIC: [8] Undefined variable: room_code G:\wamp2\www\new_lewo\lewo\Runtime\Cache\Home\3318eaaab3dfb7c31c61d65acd2ac28f.php 第 130 行.
INFO: Run Behavior\ParseTemplateBehavior [ RunTime:0.042728s ]
INFO: [ view_parse ] --END-- [ RunTime:0.042934s ]
INFO: [ view_filter ] --START--
INFO: Run Behavior\WriteHtmlCacheBehavior [ RunTime:0.002510s ]
INFO: [ view_filter ] --END-- [ RunTime:0.002753s ]
INFO: [ app_end ] --START--
INFO: Run Behavior\ShowPageTraceBehavior [ RunTime:0.001805s ]
INFO: [ app_end ] --END-- [ RunTime:0.002002s ]

