[ 2016-11-08T09:05:49+08:00 ] 127.0.0.1 /
INFO: [ app_init ] --START--
INFO: Run Behavior\BuildLiteBehavior [ RunTime:0.000030s ]
INFO: [ app_init ] --END-- [ RunTime:0.003089s ]
INFO: [ app_begin ] --START--
INFO: Run Behavior\ReadHtmlCacheBehavior [ RunTime:0.002178s ]
INFO: [ app_begin ] --END-- [ RunTime:0.002323s ]
INFO: [ view_parse ] --START--
INFO: [ template_filter ] --START--
INFO: Run Behavior\ContentReplaceBehavior [ RunTime:0.001958s ]
INFO: [ template_filter ] --END-- [ RunTime:0.002106s ]
INFO: Run Behavior\ParseTemplateBehavior [ RunTime:0.066586s ]
INFO: [ view_parse ] --END-- [ RunTime:0.066849s ]
INFO: [ view_filter ] --START--
INFO: Run Behavior\WriteHtmlCacheBehavior [ RunTime:0.024131s ]
INFO: [ view_filter ] --END-- [ RunTime:0.024262s ]

[ 2016-11-08T17:53:56+08:00 ] 127.0.0.1 /
INFO: [ app_init ] --START--
INFO: Run Behavior\BuildLiteBehavior [ RunTime:0.000030s ]
INFO: [ app_init ] --END-- [ RunTime:0.000710s ]
INFO: [ app_begin ] --START--
INFO: Run Behavior\ReadHtmlCacheBehavior [ RunTime:0.000925s ]
INFO: [ app_begin ] --END-- [ RunTime:0.001064s ]
INFO: [ view_parse ] --START--
INFO: [ template_filter ] --START--
INFO: Run Behavior\ContentReplaceBehavior [ RunTime:0.000099s ]
INFO: [ template_filter ] --END-- [ RunTime:0.000230s ]
INFO: Run Behavior\ParseTemplateBehavior [ RunTime:0.013484s ]
INFO: [ view_parse ] --END-- [ RunTime:0.013645s ]
INFO: [ view_filter ] --START--
INFO: Run Behavior\WriteHtmlCacheBehavior [ RunTime:0.000748s ]
INFO: [ view_filter ] --END-- [ RunTime:0.000891s ]

[ 2016-11-08T17:54:01+08:00 ] 127.0.0.1 /index.php/Home/Tenant/login.html
INFO: [ app_init ] --START--
INFO: Run Behavior\BuildLiteBehavior [ RunTime:0.000039s ]
INFO: [ app_init ] --END-- [ RunTime:0.001133s ]
INFO: [ app_begin ] --START--
INFO: Run Behavior\ReadHtmlCacheBehavior [ RunTime:0.002316s ]
INFO: [ app_begin ] --END-- [ RunTime:0.002605s ]
SQL: SHOW COLUMNS FROM `lewo_account` [ RunTime:0.0118s ]
SQL: SELECT * FROM `lewo_account` WHERE `mobile` = '18223332705' AND `password` = 'e10adc3949ba59abbe56e057f20f883e' LIMIT 1   [ RunTime:0.0010s ]
SQL: UPDATE `lewo_account` SET `login_time`='2016-11-08 17:54:01' WHERE `mobile` = '18223332705' AND `password` = 'e10adc3949ba59abbe56e057f20f883e' [ RunTime:0.0181s ]
INFO: [ view_parse ] --START--
INFO: [ template_filter ] --START--
INFO: Run Behavior\ContentReplaceBehavior [ RunTime:0.000113s ]
INFO: [ template_filter ] --END-- [ RunTime:0.000246s ]
INFO: Run Behavior\ParseTemplateBehavior [ RunTime:0.012901s ]
INFO: [ view_parse ] --END-- [ RunTime:0.013046s ]
INFO: [ view_filter ] --START--
INFO: Run Behavior\WriteHtmlCacheBehavior [ RunTime:0.000551s ]
INFO: [ view_filter ] --END-- [ RunTime:0.000680s ]

[ 2016-11-08T17:54:02+08:00 ] 127.0.0.1 /index.php/Home/Tenant/index.html
INFO: [ app_init ] --START--
INFO: Run Behavior\BuildLiteBehavior [ RunTime:0.000029s ]
INFO: [ app_init ] --END-- [ RunTime:0.000668s ]
INFO: [ app_begin ] --START--
INFO: Run Behavior\ReadHtmlCacheBehavior [ RunTime:0.001211s ]
INFO: [ app_begin ] --END-- [ RunTime:0.001391s ]
SQL: SHOW COLUMNS FROM `lewo_account` [ RunTime:0.0069s ]
SQL: SELECT `id`,`mobile`,`email`,`sex`,`tag`,`birthday`,`register_time`,`avatar`,`address`,`zipcode`,`card_no`,`balance`,`realname`,`contact2` FROM `lewo_account` WHERE `id` = 1119 LIMIT 1   [ RunTime:0.0007s ]
SQL: SHOW COLUMNS FROM `lewo_room` [ RunTime:0.0097s ]
SQL: SELECT * FROM `lewo_room` WHERE `account_id` = 1119 AND `status` = 2 LIMIT 1   [ RunTime:0.0018s ]
SQL: SHOW COLUMNS FROM `lewo_houses` [ RunTime:0.0092s ]
SQL: SELECT * FROM `lewo_houses` INNER JOIN lewo_area ON lewo_houses.area_id = lewo_area.id  WHERE `house_code` = 'CQ00026' LIMIT 1   [ RunTime:0.0009s ]
SQL: SHOW COLUMNS FROM `lewo_back_bill` [ RunTime:0.0075s ]
SQL: SELECT * FROM `lewo_back_bill` WHERE `account_id` = 1119 AND `is_affirm` = 2  [ RunTime:0.0006s ]
SQL: SELECT * FROM `lewo_back_bill` WHERE `is_finish` = 0 AND `is_affirm` = 0 AND `account_id` = 1119 LIMIT 1   [ RunTime:0.0006s ]
SQL: SHOW COLUMNS FROM `lewo_schedule` [ RunTime:0.0110s ]
SQL: SELECT `schedule_type` FROM `lewo_schedule` WHERE `id` = null LIMIT 1   [ RunTime:0.0009s ]
NOTIC: [8] Undefined index:  G:\wamp2\www\lewo\lewo\Home\Controller\TenantController.class.php 第 31 行.
SQL: SHOW COLUMNS FROM `lewo_charge_bill` [ RunTime:0.0083s ]
SQL: SHOW COLUMNS FROM `lewo_pay` [ RunTime:0.0079s ]
SQL: SELECT cb.*,p.* FROM lewo_pay p left JOIN lewo_charge_bill cb ON p.pro_id=cb.pro_id  WHERE p.account_id = '1119' AND p.pay_status = 0 AND p.is_show = 1 AND cb.is_send = 1  [ RunTime:0.0719s ]
SQL: SHOW COLUMNS FROM `lewo_houses` [ RunTime:0.0105s ]
SQL: SHOW COLUMNS FROM `lewo_area` [ RunTime:0.0122s ]
SQL: SELECT `area_id` FROM `lewo_houses` WHERE `house_code` = 'CQ00026' LIMIT 1   [ RunTime:0.0006s ]
SQL: SELECT `city_id` FROM `lewo_area` WHERE `id` = 21 LIMIT 1   [ RunTime:0.0005s ]
NOTIC: [2048] Declaration of Home\Model\ContractModel::add() should be compatible with Think\Model::add($data = '', $options = Array, $replace = false) G:\wamp2\www\lewo\lewo\Home\Model\ContractModel.class.php 第 140 行.
SQL: SHOW COLUMNS FROM `lewo_contract` [ RunTime:0.0137s ]
SQL: SELECT c.*,p.* FROM lewo_pay p INNER JOIN lewo_contract c ON p.pro_id=c.pro_id  WHERE p.account_id = '1119' AND p.bill_type = 2 AND p.pay_status = 0 AND `is_show` = 1 ORDER BY p.id desc LIMIT 1   [ RunTime:0.0326s ]
SQL: SHOW COLUMNS FROM `lewo_room` [ RunTime:0.0140s ]
SQL: SHOW COLUMNS FROM `lewo_account` [ RunTime:0.0158s ]
INFO: [ view_parse ] --START--
INFO: [ template_filter ] --START--
INFO: Run Behavior\ContentReplaceBehavior [ RunTime:0.000242s ]
INFO: [ template_filter ] --END-- [ RunTime:0.000403s ]
INFO: Run Behavior\ParseTemplateBehavior [ RunTime:0.030343s ]
INFO: [ view_parse ] --END-- [ RunTime:0.030506s ]
INFO: [ view_filter ] --START--
INFO: Run Behavior\WriteHtmlCacheBehavior [ RunTime:0.004307s ]
INFO: [ view_filter ] --END-- [ RunTime:0.004474s ]
INFO: [ app_end ] --START--
INFO: Run Behavior\ShowPageTraceBehavior [ RunTime:0.002747s ]
INFO: [ app_end ] --END-- [ RunTime:0.002905s ]

[ 2016-11-08T18:27:07+08:00 ] 127.0.0.1 /index.php/Home/Tenant/detail_fee/pro_id/147815311646477.html
INFO: [ app_init ] --START--
INFO: Run Behavior\BuildLiteBehavior [ RunTime:0.000043s ]
INFO: [ app_init ] --END-- [ RunTime:0.001406s ]
INFO: [ app_begin ] --START--
INFO: Run Behavior\ReadHtmlCacheBehavior [ RunTime:0.001345s ]
INFO: [ app_begin ] --END-- [ RunTime:0.001531s ]
SQL: SHOW COLUMNS FROM `lewo_area` [ RunTime:0.0086s ]
SQL: SHOW COLUMNS FROM `lewo_area` [ RunTime:0.0053s ]
SQL: SHOW COLUMNS FROM `lewo_charge_house` [ RunTime:0.0080s ]
SQL: SHOW COLUMNS FROM `lewo_charge_bill` [ RunTime:0.0100s ]
SQL: SHOW COLUMNS FROM `lewo_houses` [ RunTime:0.0069s ]
SQL: SHOW COLUMNS FROM `lewo_ammeter_house` [ RunTime:0.0067s ]
SQL: SHOW COLUMNS FROM `lewo_pay` [ RunTime:0.0084s ]
SQL: SELECT cb.*,p.* FROM lewo_pay p INNER JOIN lewo_charge_bill cb ON p.pro_id=cb.pro_id  WHERE p.pro_id = '147815311646477' LIMIT 1   [ RunTime:0.0013s ]
SQL: SELECT `area_id` FROM `lewo_houses` WHERE `house_code` = 'CQ00026' LIMIT 1   [ RunTime:0.0005s ]
SQL: SELECT `id` FROM `lewo_houses` WHERE `house_code` = 'CQ00026' LIMIT 1   [ RunTime:0.0005s ]
SQL: SHOW COLUMNS FROM `lewo_houses` [ RunTime:0.0074s ]
SQL: SELECT `area_id` FROM `lewo_houses` WHERE `house_code` = 'CQ00026' LIMIT 1   [ RunTime:0.0015s ]
SQL: SELECT `city_id` FROM `lewo_area` WHERE `id` = 21 LIMIT 1   [ RunTime:0.0006s ]
NOTIC: [8] Undefined variable: val G:\wamp2\www\lewo\lewo\Home\Controller\TenantController.class.php 第 196 行.
NOTIC: [8] Undefined variable: val G:\wamp2\www\lewo\lewo\Home\Controller\TenantController.class.php 第 196 行.
SQL: SELECT `fee` FROM `lewo_houses` WHERE `house_code` = 'CQ00026' LIMIT 1   [ RunTime:0.0007s ]
NOTIC: [8] Undefined variable: area_name G:\wamp2\www\lewo\lewo\Home\Controller\TenantController.class.php 第 216 行.
INFO: [ view_parse ] --START--
INFO: [ template_filter ] --START--
INFO: Run Behavior\ContentReplaceBehavior [ RunTime:0.000258s ]
INFO: [ template_filter ] --END-- [ RunTime:0.000393s ]
INFO: Run Behavior\ParseTemplateBehavior [ RunTime:0.027814s ]
INFO: [ view_parse ] --END-- [ RunTime:0.027972s ]
INFO: [ view_filter ] --START--
INFO: Run Behavior\WriteHtmlCacheBehavior [ RunTime:0.000941s ]
INFO: [ view_filter ] --END-- [ RunTime:0.001298s ]
INFO: [ app_end ] --START--
INFO: Run Behavior\ShowPageTraceBehavior [ RunTime:0.001754s ]
INFO: [ app_end ] --END-- [ RunTime:0.001933s ]

[ 2016-11-08T18:27:35+08:00 ] 127.0.0.1 /index.php/Home/Tenant/detail_fee/pro_id/147815311646477.html
INFO: [ app_init ] --START--
INFO: Run Behavior\BuildLiteBehavior [ RunTime:0.000037s ]
INFO: [ app_init ] --END-- [ RunTime:0.001753s ]
INFO: [ app_begin ] --START--
INFO: Run Behavior\ReadHtmlCacheBehavior [ RunTime:0.001429s ]
INFO: [ app_begin ] --END-- [ RunTime:0.001674s ]
SQL: SHOW COLUMNS FROM `lewo_area` [ RunTime:0.0070s ]
SQL: SHOW COLUMNS FROM `lewo_area` [ RunTime:0.0085s ]
SQL: SHOW COLUMNS FROM `lewo_charge_house` [ RunTime:0.0070s ]
SQL: SHOW COLUMNS FROM `lewo_charge_bill` [ RunTime:0.0083s ]
SQL: SHOW COLUMNS FROM `lewo_houses` [ RunTime:0.0082s ]
SQL: SHOW COLUMNS FROM `lewo_ammeter_house` [ RunTime:0.0063s ]
SQL: SHOW COLUMNS FROM `lewo_pay` [ RunTime:0.0079s ]
SQL: SELECT cb.*,p.* FROM lewo_pay p INNER JOIN lewo_charge_bill cb ON p.pro_id=cb.pro_id  WHERE p.pro_id = '147815311646477' LIMIT 1   [ RunTime:0.0013s ]
SQL: SELECT `area_id` FROM `lewo_houses` WHERE `house_code` = 'CQ00026' LIMIT 1   [ RunTime:0.0009s ]
SQL: SELECT `id` FROM `lewo_houses` WHERE `house_code` = 'CQ00026' LIMIT 1   [ RunTime:0.0008s ]
SQL: SHOW COLUMNS FROM `lewo_houses` [ RunTime:0.0096s ]
SQL: SELECT `area_id` FROM `lewo_houses` WHERE `house_code` = 'CQ00026' LIMIT 1   [ RunTime:0.0007s ]
SQL: SELECT `city_id` FROM `lewo_area` WHERE `id` = 21 LIMIT 1   [ RunTime:0.0004s ]
SQL: SELECT `fee` FROM `lewo_houses` WHERE `house_code` = 'CQ00026' LIMIT 1   [ RunTime:0.0005s ]
NOTIC: [8] Undefined variable: area_name G:\wamp2\www\lewo\lewo\Home\Controller\TenantController.class.php 第 216 行.
INFO: [ view_parse ] --START--
INFO: [ template_filter ] --START--
INFO: Run Behavior\ContentReplaceBehavior [ RunTime:0.001195s ]
INFO: [ template_filter ] --END-- [ RunTime:0.001381s ]
INFO: Run Behavior\ParseTemplateBehavior [ RunTime:0.026943s ]
INFO: [ view_parse ] --END-- [ RunTime:0.027088s ]
INFO: [ view_filter ] --START--
INFO: Run Behavior\WriteHtmlCacheBehavior [ RunTime:0.000561s ]
INFO: [ view_filter ] --END-- [ RunTime:0.000678s ]
INFO: [ app_end ] --START--
INFO: Run Behavior\ShowPageTraceBehavior [ RunTime:0.002186s ]
INFO: [ app_end ] --END-- [ RunTime:0.002375s ]

[ 2016-11-08T18:28:30+08:00 ] 127.0.0.1 /index.php/Home/Tenant/detail_fee/pro_id/147815311646477.html
INFO: [ app_init ] --START--
INFO: Run Behavior\BuildLiteBehavior [ RunTime:0.000027s ]
INFO: [ app_init ] --END-- [ RunTime:0.000639s ]
INFO: [ app_begin ] --START--
INFO: Run Behavior\ReadHtmlCacheBehavior [ RunTime:0.000853s ]
INFO: [ app_begin ] --END-- [ RunTime:0.001087s ]
SQL: SHOW COLUMNS FROM `lewo_area` [ RunTime:0.0048s ]
SQL: SHOW COLUMNS FROM `lewo_area` [ RunTime:0.0052s ]
SQL: SHOW COLUMNS FROM `lewo_charge_house` [ RunTime:0.0075s ]
SQL: SHOW COLUMNS FROM `lewo_charge_bill` [ RunTime:0.0067s ]
SQL: SHOW COLUMNS FROM `lewo_houses` [ RunTime:0.0060s ]
SQL: SHOW COLUMNS FROM `lewo_ammeter_house` [ RunTime:0.0050s ]
SQL: SHOW COLUMNS FROM `lewo_pay` [ RunTime:0.0060s ]
SQL: SELECT cb.*,p.* FROM lewo_pay p INNER JOIN lewo_charge_bill cb ON p.pro_id=cb.pro_id  WHERE p.pro_id = '147815311646477' LIMIT 1   [ RunTime:0.0016s ]
SQL: SELECT `area_id` FROM `lewo_houses` WHERE `house_code` = 'CQ00026' LIMIT 1   [ RunTime:0.0005s ]
SQL: SELECT `id` FROM `lewo_houses` WHERE `house_code` = 'CQ00026' LIMIT 1   [ RunTime:0.0006s ]
SQL: SHOW COLUMNS FROM `lewo_houses` [ RunTime:0.0056s ]
SQL: SELECT `area_id` FROM `lewo_houses` WHERE `house_code` = 'CQ00026' LIMIT 1   [ RunTime:0.0005s ]
SQL: SELECT `city_id` FROM `lewo_area` WHERE `id` = 21 LIMIT 1   [ RunTime:0.0003s ]
SQL: SELECT `fee` FROM `lewo_houses` WHERE `house_code` = 'CQ00026' LIMIT 1   [ RunTime:0.0004s ]
NOTIC: [8] Undefined variable: area_name G:\wamp2\www\lewo\lewo\Home\Controller\TenantController.class.php 第 213 行.
INFO: [ view_parse ] --START--
INFO: [ template_filter ] --START--
INFO: Run Behavior\ContentReplaceBehavior [ RunTime:0.000231s ]
INFO: [ template_filter ] --END-- [ RunTime:0.000344s ]
INFO: Run Behavior\ParseTemplateBehavior [ RunTime:0.024551s ]
INFO: [ view_parse ] --END-- [ RunTime:0.024699s ]
INFO: [ view_filter ] --START--
INFO: Run Behavior\WriteHtmlCacheBehavior [ RunTime:0.000742s ]
INFO: [ view_filter ] --END-- [ RunTime:0.000877s ]
INFO: [ app_end ] --START--
INFO: Run Behavior\ShowPageTraceBehavior [ RunTime:0.001136s ]
INFO: [ app_end ] --END-- [ RunTime:0.001254s ]

[ 2016-11-08T18:28:34+08:00 ] 127.0.0.1 /index.php/Home/Alipay/pay/WIDsubject/2016%E5%B9%B410%E6%9C%88%E6%97%A5%E5%B8%B8%E9%87%8D%E5%BA%86%E8%B4%A6%E5%8D%95/WIDtotal_fee/844.87.html
INFO: [ app_init ] --START--
INFO: Run Behavior\BuildLiteBehavior [ RunTime:0.000038s ]
INFO: [ app_init ] --END-- [ RunTime:0.001047s ]
INFO: [ app_begin ] --START--
INFO: Run Behavior\ReadHtmlCacheBehavior [ RunTime:0.002210s ]
INFO: [ app_begin ] --END-- [ RunTime:0.002422s ]
INFO: [ app_end ] --START--
INFO: Run Behavior\ShowPageTraceBehavior [ RunTime:0.001482s ]
INFO: [ app_end ] --END-- [ RunTime:0.001708s ]

