[ 2016-10-25T14:12:20+08:00 ] 127.0.0.1 /index.php/steward
INFO: [ app_init ] --START--
INFO: Run Behavior\BuildLiteBehavior [ RunTime:0.000000s ]
INFO: [ app_init ] --END-- [ RunTime:0.002000s ]
INFO: [ app_begin ] --START--
INFO: Run Behavior\ReadHtmlCacheBehavior [ RunTime:0.001000s ]
INFO: [ app_begin ] --END-- [ RunTime:0.003000s ]
INFO: [ view_parse ] --START--
INFO: [ template_filter ] --START--
INFO: Run Behavior\ContentReplaceBehavior [ RunTime:0.000000s ]
INFO: [ template_filter ] --END-- [ RunTime:0.001000s ]
INFO: Run Behavior\ParseTemplateBehavior [ RunTime:0.030002s ]
INFO: [ view_parse ] --END-- [ RunTime:0.031002s ]
INFO: [ view_filter ] --START--
INFO: Run Behavior\WriteHtmlCacheBehavior [ RunTime:0.001000s ]
INFO: [ view_filter ] --END-- [ RunTime:0.002000s ]

[ 2016-10-25T14:12:28+08:00 ] 127.0.0.1 /index.php/Home/Steward/login.html
INFO: [ app_init ] --START--
INFO: Run Behavior\BuildLiteBehavior [ RunTime:0.001000s ]
INFO: [ app_init ] --END-- [ RunTime:0.003000s ]
INFO: [ app_begin ] --START--
INFO: Run Behavior\ReadHtmlCacheBehavior [ RunTime:0.003000s ]
INFO: [ app_begin ] --END-- [ RunTime:0.004001s ]
SQL: SHOW COLUMNS FROM `lewo_admin_user` [ RunTime:0.0140s ]
SQL: SELECT * FROM `lewo_admin_user` WHERE `username` = 'lewo' AND `password` = '7011211e1592352456f07c5d07412e96' LIMIT 1   [ RunTime:0.0010s ]
INFO: [ view_parse ] --START--
INFO: [ template_filter ] --START--
INFO: Run Behavior\ContentReplaceBehavior [ RunTime:0.000000s ]
INFO: [ template_filter ] --END-- [ RunTime:0.001000s ]
INFO: Run Behavior\ParseTemplateBehavior [ RunTime:0.027002s ]
INFO: [ view_parse ] --END-- [ RunTime:0.028002s ]
INFO: [ view_filter ] --START--
INFO: Run Behavior\WriteHtmlCacheBehavior [ RunTime:0.001000s ]
INFO: [ view_filter ] --END-- [ RunTime:0.002000s ]

[ 2016-10-25T14:12:32+08:00 ] 127.0.0.1 /index.php/Home/Steward/login.html
INFO: [ app_init ] --START--
INFO: Run Behavior\BuildLiteBehavior [ RunTime:0.000000s ]
INFO: [ app_init ] --END-- [ RunTime:0.002000s ]
INFO: [ app_begin ] --START--
INFO: Run Behavior\ReadHtmlCacheBehavior [ RunTime:0.002000s ]
INFO: [ app_begin ] --END-- [ RunTime:0.003001s ]
SQL: SHOW COLUMNS FROM `lewo_admin_user` [ RunTime:0.0140s ]
SQL: SELECT * FROM `lewo_admin_user` WHERE `username` = 'lewo' AND `password` = '6b1c5f2dfc828405850929e845df7963' LIMIT 1   [ RunTime:0.0020s ]
INFO: [ view_parse ] --START--
INFO: [ template_filter ] --START--
INFO: Run Behavior\ContentReplaceBehavior [ RunTime:0.001000s ]
INFO: [ template_filter ] --END-- [ RunTime:0.001000s ]
INFO: Run Behavior\ParseTemplateBehavior [ RunTime:0.024001s ]
INFO: [ view_parse ] --END-- [ RunTime:0.025001s ]
INFO: [ view_filter ] --START--
INFO: Run Behavior\WriteHtmlCacheBehavior [ RunTime:0.002001s ]
INFO: [ view_filter ] --END-- [ RunTime:0.003001s ]

[ 2016-10-25T14:12:34+08:00 ] 127.0.0.1 /index.php/Home/Steward/index.html
INFO: [ app_init ] --START--
INFO: Run Behavior\BuildLiteBehavior [ RunTime:0.000000s ]
INFO: [ app_init ] --END-- [ RunTime:0.001000s ]
INFO: [ app_begin ] --START--
INFO: Run Behavior\ReadHtmlCacheBehavior [ RunTime:0.002000s ]
INFO: [ app_begin ] --END-- [ RunTime:0.004000s ]
SQL: SHOW COLUMNS FROM `lewo_schedule` [ RunTime:0.0150s ]
SQL: SELECT COUNT(*) AS tp_count FROM `lewo_schedule` WHERE `schedule_type` = 1 AND `is_finish` = 0 AND `steward_id` = 4 AND `admin_type` = 1 LIMIT 1   [ RunTime:0.0010s ]
SQL: SELECT COUNT(*) AS tp_count FROM `lewo_schedule` WHERE `schedule_type` = 2 AND `is_finish` = 0 AND `steward_id` = 4 AND `admin_type` = 1 LIMIT 1   [ RunTime:0.0010s ]
SQL: SELECT COUNT(*) AS tp_count FROM `lewo_schedule` WHERE `schedule_type` = 3 AND `is_finish` = 0 AND `steward_id` = 4 AND `admin_type` = 1 LIMIT 1   [ RunTime:0.0020s ]
SQL: SHOW COLUMNS FROM `lewo_contract` [ RunTime:0.0160s ]
SQL: SELECT SUM(rent) AS tp_sum FROM `lewo_contract` WHERE `start_time` = '2016-10-25' LIMIT 1   [ RunTime:0.0010s ]
SQL: SELECT SUM(fee) AS tp_sum FROM `lewo_contract` WHERE `start_time` = '2016-10-25' LIMIT 1   [ RunTime:0.0000s ]
SQL: SELECT SUM(deposit) AS tp_sum FROM `lewo_contract` WHERE `start_time` = '2016-10-25' LIMIT 1   [ RunTime:0.0030s ]
SQL: SELECT SUM(rent) AS tp_sum FROM `lewo_contract` WHERE `start_time` = '2016-10-24' LIMIT 1   [ RunTime:0.0010s ]
SQL: SELECT SUM(fee) AS tp_sum FROM `lewo_contract` WHERE `start_time` = '2016-10-24' LIMIT 1   [ RunTime:0.0010s ]
SQL: SELECT SUM(deposit) AS tp_sum FROM `lewo_contract` WHERE `start_time` = '2016-10-24' LIMIT 1   [ RunTime:0.0010s ]
SQL: SELECT COUNT(*) AS tp_count FROM `lewo_contract` WHERE `start_time` = '2016-10-25' LIMIT 1   [ RunTime:0.0010s ]
SQL: SHOW COLUMNS FROM `lewo_schedule` [ RunTime:0.0130s ]
SQL: SELECT SUM(money) AS tp_sum FROM `lewo_schedule` WHERE `create_date` = '2016-10-25' AND `schedule_type` = 4 LIMIT 1   [ RunTime:0.0020s ]
SQL: SHOW COLUMNS FROM `lewo_room` [ RunTime:0.0170s ]
SQL: SELECT COUNT(*) AS tp_count FROM `lewo_room` WHERE `room_type` = 1 AND `is_show` = 1 LIMIT 1   [ RunTime:0.0040s ]
SQL: SELECT COUNT(*) AS tp_count FROM `lewo_room` WHERE `status` = 0 AND `room_type` = 1 AND `is_show` = 1 LIMIT 1   [ RunTime:0.0030s ]
SQL: SELECT COUNT(*) AS tp_count FROM `lewo_room` WHERE `room_type` = 2 AND `is_show` = 1 LIMIT 1   [ RunTime:0.0040s ]
SQL: SELECT COUNT(*) AS tp_count FROM `lewo_room` WHERE `status` = 0 AND `room_type` = 2 AND `is_show` = 1 LIMIT 1   [ RunTime:0.0030s ]
SQL: SHOW COLUMNS FROM `lewo_admin_user` [ RunTime:0.0130s ]
SQL: SELECT * FROM `lewo_admin_user` WHERE `id` = 4 LIMIT 1   [ RunTime:0.0010s ]
INFO: [ view_parse ] --START--
INFO: [ template_filter ] --START--
INFO: Run Behavior\ContentReplaceBehavior [ RunTime:0.000000s ]
INFO: [ template_filter ] --END-- [ RunTime:0.002000s ]
INFO: Run Behavior\ParseTemplateBehavior [ RunTime:0.053003s ]
INFO: [ view_parse ] --END-- [ RunTime:0.053003s ]
INFO: [ view_filter ] --START--
INFO: Run Behavior\WriteHtmlCacheBehavior [ RunTime:0.001000s ]
INFO: [ view_filter ] --END-- [ RunTime:0.001000s ]
INFO: [ app_end ] --START--
INFO: Run Behavior\ShowPageTraceBehavior [ RunTime:0.002000s ]
INFO: [ app_end ] --END-- [ RunTime:0.004000s ]

[ 2016-10-25T14:12:40+08:00 ] 127.0.0.1 /index.php/Home/Steward/houses.html
INFO: [ app_init ] --START--
INFO: Run Behavior\BuildLiteBehavior [ RunTime:0.000000s ]
INFO: [ app_init ] --END-- [ RunTime:0.004000s ]
INFO: [ app_begin ] --START--
INFO: Run Behavior\ReadHtmlCacheBehavior [ RunTime:0.003000s ]
INFO: [ app_begin ] --END-- [ RunTime:0.004000s ]
SQL: SHOW COLUMNS FROM `lewo_houses` [ RunTime:0.0140s ]
SQL: SHOW COLUMNS FROM `lewo_room` [ RunTime:0.0140s ]
SQL: SHOW COLUMNS FROM `lewo_area` [ RunTime:0.0130s ]
SQL: SELECT `id`,`area_id`,`steward_id`,`house_code`,`type`,`building`,`floor`,`door_no` FROM `lewo_houses` WHERE `steward_id` = 4 ORDER BY area_id desc, building desc,floor desc,door_no desc  [ RunTime:0.0010s ]
SQL: SELECT COUNT(*) AS tp_count FROM `lewo_room` WHERE `house_code` = 'CQ00049' AND `is_show` = 1 LIMIT 1   [ RunTime:0.0030s ]
SQL: SELECT COUNT(*) AS tp_count FROM `lewo_room` WHERE `house_code` = 'CQ00049' AND `is_show` = 1 AND `status` = 2 LIMIT 1   [ RunTime:0.0020s ]
SQL: SELECT `area_name` FROM `lewo_area` WHERE `id` = 36 LIMIT 1   [ RunTime:0.0010s ]
SQL: SELECT lewo_room.id,lewo_room.account_id,lewo_room.room_code,lewo_room.room_nickname,lewo_room.room_sort,lewo_room.room_type,lewo_room.bed_code,lewo_room.status,lewo_room.is_show,lewo_account.realname,lewo_account.sex FROM `lewo_room` left JOIN lewo_account ON lewo_room.account_id=lewo_account.id  WHERE `house_code` = 'CQ00049' AND `is_show` = 1 ORDER BY room_sort asc  [ RunTime:0.0030s ]
INFO: [ view_parse ] --START--
INFO: [ template_filter ] --START--
INFO: Run Behavior\ContentReplaceBehavior [ RunTime:0.000000s ]
INFO: [ template_filter ] --END-- [ RunTime:0.002000s ]
INFO: Run Behavior\ParseTemplateBehavior [ RunTime:0.068003s ]
INFO: [ view_parse ] --END-- [ RunTime:0.069004s ]
INFO: [ view_filter ] --START--
INFO: Run Behavior\WriteHtmlCacheBehavior [ RunTime:0.001001s ]
INFO: [ view_filter ] --END-- [ RunTime:0.003001s ]
INFO: [ view_parse ] --START--
INFO: [ template_filter ] --START--
INFO: Run Behavior\ContentReplaceBehavior [ RunTime:0.000000s ]
INFO: [ template_filter ] --END-- [ RunTime:-0.033002s ]
INFO: Run Behavior\ParseTemplateBehavior [ RunTime:0.017001s ]
INFO: [ view_parse ] --END-- [ RunTime:-0.007001s ]
INFO: [ view_filter ] --START--
INFO: Run Behavior\WriteHtmlCacheBehavior [ RunTime:0.000000s ]
INFO: [ view_filter ] --END-- [ RunTime:-0.022001s ]
NOTIC: [2] Cannot modify header information - headers already sent by (output started at E:\wamp2\www\lewo\ThinkPHP\Library\Think\View.class.php:95) E:\wamp2\www\lewo\ThinkPHP\Library\Think\View.class.php 第 91 行.
NOTIC: [2] Cannot modify header information - headers already sent by (output started at E:\wamp2\www\lewo\ThinkPHP\Library\Think\View.class.php:95) E:\wamp2\www\lewo\ThinkPHP\Library\Think\View.class.php 第 92 行.
NOTIC: [2] Cannot modify header information - headers already sent by (output started at E:\wamp2\www\lewo\ThinkPHP\Library\Think\View.class.php:95) E:\wamp2\www\lewo\ThinkPHP\Library\Think\View.class.php 第 93 行.
INFO: [ app_end ] --START--
INFO: Run Behavior\ShowPageTraceBehavior [ RunTime:0.002000s ]
INFO: [ app_end ] --END-- [ RunTime:0.003000s ]

[ 2016-10-25T14:12:53+08:00 ] 127.0.0.1 /index.php/Home/Steward/roominfo/id/628.html
INFO: [ app_init ] --START--
INFO: Run Behavior\BuildLiteBehavior [ RunTime:0.000000s ]
INFO: [ app_init ] --END-- [ RunTime:0.003000s ]
INFO: [ app_begin ] --START--
INFO: Run Behavior\ReadHtmlCacheBehavior [ RunTime:0.004000s ]
INFO: [ app_begin ] --END-- [ RunTime:0.005000s ]
SQL: SHOW COLUMNS FROM `lewo_houses` [ RunTime:0.0160s ]
SQL: SHOW COLUMNS FROM `lewo_room` [ RunTime:0.0170s ]
SQL: SHOW COLUMNS FROM `lewo_houses` [ RunTime:0.0140s ]
SQL: SHOW COLUMNS FROM `lewo_admin_user` [ RunTime:0.0110s ]
SQL: SELECT * FROM `lewo_room` WHERE `id` = 628 LIMIT 1   [ RunTime:0.0020s ]
SQL: SELECT `area_id`,`address`,`floor`,`door_no`,`building`,`steward_id` FROM `lewo_houses` WHERE `house_code` = 'CQ00049' LIMIT 1   [ RunTime:0.0010s ]
SQL: SELECT `id`,`username`,`nickname`,`mobile` FROM `lewo_admin_user` WHERE `id` = 4 LIMIT 1   [ RunTime:0.0010s ]
SQL: SHOW COLUMNS FROM `lewo_area` [ RunTime:0.0110s ]
SQL: SELECT `area_name` FROM `lewo_area` WHERE `id` = 36 LIMIT 1   [ RunTime:0.0010s ]
SQL: SELECT `id`,`house_code`,`room_code`,`room_sort`,`room_area`,`room_parameter`,`rent`,`room_fee`,`status`,`room_images_01`,`room_images_02`,`room_images_03`,`room_images_04` FROM `lewo_room` WHERE `house_code` = 'CQ00049' AND `id` NOT IN ('628') AND `status` = 0 AND `is_show` = 1  [ RunTime:0.0030s ]
INFO: [ view_parse ] --START--
INFO: [ template_filter ] --START--
INFO: Run Behavior\ContentReplaceBehavior [ RunTime:0.001000s ]
INFO: [ template_filter ] --END-- [ RunTime:0.001000s ]
NOTIC: [8] Undefined index: room_images E:\wamp2\www\lewo\lewo\Runtime\Cache\Home\50aa9fee479283f114a3cae7d74e4fb3.php 第 56 行.
NOTIC: [8] Undefined index: room_images E:\wamp2\www\lewo\lewo\Runtime\Cache\Home\50aa9fee479283f114a3cae7d74e4fb3.php 第 60 行.
INFO: Run Behavior\ParseTemplateBehavior [ RunTime:0.077004s ]
INFO: [ view_parse ] --END-- [ RunTime:0.079004s ]
INFO: [ view_filter ] --START--
INFO: Run Behavior\WriteHtmlCacheBehavior [ RunTime:0.001000s ]
INFO: [ view_filter ] --END-- [ RunTime:0.001000s ]
INFO: [ app_end ] --START--
INFO: Run Behavior\ShowPageTraceBehavior [ RunTime:0.003000s ]
INFO: [ app_end ] --END-- [ RunTime:0.009001s ]

[ 2016-10-25T14:47:29+08:00 ] 127.0.0.1 /index.php/Home/Steward/checkin/id/628.html
INFO: [ app_init ] --START--
INFO: Run Behavior\BuildLiteBehavior [ RunTime:0.001000s ]
INFO: [ app_init ] --END-- [ RunTime:0.004000s ]
INFO: [ app_begin ] --START--
INFO: Run Behavior\ReadHtmlCacheBehavior [ RunTime:0.003000s ]
INFO: [ app_begin ] --END-- [ RunTime:0.004000s ]
SQL: SHOW COLUMNS FROM `lewo_houses` [ RunTime:0.0150s ]
SQL: SHOW COLUMNS FROM `lewo_room` [ RunTime:0.0160s ]
SQL: SHOW COLUMNS FROM `lewo_houses` [ RunTime:0.0140s ]
SQL: SHOW COLUMNS FROM `lewo_admin_user` [ RunTime:0.0150s ]
SQL: SELECT * FROM `lewo_room` WHERE `id` = 628 LIMIT 1   [ RunTime:0.0020s ]
SQL: SELECT `area_id`,`address`,`floor`,`door_no`,`building`,`steward_id` FROM `lewo_houses` WHERE `house_code` = 'CQ00049' LIMIT 1   [ RunTime:0.0010s ]
SQL: SELECT `id`,`username`,`nickname`,`mobile` FROM `lewo_admin_user` WHERE `id` = 4 LIMIT 1   [ RunTime:0.0010s ]
SQL: SHOW COLUMNS FROM `lewo_area` [ RunTime:0.0150s ]
SQL: SELECT `area_name` FROM `lewo_area` WHERE `id` = 36 LIMIT 1   [ RunTime:0.0010s ]
INFO: [ view_parse ] --START--
INFO: [ template_filter ] --START--
INFO: Run Behavior\ContentReplaceBehavior [ RunTime:0.002000s ]
INFO: [ template_filter ] --END-- [ RunTime:0.003000s ]
NOTIC: [8] Undefined variable: account_id E:\wamp2\www\lewo\lewo\Runtime\Cache\Home\81a17a9c5756f67421131a5fd2e58e89.php 第 85 行.
NOTIC: [8] Undefined variable: schedule_info E:\wamp2\www\lewo\lewo\Runtime\Cache\Home\81a17a9c5756f67421131a5fd2e58e89.php 第 94 行.
NOTIC: [8] Undefined variable: schedule_info E:\wamp2\www\lewo\lewo\Runtime\Cache\Home\81a17a9c5756f67421131a5fd2e58e89.php 第 103 行.
NOTIC: [8] Undefined variable: schedule_info E:\wamp2\www\lewo\lewo\Runtime\Cache\Home\81a17a9c5756f67421131a5fd2e58e89.php 第 112 行.
NOTIC: [8] Undefined variable: schedule_info E:\wamp2\www\lewo\lewo\Runtime\Cache\Home\81a17a9c5756f67421131a5fd2e58e89.php 第 121 行.
NOTIC: [8] Undefined variable: schedule_info E:\wamp2\www\lewo\lewo\Runtime\Cache\Home\81a17a9c5756f67421131a5fd2e58e89.php 第 130 行.
INFO: Run Behavior\ParseTemplateBehavior [ RunTime:0.054003s ]
INFO: [ view_parse ] --END-- [ RunTime:0.055004s ]
INFO: [ view_filter ] --START--
INFO: Run Behavior\WriteHtmlCacheBehavior [ RunTime:0.002000s ]
INFO: [ view_filter ] --END-- [ RunTime:0.002000s ]
INFO: [ app_end ] --START--
INFO: Run Behavior\ShowPageTraceBehavior [ RunTime:0.011000s ]
INFO: [ app_end ] --END-- [ RunTime:0.012001s ]

[ 2016-10-25T14:47:53+08:00 ] 127.0.0.1 /index.php/Home/Steward/checkin.html
INFO: [ app_init ] --START--
INFO: Run Behavior\BuildLiteBehavior [ RunTime:0.000000s ]
INFO: [ app_init ] --END-- [ RunTime:0.003001s ]
INFO: [ app_begin ] --START--
INFO: Run Behavior\ReadHtmlCacheBehavior [ RunTime:0.003000s ]
INFO: [ app_begin ] --END-- [ RunTime:0.003000s ]
SQL: SHOW COLUMNS FROM `lewo_room` [ RunTime:0.0140s ]
SQL: SELECT `house_code` FROM `lewo_room` WHERE `id` = 628 LIMIT 1   [ RunTime:0.0010s ]
SQL: SHOW COLUMNS FROM `lewo_houses` [ RunTime:0.0150s ]
SQL: SELECT `end_date` FROM `lewo_houses` WHERE `house_code` = 'CQ00049' LIMIT 1   [ RunTime:0.0010s ]

[ 2016-10-25T14:49:33+08:00 ] 127.0.0.1 /index.php/Home/Steward/checkin.html
INFO: [ app_init ] --START--
INFO: Run Behavior\BuildLiteBehavior [ RunTime:0.000000s ]
INFO: [ app_init ] --END-- [ RunTime:0.004000s ]
INFO: [ app_begin ] --START--
INFO: Run Behavior\ReadHtmlCacheBehavior [ RunTime:0.001000s ]
INFO: [ app_begin ] --END-- [ RunTime:0.002000s ]
SQL: SHOW COLUMNS FROM `lewo_room` [ RunTime:0.0190s ]
SQL: SELECT `house_code` FROM `lewo_room` WHERE `id` = 628 LIMIT 1   [ RunTime:0.0010s ]
SQL: SHOW COLUMNS FROM `lewo_houses` [ RunTime:0.0190s ]
SQL: SELECT `end_date` FROM `lewo_houses` WHERE `house_code` = 'CQ00049' LIMIT 1   [ RunTime:0.0020s ]

[ 2016-10-25T14:50:38+08:00 ] 127.0.0.1 /index.php/Home/Steward/checkin.html
INFO: [ app_init ] --START--
INFO: Run Behavior\BuildLiteBehavior [ RunTime:0.000000s ]
INFO: [ app_init ] --END-- [ RunTime:0.006001s ]
INFO: [ app_begin ] --START--
INFO: Run Behavior\ReadHtmlCacheBehavior [ RunTime:0.002000s ]
INFO: [ app_begin ] --END-- [ RunTime:0.002000s ]
SQL: SHOW COLUMNS FROM `lewo_room` [ RunTime:0.0180s ]
SQL: SELECT `house_code` FROM `lewo_room` WHERE `id` = 628 LIMIT 1   [ RunTime:0.0010s ]
SQL: SHOW COLUMNS FROM `lewo_houses` [ RunTime:0.0170s ]
SQL: SELECT `end_date` FROM `lewo_houses` WHERE `house_code` = 'CQ00049' LIMIT 1   [ RunTime:0.0010s ]

[ 2016-10-25T14:50:49+08:00 ] 127.0.0.1 /index.php/Home/Steward/checkin.html
INFO: [ app_init ] --START--
INFO: Run Behavior\BuildLiteBehavior [ RunTime:0.000000s ]
INFO: [ app_init ] --END-- [ RunTime:0.003000s ]
INFO: [ app_begin ] --START--
INFO: Run Behavior\ReadHtmlCacheBehavior [ RunTime:0.002000s ]
INFO: [ app_begin ] --END-- [ RunTime:0.003000s ]
SQL: SHOW COLUMNS FROM `lewo_room` [ RunTime:0.0160s ]
SQL: SELECT `house_code` FROM `lewo_room` WHERE `id` = 628 LIMIT 1   [ RunTime:0.0010s ]
SQL: SHOW COLUMNS FROM `lewo_houses` [ RunTime:0.0160s ]
SQL: SELECT `end_date` FROM `lewo_houses` WHERE `house_code` = 'CQ00049' LIMIT 1   [ RunTime:0.0010s ]

[ 2016-10-25T14:51:02+08:00 ] 127.0.0.1 /index.php/Home/Steward/checkin.html
INFO: [ app_init ] --START--
INFO: Run Behavior\BuildLiteBehavior [ RunTime:0.000000s ]
INFO: [ app_init ] --END-- [ RunTime:0.002000s ]
INFO: [ app_begin ] --START--
INFO: Run Behavior\ReadHtmlCacheBehavior [ RunTime:0.002000s ]
INFO: [ app_begin ] --END-- [ RunTime:0.003000s ]
SQL: SHOW COLUMNS FROM `lewo_room` [ RunTime:0.0200s ]
SQL: SELECT `house_code` FROM `lewo_room` WHERE `id` = 628 LIMIT 1   [ RunTime:0.0010s ]
SQL: SHOW COLUMNS FROM `lewo_houses` [ RunTime:0.0160s ]
SQL: SELECT `end_date` FROM `lewo_houses` WHERE `house_code` = 'CQ00049' LIMIT 1   [ RunTime:0.0010s ]

[ 2016-10-25T14:55:17+08:00 ] 127.0.0.1 /index.php/Home/Steward/checkin.html
INFO: [ app_init ] --START--
INFO: Run Behavior\BuildLiteBehavior [ RunTime:0.000000s ]
INFO: [ app_init ] --END-- [ RunTime:0.003000s ]
INFO: [ app_begin ] --START--
INFO: Run Behavior\ReadHtmlCacheBehavior [ RunTime:0.002000s ]
INFO: [ app_begin ] --END-- [ RunTime:0.004000s ]
SQL: SHOW COLUMNS FROM `lewo_room` [ RunTime:0.0180s ]
SQL: SELECT `house_code` FROM `lewo_room` WHERE `id` = 628 LIMIT 1   [ RunTime:0.0040s ]
SQL: SHOW COLUMNS FROM `lewo_houses` [ RunTime:0.0190s ]
SQL: SELECT `end_date` FROM `lewo_houses` WHERE `house_code` = 'CQ00049' LIMIT 1   [ RunTime:0.0020s ]
NOTIC: [2] finfo_file(): Empty filename or path E:\wamp2\www\lewo\ThinkPHP\Library\Think\Upload.class.php 第 152 行.
NOTIC: [2048] Declaration of Home\Model\ContractModel::add() should be compatible with Think\Model::add($data = '', $options = Array, $replace = false) E:\wamp2\www\lewo\lewo\Home\Model\ContractModel.class.php 第 132 行.
SQL: SHOW COLUMNS FROM `lewo_contract` [ RunTime:0.0230s ]
NOTIC: [2] Invalid argument supplied for foreach() E:\wamp2\www\lewo\lewo\Home\Controller\StewardController.class.php 第 490 行.

[ 2016-10-25T15:41:29+08:00 ] 127.0.0.1 /index.php/Home/Steward/checkin.html
INFO: [ app_init ] --START--
INFO: Run Behavior\BuildLiteBehavior [ RunTime:0.000000s ]
INFO: [ app_init ] --END-- [ RunTime:0.003001s ]
INFO: [ app_begin ] --START--
INFO: Run Behavior\ReadHtmlCacheBehavior [ RunTime:0.004001s ]
INFO: [ app_begin ] --END-- [ RunTime:0.006001s ]
SQL: SHOW COLUMNS FROM `lewo_room` [ RunTime:0.0160s ]
SQL: SELECT `house_code` FROM `lewo_room` WHERE `id` = 628 LIMIT 1   [ RunTime:0.0010s ]
SQL: SHOW COLUMNS FROM `lewo_houses` [ RunTime:0.0140s ]
SQL: SELECT `end_date` FROM `lewo_houses` WHERE `house_code` = 'CQ00049' LIMIT 1   [ RunTime:0.0010s ]
NOTIC: [2] finfo_file(): Empty filename or path E:\wamp2\www\lewo\ThinkPHP\Library\Think\Upload.class.php 第 152 行.

[ 2016-10-25T15:41:44+08:00 ] 127.0.0.1 /index.php/Home/Steward/checkin.html
INFO: [ app_init ] --START--
INFO: Run Behavior\BuildLiteBehavior [ RunTime:0.001000s ]
INFO: [ app_init ] --END-- [ RunTime:0.004000s ]
INFO: [ app_begin ] --START--
INFO: Run Behavior\ReadHtmlCacheBehavior [ RunTime:0.008001s ]
INFO: [ app_begin ] --END-- [ RunTime:0.010001s ]
SQL: SHOW COLUMNS FROM `lewo_room` [ RunTime:0.0160s ]
SQL: SELECT `house_code` FROM `lewo_room` WHERE `id` = 628 LIMIT 1   [ RunTime:0.0010s ]
SQL: SHOW COLUMNS FROM `lewo_houses` [ RunTime:0.0150s ]
SQL: SELECT `end_date` FROM `lewo_houses` WHERE `house_code` = 'CQ00049' LIMIT 1   [ RunTime:0.0010s ]
NOTIC: [2] finfo_file(): Empty filename or path E:\wamp2\www\lewo\ThinkPHP\Library\Think\Upload.class.php 第 152 行.
NOTIC: [2048] Declaration of Home\Model\ContractModel::add() should be compatible with Think\Model::add($data = '', $options = Array, $replace = false) E:\wamp2\www\lewo\lewo\Home\Model\ContractModel.class.php 第 140 行.
SQL: SHOW COLUMNS FROM `lewo_contract` [ RunTime:0.0170s ]
NOTIC: [2] Invalid argument supplied for foreach() E:\wamp2\www\lewo\lewo\Home\Controller\StewardController.class.php 第 490 行.
SQL: SHOW COLUMNS FROM `lewo_account` [ RunTime:0.0120s ]
SQL: SHOW COLUMNS FROM `lewo_contract` [ RunTime:0.0130s ]
SQL: SHOW COLUMNS FROM `lewo_pay` [ RunTime:0.0120s ]
SQL: SELECT * FROM `lewo_account` WHERE `mobile` = '13751507973' LIMIT 1   [ RunTime:0.0010s ]
SQL: INSERT INTO `lewo_account` (`realname`,`password`,`mobile`,`contact2`,`card_no`,`email`,`register_time`) VALUES ('谭志锋','e10adc3949ba59abbe56e057f20f883e','13751507973','123','440682109923129','136229626@qq.com','2016-10-25 15:41:44') [ RunTime:0.0010s ]
SQL: SELECT * FROM `lewo_contract` WHERE `account_id` = 2215 AND `pay_status` = 0 AND `is_delete` = 0  [ RunTime:0.0010s ]
NOTIC: [8] Undefined index: photo E:\wamp2\www\lewo\lewo\Home\Model\ContractModel.class.php 第 81 行.

[ 2016-10-25T15:44:54+08:00 ] 127.0.0.1 /index.php/Home/Steward/checkin.html
INFO: [ app_init ] --START--
INFO: Run Behavior\BuildLiteBehavior [ RunTime:0.000000s ]
INFO: [ app_init ] --END-- [ RunTime:0.002000s ]
INFO: [ app_begin ] --START--
INFO: Run Behavior\ReadHtmlCacheBehavior [ RunTime:0.003000s ]
INFO: [ app_begin ] --END-- [ RunTime:0.004000s ]
SQL: SHOW COLUMNS FROM `lewo_room` [ RunTime:0.0110s ]
SQL: SELECT `house_code` FROM `lewo_room` WHERE `id` = 628 LIMIT 1   [ RunTime:0.0000s ]
SQL: SHOW COLUMNS FROM `lewo_houses` [ RunTime:0.0150s ]
SQL: SELECT `end_date` FROM `lewo_houses` WHERE `house_code` = 'CQ00049' LIMIT 1   [ RunTime:0.0010s ]
NOTIC: [2] finfo_file(): Empty filename or path E:\wamp2\www\lewo\ThinkPHP\Library\Think\Upload.class.php 第 152 行.
NOTIC: [2048] Declaration of Home\Model\ContractModel::add() should be compatible with Think\Model::add($data = '', $options = Array, $replace = false) E:\wamp2\www\lewo\lewo\Home\Model\ContractModel.class.php 第 140 行.
SQL: SHOW COLUMNS FROM `lewo_contract` [ RunTime:0.0150s ]
NOTIC: [2] Invalid argument supplied for foreach() E:\wamp2\www\lewo\lewo\Home\Controller\StewardController.class.php 第 490 行.
SQL: SHOW COLUMNS FROM `lewo_account` [ RunTime:0.0150s ]
SQL: SHOW COLUMNS FROM `lewo_contract` [ RunTime:0.0130s ]
SQL: SHOW COLUMNS FROM `lewo_pay` [ RunTime:0.0120s ]
SQL: SELECT * FROM `lewo_account` WHERE `mobile` = '13751507973' LIMIT 1   [ RunTime:0.0020s ]
SQL: INSERT INTO `lewo_account` (`realname`,`password`,`mobile`,`contact2`,`card_no`,`email`,`register_time`) VALUES ('谭志锋','e10adc3949ba59abbe56e057f20f883e','13751507973','123','440682109923129','136229626@qq.com','2016-10-25 15:44:54') [ RunTime:0.0020s ]
SQL: SELECT * FROM `lewo_contract` WHERE `account_id` = 2216 AND `pay_status` = 0 AND `is_delete` = 0  [ RunTime:0.0020s ]
NOTIC: [8] Undefined index: photo E:\wamp2\www\lewo\lewo\Home\Model\ContractModel.class.php 第 81 行.

[ 2016-10-25T16:05:31+08:00 ] 127.0.0.1 /index.php/Home/Steward/checkin.html
INFO: [ app_init ] --START--
INFO: Run Behavior\BuildLiteBehavior [ RunTime:0.001000s ]
INFO: [ app_init ] --END-- [ RunTime:0.004000s ]
INFO: [ app_begin ] --START--
INFO: Run Behavior\ReadHtmlCacheBehavior [ RunTime:0.006000s ]
INFO: [ app_begin ] --END-- [ RunTime:0.008001s ]
SQL: SHOW COLUMNS FROM `lewo_room` [ RunTime:0.0120s ]
SQL: SELECT `house_code` FROM `lewo_room` WHERE `id` = 628 LIMIT 1   [ RunTime:0.0010s ]
SQL: SHOW COLUMNS FROM `lewo_houses` [ RunTime:0.0140s ]
SQL: SELECT `end_date` FROM `lewo_houses` WHERE `house_code` = 'CQ00049' LIMIT 1   [ RunTime:0.0010s ]
NOTIC: [2] finfo_file(): Empty filename or path E:\wamp2\www\lewo\ThinkPHP\Library\Think\Upload.class.php 第 152 行.
NOTIC: [2048] Declaration of Home\Model\ContractModel::add() should be compatible with Think\Model::add($data = '', $options = Array, $replace = false) E:\wamp2\www\lewo\lewo\Home\Model\ContractModel.class.php 第 140 行.
SQL: SHOW COLUMNS FROM `lewo_contract` [ RunTime:0.0140s ]
NOTIC: [2] Invalid argument supplied for foreach() E:\wamp2\www\lewo\lewo\Home\Controller\StewardController.class.php 第 490 行.
SQL: SHOW COLUMNS FROM `lewo_account` [ RunTime:0.0120s ]
SQL: SHOW COLUMNS FROM `lewo_contract` [ RunTime:0.0140s ]
SQL: SHOW COLUMNS FROM `lewo_pay` [ RunTime:0.0120s ]
SQL: SELECT * FROM `lewo_account` WHERE `mobile` = '13751507973' LIMIT 1   [ RunTime:0.0020s ]
SQL: INSERT INTO `lewo_account` (`realname`,`password`,`mobile`,`contact2`,`card_no`,`email`,`register_time`) VALUES ('谭志锋','e10adc3949ba59abbe56e057f20f883e','13751507973','123','440682109923129','136229626@qq.com','2016-10-25 16:05:31') [ RunTime:0.0010s ]
SQL: SELECT * FROM `lewo_contract` WHERE `account_id` = 2217 AND `pay_status` = 0 AND `is_delete` = 0  [ RunTime:0.0010s ]
NOTIC: [8] Undefined index: photo E:\wamp2\www\lewo\lewo\Home\Model\ContractModel.class.php 第 81 行.
SQL: INSERT INTO `lewo_contract` (`pro_id`,`account_id`,`room_id`,`pay_status`,`create_time`,`deposit`,`book_deposit`,`period`,`steward_id`,`rent_type`,`contract_status`,`start_time`,`end_time`,`rent_date`,`rent`,`fee`,`contact2`,`person_count`,`cotenant`,`roomD`,`total_fee`,`photo`,`pay_total`) VALUES ('201610253163064','2217','628','0','2016-10-25 16:05:31','1800','0','1','4','2_1','1','2016-10-25','2016-10-25','2016-11-25','900.00','90.00','123','1','a:3:{s:10:\"hzRealname\";s:0:\"\";s:8:\"hzMobile\";s:0:\"\";s:8:\"hzCardNo\";s:0:\"\";}','0','2790.00','','2790.00') [ RunTime:0.0010s ]
SQL: INSERT INTO `lewo_pay` (`pro_id`,`account_id`,`room_id`,`pay_status`,`create_time`,`bill_type`,`input_year`,`input_month`,`should_time`,`last_time`,`price`) VALUES ('201610253163064','2217','628','0','2016-10-25 16:05:31','2','2016','10','2016-10-25 16:05:31','2016-10-25 16:05:31','2790.00') [ RunTime:0.1260s ]
INFO: [ view_parse ] --START--
INFO: [ template_filter ] --START--
INFO: Run Behavior\ContentReplaceBehavior [ RunTime:0.001000s ]
INFO: [ template_filter ] --END-- [ RunTime:0.001000s ]
INFO: Run Behavior\ParseTemplateBehavior [ RunTime:0.021001s ]
INFO: [ view_parse ] --END-- [ RunTime:0.023001s ]
INFO: [ view_filter ] --START--
INFO: Run Behavior\WriteHtmlCacheBehavior [ RunTime:0.002000s ]
INFO: [ view_filter ] --END-- [ RunTime:0.002000s ]
INFO: [ app_end ] --START--
INFO: Run Behavior\ShowPageTraceBehavior [ RunTime:0.002000s ]
INFO: [ app_end ] --END-- [ RunTime:0.004000s ]

[ 2016-10-25T16:05:33+08:00 ] 127.0.0.1 /index.php/Home/Steward/check_contract/id/1.html
INFO: [ app_init ] --START--
INFO: Run Behavior\BuildLiteBehavior [ RunTime:0.001000s ]
INFO: [ app_init ] --END-- [ RunTime:0.002000s ]
INFO: [ app_begin ] --START--
INFO: Run Behavior\ReadHtmlCacheBehavior [ RunTime:0.002000s ]
INFO: [ app_begin ] --END-- [ RunTime:0.003000s ]
SQL: SHOW COLUMNS FROM `lewo_pay` [ RunTime:0.0150s ]
SQL: SELECT * FROM `lewo_pay` INNER JOIN lewo_contract AS c ON lewo_pay.pro_id=c.pro_id  WHERE lewo_pay.id = '1' LIMIT 1   [ RunTime:0.0030s ]

[ 2016-10-25T16:31:53+08:00 ] 127.0.0.1 /index.php/Home/Steward/check_contract/id/1.html
INFO: [ app_init ] --START--
INFO: Run Behavior\BuildLiteBehavior [ RunTime:0.000000s ]
INFO: [ app_init ] --END-- [ RunTime:0.005000s ]
INFO: [ app_begin ] --START--
INFO: Run Behavior\ReadHtmlCacheBehavior [ RunTime:0.003000s ]
INFO: [ app_begin ] --END-- [ RunTime:0.004000s ]
SQL: SHOW COLUMNS FROM `lewo_pay` [ RunTime:0.0140s ]
SQL: SELECT * FROM `lewo_pay` INNER JOIN lewo_contract AS c ON lewo_pay.pro_id=c.pro_id  WHERE lewo_pay.id = '1' LIMIT 1   [ RunTime:0.0020s ]

[ 2016-10-25T16:32:07+08:00 ] 127.0.0.1 /index.php/Home/Steward/check_contract/id/1.html
INFO: [ app_init ] --START--
INFO: Run Behavior\BuildLiteBehavior [ RunTime:0.000000s ]
INFO: [ app_init ] --END-- [ RunTime:0.005000s ]
INFO: [ app_begin ] --START--
INFO: Run Behavior\ReadHtmlCacheBehavior [ RunTime:0.007000s ]
INFO: [ app_begin ] --END-- [ RunTime:0.008000s ]
SQL: SHOW COLUMNS FROM `lewo_pay` [ RunTime:0.0150s ]
SQL: SELECT * FROM `lewo_pay` INNER JOIN lewo_contract AS c ON lewo_pay.pro_id=c.pro_id  WHERE lewo_pay.id = '1' LIMIT 1   [ RunTime:0.0020s ]

[ 2016-10-25T16:32:40+08:00 ] 127.0.0.1 /index.php/Home/Steward/check_contract/id/1.html
INFO: [ app_init ] --START--
INFO: Run Behavior\BuildLiteBehavior [ RunTime:0.001000s ]
INFO: [ app_init ] --END-- [ RunTime:0.002000s ]
INFO: [ app_begin ] --START--
INFO: Run Behavior\ReadHtmlCacheBehavior [ RunTime:0.008000s ]
INFO: [ app_begin ] --END-- [ RunTime:0.010001s ]
SQL: SHOW COLUMNS FROM `lewo_pay` [ RunTime:0.0110s ]
ERR: 1064:Erreur de syntaxe près de 'p INNER JOIN lewo_contract AS c ON lewo_pay.pro_id=c.pro_id  WHERE p.id = '1' LI' à la ligne 1
 [ SQL语句 ] : SELECT * FROM lewo_pay _a_s p INNER JOIN lewo_contract AS c ON lewo_pay.pro_id=c.pro_id  WHERE p.id = '1' LIMIT 1  
ERR: 1064:Erreur de syntaxe près de 'p INNER JOIN lewo_contract AS c ON lewo_pay.pro_id=c.pro_id  WHERE p.id = '1' LI' à la ligne 1
 [ SQL语句 ] : SELECT * FROM lewo_pay _a_s p INNER JOIN lewo_contract AS c ON lewo_pay.pro_id=c.pro_id  WHERE p.id = '1' LIMIT 1  

[ 2016-10-25T16:34:15+08:00 ] 127.0.0.1 /index.php/Home/Steward/check_contract/id/1.html
INFO: [ app_init ] --START--
INFO: Run Behavior\BuildLiteBehavior [ RunTime:0.000000s ]
INFO: [ app_init ] --END-- [ RunTime:0.002000s ]
INFO: [ app_begin ] --START--
INFO: Run Behavior\ReadHtmlCacheBehavior [ RunTime:0.005000s ]
INFO: [ app_begin ] --END-- [ RunTime:0.005000s ]
SQL: SHOW COLUMNS FROM `lewo_pay` [ RunTime:0.0170s ]
ERR: 1054:Champ 'p.id' inconnu dans where clause
 [ SQL语句 ] : SELECT * FROM `lewo_pay` INNER JOIN lewo_contract AS c ON lewo_pay.pro_id=c.pro_id  WHERE p.id = '1' LIMIT 1  
ERR: 1054:Champ 'p.id' inconnu dans where clause
 [ SQL语句 ] : SELECT * FROM `lewo_pay` INNER JOIN lewo_contract AS c ON lewo_pay.pro_id=c.pro_id  WHERE p.id = '1' LIMIT 1  

[ 2016-10-25T16:34:27+08:00 ] 127.0.0.1 /index.php/Home/Steward/check_contract/id/1.html
INFO: [ app_init ] --START--
INFO: Run Behavior\BuildLiteBehavior [ RunTime:0.000000s ]
INFO: [ app_init ] --END-- [ RunTime:0.004001s ]
INFO: [ app_begin ] --START--
INFO: Run Behavior\ReadHtmlCacheBehavior [ RunTime:0.004000s ]
INFO: [ app_begin ] --END-- [ RunTime:0.007000s ]
SQL: SHOW COLUMNS FROM `lewo_pay` [ RunTime:0.0130s ]
ERR: 1064:Erreur de syntaxe près de 'p INNER JOIN lewo_contract AS c ON lewo_pay.pro_id=c.pro_id  WHERE p.id = '1' LI' à la ligne 1
 [ SQL语句 ] : SELECT * FROM lewo_pay _a_s p INNER JOIN lewo_contract AS c ON lewo_pay.pro_id=c.pro_id  WHERE p.id = '1' LIMIT 1  
ERR: 1064:Erreur de syntaxe près de 'p INNER JOIN lewo_contract AS c ON lewo_pay.pro_id=c.pro_id  WHERE p.id = '1' LI' à la ligne 1
 [ SQL语句 ] : SELECT * FROM lewo_pay _a_s p INNER JOIN lewo_contract AS c ON lewo_pay.pro_id=c.pro_id  WHERE p.id = '1' LIMIT 1  

[ 2016-10-25T16:55:17+08:00 ] 127.0.0.1 /index.php/Home/Steward/check_contract/id/1.html
INFO: [ app_init ] --START--
INFO: Run Behavior\BuildLiteBehavior [ RunTime:0.000000s ]
INFO: [ app_init ] --END-- [ RunTime:0.003000s ]
INFO: [ app_begin ] --START--
INFO: Run Behavior\ReadHtmlCacheBehavior [ RunTime:0.003000s ]
INFO: [ app_begin ] --END-- [ RunTime:0.004001s ]
SQL: SHOW COLUMNS FROM `lewo_pay` [ RunTime:0.0140s ]
SQL: SELECT * FROM lewo_pay p INNER JOIN lewo_contract AS c ON p.pro_id=c.pro_id  WHERE p.id = '1' LIMIT 1   [ RunTime:0.0020s ]

[ 2016-10-25T16:55:51+08:00 ] 127.0.0.1 /index.php/Home/Steward/check_contract/id/1.html
INFO: [ app_init ] --START--
INFO: Run Behavior\BuildLiteBehavior [ RunTime:0.000000s ]
INFO: [ app_init ] --END-- [ RunTime:0.002001s ]
INFO: [ app_begin ] --START--
INFO: Run Behavior\ReadHtmlCacheBehavior [ RunTime:0.002000s ]
INFO: [ app_begin ] --END-- [ RunTime:0.003000s ]
SQL: SHOW COLUMNS FROM `lewo_pay` [ RunTime:0.0110s ]
SQL: SELECT * FROM lewo_pay p INNER JOIN lewo_contract c ON p.pro_id=c.pro_id  WHERE p.id = '1' LIMIT 1   [ RunTime:0.0020s ]

[ 2016-10-25T16:56:03+08:00 ] 127.0.0.1 /index.php/Home/Steward/check_contract/id/1.html
INFO: [ app_init ] --START--
INFO: Run Behavior\BuildLiteBehavior [ RunTime:0.000000s ]
INFO: [ app_init ] --END-- [ RunTime:0.003000s ]
INFO: [ app_begin ] --START--
INFO: Run Behavior\ReadHtmlCacheBehavior [ RunTime:0.003000s ]
INFO: [ app_begin ] --END-- [ RunTime:0.004000s ]
SQL: SHOW COLUMNS FROM `lewo_pay` [ RunTime:0.0170s ]
SQL: SELECT * FROM lewo_pay p INNER JOIN lewo_contract c ON p.pro_id=c.pro_id  WHERE p.id = '1' LIMIT 1   [ RunTime:0.0030s ]

[ 2016-10-25T16:57:49+08:00 ] 127.0.0.1 /index.php/Home/Steward/check_contract/id/1.html
INFO: [ app_init ] --START--
INFO: Run Behavior\BuildLiteBehavior [ RunTime:0.000000s ]
INFO: [ app_init ] --END-- [ RunTime:0.003000s ]
INFO: [ app_begin ] --START--
INFO: Run Behavior\ReadHtmlCacheBehavior [ RunTime:0.004000s ]
INFO: [ app_begin ] --END-- [ RunTime:0.005000s ]
SQL: SHOW COLUMNS FROM `lewo_pay` [ RunTime:0.0150s ]
SQL: SELECT * FROM lewo_pay p INNER JOIN lewo_contract c ON p.pro_id=c.pro_id  WHERE p.id = '1' LIMIT 1   [ RunTime:0.0030s ]
INFO: [ view_parse ] --START--
INFO: [ template_filter ] --START--
INFO: Run Behavior\ContentReplaceBehavior [ RunTime:0.003000s ]
INFO: [ template_filter ] --END-- [ RunTime:0.003000s ]
NOTIC: [8] Undefined variable: area_name E:\wamp2\www\lewo\lewo\Runtime\Cache\Home\e67c633618d005adfd1f24ff91bfa169.php 第 87 行.
NOTIC: [8] Undefined variable: bill_info E:\wamp2\www\lewo\lewo\Runtime\Cache\Home\e67c633618d005adfd1f24ff91bfa169.php 第 87 行.
NOTIC: [8] Undefined variable: bill_info E:\wamp2\www\lewo\lewo\Runtime\Cache\Home\e67c633618d005adfd1f24ff91bfa169.php 第 299 行.
INFO: Run Behavior\ParseTemplateBehavior [ RunTime:0.061004s ]
INFO: [ view_parse ] --END-- [ RunTime:0.062004s ]
INFO: [ view_filter ] --START--
INFO: Run Behavior\WriteHtmlCacheBehavior [ RunTime:0.004000s ]
INFO: [ view_filter ] --END-- [ RunTime:0.004000s ]
INFO: [ app_end ] --START--
INFO: Run Behavior\ShowPageTraceBehavior [ RunTime:0.004000s ]
INFO: [ app_end ] --END-- [ RunTime:0.009001s ]

[ 2016-10-25T16:57:53+08:00 ] 127.0.0.1 /index.php/Home/Steward/check_contract/id/1.html
INFO: [ app_init ] --START--
INFO: Run Behavior\BuildLiteBehavior [ RunTime:0.001000s ]
INFO: [ app_init ] --END-- [ RunTime:0.003000s ]
INFO: [ app_begin ] --START--
INFO: Run Behavior\ReadHtmlCacheBehavior [ RunTime:0.009000s ]
INFO: [ app_begin ] --END-- [ RunTime:0.010000s ]
SQL: SHOW COLUMNS FROM `lewo_pay` [ RunTime:0.0150s ]
SQL: SELECT * FROM lewo_pay p INNER JOIN lewo_contract c ON p.pro_id=c.pro_id  WHERE p.id = '1' LIMIT 1   [ RunTime:0.0030s ]
INFO: [ view_parse ] --START--
INFO: [ template_filter ] --START--
INFO: Run Behavior\ContentReplaceBehavior [ RunTime:0.001000s ]
INFO: [ template_filter ] --END-- [ RunTime:0.001000s ]
NOTIC: [8] Undefined variable: area_name E:\wamp2\www\lewo\lewo\Runtime\Cache\Home\e67c633618d005adfd1f24ff91bfa169.php 第 87 行.
NOTIC: [8] Undefined variable: bill_info E:\wamp2\www\lewo\lewo\Runtime\Cache\Home\e67c633618d005adfd1f24ff91bfa169.php 第 87 行.
NOTIC: [8] Undefined variable: bill_info E:\wamp2\www\lewo\lewo\Runtime\Cache\Home\e67c633618d005adfd1f24ff91bfa169.php 第 299 行.
INFO: Run Behavior\ParseTemplateBehavior [ RunTime:0.050003s ]
INFO: [ view_parse ] --END-- [ RunTime:0.050003s ]
INFO: [ view_filter ] --START--
INFO: Run Behavior\WriteHtmlCacheBehavior [ RunTime:0.001000s ]
INFO: [ view_filter ] --END-- [ RunTime:0.002000s ]
INFO: [ app_end ] --START--
INFO: Run Behavior\ShowPageTraceBehavior [ RunTime:0.003001s ]
INFO: [ app_end ] --END-- [ RunTime:0.005001s ]

[ 2016-10-25T16:58:03+08:00 ] 127.0.0.1 /index.php/Home/Steward/check_contract/id/1.html
INFO: [ app_init ] --START--
INFO: Run Behavior\BuildLiteBehavior [ RunTime:0.000000s ]
INFO: [ app_init ] --END-- [ RunTime:0.007000s ]
INFO: [ app_begin ] --START--
INFO: Run Behavior\ReadHtmlCacheBehavior [ RunTime:0.003000s ]
INFO: [ app_begin ] --END-- [ RunTime:0.004000s ]
SQL: SHOW COLUMNS FROM `lewo_pay` [ RunTime:0.0210s ]
SQL: SELECT * FROM lewo_pay p INNER JOIN lewo_contract c ON p.pro_id=c.pro_id  WHERE p.id = '1' LIMIT 1   [ RunTime:0.0030s ]
INFO: [ view_parse ] --START--
INFO: [ template_filter ] --START--
INFO: Run Behavior\ContentReplaceBehavior [ RunTime:0.001000s ]
INFO: [ template_filter ] --END-- [ RunTime:0.003001s ]
NOTIC: [8] Undefined variable: area_name E:\wamp2\www\lewo\lewo\Runtime\Cache\Home\e67c633618d005adfd1f24ff91bfa169.php 第 87 行.
NOTIC: [8] Undefined variable: bill_info E:\wamp2\www\lewo\lewo\Runtime\Cache\Home\e67c633618d005adfd1f24ff91bfa169.php 第 87 行.
NOTIC: [8] Undefined variable: bill_info E:\wamp2\www\lewo\lewo\Runtime\Cache\Home\e67c633618d005adfd1f24ff91bfa169.php 第 299 行.
INFO: Run Behavior\ParseTemplateBehavior [ RunTime:0.054003s ]
INFO: [ view_parse ] --END-- [ RunTime:0.056003s ]
INFO: [ view_filter ] --START--
INFO: Run Behavior\WriteHtmlCacheBehavior [ RunTime:0.001000s ]
INFO: [ view_filter ] --END-- [ RunTime:0.002000s ]
INFO: [ app_end ] --START--
INFO: Run Behavior\ShowPageTraceBehavior [ RunTime:0.014001s ]
INFO: [ app_end ] --END-- [ RunTime:0.014001s ]

[ 2016-10-25T16:58:54+08:00 ] 127.0.0.1 /index.php/steward
INFO: [ app_init ] --START--
INFO: Run Behavior\BuildLiteBehavior [ RunTime:0.000000s ]
INFO: [ app_init ] --END-- [ RunTime:0.002001s ]
INFO: [ app_begin ] --START--
INFO: Run Behavior\ReadHtmlCacheBehavior [ RunTime:0.002000s ]
INFO: [ app_begin ] --END-- [ RunTime:0.002000s ]
SQL: SHOW COLUMNS FROM `lewo_schedule` [ RunTime:0.0140s ]
SQL: SELECT COUNT(*) AS tp_count FROM `lewo_schedule` WHERE `schedule_type` = 1 AND `is_finish` = 0 AND `steward_id` = 4 AND `admin_type` = 1 LIMIT 1   [ RunTime:0.0010s ]
SQL: SELECT COUNT(*) AS tp_count FROM `lewo_schedule` WHERE `schedule_type` = 2 AND `is_finish` = 0 AND `steward_id` = 4 AND `admin_type` = 1 LIMIT 1   [ RunTime:0.0010s ]
SQL: SELECT COUNT(*) AS tp_count FROM `lewo_schedule` WHERE `schedule_type` = 3 AND `is_finish` = 0 AND `steward_id` = 4 AND `admin_type` = 1 LIMIT 1   [ RunTime:0.0020s ]
SQL: SHOW COLUMNS FROM `lewo_contract` [ RunTime:0.0120s ]
SQL: SELECT SUM(rent) AS tp_sum FROM `lewo_contract` WHERE `start_time` = '2016-10-25' LIMIT 1   [ RunTime:0.0010s ]
SQL: SELECT SUM(fee) AS tp_sum FROM `lewo_contract` WHERE `start_time` = '2016-10-25' LIMIT 1   [ RunTime:0.0010s ]
SQL: SELECT SUM(deposit) AS tp_sum FROM `lewo_contract` WHERE `start_time` = '2016-10-25' LIMIT 1   [ RunTime:0.0010s ]
SQL: SELECT SUM(rent) AS tp_sum FROM `lewo_contract` WHERE `start_time` = '2016-10-24' LIMIT 1   [ RunTime:0.0010s ]
SQL: SELECT SUM(fee) AS tp_sum FROM `lewo_contract` WHERE `start_time` = '2016-10-24' LIMIT 1   [ RunTime:0.0010s ]
SQL: SELECT SUM(deposit) AS tp_sum FROM `lewo_contract` WHERE `start_time` = '2016-10-24' LIMIT 1   [ RunTime:0.0010s ]
SQL: SELECT COUNT(*) AS tp_count FROM `lewo_contract` WHERE `start_time` = '2016-10-25' LIMIT 1   [ RunTime:0.0010s ]
SQL: SHOW COLUMNS FROM `lewo_schedule` [ RunTime:0.0110s ]
SQL: SELECT SUM(money) AS tp_sum FROM `lewo_schedule` WHERE `create_date` = '2016-10-25' AND `schedule_type` = 4 LIMIT 1   [ RunTime:0.0000s ]
SQL: SHOW COLUMNS FROM `lewo_room` [ RunTime:0.0120s ]
SQL: SELECT COUNT(*) AS tp_count FROM `lewo_room` WHERE `room_type` = 1 AND `is_show` = 1 LIMIT 1   [ RunTime:0.0020s ]
SQL: SELECT COUNT(*) AS tp_count FROM `lewo_room` WHERE `status` = 0 AND `room_type` = 1 AND `is_show` = 1 LIMIT 1   [ RunTime:0.0020s ]
SQL: SELECT COUNT(*) AS tp_count FROM `lewo_room` WHERE `room_type` = 2 AND `is_show` = 1 LIMIT 1   [ RunTime:0.0020s ]
SQL: SELECT COUNT(*) AS tp_count FROM `lewo_room` WHERE `status` = 0 AND `room_type` = 2 AND `is_show` = 1 LIMIT 1   [ RunTime:0.0020s ]
SQL: SHOW COLUMNS FROM `lewo_admin_user` [ RunTime:0.0090s ]
SQL: SELECT * FROM `lewo_admin_user` WHERE `id` = 4 LIMIT 1   [ RunTime:0.0000s ]
INFO: [ view_parse ] --START--
INFO: [ template_filter ] --START--
INFO: Run Behavior\ContentReplaceBehavior [ RunTime:0.000000s ]
INFO: [ template_filter ] --END-- [ RunTime:0.001000s ]
INFO: Run Behavior\ParseTemplateBehavior [ RunTime:0.030002s ]
INFO: [ view_parse ] --END-- [ RunTime:0.031002s ]
INFO: [ view_filter ] --START--
INFO: Run Behavior\WriteHtmlCacheBehavior [ RunTime:0.001000s ]
INFO: [ view_filter ] --END-- [ RunTime:0.002000s ]
INFO: [ app_end ] --START--
INFO: Run Behavior\ShowPageTraceBehavior [ RunTime:0.002000s ]
INFO: [ app_end ] --END-- [ RunTime:0.003000s ]

[ 2016-10-25T16:58:57+08:00 ] 127.0.0.1 /index.php/Home/Steward/login_out.html
INFO: [ app_init ] --START--
INFO: Run Behavior\BuildLiteBehavior [ RunTime:0.000000s ]
INFO: [ app_init ] --END-- [ RunTime:0.002000s ]
INFO: [ app_begin ] --START--
INFO: Run Behavior\ReadHtmlCacheBehavior [ RunTime:0.002000s ]
INFO: [ app_begin ] --END-- [ RunTime:0.002000s ]
INFO: [ view_parse ] --START--
INFO: [ template_filter ] --START--
INFO: Run Behavior\ContentReplaceBehavior [ RunTime:0.001000s ]
INFO: [ template_filter ] --END-- [ RunTime:0.002000s ]
INFO: Run Behavior\ParseTemplateBehavior [ RunTime:0.055003s ]
INFO: [ view_parse ] --END-- [ RunTime:0.056003s ]
INFO: [ view_filter ] --START--
INFO: Run Behavior\WriteHtmlCacheBehavior [ RunTime:0.002000s ]
INFO: [ view_filter ] --END-- [ RunTime:0.003000s ]
INFO: [ app_end ] --START--
INFO: Run Behavior\ShowPageTraceBehavior [ RunTime:0.005001s ]
INFO: [ app_end ] --END-- [ RunTime:0.006001s ]

[ 2016-10-25T16:59:01+08:00 ] 127.0.0.1 /index.php/Home/Steward/login.html
INFO: [ app_init ] --START--
INFO: Run Behavior\BuildLiteBehavior [ RunTime:0.001000s ]
INFO: [ app_init ] --END-- [ RunTime:0.002000s ]
INFO: [ app_begin ] --START--
INFO: Run Behavior\ReadHtmlCacheBehavior [ RunTime:0.005000s ]
INFO: [ app_begin ] --END-- [ RunTime:0.006000s ]
INFO: [ view_parse ] --START--
INFO: [ template_filter ] --START--
INFO: Run Behavior\ContentReplaceBehavior [ RunTime:0.000000s ]
INFO: [ template_filter ] --END-- [ RunTime:0.001000s ]
INFO: Run Behavior\ParseTemplateBehavior [ RunTime:0.027002s ]
INFO: [ view_parse ] --END-- [ RunTime:0.029002s ]
INFO: [ view_filter ] --START--
INFO: Run Behavior\WriteHtmlCacheBehavior [ RunTime:0.001000s ]
INFO: [ view_filter ] --END-- [ RunTime:0.002000s ]

[ 2016-10-25T16:59:07+08:00 ] 127.0.0.1 /index.php/Home/Steward/login.html
INFO: [ app_init ] --START--
INFO: Run Behavior\BuildLiteBehavior [ RunTime:0.001000s ]
INFO: [ app_init ] --END-- [ RunTime:0.002000s ]
INFO: [ app_begin ] --START--
INFO: Run Behavior\ReadHtmlCacheBehavior [ RunTime:0.002000s ]
INFO: [ app_begin ] --END-- [ RunTime:0.004000s ]
SQL: SHOW COLUMNS FROM `lewo_admin_user` [ RunTime:0.0190s ]
SQL: SELECT * FROM `lewo_admin_user` WHERE `username` = '13751507973' AND `password` = '202cb962ac59075b964b07152d234b70' LIMIT 1   [ RunTime:0.0030s ]
INFO: [ view_parse ] --START--
INFO: [ template_filter ] --START--
INFO: Run Behavior\ContentReplaceBehavior [ RunTime:0.000000s ]
INFO: [ template_filter ] --END-- [ RunTime:0.002001s ]
INFO: Run Behavior\ParseTemplateBehavior [ RunTime:0.036002s ]
INFO: [ view_parse ] --END-- [ RunTime:0.038002s ]
INFO: [ view_filter ] --START--
INFO: Run Behavior\WriteHtmlCacheBehavior [ RunTime:0.002000s ]
INFO: [ view_filter ] --END-- [ RunTime:0.002000s ]

[ 2016-10-25T16:59:08+08:00 ] 127.0.0.1 /index.php/Home/Steward/login.html
INFO: [ app_init ] --START--
INFO: Run Behavior\BuildLiteBehavior [ RunTime:0.000000s ]
INFO: [ app_init ] --END-- [ RunTime:0.005000s ]
INFO: [ app_begin ] --START--
INFO: Run Behavior\ReadHtmlCacheBehavior [ RunTime:0.003001s ]
INFO: [ app_begin ] --END-- [ RunTime:0.004001s ]
INFO: [ view_parse ] --START--
INFO: [ template_filter ] --START--
INFO: Run Behavior\ContentReplaceBehavior [ RunTime:0.001000s ]
INFO: [ template_filter ] --END-- [ RunTime:0.001000s ]
INFO: Run Behavior\ParseTemplateBehavior [ RunTime:0.074004s ]
INFO: [ view_parse ] --END-- [ RunTime:0.074004s ]
INFO: [ view_filter ] --START--
INFO: Run Behavior\WriteHtmlCacheBehavior [ RunTime:0.004000s ]
INFO: [ view_filter ] --END-- [ RunTime:0.005000s ]

[ 2016-10-25T16:59:12+08:00 ] 127.0.0.1 /index.php/Home/Tenant/login.html
INFO: [ app_init ] --START--
INFO: Run Behavior\BuildLiteBehavior [ RunTime:0.000000s ]
INFO: [ app_init ] --END-- [ RunTime:0.003000s ]
INFO: [ app_begin ] --START--
INFO: Run Behavior\ReadHtmlCacheBehavior [ RunTime:0.002000s ]
INFO: [ app_begin ] --END-- [ RunTime:0.004000s ]
INFO: [ view_parse ] --START--
INFO: [ template_filter ] --START--
INFO: Run Behavior\ContentReplaceBehavior [ RunTime:0.001000s ]
INFO: [ template_filter ] --END-- [ RunTime:0.001000s ]
INFO: Run Behavior\ParseTemplateBehavior [ RunTime:0.052002s ]
INFO: [ view_parse ] --END-- [ RunTime:0.053003s ]
INFO: [ view_filter ] --START--
INFO: Run Behavior\WriteHtmlCacheBehavior [ RunTime:0.001000s ]
INFO: [ view_filter ] --END-- [ RunTime:0.002000s ]

[ 2016-10-25T16:59:18+08:00 ] 127.0.0.1 /index.php/Home/Tenant/login.html
INFO: [ app_init ] --START--
INFO: Run Behavior\BuildLiteBehavior [ RunTime:0.000000s ]
INFO: [ app_init ] --END-- [ RunTime:0.005000s ]
INFO: [ app_begin ] --START--
INFO: Run Behavior\ReadHtmlCacheBehavior [ RunTime:0.003000s ]
INFO: [ app_begin ] --END-- [ RunTime:0.003000s ]
SQL: SHOW COLUMNS FROM `lewo_account` [ RunTime:0.0240s ]
SQL: SELECT * FROM `lewo_account` WHERE `mobile` = '13751507973' AND `password` = '6b1c5f2dfc828405850929e845df7963' LIMIT 1   [ RunTime:0.0050s ]
SQL: UPDATE `lewo_account` SET `login_time`='2016-10-25 16:59:18' WHERE `mobile` = '13751507973' AND `password` = '6b1c5f2dfc828405850929e845df7963' [ RunTime:0.0280s ]
INFO: [ view_parse ] --START--
INFO: [ template_filter ] --START--
INFO: Run Behavior\ContentReplaceBehavior [ RunTime:0.001001s ]
INFO: [ template_filter ] --END-- [ RunTime:0.001001s ]
INFO: Run Behavior\ParseTemplateBehavior [ RunTime:0.020001s ]
INFO: [ view_parse ] --END-- [ RunTime:0.020001s ]
INFO: [ view_filter ] --START--
INFO: Run Behavior\WriteHtmlCacheBehavior [ RunTime:0.001000s ]
INFO: [ view_filter ] --END-- [ RunTime:0.002000s ]

[ 2016-10-25T16:59:20+08:00 ] 127.0.0.1 /index.php/Home/Tenant/index.html
INFO: [ app_init ] --START--
INFO: Run Behavior\BuildLiteBehavior [ RunTime:0.001000s ]
INFO: [ app_init ] --END-- [ RunTime:0.002001s ]
INFO: [ app_begin ] --START--
INFO: Run Behavior\ReadHtmlCacheBehavior [ RunTime:0.003000s ]
INFO: [ app_begin ] --END-- [ RunTime:0.004000s ]
SQL: SHOW COLUMNS FROM `lewo_account` [ RunTime:0.0140s ]
SQL: SELECT `id`,`mobile`,`email`,`sex`,`tag`,`birthday`,`register_time`,`avatar`,`address`,`zipcode`,`card_no`,`balance`,`realname`,`contact2` FROM `lewo_account` WHERE `id` = 27 LIMIT 1   [ RunTime:0.0010s ]
SQL: SHOW COLUMNS FROM `lewo_room` [ RunTime:0.0140s ]
SQL: SELECT * FROM `lewo_room` WHERE `account_id` = 27 AND `status` = 2 LIMIT 1   [ RunTime:0.0030s ]
SQL: SHOW COLUMNS FROM `lewo_houses` [ RunTime:0.0150s ]
SQL: SELECT * FROM `lewo_houses` INNER JOIN lewo_area ON lewo_houses.area_id = lewo_area.id  WHERE `house_code` = 'CQ00049' LIMIT 1   [ RunTime:0.0070s ]
SQL: SHOW COLUMNS FROM `lewo_back_bill` [ RunTime:0.0150s ]
SQL: SELECT * FROM `lewo_back_bill` WHERE `account_id` = 27 AND `is_affirm` = 2  [ RunTime:0.0020s ]
SQL: SHOW COLUMNS FROM `lewo_charge_bill` [ RunTime:0.0170s ]
SQL: SELECT * FROM `lewo_charge_bill` WHERE `account_id` = 27 AND `pay_status` = 0 AND `is_delete` = 0 AND `is_send` = 1  [ RunTime:0.0180s ]
SQL: SHOW COLUMNS FROM `lewo_houses` [ RunTime:0.0130s ]
SQL: SHOW COLUMNS FROM `lewo_area` [ RunTime:0.0130s ]
SQL: SELECT * FROM `lewo_back_bill` WHERE `is_finish` = 0 AND `is_affirm` = 0 AND `account_id` = 27 LIMIT 1   [ RunTime:0.0010s ]
SQL: SHOW COLUMNS FROM `lewo_schedule` [ RunTime:0.0140s ]
SQL: SELECT `schedule_type` FROM `lewo_schedule` WHERE `id` = null LIMIT 1   [ RunTime:0.0010s ]
NOTIC: [8] Undefined index:  E:\wamp2\www\lewo\lewo\Home\Controller\TenantController.class.php 第 34 行.
NOTIC: [2048] Declaration of Home\Model\ContractModel::add() should be compatible with Think\Model::add($data = '', $options = Array, $replace = false) E:\wamp2\www\lewo\lewo\Home\Model\ContractModel.class.php 第 140 行.
SQL: SHOW COLUMNS FROM `lewo_contract` [ RunTime:0.0170s ]
SQL: SHOW COLUMNS FROM `lewo_pay` [ RunTime:0.0130s ]
ERR: 1064:Erreur de syntaxe près de 'p INNER JOIN lewo_contract AS c ON lewo_pay.pro_id=c.pay_id  WHERE `account_id` ' à la ligne 1
 [ SQL语句 ] : SELECT p.status FROM lewo_pay _a_s p INNER JOIN lewo_contract AS c ON lewo_pay.pro_id=c.pay_id  WHERE `account_id` = '27' AND p.bill_type = 2 AND `pay_status` = 0 AND `is_show` = 1 ORDER BY id desc LIMIT 1  
ERR: 1064:Erreur de syntaxe près de 'p INNER JOIN lewo_contract AS c ON lewo_pay.pro_id=c.pay_id  WHERE `account_id` ' à la ligne 1
 [ SQL语句 ] : SELECT p.status FROM lewo_pay _a_s p INNER JOIN lewo_contract AS c ON lewo_pay.pro_id=c.pay_id  WHERE `account_id` = '27' AND p.bill_type = 2 AND `pay_status` = 0 AND `is_show` = 1 ORDER BY id desc LIMIT 1  

[ 2016-10-25T17:00:00+08:00 ] 127.0.0.1 /index.php/Home/Tenant/index.html
INFO: [ app_init ] --START--
INFO: Run Behavior\BuildLiteBehavior [ RunTime:0.000000s ]
INFO: [ app_init ] --END-- [ RunTime:0.003001s ]
INFO: [ app_begin ] --START--
INFO: Run Behavior\ReadHtmlCacheBehavior [ RunTime:0.007001s ]
INFO: [ app_begin ] --END-- [ RunTime:0.007001s ]
SQL: SHOW COLUMNS FROM `lewo_account` [ RunTime:0.0200s ]
SQL: SELECT `id`,`mobile`,`email`,`sex`,`tag`,`birthday`,`register_time`,`avatar`,`address`,`zipcode`,`card_no`,`balance`,`realname`,`contact2` FROM `lewo_account` WHERE `id` = 27 LIMIT 1   [ RunTime:0.0020s ]
SQL: SHOW COLUMNS FROM `lewo_room` [ RunTime:0.0190s ]
SQL: SELECT * FROM `lewo_room` WHERE `account_id` = 27 AND `status` = 2 LIMIT 1   [ RunTime:0.0040s ]
SQL: SHOW COLUMNS FROM `lewo_houses` [ RunTime:0.0110s ]
SQL: SELECT * FROM `lewo_houses` INNER JOIN lewo_area ON lewo_houses.area_id = lewo_area.id  WHERE `house_code` = 'CQ00049' LIMIT 1   [ RunTime:0.0020s ]
SQL: SHOW COLUMNS FROM `lewo_back_bill` [ RunTime:0.0140s ]
SQL: SELECT * FROM `lewo_back_bill` WHERE `account_id` = 27 AND `is_affirm` = 2  [ RunTime:0.0000s ]
SQL: SHOW COLUMNS FROM `lewo_charge_bill` [ RunTime:0.0140s ]
SQL: SELECT * FROM `lewo_charge_bill` WHERE `account_id` = 27 AND `pay_status` = 0 AND `is_delete` = 0 AND `is_send` = 1  [ RunTime:0.0160s ]
SQL: SHOW COLUMNS FROM `lewo_houses` [ RunTime:0.0130s ]
SQL: SHOW COLUMNS FROM `lewo_area` [ RunTime:0.0130s ]
SQL: SELECT * FROM `lewo_back_bill` WHERE `is_finish` = 0 AND `is_affirm` = 0 AND `account_id` = 27 LIMIT 1   [ RunTime:0.0010s ]
SQL: SHOW COLUMNS FROM `lewo_schedule` [ RunTime:0.0150s ]
SQL: SELECT `schedule_type` FROM `lewo_schedule` WHERE `id` = null LIMIT 1   [ RunTime:0.0010s ]
NOTIC: [8] Undefined index:  E:\wamp2\www\lewo\lewo\Home\Controller\TenantController.class.php 第 34 行.
NOTIC: [2048] Declaration of Home\Model\ContractModel::add() should be compatible with Think\Model::add($data = '', $options = Array, $replace = false) E:\wamp2\www\lewo\lewo\Home\Model\ContractModel.class.php 第 146 行.
SQL: SHOW COLUMNS FROM `lewo_contract` [ RunTime:0.0170s ]
SQL: SHOW COLUMNS FROM `lewo_pay` [ RunTime:0.0150s ]
ERR: 1054:Champ 'p.status' inconnu dans field list
 [ SQL语句 ] : SELECT p.status FROM lewo_pay p INNER JOIN lewo_contract AS c ON lewo_pay.pro_id=c.pay_id  WHERE `account_id` = '27' AND p.bill_type = 2 AND `pay_status` = 0 AND `is_show` = 1 ORDER BY id desc LIMIT 1  
ERR: 1054:Champ 'p.status' inconnu dans field list
 [ SQL语句 ] : SELECT p.status FROM lewo_pay p INNER JOIN lewo_contract AS c ON lewo_pay.pro_id=c.pay_id  WHERE `account_id` = '27' AND p.bill_type = 2 AND `pay_status` = 0 AND `is_show` = 1 ORDER BY id desc LIMIT 1  

[ 2016-10-25T17:00:33+08:00 ] 127.0.0.1 /index.php/Home/Tenant/index.html
INFO: [ app_init ] --START--
INFO: Run Behavior\BuildLiteBehavior [ RunTime:0.000000s ]
INFO: [ app_init ] --END-- [ RunTime:0.003000s ]
INFO: [ app_begin ] --START--
INFO: Run Behavior\ReadHtmlCacheBehavior [ RunTime:0.002000s ]
INFO: [ app_begin ] --END-- [ RunTime:0.004000s ]
SQL: SHOW COLUMNS FROM `lewo_account` [ RunTime:0.0200s ]
SQL: SELECT `id`,`mobile`,`email`,`sex`,`tag`,`birthday`,`register_time`,`avatar`,`address`,`zipcode`,`card_no`,`balance`,`realname`,`contact2` FROM `lewo_account` WHERE `id` = 27 LIMIT 1   [ RunTime:0.0030s ]
SQL: SHOW COLUMNS FROM `lewo_room` [ RunTime:0.0190s ]
SQL: SELECT * FROM `lewo_room` WHERE `account_id` = 27 AND `status` = 2 LIMIT 1   [ RunTime:0.0040s ]
SQL: SHOW COLUMNS FROM `lewo_houses` [ RunTime:0.0200s ]
SQL: SELECT * FROM `lewo_houses` INNER JOIN lewo_area ON lewo_houses.area_id = lewo_area.id  WHERE `house_code` = 'CQ00049' LIMIT 1   [ RunTime:0.0030s ]
SQL: SHOW COLUMNS FROM `lewo_back_bill` [ RunTime:0.0150s ]
SQL: SELECT * FROM `lewo_back_bill` WHERE `account_id` = 27 AND `is_affirm` = 2  [ RunTime:0.0010s ]
SQL: SHOW COLUMNS FROM `lewo_charge_bill` [ RunTime:0.0160s ]
SQL: SELECT * FROM `lewo_charge_bill` WHERE `account_id` = 27 AND `pay_status` = 0 AND `is_delete` = 0 AND `is_send` = 1  [ RunTime:0.0190s ]
SQL: SHOW COLUMNS FROM `lewo_houses` [ RunTime:0.0180s ]
SQL: SHOW COLUMNS FROM `lewo_area` [ RunTime:0.0210s ]
SQL: SELECT * FROM `lewo_back_bill` WHERE `is_finish` = 0 AND `is_affirm` = 0 AND `account_id` = 27 LIMIT 1   [ RunTime:0.0010s ]
SQL: SHOW COLUMNS FROM `lewo_schedule` [ RunTime:0.0150s ]
SQL: SELECT `schedule_type` FROM `lewo_schedule` WHERE `id` = null LIMIT 1   [ RunTime:0.0010s ]
NOTIC: [8] Undefined index:  E:\wamp2\www\lewo\lewo\Home\Controller\TenantController.class.php 第 34 行.
NOTIC: [2048] Declaration of Home\Model\ContractModel::add() should be compatible with Think\Model::add($data = '', $options = Array, $replace = false) E:\wamp2\www\lewo\lewo\Home\Model\ContractModel.class.php 第 146 行.
SQL: SHOW COLUMNS FROM `lewo_contract` [ RunTime:0.0130s ]
SQL: SHOW COLUMNS FROM `lewo_pay` [ RunTime:0.0130s ]
ERR: 1054:Champ 'c.pay_id' inconnu dans on clause
 [ SQL语句 ] : SELECT * FROM lewo_pay p INNER JOIN lewo_contract c ON p.pro_id=c.pay_id  WHERE p.account_id = '27' AND p.bill_type = 2 AND p.pay_status = 0 AND `is_show` = 1 ORDER BY id desc LIMIT 1  
ERR: 1054:Champ 'c.pay_id' inconnu dans on clause
 [ SQL语句 ] : SELECT * FROM lewo_pay p INNER JOIN lewo_contract c ON p.pro_id=c.pay_id  WHERE p.account_id = '27' AND p.bill_type = 2 AND p.pay_status = 0 AND `is_show` = 1 ORDER BY id desc LIMIT 1  

[ 2016-10-25T17:00:44+08:00 ] 127.0.0.1 /index.php/Home/Tenant/index.html
INFO: [ app_init ] --START--
INFO: Run Behavior\BuildLiteBehavior [ RunTime:0.000000s ]
INFO: [ app_init ] --END-- [ RunTime:0.003000s ]
INFO: [ app_begin ] --START--
INFO: Run Behavior\ReadHtmlCacheBehavior [ RunTime:0.004001s ]
INFO: [ app_begin ] --END-- [ RunTime:0.004001s ]
SQL: SHOW COLUMNS FROM `lewo_account` [ RunTime:0.0200s ]
SQL: SELECT `id`,`mobile`,`email`,`sex`,`tag`,`birthday`,`register_time`,`avatar`,`address`,`zipcode`,`card_no`,`balance`,`realname`,`contact2` FROM `lewo_account` WHERE `id` = 27 LIMIT 1   [ RunTime:0.0010s ]
SQL: SHOW COLUMNS FROM `lewo_room` [ RunTime:0.0140s ]
SQL: SELECT * FROM `lewo_room` WHERE `account_id` = 27 AND `status` = 2 LIMIT 1   [ RunTime:0.0030s ]
SQL: SHOW COLUMNS FROM `lewo_houses` [ RunTime:0.0120s ]
SQL: SELECT * FROM `lewo_houses` INNER JOIN lewo_area ON lewo_houses.area_id = lewo_area.id  WHERE `house_code` = 'CQ00049' LIMIT 1   [ RunTime:0.0020s ]
SQL: SHOW COLUMNS FROM `lewo_back_bill` [ RunTime:0.0120s ]
SQL: SELECT * FROM `lewo_back_bill` WHERE `account_id` = 27 AND `is_affirm` = 2  [ RunTime:0.0010s ]
SQL: SHOW COLUMNS FROM `lewo_charge_bill` [ RunTime:0.0170s ]
SQL: SELECT * FROM `lewo_charge_bill` WHERE `account_id` = 27 AND `pay_status` = 0 AND `is_delete` = 0 AND `is_send` = 1  [ RunTime:0.0140s ]
SQL: SHOW COLUMNS FROM `lewo_houses` [ RunTime:0.0150s ]
SQL: SHOW COLUMNS FROM `lewo_area` [ RunTime:0.0130s ]
SQL: SELECT * FROM `lewo_back_bill` WHERE `is_finish` = 0 AND `is_affirm` = 0 AND `account_id` = 27 LIMIT 1   [ RunTime:0.0010s ]
SQL: SHOW COLUMNS FROM `lewo_schedule` [ RunTime:0.0140s ]
SQL: SELECT `schedule_type` FROM `lewo_schedule` WHERE `id` = null LIMIT 1   [ RunTime:0.0000s ]
NOTIC: [8] Undefined index:  E:\wamp2\www\lewo\lewo\Home\Controller\TenantController.class.php 第 34 行.
NOTIC: [2048] Declaration of Home\Model\ContractModel::add() should be compatible with Think\Model::add($data = '', $options = Array, $replace = false) E:\wamp2\www\lewo\lewo\Home\Model\ContractModel.class.php 第 146 行.
SQL: SHOW COLUMNS FROM `lewo_contract` [ RunTime:0.0160s ]
SQL: SHOW COLUMNS FROM `lewo_pay` [ RunTime:0.0140s ]
ERR: 1052:Champ: 'id' dans order clause est ambigu
 [ SQL语句 ] : SELECT * FROM lewo_pay p INNER JOIN lewo_contract c ON p.pro_id=c.pro_id  WHERE p.account_id = '27' AND p.bill_type = 2 AND p.pay_status = 0 AND `is_show` = 1 ORDER BY id desc LIMIT 1  
ERR: 1052:Champ: 'id' dans order clause est ambigu
 [ SQL语句 ] : SELECT * FROM lewo_pay p INNER JOIN lewo_contract c ON p.pro_id=c.pro_id  WHERE p.account_id = '27' AND p.bill_type = 2 AND p.pay_status = 0 AND `is_show` = 1 ORDER BY id desc LIMIT 1  

[ 2016-10-25T17:01:07+08:00 ] 127.0.0.1 /index.php/Home/Tenant/index.html
INFO: [ app_init ] --START--
INFO: Run Behavior\BuildLiteBehavior [ RunTime:0.000000s ]
INFO: [ app_init ] --END-- [ RunTime:0.003001s ]
INFO: [ app_begin ] --START--
INFO: Run Behavior\ReadHtmlCacheBehavior [ RunTime:0.003000s ]
INFO: [ app_begin ] --END-- [ RunTime:0.005000s ]
SQL: SHOW COLUMNS FROM `lewo_account` [ RunTime:0.0180s ]
SQL: SELECT `id`,`mobile`,`email`,`sex`,`tag`,`birthday`,`register_time`,`avatar`,`address`,`zipcode`,`card_no`,`balance`,`realname`,`contact2` FROM `lewo_account` WHERE `id` = 27 LIMIT 1   [ RunTime:0.0010s ]
SQL: SHOW COLUMNS FROM `lewo_room` [ RunTime:0.0150s ]
SQL: SELECT * FROM `lewo_room` WHERE `account_id` = 27 AND `status` = 2 LIMIT 1   [ RunTime:0.0050s ]
SQL: SHOW COLUMNS FROM `lewo_houses` [ RunTime:0.0200s ]
SQL: SELECT * FROM `lewo_houses` INNER JOIN lewo_area ON lewo_houses.area_id = lewo_area.id  WHERE `house_code` = 'CQ00049' LIMIT 1   [ RunTime:0.0020s ]
SQL: SHOW COLUMNS FROM `lewo_back_bill` [ RunTime:0.0150s ]
SQL: SELECT * FROM `lewo_back_bill` WHERE `account_id` = 27 AND `is_affirm` = 2  [ RunTime:0.0010s ]
SQL: SHOW COLUMNS FROM `lewo_charge_bill` [ RunTime:0.0170s ]
SQL: SELECT * FROM `lewo_charge_bill` WHERE `account_id` = 27 AND `pay_status` = 0 AND `is_delete` = 0 AND `is_send` = 1  [ RunTime:0.0160s ]
SQL: SHOW COLUMNS FROM `lewo_houses` [ RunTime:0.0170s ]
SQL: SHOW COLUMNS FROM `lewo_area` [ RunTime:0.0110s ]
SQL: SELECT * FROM `lewo_back_bill` WHERE `is_finish` = 0 AND `is_affirm` = 0 AND `account_id` = 27 LIMIT 1   [ RunTime:0.0010s ]
SQL: SHOW COLUMNS FROM `lewo_schedule` [ RunTime:0.0130s ]
SQL: SELECT `schedule_type` FROM `lewo_schedule` WHERE `id` = null LIMIT 1   [ RunTime:0.0010s ]
NOTIC: [8] Undefined index:  E:\wamp2\www\lewo\lewo\Home\Controller\TenantController.class.php 第 34 行.
NOTIC: [2048] Declaration of Home\Model\ContractModel::add() should be compatible with Think\Model::add($data = '', $options = Array, $replace = false) E:\wamp2\www\lewo\lewo\Home\Model\ContractModel.class.php 第 146 行.
SQL: SHOW COLUMNS FROM `lewo_contract` [ RunTime:0.0160s ]
SQL: SHOW COLUMNS FROM `lewo_pay` [ RunTime:0.0120s ]
SQL: SELECT * FROM lewo_pay p INNER JOIN lewo_contract c ON p.pro_id=c.pro_id  WHERE p.account_id = '27' AND p.bill_type = 2 AND p.pay_status = 0 AND `is_show` = 1 ORDER BY p.id desc LIMIT 1   [ RunTime:0.0020s ]
SQL: SHOW COLUMNS FROM `lewo_room` [ RunTime:0.0120s ]

[ 2016-10-25T17:01:40+08:00 ] 127.0.0.1 /index.php/Home/Tenant/index.html
INFO: [ app_init ] --START--
INFO: Run Behavior\BuildLiteBehavior [ RunTime:0.000000s ]
INFO: [ app_init ] --END-- [ RunTime:0.004001s ]
INFO: [ app_begin ] --START--
INFO: Run Behavior\ReadHtmlCacheBehavior [ RunTime:0.003000s ]
INFO: [ app_begin ] --END-- [ RunTime:0.003000s ]
SQL: SHOW COLUMNS FROM `lewo_account` [ RunTime:0.0190s ]
SQL: SELECT `id`,`mobile`,`email`,`sex`,`tag`,`birthday`,`register_time`,`avatar`,`address`,`zipcode`,`card_no`,`balance`,`realname`,`contact2` FROM `lewo_account` WHERE `id` = 27 LIMIT 1   [ RunTime:0.0020s ]
SQL: SHOW COLUMNS FROM `lewo_room` [ RunTime:0.0160s ]
SQL: SELECT * FROM `lewo_room` WHERE `account_id` = 27 AND `status` = 2 LIMIT 1   [ RunTime:0.0030s ]
SQL: SHOW COLUMNS FROM `lewo_houses` [ RunTime:0.0150s ]
SQL: SELECT * FROM `lewo_houses` INNER JOIN lewo_area ON lewo_houses.area_id = lewo_area.id  WHERE `house_code` = 'CQ00049' LIMIT 1   [ RunTime:0.0020s ]
SQL: SHOW COLUMNS FROM `lewo_back_bill` [ RunTime:0.0120s ]
SQL: SELECT * FROM `lewo_back_bill` WHERE `account_id` = 27 AND `is_affirm` = 2  [ RunTime:0.0000s ]
SQL: SHOW COLUMNS FROM `lewo_charge_bill` [ RunTime:0.0170s ]
SQL: SELECT * FROM `lewo_charge_bill` WHERE `account_id` = 27 AND `pay_status` = 0 AND `is_delete` = 0 AND `is_send` = 1  [ RunTime:0.0170s ]
SQL: SHOW COLUMNS FROM `lewo_houses` [ RunTime:0.0130s ]
SQL: SHOW COLUMNS FROM `lewo_area` [ RunTime:0.0210s ]
SQL: SELECT * FROM `lewo_back_bill` WHERE `is_finish` = 0 AND `is_affirm` = 0 AND `account_id` = 27 LIMIT 1   [ RunTime:0.0010s ]
SQL: SHOW COLUMNS FROM `lewo_schedule` [ RunTime:0.0160s ]
SQL: SELECT `schedule_type` FROM `lewo_schedule` WHERE `id` = null LIMIT 1   [ RunTime:0.0010s ]
NOTIC: [8] Undefined index:  E:\wamp2\www\lewo\lewo\Home\Controller\TenantController.class.php 第 34 行.
NOTIC: [2048] Declaration of Home\Model\ContractModel::add() should be compatible with Think\Model::add($data = '', $options = Array, $replace = false) E:\wamp2\www\lewo\lewo\Home\Model\ContractModel.class.php 第 146 行.
SQL: SHOW COLUMNS FROM `lewo_contract` [ RunTime:0.0170s ]
SQL: SHOW COLUMNS FROM `lewo_pay` [ RunTime:0.0120s ]
SQL: SELECT * FROM lewo_pay p INNER JOIN lewo_contract c ON p.pro_id=c.pro_id  WHERE p.account_id = '27' AND p.bill_type = 2 AND p.pay_status = 0 AND `is_show` = 1 ORDER BY p.id desc LIMIT 1   [ RunTime:0.0020s ]
SQL: SHOW COLUMNS FROM `lewo_room` [ RunTime:0.0110s ]

[ 2016-10-25T17:02:18+08:00 ] 127.0.0.1 /index.php/Home/Tenant/index.html
INFO: [ app_init ] --START--
INFO: Run Behavior\BuildLiteBehavior [ RunTime:0.000000s ]
INFO: [ app_init ] --END-- [ RunTime:0.003001s ]
INFO: [ app_begin ] --START--
INFO: Run Behavior\ReadHtmlCacheBehavior [ RunTime:0.003000s ]
INFO: [ app_begin ] --END-- [ RunTime:0.005000s ]
SQL: SHOW COLUMNS FROM `lewo_account` [ RunTime:0.0130s ]
SQL: SELECT `id`,`mobile`,`email`,`sex`,`tag`,`birthday`,`register_time`,`avatar`,`address`,`zipcode`,`card_no`,`balance`,`realname`,`contact2` FROM `lewo_account` WHERE `id` = 27 LIMIT 1   [ RunTime:0.0010s ]
SQL: SHOW COLUMNS FROM `lewo_room` [ RunTime:0.0130s ]
SQL: SELECT * FROM `lewo_room` WHERE `account_id` = 27 AND `status` = 2 LIMIT 1   [ RunTime:0.0020s ]
SQL: SHOW COLUMNS FROM `lewo_houses` [ RunTime:0.0110s ]
SQL: SELECT * FROM `lewo_houses` INNER JOIN lewo_area ON lewo_houses.area_id = lewo_area.id  WHERE `house_code` = 'CQ00049' LIMIT 1   [ RunTime:0.0020s ]
SQL: SHOW COLUMNS FROM `lewo_back_bill` [ RunTime:0.0120s ]
SQL: SELECT * FROM `lewo_back_bill` WHERE `account_id` = 27 AND `is_affirm` = 2  [ RunTime:0.0000s ]
SQL: SHOW COLUMNS FROM `lewo_charge_bill` [ RunTime:0.0150s ]
SQL: SELECT * FROM `lewo_charge_bill` WHERE `account_id` = 27 AND `pay_status` = 0 AND `is_delete` = 0 AND `is_send` = 1  [ RunTime:0.0130s ]
SQL: SHOW COLUMNS FROM `lewo_houses` [ RunTime:0.0120s ]
SQL: SHOW COLUMNS FROM `lewo_area` [ RunTime:0.0100s ]
SQL: SELECT * FROM `lewo_back_bill` WHERE `is_finish` = 0 AND `is_affirm` = 0 AND `account_id` = 27 LIMIT 1   [ RunTime:0.0010s ]
SQL: SHOW COLUMNS FROM `lewo_schedule` [ RunTime:0.0110s ]
SQL: SELECT `schedule_type` FROM `lewo_schedule` WHERE `id` = null LIMIT 1   [ RunTime:0.0010s ]
NOTIC: [8] Undefined index:  E:\wamp2\www\lewo\lewo\Home\Controller\TenantController.class.php 第 34 行.
NOTIC: [2048] Declaration of Home\Model\ContractModel::add() should be compatible with Think\Model::add($data = '', $options = Array, $replace = false) E:\wamp2\www\lewo\lewo\Home\Model\ContractModel.class.php 第 146 行.
SQL: SHOW COLUMNS FROM `lewo_contract` [ RunTime:0.0160s ]
SQL: SHOW COLUMNS FROM `lewo_pay` [ RunTime:0.0140s ]
SQL: SELECT * FROM lewo_pay p INNER JOIN lewo_contract c ON p.pro_id=c.pro_id  WHERE p.account_id = '27' AND p.bill_type = 2 AND p.pay_status = 0 AND `is_show` = 1 ORDER BY p.id desc LIMIT 1   [ RunTime:0.0010s ]
SQL: SHOW COLUMNS FROM `lewo_room` [ RunTime:0.0100s ]

[ 2016-10-25T17:06:05+08:00 ] 127.0.0.1 /index.php/Home/Tenant/index.html
INFO: [ app_init ] --START--
INFO: Run Behavior\BuildLiteBehavior [ RunTime:0.001000s ]
INFO: [ app_init ] --END-- [ RunTime:0.003000s ]
INFO: [ app_begin ] --START--
INFO: Run Behavior\ReadHtmlCacheBehavior [ RunTime:0.003000s ]
INFO: [ app_begin ] --END-- [ RunTime:0.004000s ]
SQL: SHOW COLUMNS FROM `lewo_account` [ RunTime:0.0130s ]
SQL: SELECT `id`,`mobile`,`email`,`sex`,`tag`,`birthday`,`register_time`,`avatar`,`address`,`zipcode`,`card_no`,`balance`,`realname`,`contact2` FROM `lewo_account` WHERE `id` = 27 LIMIT 1   [ RunTime:0.0010s ]
SQL: SHOW COLUMNS FROM `lewo_room` [ RunTime:0.0140s ]
SQL: SELECT * FROM `lewo_room` WHERE `account_id` = 27 AND `status` = 2 LIMIT 1   [ RunTime:0.0020s ]
SQL: SHOW COLUMNS FROM `lewo_houses` [ RunTime:0.0130s ]
SQL: SELECT * FROM `lewo_houses` INNER JOIN lewo_area ON lewo_houses.area_id = lewo_area.id  WHERE `house_code` = 'CQ00049' LIMIT 1   [ RunTime:0.0020s ]
SQL: SHOW COLUMNS FROM `lewo_back_bill` [ RunTime:0.0120s ]
SQL: SELECT * FROM `lewo_back_bill` WHERE `account_id` = 27 AND `is_affirm` = 2  [ RunTime:0.0010s ]
SQL: SHOW COLUMNS FROM `lewo_charge_bill` [ RunTime:0.0130s ]
SQL: SELECT * FROM `lewo_charge_bill` WHERE `account_id` = 27 AND `pay_status` = 0 AND `is_delete` = 0 AND `is_send` = 1  [ RunTime:0.0140s ]
SQL: SHOW COLUMNS FROM `lewo_houses` [ RunTime:0.0120s ]
SQL: SHOW COLUMNS FROM `lewo_area` [ RunTime:0.0130s ]
SQL: SELECT * FROM `lewo_back_bill` WHERE `is_finish` = 0 AND `is_affirm` = 0 AND `account_id` = 27 LIMIT 1   [ RunTime:0.0010s ]
SQL: SHOW COLUMNS FROM `lewo_schedule` [ RunTime:0.0100s ]
SQL: SELECT `schedule_type` FROM `lewo_schedule` WHERE `id` = null LIMIT 1   [ RunTime:0.0010s ]
NOTIC: [8] Undefined index:  E:\wamp2\www\lewo\lewo\Home\Controller\TenantController.class.php 第 34 行.
NOTIC: [2048] Declaration of Home\Model\ContractModel::add() should be compatible with Think\Model::add($data = '', $options = Array, $replace = false) E:\wamp2\www\lewo\lewo\Home\Model\ContractModel.class.php 第 146 行.
SQL: SHOW COLUMNS FROM `lewo_contract` [ RunTime:0.0130s ]
SQL: SHOW COLUMNS FROM `lewo_pay` [ RunTime:0.0120s ]
SQL: SELECT * FROM lewo_pay p INNER JOIN lewo_contract c ON p.pro_id=c.pro_id  WHERE p.account_id = '27' AND p.bill_type = 2 AND p.pay_status = 0 AND `is_show` = 1 ORDER BY p.id desc LIMIT 1   [ RunTime:0.0010s ]
SQL: SHOW COLUMNS FROM `lewo_room` [ RunTime:0.0120s ]
SQL: SELECT `house_code` FROM `lewo_room` WHERE `id` = 628 LIMIT 1   [ RunTime:0.0010s ]
SQL: SELECT `area_id` FROM `lewo_houses` WHERE `house_code` = 'CQ00049' LIMIT 1   [ RunTime:0.0010s ]
SQL: SELECT `city_id` FROM `lewo_area` WHERE `id` = 36 LIMIT 1   [ RunTime:0.0010s ]
NOTIC: [8] Undefined variable: account_info E:\wamp2\www\lewo\lewo\Home\Model\ContractModel.class.php 第 139 行.
INFO: [ view_parse ] --START--
INFO: [ template_filter ] --START--
INFO: Run Behavior\ContentReplaceBehavior [ RunTime:0.000000s ]
INFO: [ template_filter ] --END-- [ RunTime:0.002000s ]
INFO: Run Behavior\ParseTemplateBehavior [ RunTime:0.073004s ]
INFO: [ view_parse ] --END-- [ RunTime:0.074004s ]
INFO: [ view_filter ] --START--
INFO: Run Behavior\WriteHtmlCacheBehavior [ RunTime:0.002000s ]
INFO: [ view_filter ] --END-- [ RunTime:0.002000s ]
INFO: [ app_end ] --START--
INFO: Run Behavior\ShowPageTraceBehavior [ RunTime:0.008001s ]
INFO: [ app_end ] --END-- [ RunTime:0.008001s ]

[ 2016-10-25T17:07:27+08:00 ] 127.0.0.1 /index.php/Home/AlipayContract/pay/WIDsubject/%E5%90%88%E5%90%8C%E9%87%8D%E5%BA%86%E8%B4%A6%E5%8D%95/WIDtotal_fee/2790.00.html
INFO: [ app_init ] --START--
INFO: Run Behavior\BuildLiteBehavior [ RunTime:0.001000s ]
INFO: [ app_init ] --END-- [ RunTime:0.005000s ]
INFO: [ app_begin ] --START--
INFO: Run Behavior\ReadHtmlCacheBehavior [ RunTime:0.006000s ]
INFO: [ app_begin ] --END-- [ RunTime:0.007001s ]
INFO: [ app_end ] --START--
INFO: Run Behavior\ShowPageTraceBehavior [ RunTime:0.002001s ]
INFO: [ app_end ] --END-- [ RunTime:0.003001s ]

[ 2016-10-25T17:07:47+08:00 ] 127.0.0.1 /
INFO: [ app_init ] --START--
INFO: Run Behavior\BuildLiteBehavior [ RunTime:0.001000s ]
INFO: [ app_init ] --END-- [ RunTime:0.003000s ]
INFO: [ app_begin ] --START--
INFO: Run Behavior\ReadHtmlCacheBehavior [ RunTime:0.005001s ]
INFO: [ app_begin ] --END-- [ RunTime:0.006001s ]
SQL: SHOW COLUMNS FROM `lewo_account` [ RunTime:0.0200s ]
SQL: SELECT `id`,`mobile`,`email`,`sex`,`tag`,`birthday`,`register_time`,`avatar`,`address`,`zipcode`,`card_no`,`balance`,`realname`,`contact2` FROM `lewo_account` WHERE `id` = 27 LIMIT 1   [ RunTime:0.0020s ]
SQL: SHOW COLUMNS FROM `lewo_room` [ RunTime:0.0170s ]
SQL: SELECT * FROM `lewo_room` WHERE `account_id` = 27 AND `status` = 2 LIMIT 1   [ RunTime:0.0040s ]
SQL: SHOW COLUMNS FROM `lewo_houses` [ RunTime:0.0160s ]
SQL: SELECT * FROM `lewo_houses` INNER JOIN lewo_area ON lewo_houses.area_id = lewo_area.id  WHERE `house_code` = 'CQ00049' LIMIT 1   [ RunTime:0.0020s ]
SQL: SHOW COLUMNS FROM `lewo_back_bill` [ RunTime:0.0150s ]
SQL: SELECT * FROM `lewo_back_bill` WHERE `account_id` = 27 AND `is_affirm` = 2  [ RunTime:0.0010s ]
SQL: SHOW COLUMNS FROM `lewo_charge_bill` [ RunTime:0.0180s ]
SQL: SELECT * FROM `lewo_charge_bill` WHERE `account_id` = 27 AND `pay_status` = 0 AND `is_delete` = 0 AND `is_send` = 1  [ RunTime:0.0140s ]
SQL: SHOW COLUMNS FROM `lewo_houses` [ RunTime:0.0130s ]
SQL: SHOW COLUMNS FROM `lewo_area` [ RunTime:0.0110s ]
SQL: SELECT * FROM `lewo_back_bill` WHERE `is_finish` = 0 AND `is_affirm` = 0 AND `account_id` = 27 LIMIT 1   [ RunTime:0.0010s ]
SQL: SHOW COLUMNS FROM `lewo_schedule` [ RunTime:0.0110s ]
SQL: SELECT `schedule_type` FROM `lewo_schedule` WHERE `id` = null LIMIT 1   [ RunTime:0.0000s ]
NOTIC: [8] Undefined index:  E:\wamp2\www\lewo\lewo\Home\Controller\TenantController.class.php 第 34 行.
NOTIC: [2048] Declaration of Home\Model\ContractModel::add() should be compatible with Think\Model::add($data = '', $options = Array, $replace = false) E:\wamp2\www\lewo\lewo\Home\Model\ContractModel.class.php 第 146 行.
SQL: SHOW COLUMNS FROM `lewo_contract` [ RunTime:0.0140s ]
SQL: SHOW COLUMNS FROM `lewo_pay` [ RunTime:0.0130s ]
SQL: SELECT * FROM lewo_pay p INNER JOIN lewo_contract c ON p.pro_id=c.pro_id  WHERE p.account_id = '27' AND p.bill_type = 2 AND p.pay_status = 0 AND `is_show` = 1 ORDER BY p.id desc LIMIT 1   [ RunTime:0.0010s ]
SQL: SHOW COLUMNS FROM `lewo_room` [ RunTime:0.0120s ]
SQL: SELECT `house_code` FROM `lewo_room` WHERE `id` = 628 LIMIT 1   [ RunTime:0.0000s ]
SQL: SELECT `area_id` FROM `lewo_houses` WHERE `house_code` = 'CQ00049' LIMIT 1   [ RunTime:0.0010s ]
SQL: SELECT `city_id` FROM `lewo_area` WHERE `id` = 36 LIMIT 1   [ RunTime:0.0010s ]
NOTIC: [8] Undefined variable: account_info E:\wamp2\www\lewo\lewo\Home\Model\ContractModel.class.php 第 139 行.
INFO: [ view_parse ] --START--
INFO: [ template_filter ] --START--
INFO: Run Behavior\ContentReplaceBehavior [ RunTime:0.000000s ]
INFO: [ template_filter ] --END-- [ RunTime:0.001000s ]
INFO: Run Behavior\ParseTemplateBehavior [ RunTime:0.072004s ]
INFO: [ view_parse ] --END-- [ RunTime:0.073004s ]
INFO: [ view_filter ] --START--
INFO: Run Behavior\WriteHtmlCacheBehavior [ RunTime:0.001000s ]
INFO: [ view_filter ] --END-- [ RunTime:0.002001s ]
INFO: [ app_end ] --START--
INFO: Run Behavior\ShowPageTraceBehavior [ RunTime:0.002000s ]
INFO: [ app_end ] --END-- [ RunTime:0.003000s ]

[ 2016-10-25T18:01:18+08:00 ] 127.0.0.1 /
INFO: [ app_init ] --START--
INFO: Run Behavior\BuildLiteBehavior [ RunTime:0.001000s ]
INFO: [ app_init ] --END-- [ RunTime:0.001000s ]
INFO: [ app_begin ] --START--
INFO: Run Behavior\ReadHtmlCacheBehavior [ RunTime:0.001000s ]
INFO: [ app_begin ] --END-- [ RunTime:0.002000s ]
INFO: [ view_parse ] --START--
INFO: [ template_filter ] --START--
INFO: Run Behavior\ContentReplaceBehavior [ RunTime:0.001001s ]
INFO: [ template_filter ] --END-- [ RunTime:0.001001s ]
INFO: Run Behavior\ParseTemplateBehavior [ RunTime:0.017001s ]
INFO: [ view_parse ] --END-- [ RunTime:0.017001s ]
INFO: [ view_filter ] --START--
INFO: Run Behavior\WriteHtmlCacheBehavior [ RunTime:0.001000s ]
INFO: [ view_filter ] --END-- [ RunTime:0.001000s ]

