[ 2016-11-27T10:29:16+08:00 ] 127.0.0.1 /
INFO: [ app_init ] --START--
INFO: Run Behavior\BuildLiteBehavior [ RunTime:0.000076s ]
INFO: [ app_init ] --END-- [ RunTime:0.016278s ]
INFO: [ app_begin ] --START--
INFO: Run Behavior\ReadHtmlCacheBehavior [ RunTime:0.002009s ]
INFO: [ app_begin ] --END-- [ RunTime:0.002154s ]
INFO: [ view_parse ] --START--
INFO: [ template_filter ] --START--
INFO: Run Behavior\ContentReplaceBehavior [ RunTime:0.000496s ]
INFO: [ template_filter ] --END-- [ RunTime:0.000620s ]
INFO: Run Behavior\ParseTemplateBehavior [ RunTime:0.064100s ]
INFO: [ view_parse ] --END-- [ RunTime:0.064273s ]
INFO: [ view_filter ] --START--
INFO: Run Behavior\WriteHtmlCacheBehavior [ RunTime:0.026599s ]
INFO: [ view_filter ] --END-- [ RunTime:0.026801s ]

[ 2016-11-27T14:43:16+08:00 ] 127.0.0.1 /
INFO: [ app_init ] --START--
INFO: Run Behavior\BuildLiteBehavior [ RunTime:0.000059s ]
INFO: [ app_init ] --END-- [ RunTime:0.000977s ]
INFO: [ app_begin ] --START--
INFO: Run Behavior\ReadHtmlCacheBehavior [ RunTime:0.001899s ]
INFO: [ app_begin ] --END-- [ RunTime:0.002074s ]
INFO: [ view_parse ] --START--
INFO: [ template_filter ] --START--
INFO: Run Behavior\ContentReplaceBehavior [ RunTime:0.000094s ]
INFO: [ template_filter ] --END-- [ RunTime:0.000209s ]
INFO: Run Behavior\ParseTemplateBehavior [ RunTime:0.075698s ]
INFO: [ view_parse ] --END-- [ RunTime:0.075866s ]
INFO: [ view_filter ] --START--
INFO: Run Behavior\WriteHtmlCacheBehavior [ RunTime:0.000577s ]
INFO: [ view_filter ] --END-- [ RunTime:0.000683s ]

[ 2016-11-27T14:43:33+08:00 ] 127.0.0.1 /index.php/Home/Tenant/login.html
INFO: [ app_init ] --START--
INFO: Run Behavior\BuildLiteBehavior [ RunTime:0.000049s ]
INFO: [ app_init ] --END-- [ RunTime:0.001441s ]
INFO: [ app_begin ] --START--
INFO: Run Behavior\ReadHtmlCacheBehavior [ RunTime:0.005423s ]
INFO: [ app_begin ] --END-- [ RunTime:0.005696s ]
SQL: SHOW COLUMNS FROM `lewo_account` [ RunTime:0.0057s ]
SQL: SELECT * FROM `lewo_account` WHERE `mobile` = '13751507973' AND `password` = '6b1c5f2dfc828405850929e845df7963' LIMIT 1   [ RunTime:0.0030s ]
SQL: UPDATE `lewo_account` SET `login_time`='2016-11-27 14:43:33' WHERE `mobile` = '13751507973' AND `password` = '6b1c5f2dfc828405850929e845df7963' [ RunTime:0.0004s ]
INFO: [ view_parse ] --START--
INFO: [ template_filter ] --START--
INFO: Run Behavior\ContentReplaceBehavior [ RunTime:0.000083s ]
INFO: [ template_filter ] --END-- [ RunTime:0.000196s ]
INFO: Run Behavior\ParseTemplateBehavior [ RunTime:0.010039s ]
INFO: [ view_parse ] --END-- [ RunTime:0.010178s ]
INFO: [ view_filter ] --START--
INFO: Run Behavior\WriteHtmlCacheBehavior [ RunTime:0.000802s ]
INFO: [ view_filter ] --END-- [ RunTime:0.000955s ]

[ 2016-11-27T14:43:37+08:00 ] 127.0.0.1 /index.php/Home/Tenant/login.html
INFO: [ app_init ] --START--
INFO: Run Behavior\BuildLiteBehavior [ RunTime:0.000036s ]
INFO: [ app_init ] --END-- [ RunTime:0.000956s ]
INFO: [ app_begin ] --START--
INFO: Run Behavior\ReadHtmlCacheBehavior [ RunTime:0.001154s ]
INFO: [ app_begin ] --END-- [ RunTime:0.001327s ]
SQL: SHOW COLUMNS FROM `lewo_account` [ RunTime:0.0075s ]
SQL: SELECT * FROM `lewo_account` WHERE `mobile` = '13751507973' AND `password` = 'e10adc3949ba59abbe56e057f20f883e' LIMIT 1   [ RunTime:0.0010s ]
SQL: UPDATE `lewo_account` SET `login_time`='2016-11-27 14:43:37' WHERE `mobile` = '13751507973' AND `password` = 'e10adc3949ba59abbe56e057f20f883e' [ RunTime:0.0028s ]

[ 2016-11-27T14:43:37+08:00 ] 127.0.0.1 /index.php/Home/Tenant/index.html
INFO: [ app_init ] --START--
INFO: Run Behavior\BuildLiteBehavior [ RunTime:0.000037s ]
INFO: [ app_init ] --END-- [ RunTime:0.001176s ]
INFO: [ app_begin ] --START--
INFO: Run Behavior\ReadHtmlCacheBehavior [ RunTime:0.001108s ]
INFO: [ app_begin ] --END-- [ RunTime:0.001256s ]
SQL: SHOW COLUMNS FROM `lewo_account` [ RunTime:0.0055s ]
SQL: SELECT `id`,`mobile`,`email`,`sex`,`tag`,`birthday`,`register_time`,`avatar`,`address`,`zipcode`,`card_no`,`balance`,`realname`,`contact2` FROM `lewo_account` WHERE `id` = 27 LIMIT 1   [ RunTime:0.0006s ]
SQL: SHOW COLUMNS FROM `lewo_room` [ RunTime:0.0056s ]
SQL: SELECT * FROM `lewo_room` WHERE `account_id` = 27 AND `status` = 2 LIMIT 1   [ RunTime:0.0027s ]
SQL: SHOW COLUMNS FROM `lewo_houses` [ RunTime:0.0054s ]
SQL: SELECT * FROM `lewo_houses` INNER JOIN lewo_area ON lewo_houses.area_id = lewo_area.id  WHERE `house_code` = 'CQ00049' LIMIT 1   [ RunTime:0.0007s ]
SQL: SHOW COLUMNS FROM `lewo_back_bill` [ RunTime:0.0049s ]
SQL: SELECT * FROM `lewo_back_bill` WHERE `account_id` = 27 AND `is_affirm` = 2  [ RunTime:0.0006s ]
SQL: SELECT * FROM `lewo_back_bill` WHERE `is_finish` = 0 AND `is_affirm` = 0 AND `account_id` = 27 LIMIT 1   [ RunTime:0.0005s ]
SQL: SHOW COLUMNS FROM `lewo_schedule` [ RunTime:0.0062s ]
SQL: SELECT `schedule_type` FROM `lewo_schedule` WHERE `id` = null LIMIT 1   [ RunTime:0.0003s ]
NOTIC: [8] Undefined index:  G:\wamp2\www\lewo\lewo\Home\Controller\TenantController.class.php 第 30 行.
SQL: SHOW COLUMNS FROM `lewo_pay` [ RunTime:0.0057s ]
NOTIC: [8] Undefined index: not_bill_type G:\wamp2\www\lewo\lewo\Home\Model\PayModel.class.php 第 50 行.
NOTIC: [8] Undefined index: bill_type G:\wamp2\www\lewo\lewo\Home\Model\PayModel.class.php 第 53 行.
SQL: SELECT a.realname,p.*,r.house_code FROM lewo_pay p INNER JOIN lewo_account a ON a.id=p.account_id INNER JOIN lewo_room r ON r.id=p.room_id  WHERE p.pay_status = 0 AND p.account_id = '27' AND p.is_show = 1 AND p.is_send = 1 ORDER BY p.pay_status asc,p.input_year desc,p.input_month desc  [ RunTime:0.0114s ]
SQL: SHOW COLUMNS FROM `lewo_houses` [ RunTime:0.0056s ]
SQL: SHOW COLUMNS FROM `lewo_area` [ RunTime:0.0054s ]
NOTIC: [8] Undefined variable: contract_info G:\wamp2\www\lewo\lewo\Home\Controller\TenantController.class.php 第 51 行.
INFO: [ view_parse ] --START--
INFO: [ template_filter ] --START--
INFO: Run Behavior\ContentReplaceBehavior [ RunTime:0.000195s ]
INFO: [ template_filter ] --END-- [ RunTime:0.000304s ]
INFO: Run Behavior\ParseTemplateBehavior [ RunTime:0.045905s ]
INFO: [ view_parse ] --END-- [ RunTime:0.046046s ]
INFO: [ view_filter ] --START--
INFO: Run Behavior\WriteHtmlCacheBehavior [ RunTime:0.000462s ]
INFO: [ view_filter ] --END-- [ RunTime:0.000573s ]
INFO: [ app_end ] --START--
INFO: Run Behavior\ShowPageTraceBehavior [ RunTime:0.000878s ]
INFO: [ app_end ] --END-- [ RunTime:0.000985s ]

[ 2016-11-27T14:43:38+08:00 ] 127.0.0.1 /index.php/Home/Tenant/myhouse.html
INFO: [ app_init ] --START--
INFO: Run Behavior\BuildLiteBehavior [ RunTime:0.000035s ]
INFO: [ app_init ] --END-- [ RunTime:0.000850s ]
INFO: [ app_begin ] --START--
INFO: Run Behavior\ReadHtmlCacheBehavior [ RunTime:0.001063s ]
INFO: [ app_begin ] --END-- [ RunTime:0.001225s ]
SQL: SHOW COLUMNS FROM `lewo_room` [ RunTime:0.0068s ]
SQL: SHOW COLUMNS FROM `lewo_account` [ RunTime:0.0070s ]
NOTIC: [2048] Declaration of Home\Model\ContractModel::add() should be compatible with Think\Model::add($data = '', $options = Array, $replace = false) G:\wamp2\www\lewo\lewo\Home\Model\ContractModel.class.php 第 152 行.
SQL: SHOW COLUMNS FROM `lewo_contract` [ RunTime:0.0086s ]
SQL: SELECT `id`,`mobile`,`email`,`sex`,`tag`,`birthday`,`register_time`,`avatar`,`address`,`zipcode`,`card_no`,`balance`,`realname`,`contact2` FROM `lewo_account` WHERE `id` = 27 LIMIT 1   [ RunTime:0.0011s ]
SQL: SELECT * FROM `lewo_room` WHERE `account_id` = 27 AND `status` = 2 LIMIT 1   [ RunTime:0.0035s ]
SQL: SHOW COLUMNS FROM `lewo_houses` [ RunTime:0.0071s ]
SQL: SELECT * FROM `lewo_contract` WHERE `account_id` = 27 AND `contract_status` = 1 ORDER BY id desc LIMIT 1   [ RunTime:0.0012s ]
SQL: SELECT * FROM `lewo_houses` INNER JOIN lewo_area ON lewo_houses.area_id = lewo_area.id  WHERE `house_code` = 'CQ00049' LIMIT 1   [ RunTime:0.0008s ]
SQL: SELECT `id`,`mobile`,`email`,`sex`,`tag`,`birthday`,`register_time`,`avatar`,`address`,`zipcode`,`card_no`,`balance`,`realname`,`contact2` FROM `lewo_account` WHERE `id` = 27 LIMIT 1   [ RunTime:0.0006s ]
SQL: SHOW COLUMNS FROM `lewo_back_bill` [ RunTime:0.0084s ]
SQL: SELECT * FROM `lewo_back_bill` WHERE `account_id` = 27 AND `is_affirm` = 2  [ RunTime:0.0006s ]
SQL: SHOW COLUMNS FROM `lewo_schedule` [ RunTime:0.0062s ]
SQL: SELECT * FROM `lewo_schedule` WHERE `account_id` = 27 AND `room_id` = 627 AND `is_delete` = 0 AND `schedule_type` = 1 ORDER BY status asc  [ RunTime:0.0008s ]
SQL: SELECT * FROM `lewo_schedule` WHERE `account_id` = 27 AND `room_id` = 627 AND `is_delete` = 0 AND `schedule_type` = 3 ORDER BY status asc  [ RunTime:0.0021s ]
SQL: SELECT * FROM `lewo_schedule` WHERE `account_id` = 27 AND `room_id` = 627 AND `is_delete` = 0 AND `schedule_type` = 2 ORDER BY status asc  [ RunTime:0.0008s ]
NOTIC: [8] Undefined offset: -1 G:\wamp2\www\lewo\lewo\Home\Controller\TenantController.class.php 第 138 行.
NOTIC: [8] Undefined offset: -1 G:\wamp2\www\lewo\lewo\Home\Controller\TenantController.class.php 第 139 行.
INFO: [ view_parse ] --START--
INFO: [ template_filter ] --START--
INFO: Run Behavior\ContentReplaceBehavior [ RunTime:0.000290s ]
INFO: [ template_filter ] --END-- [ RunTime:0.000436s ]
NOTIC: [8] Undefined variable: status G:\wamp2\www\lewo\lewo\Runtime\Cache\Home\7737ba270bee0e5003e13d0412a3b068.php 第 187 行.
NOTIC: [8] Undefined offset: 1 G:\wamp2\www\lewo\lewo\Runtime\Cache\Home\7737ba270bee0e5003e13d0412a3b068.php 第 200 行.
NOTIC: [8] Undefined offset: 2 G:\wamp2\www\lewo\lewo\Runtime\Cache\Home\7737ba270bee0e5003e13d0412a3b068.php 第 209 行.
NOTIC: [8] Undefined offset: 3 G:\wamp2\www\lewo\lewo\Runtime\Cache\Home\7737ba270bee0e5003e13d0412a3b068.php 第 218 行.
NOTIC: [8] Undefined offset: 4 G:\wamp2\www\lewo\lewo\Runtime\Cache\Home\7737ba270bee0e5003e13d0412a3b068.php 第 227 行.
NOTIC: [8] Undefined offset: 5 G:\wamp2\www\lewo\lewo\Runtime\Cache\Home\7737ba270bee0e5003e13d0412a3b068.php 第 236 行.
INFO: Run Behavior\ParseTemplateBehavior [ RunTime:0.060398s ]
INFO: [ view_parse ] --END-- [ RunTime:0.060559s ]
INFO: [ view_filter ] --START--
INFO: Run Behavior\WriteHtmlCacheBehavior [ RunTime:0.000657s ]
INFO: [ view_filter ] --END-- [ RunTime:0.000803s ]
INFO: [ app_end ] --START--
INFO: Run Behavior\ShowPageTraceBehavior [ RunTime:0.001242s ]
INFO: [ app_end ] --END-- [ RunTime:0.001386s ]

[ 2016-11-27T14:43:41+08:00 ] 127.0.0.1 /index.php/Home/Tenant/my_contract.html
INFO: [ app_init ] --START--
INFO: Run Behavior\BuildLiteBehavior [ RunTime:0.000028s ]
INFO: [ app_init ] --END-- [ RunTime:0.000620s ]
INFO: [ app_begin ] --START--
INFO: Run Behavior\ReadHtmlCacheBehavior [ RunTime:0.000765s ]
INFO: [ app_begin ] --END-- [ RunTime:0.000888s ]
SQL: SHOW COLUMNS FROM `lewo_contract` [ RunTime:0.0062s ]
SQL: SELECT * FROM lewo_contract c INNER JOIN lewo_pay p ON p.pro_id=c.pro_id  WHERE c.account_id = '27' AND c.contract_status = 1 LIMIT 1   [ RunTime:0.0010s ]
INFO: [ view_parse ] --START--
INFO: [ template_filter ] --START--
INFO: Run Behavior\ContentReplaceBehavior [ RunTime:0.000204s ]
INFO: [ template_filter ] --END-- [ RunTime:0.000315s ]
NOTIC: [8] Undefined variable: area_name G:\wamp2\www\lewo\lewo\Runtime\Cache\Home\b903d8fa37e0489fd630ca44b98c09fc.php 第 87 行.
NOTIC: [8] Undefined variable: bill_info G:\wamp2\www\lewo\lewo\Runtime\Cache\Home\b903d8fa37e0489fd630ca44b98c09fc.php 第 87 行.
NOTIC: [8] Undefined variable: bill_info G:\wamp2\www\lewo\lewo\Runtime\Cache\Home\b903d8fa37e0489fd630ca44b98c09fc.php 第 91 行.
NOTIC: [8] Undefined variable: bill_info G:\wamp2\www\lewo\lewo\Runtime\Cache\Home\b903d8fa37e0489fd630ca44b98c09fc.php 第 96 行.
NOTIC: [8] Undefined variable: bill_info G:\wamp2\www\lewo\lewo\Runtime\Cache\Home\b903d8fa37e0489fd630ca44b98c09fc.php 第 114 行.
NOTIC: [8] Undefined variable: bill_info G:\wamp2\www\lewo\lewo\Runtime\Cache\Home\b903d8fa37e0489fd630ca44b98c09fc.php 第 130 行.
NOTIC: [8] Undefined variable: bill_info G:\wamp2\www\lewo\lewo\Runtime\Cache\Home\b903d8fa37e0489fd630ca44b98c09fc.php 第 146 行.
NOTIC: [8] Undefined variable: bill_info G:\wamp2\www\lewo\lewo\Runtime\Cache\Home\b903d8fa37e0489fd630ca44b98c09fc.php 第 162 行.
NOTIC: [8] Undefined variable: bill_info G:\wamp2\www\lewo\lewo\Runtime\Cache\Home\b903d8fa37e0489fd630ca44b98c09fc.php 第 178 行.
NOTIC: [8] Undefined variable: bill_info G:\wamp2\www\lewo\lewo\Runtime\Cache\Home\b903d8fa37e0489fd630ca44b98c09fc.php 第 194 行.
NOTIC: [8] Undefined variable: bill_info G:\wamp2\www\lewo\lewo\Runtime\Cache\Home\b903d8fa37e0489fd630ca44b98c09fc.php 第 210 行.
NOTIC: [8] Undefined variable: bill_info G:\wamp2\www\lewo\lewo\Runtime\Cache\Home\b903d8fa37e0489fd630ca44b98c09fc.php 第 226 行.
NOTIC: [8] Undefined variable: bill_info G:\wamp2\www\lewo\lewo\Runtime\Cache\Home\b903d8fa37e0489fd630ca44b98c09fc.php 第 242 行.
NOTIC: [8] Undefined variable: bill_info G:\wamp2\www\lewo\lewo\Runtime\Cache\Home\b903d8fa37e0489fd630ca44b98c09fc.php 第 242 行.
NOTIC: [8] Undefined variable: bill_info G:\wamp2\www\lewo\lewo\Runtime\Cache\Home\b903d8fa37e0489fd630ca44b98c09fc.php 第 258 行.
NOTIC: [8] Undefined variable: bill_info G:\wamp2\www\lewo\lewo\Runtime\Cache\Home\b903d8fa37e0489fd630ca44b98c09fc.php 第 274 行.
NOTIC: [8] Undefined variable: bill_info G:\wamp2\www\lewo\lewo\Runtime\Cache\Home\b903d8fa37e0489fd630ca44b98c09fc.php 第 290 行.
NOTIC: [8] Undefined variable: bill_info G:\wamp2\www\lewo\lewo\Runtime\Cache\Home\b903d8fa37e0489fd630ca44b98c09fc.php 第 309 行.
NOTIC: [8] Undefined variable: bill_info G:\wamp2\www\lewo\lewo\Runtime\Cache\Home\b903d8fa37e0489fd630ca44b98c09fc.php 第 312 行.
NOTIC: [8] Undefined variable: bill_info G:\wamp2\www\lewo\lewo\Runtime\Cache\Home\b903d8fa37e0489fd630ca44b98c09fc.php 第 312 行.
NOTIC: [8] Undefined variable: bill_info G:\wamp2\www\lewo\lewo\Runtime\Cache\Home\b903d8fa37e0489fd630ca44b98c09fc.php 第 312 行.
INFO: Run Behavior\ParseTemplateBehavior [ RunTime:0.026684s ]
INFO: [ view_parse ] --END-- [ RunTime:0.026794s ]
INFO: [ view_filter ] --START--
INFO: Run Behavior\WriteHtmlCacheBehavior [ RunTime:0.000480s ]
INFO: [ view_filter ] --END-- [ RunTime:0.000586s ]
INFO: [ app_end ] --START--
INFO: Run Behavior\ShowPageTraceBehavior [ RunTime:0.000820s ]
INFO: [ app_end ] --END-- [ RunTime:0.000931s ]

[ 2016-11-27T14:44:19+08:00 ] 127.0.0.1 /index.php/Home/Tenant/my_contract.html
INFO: [ app_init ] --START--
INFO: Run Behavior\BuildLiteBehavior [ RunTime:0.000040s ]
INFO: [ app_init ] --END-- [ RunTime:0.001028s ]
INFO: [ app_begin ] --START--
INFO: Run Behavior\ReadHtmlCacheBehavior [ RunTime:0.001462s ]
INFO: [ app_begin ] --END-- [ RunTime:0.001634s ]
SQL: SHOW COLUMNS FROM `lewo_contract` [ RunTime:0.0122s ]
SQL: SELECT * FROM lewo_contract c INNER JOIN lewo_pay p ON p.pro_id=c.pro_id  WHERE c.account_id = '27' AND c.contract_status = 1 LIMIT 1   [ RunTime:0.0016s ]

[ 2016-11-27T14:44:26+08:00 ] 127.0.0.1 /index.php/Home/Tenant/index.html
INFO: [ app_init ] --START--
INFO: Run Behavior\BuildLiteBehavior [ RunTime:0.000029s ]
INFO: [ app_init ] --END-- [ RunTime:0.000691s ]
INFO: [ app_begin ] --START--
INFO: Run Behavior\ReadHtmlCacheBehavior [ RunTime:0.000902s ]
INFO: [ app_begin ] --END-- [ RunTime:0.001027s ]
SQL: SHOW COLUMNS FROM `lewo_account` [ RunTime:0.0068s ]
SQL: SELECT `id`,`mobile`,`email`,`sex`,`tag`,`birthday`,`register_time`,`avatar`,`address`,`zipcode`,`card_no`,`balance`,`realname`,`contact2` FROM `lewo_account` WHERE `id` = 27 LIMIT 1   [ RunTime:0.0006s ]
SQL: SHOW COLUMNS FROM `lewo_room` [ RunTime:0.0057s ]
SQL: SELECT * FROM `lewo_room` WHERE `account_id` = 27 AND `status` = 2 LIMIT 1   [ RunTime:0.0024s ]
SQL: SHOW COLUMNS FROM `lewo_houses` [ RunTime:0.0055s ]
SQL: SELECT * FROM `lewo_houses` INNER JOIN lewo_area ON lewo_houses.area_id = lewo_area.id  WHERE `house_code` = 'CQ00049' LIMIT 1   [ RunTime:0.0007s ]
SQL: SHOW COLUMNS FROM `lewo_back_bill` [ RunTime:0.0053s ]
SQL: SELECT * FROM `lewo_back_bill` WHERE `account_id` = 27 AND `is_affirm` = 2  [ RunTime:0.0006s ]
SQL: SELECT * FROM `lewo_back_bill` WHERE `is_finish` = 0 AND `is_affirm` = 0 AND `account_id` = 27 LIMIT 1   [ RunTime:0.0004s ]
SQL: SHOW COLUMNS FROM `lewo_schedule` [ RunTime:0.0067s ]
SQL: SELECT `schedule_type` FROM `lewo_schedule` WHERE `id` = null LIMIT 1   [ RunTime:0.0004s ]
NOTIC: [8] Undefined index:  G:\wamp2\www\lewo\lewo\Home\Controller\TenantController.class.php 第 30 行.
SQL: SHOW COLUMNS FROM `lewo_pay` [ RunTime:0.0060s ]
NOTIC: [8] Undefined index: not_bill_type G:\wamp2\www\lewo\lewo\Home\Model\PayModel.class.php 第 50 行.
NOTIC: [8] Undefined index: bill_type G:\wamp2\www\lewo\lewo\Home\Model\PayModel.class.php 第 53 行.
SQL: SELECT a.realname,p.*,r.house_code FROM lewo_pay p INNER JOIN lewo_account a ON a.id=p.account_id INNER JOIN lewo_room r ON r.id=p.room_id  WHERE p.pay_status = 0 AND p.account_id = '27' AND p.is_show = 1 AND p.is_send = 1 ORDER BY p.pay_status asc,p.input_year desc,p.input_month desc  [ RunTime:0.0077s ]
SQL: SHOW COLUMNS FROM `lewo_houses` [ RunTime:0.0063s ]
SQL: SHOW COLUMNS FROM `lewo_area` [ RunTime:0.0049s ]
NOTIC: [8] Undefined variable: contract_info G:\wamp2\www\lewo\lewo\Home\Controller\TenantController.class.php 第 51 行.
INFO: [ view_parse ] --START--
INFO: [ template_filter ] --START--
INFO: Run Behavior\ContentReplaceBehavior [ RunTime:0.000202s ]
INFO: [ template_filter ] --END-- [ RunTime:0.000319s ]
INFO: Run Behavior\ParseTemplateBehavior [ RunTime:0.029674s ]
INFO: [ view_parse ] --END-- [ RunTime:0.029795s ]
INFO: [ view_filter ] --START--
INFO: Run Behavior\WriteHtmlCacheBehavior [ RunTime:0.000815s ]
INFO: [ view_filter ] --END-- [ RunTime:0.000933s ]
INFO: [ app_end ] --START--
INFO: Run Behavior\ShowPageTraceBehavior [ RunTime:0.001078s ]
INFO: [ app_end ] --END-- [ RunTime:0.001265s ]

[ 2016-11-27T14:44:27+08:00 ] 127.0.0.1 /index.php/Home/Tenant/myinfo.html
INFO: [ app_init ] --START--
INFO: Run Behavior\BuildLiteBehavior [ RunTime:0.000028s ]
INFO: [ app_init ] --END-- [ RunTime:0.000621s ]
INFO: [ app_begin ] --START--
INFO: Run Behavior\ReadHtmlCacheBehavior [ RunTime:0.000806s ]
INFO: [ app_begin ] --END-- [ RunTime:0.000943s ]
SQL: SHOW COLUMNS FROM `lewo_account` [ RunTime:0.0061s ]
SQL: SELECT `id`,`mobile`,`email`,`sex`,`tag`,`birthday`,`register_time`,`avatar`,`address`,`zipcode`,`card_no`,`balance`,`realname`,`contact2` FROM `lewo_account` WHERE `id` = 27 LIMIT 1   [ RunTime:0.0006s ]
INFO: [ view_parse ] --START--
INFO: [ template_filter ] --START--
INFO: Run Behavior\ContentReplaceBehavior [ RunTime:0.000193s ]
INFO: [ template_filter ] --END-- [ RunTime:0.000375s ]
INFO: Run Behavior\ParseTemplateBehavior [ RunTime:0.080345s ]
INFO: [ view_parse ] --END-- [ RunTime:0.080482s ]
INFO: [ view_filter ] --START--
INFO: Run Behavior\WriteHtmlCacheBehavior [ RunTime:0.000453s ]
INFO: [ view_filter ] --END-- [ RunTime:0.000563s ]
INFO: [ app_end ] --START--
INFO: Run Behavior\ShowPageTraceBehavior [ RunTime:0.000787s ]
INFO: [ app_end ] --END-- [ RunTime:0.000893s ]

[ 2016-11-27T14:44:28+08:00 ] 127.0.0.1 /index.php/Home/Tenant/login_out.html
INFO: [ app_init ] --START--
INFO: Run Behavior\BuildLiteBehavior [ RunTime:0.000029s ]
INFO: [ app_init ] --END-- [ RunTime:0.000643s ]
INFO: [ app_begin ] --START--
INFO: Run Behavior\ReadHtmlCacheBehavior [ RunTime:0.000876s ]
INFO: [ app_begin ] --END-- [ RunTime:0.001091s ]
INFO: [ view_parse ] --START--
INFO: [ template_filter ] --START--
INFO: Run Behavior\ContentReplaceBehavior [ RunTime:0.000089s ]
INFO: [ template_filter ] --END-- [ RunTime:0.000203s ]
INFO: Run Behavior\ParseTemplateBehavior [ RunTime:0.008649s ]
INFO: [ view_parse ] --END-- [ RunTime:0.008777s ]
INFO: [ view_filter ] --START--
INFO: Run Behavior\WriteHtmlCacheBehavior [ RunTime:0.000449s ]
INFO: [ view_filter ] --END-- [ RunTime:0.000550s ]
INFO: [ app_end ] --START--
INFO: Run Behavior\ShowPageTraceBehavior [ RunTime:0.001366s ]
INFO: [ app_end ] --END-- [ RunTime:0.001544s ]

[ 2016-11-27T14:44:29+08:00 ] 127.0.0.1 /index.php/Home/Tenant/login.html
INFO: [ app_init ] --START--
INFO: Run Behavior\BuildLiteBehavior [ RunTime:0.000040s ]
INFO: [ app_init ] --END-- [ RunTime:0.002005s ]
INFO: [ app_begin ] --START--
INFO: Run Behavior\ReadHtmlCacheBehavior [ RunTime:0.001187s ]
INFO: [ app_begin ] --END-- [ RunTime:0.001398s ]
INFO: [ view_parse ] --START--
INFO: [ template_filter ] --START--
INFO: Run Behavior\ContentReplaceBehavior [ RunTime:0.000137s ]
INFO: [ template_filter ] --END-- [ RunTime:0.000304s ]
INFO: Run Behavior\ParseTemplateBehavior [ RunTime:0.013245s ]
INFO: [ view_parse ] --END-- [ RunTime:0.013438s ]
INFO: [ view_filter ] --START--
INFO: Run Behavior\WriteHtmlCacheBehavior [ RunTime:0.000627s ]
INFO: [ view_filter ] --END-- [ RunTime:0.000788s ]

[ 2016-11-27T14:44:30+08:00 ] 127.0.0.1 /index.php/Home/Tenant/login.html
INFO: [ app_init ] --START--
INFO: Run Behavior\BuildLiteBehavior [ RunTime:0.000035s ]
INFO: [ app_init ] --END-- [ RunTime:0.001283s ]
INFO: [ app_begin ] --START--
INFO: Run Behavior\ReadHtmlCacheBehavior [ RunTime:0.002520s ]
INFO: [ app_begin ] --END-- [ RunTime:0.002761s ]
INFO: [ view_parse ] --START--
INFO: [ template_filter ] --START--
INFO: Run Behavior\ContentReplaceBehavior [ RunTime:0.000128s ]
INFO: [ template_filter ] --END-- [ RunTime:0.000294s ]
INFO: Run Behavior\ParseTemplateBehavior [ RunTime:0.016617s ]
INFO: [ view_parse ] --END-- [ RunTime:0.016786s ]
INFO: [ view_filter ] --START--
INFO: Run Behavior\WriteHtmlCacheBehavior [ RunTime:0.000803s ]
INFO: [ view_filter ] --END-- [ RunTime:0.000950s ]

[ 2016-11-27T14:44:33+08:00 ] 127.0.0.1 /index.php/Home/Tenant/login.html
INFO: [ app_init ] --START--
INFO: Run Behavior\BuildLiteBehavior [ RunTime:0.000026s ]
INFO: [ app_init ] --END-- [ RunTime:0.000625s ]
INFO: [ app_begin ] --START--
INFO: Run Behavior\ReadHtmlCacheBehavior [ RunTime:0.000762s ]
INFO: [ app_begin ] --END-- [ RunTime:0.000885s ]
SQL: SHOW COLUMNS FROM `lewo_account` [ RunTime:0.0053s ]
SQL: SELECT * FROM `lewo_account` WHERE `mobile` = '13922100797' AND `password` = 'e10adc3949ba59abbe56e057f20f883e' LIMIT 1   [ RunTime:0.0007s ]
SQL: UPDATE `lewo_account` SET `login_time`='2016-11-27 14:44:33' WHERE `mobile` = '13922100797' AND `password` = 'e10adc3949ba59abbe56e057f20f883e' [ RunTime:0.0004s ]
INFO: [ view_parse ] --START--
INFO: [ template_filter ] --START--
INFO: Run Behavior\ContentReplaceBehavior [ RunTime:0.000083s ]
INFO: [ template_filter ] --END-- [ RunTime:0.000195s ]
INFO: Run Behavior\ParseTemplateBehavior [ RunTime:0.008558s ]
INFO: [ view_parse ] --END-- [ RunTime:0.008680s ]
INFO: [ view_filter ] --START--
INFO: Run Behavior\WriteHtmlCacheBehavior [ RunTime:0.000457s ]
INFO: [ view_filter ] --END-- [ RunTime:0.000561s ]

[ 2016-11-27T14:44:34+08:00 ] 127.0.0.1 /index.php/Home/Tenant/login.html
INFO: [ app_init ] --START--
INFO: Run Behavior\BuildLiteBehavior [ RunTime:0.000046s ]
INFO: [ app_init ] --END-- [ RunTime:0.000969s ]
INFO: [ app_begin ] --START--
INFO: Run Behavior\ReadHtmlCacheBehavior [ RunTime:0.001104s ]
INFO: [ app_begin ] --END-- [ RunTime:0.001284s ]
INFO: [ view_parse ] --START--
INFO: [ template_filter ] --START--
INFO: Run Behavior\ContentReplaceBehavior [ RunTime:0.000121s ]
INFO: [ template_filter ] --END-- [ RunTime:0.000271s ]
INFO: Run Behavior\ParseTemplateBehavior [ RunTime:0.011779s ]
INFO: [ view_parse ] --END-- [ RunTime:0.011917s ]
INFO: [ view_filter ] --START--
INFO: Run Behavior\WriteHtmlCacheBehavior [ RunTime:0.000461s ]
INFO: [ view_filter ] --END-- [ RunTime:0.000562s ]

[ 2016-11-27T14:45:02+08:00 ] 127.0.0.1 /index.php/Home/Tenant/login.html
INFO: [ app_init ] --START--
INFO: Run Behavior\BuildLiteBehavior [ RunTime:0.000037s ]
INFO: [ app_init ] --END-- [ RunTime:0.000899s ]
INFO: [ app_begin ] --START--
INFO: Run Behavior\ReadHtmlCacheBehavior [ RunTime:0.001014s ]
INFO: [ app_begin ] --END-- [ RunTime:0.001205s ]
SQL: SHOW COLUMNS FROM `lewo_account` [ RunTime:0.0058s ]
SQL: SELECT * FROM `lewo_account` WHERE `mobile` = '13883833501' AND `password` = 'e10adc3949ba59abbe56e057f20f883e' LIMIT 1   [ RunTime:0.0007s ]
SQL: UPDATE `lewo_account` SET `login_time`='2016-11-27 14:45:02' WHERE `mobile` = '13883833501' AND `password` = 'e10adc3949ba59abbe56e057f20f883e' [ RunTime:0.0011s ]

[ 2016-11-27T14:45:03+08:00 ] 127.0.0.1 /index.php/Home/Tenant/index.html
INFO: [ app_init ] --START--
INFO: Run Behavior\BuildLiteBehavior [ RunTime:0.000036s ]
INFO: [ app_init ] --END-- [ RunTime:0.000871s ]
INFO: [ app_begin ] --START--
INFO: Run Behavior\ReadHtmlCacheBehavior [ RunTime:0.001169s ]
INFO: [ app_begin ] --END-- [ RunTime:0.001318s ]
SQL: SHOW COLUMNS FROM `lewo_account` [ RunTime:0.0056s ]
SQL: SELECT `id`,`mobile`,`email`,`sex`,`tag`,`birthday`,`register_time`,`avatar`,`address`,`zipcode`,`card_no`,`balance`,`realname`,`contact2` FROM `lewo_account` WHERE `id` = 2059 LIMIT 1   [ RunTime:0.0008s ]
SQL: SHOW COLUMNS FROM `lewo_room` [ RunTime:0.0055s ]
SQL: SELECT * FROM `lewo_room` WHERE `account_id` = 2059 AND `status` = 2 LIMIT 1   [ RunTime:0.0007s ]
SQL: SHOW COLUMNS FROM `lewo_houses` [ RunTime:0.0060s ]
SQL: SELECT * FROM `lewo_houses` INNER JOIN lewo_area ON lewo_houses.area_id = lewo_area.id  WHERE `house_code` = 'CQ00001' LIMIT 1   [ RunTime:0.0007s ]
SQL: SHOW COLUMNS FROM `lewo_back_bill` [ RunTime:0.0048s ]
SQL: SELECT * FROM `lewo_back_bill` WHERE `account_id` = 2059 AND `is_affirm` = 2  [ RunTime:0.0004s ]
SQL: SELECT * FROM `lewo_back_bill` WHERE `is_finish` = 0 AND `is_affirm` = 0 AND `account_id` = 2059 LIMIT 1   [ RunTime:0.0004s ]
SQL: SHOW COLUMNS FROM `lewo_schedule` [ RunTime:0.0053s ]
SQL: SELECT `schedule_type` FROM `lewo_schedule` WHERE `id` = null LIMIT 1   [ RunTime:0.0003s ]
NOTIC: [8] Undefined index:  G:\wamp2\www\lewo\lewo\Home\Controller\TenantController.class.php 第 30 行.
SQL: SHOW COLUMNS FROM `lewo_pay` [ RunTime:0.0054s ]
NOTIC: [8] Undefined index: not_bill_type G:\wamp2\www\lewo\lewo\Home\Model\PayModel.class.php 第 50 行.
NOTIC: [8] Undefined index: bill_type G:\wamp2\www\lewo\lewo\Home\Model\PayModel.class.php 第 53 行.
SQL: SELECT a.realname,p.*,r.house_code FROM lewo_pay p INNER JOIN lewo_account a ON a.id=p.account_id INNER JOIN lewo_room r ON r.id=p.room_id  WHERE p.pay_status = 0 AND p.account_id = '2059' AND p.is_show = 1 AND p.is_send = 1 ORDER BY p.pay_status asc,p.input_year desc,p.input_month desc  [ RunTime:0.0088s ]
SQL: SHOW COLUMNS FROM `lewo_houses` [ RunTime:0.0055s ]
SQL: SHOW COLUMNS FROM `lewo_area` [ RunTime:0.0052s ]
NOTIC: [8] Undefined variable: contract_info G:\wamp2\www\lewo\lewo\Home\Controller\TenantController.class.php 第 51 行.
INFO: [ view_parse ] --START--
INFO: [ template_filter ] --START--
INFO: Run Behavior\ContentReplaceBehavior [ RunTime:0.000200s ]
INFO: [ template_filter ] --END-- [ RunTime:0.000325s ]
NOTIC: [8] Undefined variable: notpaylist G:\wamp2\www\lewo\lewo\Runtime\Cache\Home\94342478b032149fe2a23be8b17de853.php 第 216 行.
INFO: Run Behavior\ParseTemplateBehavior [ RunTime:0.027634s ]
INFO: [ view_parse ] --END-- [ RunTime:0.027751s ]
INFO: [ view_filter ] --START--
INFO: Run Behavior\WriteHtmlCacheBehavior [ RunTime:0.000546s ]
INFO: [ view_filter ] --END-- [ RunTime:0.000655s ]
INFO: [ app_end ] --START--
INFO: Run Behavior\ShowPageTraceBehavior [ RunTime:0.000920s ]
INFO: [ app_end ] --END-- [ RunTime:0.001027s ]

[ 2016-11-27T14:45:04+08:00 ] 127.0.0.1 /index.php/Home/Tenant/myhouse.html
INFO: [ app_init ] --START--
INFO: Run Behavior\BuildLiteBehavior [ RunTime:0.000038s ]
INFO: [ app_init ] --END-- [ RunTime:0.001412s ]
INFO: [ app_begin ] --START--
INFO: Run Behavior\ReadHtmlCacheBehavior [ RunTime:0.000995s ]
INFO: [ app_begin ] --END-- [ RunTime:0.001152s ]
SQL: SHOW COLUMNS FROM `lewo_room` [ RunTime:0.0090s ]
SQL: SHOW COLUMNS FROM `lewo_account` [ RunTime:0.0079s ]
NOTIC: [2048] Declaration of Home\Model\ContractModel::add() should be compatible with Think\Model::add($data = '', $options = Array, $replace = false) G:\wamp2\www\lewo\lewo\Home\Model\ContractModel.class.php 第 152 行.
SQL: SHOW COLUMNS FROM `lewo_contract` [ RunTime:0.0104s ]
SQL: SELECT `id`,`mobile`,`email`,`sex`,`tag`,`birthday`,`register_time`,`avatar`,`address`,`zipcode`,`card_no`,`balance`,`realname`,`contact2` FROM `lewo_account` WHERE `id` = 2059 LIMIT 1   [ RunTime:0.0007s ]
SQL: SELECT * FROM `lewo_room` WHERE `account_id` = 2059 AND `status` = 2 LIMIT 1   [ RunTime:0.0010s ]
SQL: SHOW COLUMNS FROM `lewo_houses` [ RunTime:0.0073s ]
SQL: SELECT * FROM `lewo_contract` WHERE `account_id` = 2059 AND `contract_status` = 1 ORDER BY id desc LIMIT 1   [ RunTime:0.0010s ]
SQL: SELECT * FROM `lewo_houses` INNER JOIN lewo_area ON lewo_houses.area_id = lewo_area.id  WHERE `house_code` = 'CQ00001' LIMIT 1   [ RunTime:0.0008s ]
SQL: SELECT `id`,`mobile`,`email`,`sex`,`tag`,`birthday`,`register_time`,`avatar`,`address`,`zipcode`,`card_no`,`balance`,`realname`,`contact2` FROM `lewo_account` WHERE `id` = 2059 LIMIT 1   [ RunTime:0.0006s ]
SQL: SHOW COLUMNS FROM `lewo_back_bill` [ RunTime:0.0064s ]
SQL: SELECT * FROM `lewo_back_bill` WHERE `account_id` = 2059 AND `is_affirm` = 2  [ RunTime:0.0006s ]
SQL: SHOW COLUMNS FROM `lewo_schedule` [ RunTime:0.0070s ]
SQL: SELECT * FROM `lewo_schedule` WHERE `account_id` = 2059 AND `room_id` = 85 AND `is_delete` = 0 AND `schedule_type` = 1 ORDER BY status asc  [ RunTime:0.0008s ]
SQL: SELECT * FROM `lewo_schedule` WHERE `account_id` = 2059 AND `room_id` = 85 AND `is_delete` = 0 AND `schedule_type` = 3 ORDER BY status asc  [ RunTime:0.0008s ]
SQL: SELECT * FROM `lewo_schedule` WHERE `account_id` = 2059 AND `room_id` = 85 AND `is_delete` = 0 AND `schedule_type` = 2 ORDER BY status asc  [ RunTime:0.0008s ]
NOTIC: [8] Undefined offset: -1 G:\wamp2\www\lewo\lewo\Home\Controller\TenantController.class.php 第 137 行.
NOTIC: [8] Undefined offset: -1 G:\wamp2\www\lewo\lewo\Home\Controller\TenantController.class.php 第 138 行.
NOTIC: [8] Undefined offset: -1 G:\wamp2\www\lewo\lewo\Home\Controller\TenantController.class.php 第 139 行.
INFO: [ view_parse ] --START--
INFO: [ template_filter ] --START--
INFO: Run Behavior\ContentReplaceBehavior [ RunTime:0.000285s ]
INFO: [ template_filter ] --END-- [ RunTime:0.000449s ]
INFO: Run Behavior\ParseTemplateBehavior [ RunTime:0.036008s ]
INFO: [ view_parse ] --END-- [ RunTime:0.036176s ]
INFO: [ view_filter ] --START--
INFO: Run Behavior\WriteHtmlCacheBehavior [ RunTime:0.000730s ]
INFO: [ view_filter ] --END-- [ RunTime:0.000885s ]
INFO: [ app_end ] --START--
INFO: Run Behavior\ShowPageTraceBehavior [ RunTime:0.001562s ]
INFO: [ app_end ] --END-- [ RunTime:0.001715s ]

[ 2016-11-27T14:45:07+08:00 ] 127.0.0.1 /index.php/Home/Tenant/my_contract.html
INFO: [ app_init ] --START--
INFO: Run Behavior\BuildLiteBehavior [ RunTime:0.000037s ]
INFO: [ app_init ] --END-- [ RunTime:0.001023s ]
INFO: [ app_begin ] --START--
INFO: Run Behavior\ReadHtmlCacheBehavior [ RunTime:0.000982s ]
INFO: [ app_begin ] --END-- [ RunTime:0.001148s ]
SQL: SHOW COLUMNS FROM `lewo_contract` [ RunTime:0.0062s ]
SQL: SELECT * FROM lewo_contract c INNER JOIN lewo_pay p ON p.pro_id=c.pro_id  WHERE c.account_id = '2059' AND c.contract_status = 1 LIMIT 1   [ RunTime:0.0011s ]

[ 2016-11-27T14:45:19+08:00 ] 127.0.0.1 /index.php/Home/Tenant/my_contract.html
INFO: [ app_init ] --START--
INFO: Run Behavior\BuildLiteBehavior [ RunTime:0.000038s ]
INFO: [ app_init ] --END-- [ RunTime:0.000921s ]
INFO: [ app_begin ] --START--
INFO: Run Behavior\ReadHtmlCacheBehavior [ RunTime:0.001109s ]
INFO: [ app_begin ] --END-- [ RunTime:0.001290s ]
SQL: SHOW COLUMNS FROM `lewo_contract` [ RunTime:0.0128s ]
SQL: SELECT * FROM lewo_contract c INNER JOIN lewo_pay p ON p.pro_id=c.pro_id  WHERE c.account_id = '2059' AND c.contract_status = 1 LIMIT 1   [ RunTime:0.0015s ]
INFO: [ view_parse ] --START--
INFO: [ template_filter ] --START--
INFO: Run Behavior\ContentReplaceBehavior [ RunTime:0.000297s ]
INFO: [ template_filter ] --END-- [ RunTime:0.000494s ]
NOTIC: [8] Undefined variable: area_name G:\wamp2\www\lewo\lewo\Runtime\Cache\Home\b903d8fa37e0489fd630ca44b98c09fc.php 第 87 行.
NOTIC: [8] Undefined variable: bill_info G:\wamp2\www\lewo\lewo\Runtime\Cache\Home\b903d8fa37e0489fd630ca44b98c09fc.php 第 87 行.
NOTIC: [8] Undefined variable: bill_info G:\wamp2\www\lewo\lewo\Runtime\Cache\Home\b903d8fa37e0489fd630ca44b98c09fc.php 第 91 行.
NOTIC: [8] Undefined variable: bill_info G:\wamp2\www\lewo\lewo\Runtime\Cache\Home\b903d8fa37e0489fd630ca44b98c09fc.php 第 96 行.
NOTIC: [8] Undefined variable: bill_info G:\wamp2\www\lewo\lewo\Runtime\Cache\Home\b903d8fa37e0489fd630ca44b98c09fc.php 第 114 行.
NOTIC: [8] Undefined variable: bill_info G:\wamp2\www\lewo\lewo\Runtime\Cache\Home\b903d8fa37e0489fd630ca44b98c09fc.php 第 130 行.
NOTIC: [8] Undefined variable: bill_info G:\wamp2\www\lewo\lewo\Runtime\Cache\Home\b903d8fa37e0489fd630ca44b98c09fc.php 第 146 行.
NOTIC: [8] Undefined variable: bill_info G:\wamp2\www\lewo\lewo\Runtime\Cache\Home\b903d8fa37e0489fd630ca44b98c09fc.php 第 162 行.
NOTIC: [8] Undefined variable: bill_info G:\wamp2\www\lewo\lewo\Runtime\Cache\Home\b903d8fa37e0489fd630ca44b98c09fc.php 第 178 行.
NOTIC: [8] Undefined variable: bill_info G:\wamp2\www\lewo\lewo\Runtime\Cache\Home\b903d8fa37e0489fd630ca44b98c09fc.php 第 194 行.
NOTIC: [8] Undefined variable: bill_info G:\wamp2\www\lewo\lewo\Runtime\Cache\Home\b903d8fa37e0489fd630ca44b98c09fc.php 第 210 行.
NOTIC: [8] Undefined variable: bill_info G:\wamp2\www\lewo\lewo\Runtime\Cache\Home\b903d8fa37e0489fd630ca44b98c09fc.php 第 226 行.
NOTIC: [8] Undefined variable: bill_info G:\wamp2\www\lewo\lewo\Runtime\Cache\Home\b903d8fa37e0489fd630ca44b98c09fc.php 第 242 行.
NOTIC: [8] Undefined variable: bill_info G:\wamp2\www\lewo\lewo\Runtime\Cache\Home\b903d8fa37e0489fd630ca44b98c09fc.php 第 242 行.
NOTIC: [8] Undefined variable: bill_info G:\wamp2\www\lewo\lewo\Runtime\Cache\Home\b903d8fa37e0489fd630ca44b98c09fc.php 第 258 行.
NOTIC: [8] Undefined variable: bill_info G:\wamp2\www\lewo\lewo\Runtime\Cache\Home\b903d8fa37e0489fd630ca44b98c09fc.php 第 274 行.
NOTIC: [8] Undefined variable: bill_info G:\wamp2\www\lewo\lewo\Runtime\Cache\Home\b903d8fa37e0489fd630ca44b98c09fc.php 第 290 行.
NOTIC: [8] Undefined variable: bill_info G:\wamp2\www\lewo\lewo\Runtime\Cache\Home\b903d8fa37e0489fd630ca44b98c09fc.php 第 309 行.
NOTIC: [8] Undefined variable: bill_info G:\wamp2\www\lewo\lewo\Runtime\Cache\Home\b903d8fa37e0489fd630ca44b98c09fc.php 第 312 行.
NOTIC: [8] Undefined variable: bill_info G:\wamp2\www\lewo\lewo\Runtime\Cache\Home\b903d8fa37e0489fd630ca44b98c09fc.php 第 312 行.
NOTIC: [8] Undefined variable: bill_info G:\wamp2\www\lewo\lewo\Runtime\Cache\Home\b903d8fa37e0489fd630ca44b98c09fc.php 第 312 行.
INFO: Run Behavior\ParseTemplateBehavior [ RunTime:0.024372s ]
INFO: [ view_parse ] --END-- [ RunTime:0.024510s ]
INFO: [ view_filter ] --START--
INFO: Run Behavior\WriteHtmlCacheBehavior [ RunTime:0.000743s ]
INFO: [ view_filter ] --END-- [ RunTime:0.000879s ]
INFO: [ app_end ] --START--
INFO: Run Behavior\ShowPageTraceBehavior [ RunTime:0.001733s ]
INFO: [ app_end ] --END-- [ RunTime:0.001899s ]

[ 2016-11-27T14:45:22+08:00 ] 127.0.0.1 /index.php/Home/Tenant/my_contract.html
INFO: [ app_init ] --START--
INFO: Run Behavior\BuildLiteBehavior [ RunTime:0.000030s ]
INFO: [ app_init ] --END-- [ RunTime:0.000909s ]
INFO: [ app_begin ] --START--
INFO: Run Behavior\ReadHtmlCacheBehavior [ RunTime:0.000754s ]
INFO: [ app_begin ] --END-- [ RunTime:0.000873s ]
SQL: SHOW COLUMNS FROM `lewo_contract` [ RunTime:0.0060s ]
SQL: SELECT * FROM lewo_contract c INNER JOIN lewo_pay p ON p.pro_id=c.pro_id  WHERE c.account_id = '2059' AND c.contract_status = 1 LIMIT 1   [ RunTime:0.0011s ]

[ 2016-11-27T14:46:53+08:00 ] 127.0.0.1 /index.php/Home/Tenant/my_contract.html
INFO: [ app_init ] --START--
INFO: Run Behavior\BuildLiteBehavior [ RunTime:0.000042s ]
INFO: [ app_init ] --END-- [ RunTime:0.000924s ]
INFO: [ app_begin ] --START--
INFO: Run Behavior\ReadHtmlCacheBehavior [ RunTime:0.003366s ]
INFO: [ app_begin ] --END-- [ RunTime:0.035286s ]
SQL: SHOW COLUMNS FROM `lewo_contract` [ RunTime:0.0067s ]
SQL: SELECT * FROM lewo_contract c INNER JOIN lewo_pay p ON p.pro_id=c.pro_id  WHERE c.account_id = '2059' AND c.contract_status = 1 LIMIT 1   [ RunTime:0.0022s ]
INFO: [ view_parse ] --START--
INFO: [ template_filter ] --START--
INFO: Run Behavior\ContentReplaceBehavior [ RunTime:0.000281s ]
INFO: [ template_filter ] --END-- [ RunTime:0.000452s ]
NOTIC: [8] Undefined variable: contract_info G:\wamp2\www\lewo\lewo\Runtime\Cache\Home\b903d8fa37e0489fd630ca44b98c09fc.php 第 87 行.
NOTIC: [8] Undefined index: house_code G:\wamp2\www\lewo\lewo\Runtime\Cache\Home\b903d8fa37e0489fd630ca44b98c09fc.php 第 87 行.
INFO: Run Behavior\ParseTemplateBehavior [ RunTime:0.023835s ]
INFO: [ view_parse ] --END-- [ RunTime:0.023982s ]
INFO: [ view_filter ] --START--
INFO: Run Behavior\WriteHtmlCacheBehavior [ RunTime:0.000750s ]
INFO: [ view_filter ] --END-- [ RunTime:0.000893s ]
INFO: [ app_end ] --START--
INFO: Run Behavior\ShowPageTraceBehavior [ RunTime:0.001105s ]
INFO: [ app_end ] --END-- [ RunTime:0.001239s ]

[ 2016-11-27T14:47:29+08:00 ] 127.0.0.1 /index.php/Home/Tenant/my_contract.html
INFO: [ app_init ] --START--
INFO: Run Behavior\BuildLiteBehavior [ RunTime:0.000038s ]
INFO: [ app_init ] --END-- [ RunTime:0.001121s ]
INFO: [ app_begin ] --START--
INFO: Run Behavior\ReadHtmlCacheBehavior [ RunTime:0.001360s ]
INFO: [ app_begin ] --END-- [ RunTime:0.001539s ]
SQL: SHOW COLUMNS FROM `lewo_contract` [ RunTime:0.0066s ]
SQL: SELECT * FROM lewo_contract c INNER JOIN lewo_pay p ON p.pro_id=c.pro_id  WHERE c.account_id = '2059' AND c.contract_status = 1 LIMIT 1   [ RunTime:0.0011s ]
INFO: [ view_parse ] --START--
INFO: [ template_filter ] --START--
INFO: Run Behavior\ContentReplaceBehavior [ RunTime:0.000225s ]
INFO: [ template_filter ] --END-- [ RunTime:0.000361s ]
NOTIC: [8] Undefined variable: contract_info G:\wamp2\www\lewo\lewo\Runtime\Cache\Home\b903d8fa37e0489fd630ca44b98c09fc.php 第 87 行.
NOTIC: [8] Undefined index: house_code G:\wamp2\www\lewo\lewo\Runtime\Cache\Home\b903d8fa37e0489fd630ca44b98c09fc.php 第 87 行.
INFO: Run Behavior\ParseTemplateBehavior [ RunTime:0.019222s ]
INFO: [ view_parse ] --END-- [ RunTime:0.019333s ]
INFO: [ view_filter ] --START--
INFO: Run Behavior\WriteHtmlCacheBehavior [ RunTime:0.000563s ]
INFO: [ view_filter ] --END-- [ RunTime:0.000670s ]
INFO: [ app_end ] --START--
INFO: Run Behavior\ShowPageTraceBehavior [ RunTime:0.000993s ]
INFO: [ app_end ] --END-- [ RunTime:0.001120s ]

[ 2016-11-27T14:47:36+08:00 ] 127.0.0.1 /index.php/Home/Tenant/my_contract.html
INFO: [ app_init ] --START--
INFO: Run Behavior\BuildLiteBehavior [ RunTime:0.000029s ]
INFO: [ app_init ] --END-- [ RunTime:0.000716s ]
INFO: [ app_begin ] --START--
INFO: Run Behavior\ReadHtmlCacheBehavior [ RunTime:0.000964s ]
INFO: [ app_begin ] --END-- [ RunTime:0.001119s ]
SQL: SHOW COLUMNS FROM `lewo_contract` [ RunTime:0.0061s ]
SQL: SELECT * FROM lewo_contract c INNER JOIN lewo_pay p ON p.pro_id=c.pro_id  WHERE c.account_id = '2059' AND c.contract_status = 1 LIMIT 1   [ RunTime:0.0011s ]
INFO: [ view_parse ] --START--
INFO: [ template_filter ] --START--
INFO: Run Behavior\ContentReplaceBehavior [ RunTime:0.000223s ]
INFO: [ template_filter ] --END-- [ RunTime:0.000352s ]
NOTIC: [8] Undefined index: area_name G:\wamp2\www\lewo\lewo\Runtime\Cache\Home\b903d8fa37e0489fd630ca44b98c09fc.php 第 87 行.
NOTIC: [8] Undefined index: house_code G:\wamp2\www\lewo\lewo\Runtime\Cache\Home\b903d8fa37e0489fd630ca44b98c09fc.php 第 87 行.
INFO: Run Behavior\ParseTemplateBehavior [ RunTime:0.017143s ]
INFO: [ view_parse ] --END-- [ RunTime:0.017271s ]
INFO: [ view_filter ] --START--
INFO: Run Behavior\WriteHtmlCacheBehavior [ RunTime:0.000662s ]
INFO: [ view_filter ] --END-- [ RunTime:0.000797s ]
INFO: [ app_end ] --START--
INFO: Run Behavior\ShowPageTraceBehavior [ RunTime:0.001082s ]
INFO: [ app_end ] --END-- [ RunTime:0.001255s ]

[ 2016-11-27T14:47:38+08:00 ] 127.0.0.1 /index.php/Home/Tenant/my_contract.html
INFO: [ app_init ] --START--
INFO: Run Behavior\BuildLiteBehavior [ RunTime:0.000034s ]
INFO: [ app_init ] --END-- [ RunTime:0.000801s ]
INFO: [ app_begin ] --START--
INFO: Run Behavior\ReadHtmlCacheBehavior [ RunTime:0.001071s ]
INFO: [ app_begin ] --END-- [ RunTime:0.001238s ]
SQL: SHOW COLUMNS FROM `lewo_contract` [ RunTime:0.0084s ]
SQL: SELECT * FROM lewo_contract c INNER JOIN lewo_pay p ON p.pro_id=c.pro_id  WHERE c.account_id = '2059' AND c.contract_status = 1 LIMIT 1   [ RunTime:0.0015s ]
INFO: [ view_parse ] --START--
INFO: [ template_filter ] --START--
INFO: Run Behavior\ContentReplaceBehavior [ RunTime:0.000294s ]
INFO: [ template_filter ] --END-- [ RunTime:0.000474s ]
NOTIC: [8] Undefined index: area_name G:\wamp2\www\lewo\lewo\Runtime\Cache\Home\b903d8fa37e0489fd630ca44b98c09fc.php 第 87 行.
NOTIC: [8] Undefined index: house_code G:\wamp2\www\lewo\lewo\Runtime\Cache\Home\b903d8fa37e0489fd630ca44b98c09fc.php 第 87 行.
INFO: Run Behavior\ParseTemplateBehavior [ RunTime:0.022974s ]
INFO: [ view_parse ] --END-- [ RunTime:0.023104s ]
INFO: [ view_filter ] --START--
INFO: Run Behavior\WriteHtmlCacheBehavior [ RunTime:0.000634s ]
INFO: [ view_filter ] --END-- [ RunTime:0.000777s ]
INFO: [ app_end ] --START--
INFO: Run Behavior\ShowPageTraceBehavior [ RunTime:0.001116s ]
INFO: [ app_end ] --END-- [ RunTime:0.001257s ]

[ 2016-11-27T14:47:46+08:00 ] 127.0.0.1 /index.php/Home/Tenant/my_contract.html
INFO: [ app_init ] --START--
INFO: Run Behavior\BuildLiteBehavior [ RunTime:0.000027s ]
INFO: [ app_init ] --END-- [ RunTime:0.000648s ]
INFO: [ app_begin ] --START--
INFO: Run Behavior\ReadHtmlCacheBehavior [ RunTime:0.000820s ]
INFO: [ app_begin ] --END-- [ RunTime:0.000949s ]
SQL: SHOW COLUMNS FROM `lewo_contract` [ RunTime:0.0068s ]
SQL: SELECT * FROM lewo_contract c INNER JOIN lewo_pay p ON p.pro_id=c.pro_id  WHERE c.account_id = '2059' AND c.contract_status = 1 LIMIT 1   [ RunTime:0.0020s ]

[ 2016-11-27T14:49:27+08:00 ] 127.0.0.1 /index.php/Home/Tenant/my_contract.html
INFO: [ app_init ] --START--
INFO: Run Behavior\BuildLiteBehavior [ RunTime:0.000028s ]
INFO: [ app_init ] --END-- [ RunTime:0.000675s ]
INFO: [ app_begin ] --START--
INFO: Run Behavior\ReadHtmlCacheBehavior [ RunTime:0.000777s ]
INFO: [ app_begin ] --END-- [ RunTime:0.000899s ]
SQL: SHOW COLUMNS FROM `lewo_contract` [ RunTime:0.0070s ]
SQL: SELECT * FROM lewo_contract c INNER JOIN lewo_pay p ON p.pro_id=c.pro_id  WHERE c.account_id = '2059' AND c.contract_status = 1 LIMIT 1   [ RunTime:0.0012s ]
INFO: [ view_parse ] --START--
INFO: [ template_filter ] --START--
INFO: Run Behavior\ContentReplaceBehavior [ RunTime:0.000268s ]
INFO: [ template_filter ] --END-- [ RunTime:0.000412s ]
NOTIC: [8] Undefined index: area_name G:\wamp2\www\lewo\lewo\Runtime\Cache\Home\b903d8fa37e0489fd630ca44b98c09fc.php 第 87 行.
NOTIC: [8] Undefined index: house_code G:\wamp2\www\lewo\lewo\Runtime\Cache\Home\b903d8fa37e0489fd630ca44b98c09fc.php 第 87 行.
INFO: Run Behavior\ParseTemplateBehavior [ RunTime:0.017085s ]
INFO: [ view_parse ] --END-- [ RunTime:0.017198s ]
INFO: [ view_filter ] --START--
INFO: Run Behavior\WriteHtmlCacheBehavior [ RunTime:0.000478s ]
INFO: [ view_filter ] --END-- [ RunTime:0.000582s ]
INFO: [ app_end ] --START--
INFO: Run Behavior\ShowPageTraceBehavior [ RunTime:0.000791s ]
INFO: [ app_end ] --END-- [ RunTime:0.000901s ]

