[ 2016-10-27T18:01:46+08:00 ] 127.0.0.1 /index.php/steward
INFO: [ app_init ] --START--
INFO: Run Behavior\BuildLiteBehavior [ RunTime:0.000000s ]
INFO: [ app_init ] --END-- [ RunTime:0.001000s ]
INFO: [ app_begin ] --START--
INFO: Run Behavior\ReadHtmlCacheBehavior [ RunTime:0.002000s ]
INFO: [ app_begin ] --END-- [ RunTime:0.004000s ]
INFO: [ view_parse ] --START--
INFO: [ template_filter ] --START--
INFO: Run Behavior\ContentReplaceBehavior [ RunTime:0.000000s ]
INFO: [ template_filter ] --END-- [ RunTime:0.001000s ]
INFO: Run Behavior\ParseTemplateBehavior [ RunTime:0.049003s ]
INFO: [ view_parse ] --END-- [ RunTime:0.051003s ]
INFO: [ view_filter ] --START--
INFO: Run Behavior\WriteHtmlCacheBehavior [ RunTime:0.002000s ]
INFO: [ view_filter ] --END-- [ RunTime:0.003000s ]

[ 2016-10-27T18:01:52+08:00 ] 127.0.0.1 /index.php/Home/Steward/login.html
INFO: [ app_init ] --START--
INFO: Run Behavior\BuildLiteBehavior [ RunTime:0.000000s ]
INFO: [ app_init ] --END-- [ RunTime:0.001000s ]
INFO: [ app_begin ] --START--
INFO: Run Behavior\ReadHtmlCacheBehavior [ RunTime:0.002000s ]
INFO: [ app_begin ] --END-- [ RunTime:0.002000s ]
SQL: SHOW COLUMNS FROM `lewo_admin_user` [ RunTime:0.0090s ]
SQL: SELECT * FROM `lewo_admin_user` WHERE `username` = 'lewo' AND `password` = '7011211e1592352456f07c5d07412e96' LIMIT 1   [ RunTime:0.0010s ]
INFO: [ view_parse ] --START--
INFO: [ template_filter ] --START--
INFO: Run Behavior\ContentReplaceBehavior [ RunTime:0.001000s ]
INFO: [ template_filter ] --END-- [ RunTime:0.001000s ]
INFO: Run Behavior\ParseTemplateBehavior [ RunTime:0.043002s ]
INFO: [ view_parse ] --END-- [ RunTime:0.044002s ]
INFO: [ view_filter ] --START--
INFO: Run Behavior\WriteHtmlCacheBehavior [ RunTime:0.001000s ]
INFO: [ view_filter ] --END-- [ RunTime:0.004000s ]

[ 2016-10-27T18:01:57+08:00 ] 127.0.0.1 /index.php/Home/Steward/login.html
INFO: [ app_init ] --START--
INFO: Run Behavior\BuildLiteBehavior [ RunTime:0.001000s ]
INFO: [ app_init ] --END-- [ RunTime:0.004000s ]
INFO: [ app_begin ] --START--
INFO: Run Behavior\ReadHtmlCacheBehavior [ RunTime:0.003001s ]
INFO: [ app_begin ] --END-- [ RunTime:0.005001s ]
SQL: SHOW COLUMNS FROM `lewo_admin_user` [ RunTime:0.0100s ]
SQL: SELECT * FROM `lewo_admin_user` WHERE `username` = 'lewo' AND `password` = '6b1c5f2dfc828405850929e845df7963' LIMIT 1   [ RunTime:0.0010s ]
INFO: [ view_parse ] --START--
INFO: [ template_filter ] --START--
INFO: Run Behavior\ContentReplaceBehavior [ RunTime:0.000000s ]
INFO: [ template_filter ] --END-- [ RunTime:0.002000s ]
INFO: Run Behavior\ParseTemplateBehavior [ RunTime:0.025001s ]
INFO: [ view_parse ] --END-- [ RunTime:0.026001s ]
INFO: [ view_filter ] --START--
INFO: Run Behavior\WriteHtmlCacheBehavior [ RunTime:0.001000s ]
INFO: [ view_filter ] --END-- [ RunTime:0.002000s ]

[ 2016-10-27T18:01:58+08:00 ] 127.0.0.1 /index.php/Home/Steward/index.html
INFO: [ app_init ] --START--
INFO: Run Behavior\BuildLiteBehavior [ RunTime:0.000000s ]
INFO: [ app_init ] --END-- [ RunTime:0.001000s ]
INFO: [ app_begin ] --START--
INFO: Run Behavior\ReadHtmlCacheBehavior [ RunTime:0.001001s ]
INFO: [ app_begin ] --END-- [ RunTime:0.001001s ]
SQL: SHOW COLUMNS FROM `lewo_schedule` [ RunTime:0.0100s ]
SQL: SELECT COUNT(*) AS tp_count FROM `lewo_schedule` WHERE `schedule_type` = 1 AND `is_finish` = 0 AND `steward_id` = 4 AND `admin_type` = 1 LIMIT 1   [ RunTime:0.0010s ]
SQL: SELECT COUNT(*) AS tp_count FROM `lewo_schedule` WHERE `schedule_type` = 2 AND `is_finish` = 0 AND `steward_id` = 4 AND `admin_type` = 1 LIMIT 1   [ RunTime:0.0010s ]
SQL: SELECT COUNT(*) AS tp_count FROM `lewo_schedule` WHERE `schedule_type` = 3 AND `is_finish` = 0 AND `steward_id` = 4 AND `admin_type` = 1 LIMIT 1   [ RunTime:0.0010s ]
SQL: SHOW COLUMNS FROM `lewo_contract` [ RunTime:0.0080s ]
SQL: SELECT SUM(rent) AS tp_sum FROM `lewo_contract` WHERE `start_time` = '2016-10-27' LIMIT 1   [ RunTime:0.0000s ]
SQL: SELECT SUM(fee) AS tp_sum FROM `lewo_contract` WHERE `start_time` = '2016-10-27' LIMIT 1   [ RunTime:0.0010s ]
SQL: SELECT SUM(deposit) AS tp_sum FROM `lewo_contract` WHERE `start_time` = '2016-10-27' LIMIT 1   [ RunTime:0.0000s ]
SQL: SELECT SUM(rent) AS tp_sum FROM `lewo_contract` WHERE `start_time` = '2016-10-26' LIMIT 1   [ RunTime:0.0010s ]
SQL: SELECT SUM(fee) AS tp_sum FROM `lewo_contract` WHERE `start_time` = '2016-10-26' LIMIT 1   [ RunTime:0.0000s ]
SQL: SELECT SUM(deposit) AS tp_sum FROM `lewo_contract` WHERE `start_time` = '2016-10-26' LIMIT 1   [ RunTime:0.0010s ]
SQL: SELECT COUNT(*) AS tp_count FROM `lewo_contract` WHERE `start_time` = '2016-10-27' LIMIT 1   [ RunTime:0.0000s ]
SQL: SHOW COLUMNS FROM `lewo_schedule` [ RunTime:0.0090s ]
SQL: SELECT SUM(money) AS tp_sum FROM `lewo_schedule` WHERE `create_date` = '2016-10-27' AND `schedule_type` = 4 LIMIT 1   [ RunTime:0.0010s ]
SQL: SHOW COLUMNS FROM `lewo_room` [ RunTime:0.0090s ]
SQL: SELECT COUNT(*) AS tp_count FROM `lewo_room` WHERE `room_type` = 1 AND `is_show` = 1 LIMIT 1   [ RunTime:0.0020s ]
SQL: SELECT COUNT(*) AS tp_count FROM `lewo_room` WHERE `status` = 0 AND `room_type` = 1 AND `is_show` = 1 LIMIT 1   [ RunTime:0.0020s ]
SQL: SELECT COUNT(*) AS tp_count FROM `lewo_room` WHERE `room_type` = 2 AND `is_show` = 1 LIMIT 1   [ RunTime:0.0010s ]
SQL: SELECT COUNT(*) AS tp_count FROM `lewo_room` WHERE `status` = 0 AND `room_type` = 2 AND `is_show` = 1 LIMIT 1   [ RunTime:0.0020s ]
SQL: SHOW COLUMNS FROM `lewo_admin_user` [ RunTime:0.0070s ]
SQL: SELECT * FROM `lewo_admin_user` WHERE `id` = 4 LIMIT 1   [ RunTime:0.0010s ]
INFO: [ view_parse ] --START--
INFO: [ template_filter ] --START--
INFO: Run Behavior\ContentReplaceBehavior [ RunTime:0.000000s ]
INFO: [ template_filter ] --END-- [ RunTime:0.001000s ]
INFO: Run Behavior\ParseTemplateBehavior [ RunTime:0.034002s ]
INFO: [ view_parse ] --END-- [ RunTime:0.035002s ]
INFO: [ view_filter ] --START--
INFO: Run Behavior\WriteHtmlCacheBehavior [ RunTime:0.002000s ]
INFO: [ view_filter ] --END-- [ RunTime:0.003000s ]
INFO: [ app_end ] --START--
INFO: Run Behavior\ShowPageTraceBehavior [ RunTime:0.002000s ]
INFO: [ app_end ] --END-- [ RunTime:0.003000s ]

[ 2016-10-27T18:02:03+08:00 ] 127.0.0.1 /index.php/Home/Steward/houses.html
INFO: [ app_init ] --START--
INFO: Run Behavior\BuildLiteBehavior [ RunTime:0.000000s ]
INFO: [ app_init ] --END-- [ RunTime:0.004000s ]
INFO: [ app_begin ] --START--
INFO: Run Behavior\ReadHtmlCacheBehavior [ RunTime:0.003001s ]
INFO: [ app_begin ] --END-- [ RunTime:0.004001s ]
SQL: SHOW COLUMNS FROM `lewo_houses` [ RunTime:0.0110s ]
SQL: SHOW COLUMNS FROM `lewo_room` [ RunTime:0.0110s ]
SQL: SHOW COLUMNS FROM `lewo_area` [ RunTime:0.0100s ]
SQL: SELECT `id`,`area_id`,`steward_id`,`house_code`,`type`,`building`,`floor`,`door_no` FROM `lewo_houses` WHERE `steward_id` = 4 ORDER BY area_id desc, building desc,floor desc,door_no desc  [ RunTime:0.0010s ]
SQL: SELECT COUNT(*) AS tp_count FROM `lewo_room` WHERE `house_code` = 'CQ00049' AND `is_show` = 1 LIMIT 1   [ RunTime:0.0030s ]
SQL: SELECT COUNT(*) AS tp_count FROM `lewo_room` WHERE `house_code` = 'CQ00049' AND `is_show` = 1 AND `status` = 2 LIMIT 1   [ RunTime:0.0040s ]
SQL: SELECT `area_name` FROM `lewo_area` WHERE `id` = 36 LIMIT 1   [ RunTime:0.0010s ]
SQL: SELECT lewo_room.id,lewo_room.account_id,lewo_room.room_code,lewo_room.room_nickname,lewo_room.room_sort,lewo_room.room_type,lewo_room.bed_code,lewo_room.status,lewo_room.is_show,lewo_account.realname,lewo_account.sex FROM `lewo_room` left JOIN lewo_account ON lewo_room.account_id=lewo_account.id  WHERE `house_code` = 'CQ00049' AND `is_show` = 1 ORDER BY room_sort asc  [ RunTime:0.0030s ]
INFO: [ view_parse ] --START--
INFO: [ template_filter ] --START--
INFO: Run Behavior\ContentReplaceBehavior [ RunTime:0.001000s ]
INFO: [ template_filter ] --END-- [ RunTime:0.002000s ]
INFO: Run Behavior\ParseTemplateBehavior [ RunTime:0.090005s ]
INFO: [ view_parse ] --END-- [ RunTime:0.090005s ]
INFO: [ view_filter ] --START--
INFO: Run Behavior\WriteHtmlCacheBehavior [ RunTime:0.002000s ]
INFO: [ view_filter ] --END-- [ RunTime:0.002000s ]
INFO: [ view_parse ] --START--
INFO: [ template_filter ] --START--
INFO: Run Behavior\ContentReplaceBehavior [ RunTime:0.000000s ]
INFO: [ template_filter ] --END-- [ RunTime:-0.112007s ]
INFO: Run Behavior\ParseTemplateBehavior [ RunTime:0.091005s ]
INFO: [ view_parse ] --END-- [ RunTime:-0.006000s ]
INFO: [ view_filter ] --START--
INFO: Run Behavior\WriteHtmlCacheBehavior [ RunTime:0.000000s ]
INFO: [ view_filter ] --END-- [ RunTime:-0.096005s ]
NOTIC: [2] Cannot modify header information - headers already sent by (output started at E:\wamp2\www\lewo\ThinkPHP\Library\Think\View.class.php:95) E:\wamp2\www\lewo\ThinkPHP\Library\Think\View.class.php 第 91 行.
NOTIC: [2] Cannot modify header information - headers already sent by (output started at E:\wamp2\www\lewo\ThinkPHP\Library\Think\View.class.php:95) E:\wamp2\www\lewo\ThinkPHP\Library\Think\View.class.php 第 92 行.
NOTIC: [2] Cannot modify header information - headers already sent by (output started at E:\wamp2\www\lewo\ThinkPHP\Library\Think\View.class.php:95) E:\wamp2\www\lewo\ThinkPHP\Library\Think\View.class.php 第 93 行.
INFO: [ app_end ] --START--
INFO: Run Behavior\ShowPageTraceBehavior [ RunTime:0.005000s ]
INFO: [ app_end ] --END-- [ RunTime:0.005000s ]

[ 2016-10-27T18:02:07+08:00 ] 127.0.0.1 /index.php/Home/Steward/roominfo/id/627.html
INFO: [ app_init ] --START--
INFO: Run Behavior\BuildLiteBehavior [ RunTime:0.000000s ]
INFO: [ app_init ] --END-- [ RunTime:0.002001s ]
INFO: [ app_begin ] --START--
INFO: Run Behavior\ReadHtmlCacheBehavior [ RunTime:0.002000s ]
INFO: [ app_begin ] --END-- [ RunTime:0.002000s ]
SQL: SHOW COLUMNS FROM `lewo_houses` [ RunTime:0.0110s ]
SQL: SHOW COLUMNS FROM `lewo_room` [ RunTime:0.0120s ]
SQL: SHOW COLUMNS FROM `lewo_houses` [ RunTime:0.0110s ]
SQL: SHOW COLUMNS FROM `lewo_admin_user` [ RunTime:0.0150s ]
SQL: SELECT * FROM `lewo_room` WHERE `id` = 627 LIMIT 1   [ RunTime:0.0040s ]
SQL: SELECT `area_id`,`address`,`floor`,`door_no`,`building`,`steward_id` FROM `lewo_houses` WHERE `house_code` = 'CQ00049' LIMIT 1   [ RunTime:0.0020s ]
SQL: SELECT `id`,`username`,`nickname`,`mobile` FROM `lewo_admin_user` WHERE `id` = 4 LIMIT 1   [ RunTime:0.0010s ]
SQL: SHOW COLUMNS FROM `lewo_area` [ RunTime:0.0090s ]
SQL: SELECT `area_name` FROM `lewo_area` WHERE `id` = 36 LIMIT 1   [ RunTime:0.0010s ]
SQL: SELECT `id`,`house_code`,`room_code`,`room_sort`,`room_area`,`room_parameter`,`rent`,`room_fee`,`status`,`room_images_01`,`room_images_02`,`room_images_03`,`room_images_04` FROM `lewo_room` WHERE `house_code` = 'CQ00049' AND `id` NOT IN ('627') AND `status` = 0 AND `is_show` = 1  [ RunTime:0.0030s ]
INFO: [ view_parse ] --START--
INFO: [ template_filter ] --START--
INFO: Run Behavior\ContentReplaceBehavior [ RunTime:0.001000s ]
INFO: [ template_filter ] --END-- [ RunTime:0.002000s ]
NOTIC: [8] Undefined index: room_images E:\wamp2\www\lewo\lewo\Runtime\Cache\Home\50aa9fee479283f114a3cae7d74e4fb3.php 第 56 行.
NOTIC: [8] Undefined index: room_images E:\wamp2\www\lewo\lewo\Runtime\Cache\Home\50aa9fee479283f114a3cae7d74e4fb3.php 第 60 行.
NOTIC: [2] Illegal string offset 'yangtai' E:\wamp2\www\lewo\lewo\Runtime\Cache\Home\50aa9fee479283f114a3cae7d74e4fb3.php 第 282 行.
NOTIC: [8] Uninitialized string offset: 0 E:\wamp2\www\lewo\lewo\Runtime\Cache\Home\50aa9fee479283f114a3cae7d74e4fb3.php 第 282 行.
NOTIC: [2] Illegal string offset 'piaochuang' E:\wamp2\www\lewo\lewo\Runtime\Cache\Home\50aa9fee479283f114a3cae7d74e4fb3.php 第 283 行.
NOTIC: [8] Uninitialized string offset: 0 E:\wamp2\www\lewo\lewo\Runtime\Cache\Home\50aa9fee479283f114a3cae7d74e4fb3.php 第 283 行.
NOTIC: [2] Illegal string offset 'duwei' E:\wamp2\www\lewo\lewo\Runtime\Cache\Home\50aa9fee479283f114a3cae7d74e4fb3.php 第 284 行.
NOTIC: [8] Uninitialized string offset: 0 E:\wamp2\www\lewo\lewo\Runtime\Cache\Home\50aa9fee479283f114a3cae7d74e4fb3.php 第 284 行.
NOTIC: [2] Illegal string offset 'kongtiao' E:\wamp2\www\lewo\lewo\Runtime\Cache\Home\50aa9fee479283f114a3cae7d74e4fb3.php 第 285 行.
NOTIC: [8] Uninitialized string offset: 0 E:\wamp2\www\lewo\lewo\Runtime\Cache\Home\50aa9fee479283f114a3cae7d74e4fb3.php 第 285 行.
NOTIC: [8] Undefined index: room_images E:\wamp2\www\lewo\lewo\Runtime\Cache\Home\50aa9fee479283f114a3cae7d74e4fb3.php 第 290 行.
INFO: Run Behavior\ParseTemplateBehavior [ RunTime:0.141009s ]
INFO: [ view_parse ] --END-- [ RunTime:0.142009s ]
INFO: [ view_filter ] --START--
INFO: Run Behavior\WriteHtmlCacheBehavior [ RunTime:0.001000s ]
INFO: [ view_filter ] --END-- [ RunTime:0.002000s ]
INFO: [ app_end ] --START--
INFO: Run Behavior\ShowPageTraceBehavior [ RunTime:0.008000s ]
INFO: [ app_end ] --END-- [ RunTime:0.009000s ]

[ 2016-10-27T18:02:10+08:00 ] 127.0.0.1 /index.php/Home/Steward/checkin/id/627.html
INFO: [ app_init ] --START--
INFO: Run Behavior\BuildLiteBehavior [ RunTime:0.000000s ]
INFO: [ app_init ] --END-- [ RunTime:0.001000s ]
INFO: [ app_begin ] --START--
INFO: Run Behavior\ReadHtmlCacheBehavior [ RunTime:0.001000s ]
INFO: [ app_begin ] --END-- [ RunTime:0.001000s ]
SQL: SHOW COLUMNS FROM `lewo_houses` [ RunTime:0.0050s ]
SQL: SHOW COLUMNS FROM `lewo_room` [ RunTime:0.0050s ]
SQL: SHOW COLUMNS FROM `lewo_houses` [ RunTime:0.0080s ]
SQL: SHOW COLUMNS FROM `lewo_admin_user` [ RunTime:0.0060s ]
SQL: SELECT * FROM `lewo_room` WHERE `id` = 627 LIMIT 1   [ RunTime:0.0020s ]
SQL: SELECT `area_id`,`address`,`floor`,`door_no`,`building`,`steward_id` FROM `lewo_houses` WHERE `house_code` = 'CQ00049' LIMIT 1   [ RunTime:0.0010s ]
SQL: SELECT `id`,`username`,`nickname`,`mobile` FROM `lewo_admin_user` WHERE `id` = 4 LIMIT 1   [ RunTime:0.0010s ]
SQL: SHOW COLUMNS FROM `lewo_area` [ RunTime:0.0050s ]
SQL: SELECT `area_name` FROM `lewo_area` WHERE `id` = 36 LIMIT 1   [ RunTime:0.0010s ]
INFO: [ view_parse ] --START--
INFO: [ template_filter ] --START--
INFO: Run Behavior\ContentReplaceBehavior [ RunTime:0.000000s ]
INFO: [ template_filter ] --END-- [ RunTime:0.000000s ]
NOTIC: [8] Undefined variable: account_id E:\wamp2\www\lewo\lewo\Runtime\Cache\Home\81a17a9c5756f67421131a5fd2e58e89.php 第 85 行.
NOTIC: [8] Undefined variable: schedule_info E:\wamp2\www\lewo\lewo\Runtime\Cache\Home\81a17a9c5756f67421131a5fd2e58e89.php 第 94 行.
NOTIC: [8] Undefined variable: schedule_info E:\wamp2\www\lewo\lewo\Runtime\Cache\Home\81a17a9c5756f67421131a5fd2e58e89.php 第 103 行.
NOTIC: [8] Undefined variable: schedule_info E:\wamp2\www\lewo\lewo\Runtime\Cache\Home\81a17a9c5756f67421131a5fd2e58e89.php 第 112 行.
NOTIC: [8] Undefined variable: schedule_info E:\wamp2\www\lewo\lewo\Runtime\Cache\Home\81a17a9c5756f67421131a5fd2e58e89.php 第 121 行.
NOTIC: [8] Undefined variable: schedule_info E:\wamp2\www\lewo\lewo\Runtime\Cache\Home\81a17a9c5756f67421131a5fd2e58e89.php 第 130 行.
INFO: Run Behavior\ParseTemplateBehavior [ RunTime:0.110007s ]
INFO: [ view_parse ] --END-- [ RunTime:0.110007s ]
INFO: [ view_filter ] --START--
INFO: Run Behavior\WriteHtmlCacheBehavior [ RunTime:0.001000s ]
INFO: [ view_filter ] --END-- [ RunTime:0.001000s ]
INFO: [ app_end ] --START--
INFO: Run Behavior\ShowPageTraceBehavior [ RunTime:0.002000s ]
INFO: [ app_end ] --END-- [ RunTime:0.004000s ]

[ 2016-10-27T18:02:35+08:00 ] 127.0.0.1 /index.php/Home/Steward/checkin.html
INFO: [ app_init ] --START--
INFO: Run Behavior\BuildLiteBehavior [ RunTime:0.000000s ]
INFO: [ app_init ] --END-- [ RunTime:0.003000s ]
INFO: [ app_begin ] --START--
INFO: Run Behavior\ReadHtmlCacheBehavior [ RunTime:0.002000s ]
INFO: [ app_begin ] --END-- [ RunTime:0.004001s ]
SQL: SHOW COLUMNS FROM `lewo_room` [ RunTime:0.0110s ]
SQL: SELECT `house_code` FROM `lewo_room` WHERE `id` = 627 LIMIT 1   [ RunTime:0.0020s ]
SQL: SHOW COLUMNS FROM `lewo_houses` [ RunTime:0.0190s ]
SQL: SELECT `end_date` FROM `lewo_houses` WHERE `house_code` = 'CQ00049' LIMIT 1   [ RunTime:0.0010s ]
NOTIC: [2] finfo_file(): Empty filename or path E:\wamp2\www\lewo\ThinkPHP\Library\Think\Upload.class.php 第 152 行.
NOTIC: [2048] Declaration of Home\Model\ContractModel::add() should be compatible with Think\Model::add($data = '', $options = Array, $replace = false) E:\wamp2\www\lewo\lewo\Home\Model\ContractModel.class.php 第 140 行.
SQL: SHOW COLUMNS FROM `lewo_contract` [ RunTime:0.0100s ]
NOTIC: [2] Invalid argument supplied for foreach() E:\wamp2\www\lewo\lewo\Home\Controller\StewardController.class.php 第 490 行.
SQL: SHOW COLUMNS FROM `lewo_account` [ RunTime:0.0100s ]
SQL: SHOW COLUMNS FROM `lewo_contract` [ RunTime:0.0110s ]
SQL: SHOW COLUMNS FROM `lewo_pay` [ RunTime:0.0100s ]
SQL: SELECT * FROM `lewo_account` WHERE `mobile` = '13751507975' LIMIT 1   [ RunTime:0.0040s ]
SQL: SELECT * FROM `lewo_contract` WHERE `account_id` = 2065 AND `is_delete` = 0  [ RunTime:0.0010s ]
NOTIC: [8] Undefined index: photo E:\wamp2\www\lewo\lewo\Home\Model\ContractModel.class.php 第 74 行.
SQL: INSERT INTO `lewo_contract` (`pro_id`,`account_id`,`room_id`,`create_time`,`deposit`,`book_deposit`,`period`,`steward_id`,`rent_type`,`start_time`,`end_time`,`rent_date`,`rent`,`fee`,`contact2`,`person_count`,`cotenant`,`roomD`,`total_fee`,`photo`,`pay_total`) VALUES ('201610273579595','2065','627','2016-10-27 18:02:35','1700','0','1','4','2_1','2016-10-27','2017-10-27','2016-11-27','850.00','85.00','123','1','a:3:{s:10:\"hzRealname\";s:0:\"\";s:8:\"hzMobile\";s:0:\"\";s:8:\"hzCardNo\";s:0:\"\";}','0','2635.00','','2635.00') [ RunTime:0.0020s ]
SQL: INSERT INTO `lewo_pay` (`pro_id`,`account_id`,`room_id`,`pay_status`,`create_time`,`bill_type`,`input_year`,`input_month`,`should_date`,`last_date`,`price`) VALUES ('201610273579595','2065','627','0','2016-10-27 18:02:35','2','2016','10','2016-10-27','2016-10-27','2635.00') [ RunTime:0.0970s ]
INFO: [ view_parse ] --START--
INFO: [ template_filter ] --START--
INFO: Run Behavior\ContentReplaceBehavior [ RunTime:0.000000s ]
INFO: [ template_filter ] --END-- [ RunTime:0.001000s ]
INFO: Run Behavior\ParseTemplateBehavior [ RunTime:0.033002s ]
INFO: [ view_parse ] --END-- [ RunTime:0.033002s ]
INFO: [ view_filter ] --START--
INFO: Run Behavior\WriteHtmlCacheBehavior [ RunTime:0.003000s ]
INFO: [ view_filter ] --END-- [ RunTime:0.003000s ]
INFO: [ app_end ] --START--
INFO: Run Behavior\ShowPageTraceBehavior [ RunTime:0.003001s ]
INFO: [ app_end ] --END-- [ RunTime:0.003001s ]

[ 2016-10-27T18:02:36+08:00 ] 127.0.0.1 /index.php/Home/Steward/check_contract/id/4.html
INFO: [ app_init ] --START--
INFO: Run Behavior\BuildLiteBehavior [ RunTime:0.001000s ]
INFO: [ app_init ] --END-- [ RunTime:0.003000s ]
INFO: [ app_begin ] --START--
INFO: Run Behavior\ReadHtmlCacheBehavior [ RunTime:0.003000s ]
INFO: [ app_begin ] --END-- [ RunTime:0.004000s ]
SQL: SHOW COLUMNS FROM `lewo_pay` [ RunTime:0.0190s ]
SQL: SELECT * FROM lewo_pay p INNER JOIN lewo_contract c ON p.pro_id=c.pro_id  WHERE p.id = '4' LIMIT 1   [ RunTime:0.0030s ]
INFO: [ view_parse ] --START--
INFO: [ template_filter ] --START--
INFO: Run Behavior\ContentReplaceBehavior [ RunTime:0.001000s ]
INFO: [ template_filter ] --END-- [ RunTime:0.001000s ]
NOTIC: [8] Undefined variable: area_name E:\wamp2\www\lewo\lewo\Runtime\Cache\Home\e67c633618d005adfd1f24ff91bfa169.php 第 87 行.
NOTIC: [8] Undefined variable: bill_info E:\wamp2\www\lewo\lewo\Runtime\Cache\Home\e67c633618d005adfd1f24ff91bfa169.php 第 87 行.
NOTIC: [8] Undefined variable: bill_info E:\wamp2\www\lewo\lewo\Runtime\Cache\Home\e67c633618d005adfd1f24ff91bfa169.php 第 299 行.
INFO: Run Behavior\ParseTemplateBehavior [ RunTime:0.067004s ]
INFO: [ view_parse ] --END-- [ RunTime:0.068004s ]
INFO: [ view_filter ] --START--
INFO: Run Behavior\WriteHtmlCacheBehavior [ RunTime:0.005000s ]
INFO: [ view_filter ] --END-- [ RunTime:0.006000s ]
INFO: [ app_end ] --START--
INFO: Run Behavior\ShowPageTraceBehavior [ RunTime:0.006000s ]
INFO: [ app_end ] --END-- [ RunTime:0.007000s ]

