[ 2016-11-30T09:07:54+08:00 ] 127.0.0.1 /
INFO: [ app_init ] --START--
INFO: Run Behavior\BuildLiteBehavior [ RunTime:0.000040s ]
INFO: [ app_init ] --END-- [ RunTime:0.045891s ]
INFO: [ app_begin ] --START--
INFO: Run Behavior\ReadHtmlCacheBehavior [ RunTime:0.002808s ]
INFO: [ app_begin ] --END-- [ RunTime:0.003658s ]
INFO: [ view_parse ] --START--
INFO: [ template_filter ] --START--
INFO: Run Behavior\ContentReplaceBehavior [ RunTime:0.000457s ]
INFO: [ template_filter ] --END-- [ RunTime:0.000587s ]
INFO: Run Behavior\ParseTemplateBehavior [ RunTime:0.108741s ]
INFO: [ view_parse ] --END-- [ RunTime:0.108894s ]
INFO: [ view_filter ] --START--
INFO: Run Behavior\WriteHtmlCacheBehavior [ RunTime:0.037399s ]
INFO: [ view_filter ] --END-- [ RunTime:0.037536s ]

[ 2016-11-30T12:04:45+08:00 ] 127.0.0.1 /
INFO: [ app_init ] --START--
INFO: Run Behavior\BuildLiteBehavior [ RunTime:0.000028s ]
INFO: [ app_init ] --END-- [ RunTime:0.000705s ]
INFO: [ app_begin ] --START--
INFO: Run Behavior\ReadHtmlCacheBehavior [ RunTime:0.000937s ]
INFO: [ app_begin ] --END-- [ RunTime:0.001068s ]
INFO: [ view_parse ] --START--
INFO: [ template_filter ] --START--
INFO: Run Behavior\ContentReplaceBehavior [ RunTime:0.000097s ]
INFO: [ template_filter ] --END-- [ RunTime:0.000220s ]
INFO: Run Behavior\ParseTemplateBehavior [ RunTime:0.009508s ]
INFO: [ view_parse ] --END-- [ RunTime:0.009640s ]
INFO: [ view_filter ] --START--
INFO: Run Behavior\WriteHtmlCacheBehavior [ RunTime:0.000539s ]
INFO: [ view_filter ] --END-- [ RunTime:0.000647s ]

[ 2016-11-30T12:04:50+08:00 ] 127.0.0.1 /index.php/Home/Tenant/login.html
INFO: [ app_init ] --START--
INFO: Run Behavior\BuildLiteBehavior [ RunTime:0.000039s ]
INFO: [ app_init ] --END-- [ RunTime:0.001012s ]
INFO: [ app_begin ] --START--
INFO: Run Behavior\ReadHtmlCacheBehavior [ RunTime:0.000914s ]
INFO: [ app_begin ] --END-- [ RunTime:0.001080s ]
SQL: SHOW COLUMNS FROM `lewo_account` [ RunTime:0.0058s ]
SQL: SELECT * FROM `lewo_account` WHERE `mobile` = '18581439310' AND `password` = 'e10adc3949ba59abbe56e057f20f883e' LIMIT 1   [ RunTime:0.0012s ]
SQL: UPDATE `lewo_account` SET `login_time`='2016-11-30 12:04:50' WHERE `mobile` = '18581439310' AND `password` = 'e10adc3949ba59abbe56e057f20f883e' [ RunTime:0.0011s ]

[ 2016-11-30T12:04:50+08:00 ] 127.0.0.1 /index.php/Home/Tenant/index.html
INFO: [ app_init ] --START--
INFO: Run Behavior\BuildLiteBehavior [ RunTime:0.000038s ]
INFO: [ app_init ] --END-- [ RunTime:0.000921s ]
INFO: [ app_begin ] --START--
INFO: Run Behavior\ReadHtmlCacheBehavior [ RunTime:0.000829s ]
INFO: [ app_begin ] --END-- [ RunTime:0.000960s ]
SQL: SHOW COLUMNS FROM `lewo_account` [ RunTime:0.0057s ]
SQL: SELECT `id`,`mobile`,`email`,`sex`,`tag`,`birthday`,`register_time`,`avatar`,`address`,`zipcode`,`card_no`,`balance`,`realname`,`contact2` FROM `lewo_account` WHERE `id` = 2305 LIMIT 1   [ RunTime:0.0006s ]
SQL: SHOW COLUMNS FROM `lewo_room` [ RunTime:0.0057s ]
SQL: SELECT * FROM `lewo_room` WHERE `account_id` = 2305 AND `status` = 2 LIMIT 1   [ RunTime:0.0010s ]
SQL: SHOW COLUMNS FROM `lewo_houses` [ RunTime:0.0059s ]
SQL: SELECT * FROM `lewo_houses` INNER JOIN lewo_area ON lewo_houses.area_id = lewo_area.id  WHERE `house_code` = 'CQ00012' LIMIT 1   [ RunTime:0.0009s ]
SQL: SHOW COLUMNS FROM `lewo_back_bill` [ RunTime:0.0052s ]
SQL: SELECT * FROM `lewo_back_bill` WHERE `account_id` = 2305 AND `is_affirm` = 2  [ RunTime:0.0005s ]
SQL: SELECT * FROM `lewo_back_bill` WHERE `is_finish` = 0 AND `is_affirm` = 0 AND `account_id` = 2305 LIMIT 1   [ RunTime:0.0004s ]
SQL: SHOW COLUMNS FROM `lewo_schedule` [ RunTime:0.0067s ]
SQL: SELECT `schedule_type` FROM `lewo_schedule` WHERE `id` = null LIMIT 1   [ RunTime:0.0004s ]
NOTIC: [8] Undefined index:  G:\wamp2\www\lewo\lewo\Home\Controller\TenantController.class.php 第 30 行.
SQL: SHOW COLUMNS FROM `lewo_pay` [ RunTime:0.0055s ]
NOTIC: [8] Undefined index: not_bill_type G:\wamp2\www\lewo\lewo\Home\Model\PayModel.class.php 第 50 行.
NOTIC: [8] Undefined index: bill_type G:\wamp2\www\lewo\lewo\Home\Model\PayModel.class.php 第 53 行.
SQL: SELECT a.realname,p.*,r.house_code FROM lewo_pay p INNER JOIN lewo_account a ON a.id=p.account_id INNER JOIN lewo_room r ON r.id=p.room_id  WHERE p.pay_status = 0 AND p.account_id = '2305' AND p.is_show = 1 AND p.is_send = 1 ORDER BY p.pay_status asc, p.input_year asc, p.input_month asc  [ RunTime:0.0106s ]
SQL: SHOW COLUMNS FROM `lewo_houses` [ RunTime:0.0065s ]
SQL: SHOW COLUMNS FROM `lewo_area` [ RunTime:0.0053s ]
NOTIC: [8] Undefined variable: contract_info G:\wamp2\www\lewo\lewo\Home\Controller\TenantController.class.php 第 52 行.
INFO: [ view_parse ] --START--
INFO: [ template_filter ] --START--
INFO: Run Behavior\ContentReplaceBehavior [ RunTime:0.000213s ]
INFO: [ template_filter ] --END-- [ RunTime:0.000334s ]
NOTIC: [8] Undefined variable: notpaylist G:\wamp2\www\lewo\lewo\Runtime\Cache\Home\94342478b032149fe2a23be8b17de853.php 第 216 行.
INFO: Run Behavior\ParseTemplateBehavior [ RunTime:0.028486s ]
INFO: [ view_parse ] --END-- [ RunTime:0.028602s ]
INFO: [ view_filter ] --START--
INFO: Run Behavior\WriteHtmlCacheBehavior [ RunTime:0.000526s ]
INFO: [ view_filter ] --END-- [ RunTime:0.000638s ]
INFO: [ app_end ] --START--
INFO: Run Behavior\ShowPageTraceBehavior [ RunTime:0.001051s ]
INFO: [ app_end ] --END-- [ RunTime:0.001172s ]

[ 2016-11-30T12:05:00+08:00 ] 127.0.0.1 /index.php/Home/Tenant/index.html
INFO: [ app_init ] --START--
INFO: Run Behavior\BuildLiteBehavior [ RunTime:0.000047s ]
INFO: [ app_init ] --END-- [ RunTime:0.001069s ]
INFO: [ app_begin ] --START--
INFO: Run Behavior\ReadHtmlCacheBehavior [ RunTime:0.001142s ]
INFO: [ app_begin ] --END-- [ RunTime:0.001329s ]
SQL: SHOW COLUMNS FROM `lewo_account` [ RunTime:0.0091s ]
SQL: SELECT `id`,`mobile`,`email`,`sex`,`tag`,`birthday`,`register_time`,`avatar`,`address`,`zipcode`,`card_no`,`balance`,`realname`,`contact2` FROM `lewo_account` WHERE `id` = 2305 LIMIT 1   [ RunTime:0.0008s ]
SQL: SHOW COLUMNS FROM `lewo_room` [ RunTime:0.0077s ]
SQL: SELECT * FROM `lewo_room` WHERE `account_id` = 2305 AND `status` = 2 LIMIT 1   [ RunTime:0.0012s ]
SQL: SHOW COLUMNS FROM `lewo_houses` [ RunTime:0.0074s ]
SQL: SELECT * FROM `lewo_houses` INNER JOIN lewo_area ON lewo_houses.area_id = lewo_area.id  WHERE `house_code` = 'CQ00012' LIMIT 1   [ RunTime:0.0007s ]
SQL: SHOW COLUMNS FROM `lewo_back_bill` [ RunTime:0.0050s ]
SQL: SELECT * FROM `lewo_back_bill` WHERE `account_id` = 2305 AND `is_affirm` = 2  [ RunTime:0.0006s ]
SQL: SELECT * FROM `lewo_back_bill` WHERE `is_finish` = 0 AND `is_affirm` = 0 AND `account_id` = 2305 LIMIT 1   [ RunTime:0.0004s ]
SQL: SHOW COLUMNS FROM `lewo_schedule` [ RunTime:0.0061s ]
SQL: SELECT `schedule_type` FROM `lewo_schedule` WHERE `id` = null LIMIT 1   [ RunTime:0.0006s ]
NOTIC: [8] Undefined index:  G:\wamp2\www\lewo\lewo\Home\Controller\TenantController.class.php 第 30 行.
SQL: SHOW COLUMNS FROM `lewo_pay` [ RunTime:0.0056s ]
NOTIC: [8] Undefined index: not_bill_type G:\wamp2\www\lewo\lewo\Home\Model\PayModel.class.php 第 50 行.
NOTIC: [8] Undefined index: bill_type G:\wamp2\www\lewo\lewo\Home\Model\PayModel.class.php 第 53 行.
SQL: SELECT a.realname,p.*,r.house_code FROM lewo_pay p INNER JOIN lewo_account a ON a.id=p.account_id INNER JOIN lewo_room r ON r.id=p.room_id  WHERE p.pay_status = 0 AND p.account_id = '2305' AND p.is_show = 1 AND p.is_send = 1 ORDER BY p.pay_status asc, p.input_year asc, p.input_month asc  [ RunTime:0.0101s ]
SQL: SHOW COLUMNS FROM `lewo_houses` [ RunTime:0.0061s ]
SQL: SHOW COLUMNS FROM `lewo_area` [ RunTime:0.0066s ]
SQL: SELECT `area_id` FROM `lewo_houses` WHERE `house_code` = 'CQ00012' LIMIT 1   [ RunTime:0.0004s ]
SQL: SELECT `city_id` FROM `lewo_area` WHERE `id` = 11 LIMIT 1   [ RunTime:0.0003s ]
NOTIC: [8] Undefined variable: contract_info G:\wamp2\www\lewo\lewo\Home\Controller\TenantController.class.php 第 52 行.
INFO: [ view_parse ] --START--
INFO: [ template_filter ] --START--
INFO: Run Behavior\ContentReplaceBehavior [ RunTime:0.000230s ]
INFO: [ template_filter ] --END-- [ RunTime:0.000349s ]
NOTIC: [8] Undefined variable: notpaylist G:\wamp2\www\lewo\lewo\Runtime\Cache\Home\94342478b032149fe2a23be8b17de853.php 第 216 行.
INFO: Run Behavior\ParseTemplateBehavior [ RunTime:0.029849s ]
INFO: [ view_parse ] --END-- [ RunTime:0.029971s ]
INFO: [ view_filter ] --START--
INFO: Run Behavior\WriteHtmlCacheBehavior [ RunTime:0.000591s ]
INFO: [ view_filter ] --END-- [ RunTime:0.000701s ]
INFO: [ app_end ] --START--
INFO: Run Behavior\ShowPageTraceBehavior [ RunTime:0.000959s ]
INFO: [ app_end ] --END-- [ RunTime:0.001076s ]

[ 2016-11-30T12:05:40+08:00 ] 127.0.0.1 /index.php/Home/Tenant/index.html
INFO: [ app_init ] --START--
INFO: Run Behavior\BuildLiteBehavior [ RunTime:0.000037s ]
INFO: [ app_init ] --END-- [ RunTime:0.001146s ]
INFO: [ app_begin ] --START--
INFO: Run Behavior\ReadHtmlCacheBehavior [ RunTime:0.001305s ]
INFO: [ app_begin ] --END-- [ RunTime:0.001477s ]
SQL: SHOW COLUMNS FROM `lewo_account` [ RunTime:0.0115s ]
SQL: SELECT `id`,`mobile`,`email`,`sex`,`tag`,`birthday`,`register_time`,`avatar`,`address`,`zipcode`,`card_no`,`balance`,`realname`,`contact2` FROM `lewo_account` WHERE `id` = 2305 LIMIT 1   [ RunTime:0.0006s ]
SQL: SHOW COLUMNS FROM `lewo_room` [ RunTime:0.0073s ]
SQL: SELECT * FROM `lewo_room` WHERE `account_id` = 2305 AND `status` = 2 LIMIT 1   [ RunTime:0.0011s ]
SQL: SHOW COLUMNS FROM `lewo_houses` [ RunTime:0.0089s ]
SQL: SELECT * FROM `lewo_houses` INNER JOIN lewo_area ON lewo_houses.area_id = lewo_area.id  WHERE `house_code` = 'CQ00012' LIMIT 1   [ RunTime:0.0010s ]
SQL: SHOW COLUMNS FROM `lewo_back_bill` [ RunTime:0.0051s ]
SQL: SELECT * FROM `lewo_back_bill` WHERE `account_id` = 2305 AND `is_affirm` = 2  [ RunTime:0.0005s ]
SQL: SELECT * FROM `lewo_back_bill` WHERE `is_finish` = 0 AND `is_affirm` = 0 AND `account_id` = 2305 LIMIT 1   [ RunTime:0.0004s ]
SQL: SHOW COLUMNS FROM `lewo_schedule` [ RunTime:0.0058s ]
SQL: SELECT `schedule_type` FROM `lewo_schedule` WHERE `id` = null LIMIT 1   [ RunTime:0.0005s ]
NOTIC: [8] Undefined index:  G:\wamp2\www\lewo\lewo\Home\Controller\TenantController.class.php 第 30 行.
SQL: SHOW COLUMNS FROM `lewo_pay` [ RunTime:0.0070s ]
NOTIC: [8] Undefined index: not_bill_type G:\wamp2\www\lewo\lewo\Home\Model\PayModel.class.php 第 50 行.
NOTIC: [8] Undefined index: bill_type G:\wamp2\www\lewo\lewo\Home\Model\PayModel.class.php 第 53 行.
SQL: SELECT a.realname,p.*,r.house_code FROM lewo_pay p INNER JOIN lewo_account a ON a.id=p.account_id INNER JOIN lewo_room r ON r.id=p.room_id  WHERE p.pay_status = 0 AND p.account_id = '2305' AND p.is_show = 1 AND p.is_send = 1 ORDER BY p.pay_status asc, p.input_year asc, p.input_month asc  [ RunTime:0.0102s ]
SQL: SHOW COLUMNS FROM `lewo_houses` [ RunTime:0.0056s ]
SQL: SHOW COLUMNS FROM `lewo_area` [ RunTime:0.0049s ]
SQL: SELECT `area_id` FROM `lewo_houses` WHERE `house_code` = 'CQ00012' LIMIT 1   [ RunTime:0.0006s ]
SQL: SELECT `city_id` FROM `lewo_area` WHERE `id` = 11 LIMIT 1   [ RunTime:0.0004s ]
NOTIC: [8] Undefined variable: contract_info G:\wamp2\www\lewo\lewo\Home\Controller\TenantController.class.php 第 52 行.
INFO: [ view_parse ] --START--
INFO: [ template_filter ] --START--
INFO: Run Behavior\ContentReplaceBehavior [ RunTime:0.000201s ]
INFO: [ template_filter ] --END-- [ RunTime:0.000317s ]
NOTIC: [8] Undefined variable: notpaylist G:\wamp2\www\lewo\lewo\Runtime\Cache\Home\94342478b032149fe2a23be8b17de853.php 第 216 行.
INFO: Run Behavior\ParseTemplateBehavior [ RunTime:0.030051s ]
INFO: [ view_parse ] --END-- [ RunTime:0.030214s ]
INFO: [ view_filter ] --START--
INFO: Run Behavior\WriteHtmlCacheBehavior [ RunTime:0.000718s ]
INFO: [ view_filter ] --END-- [ RunTime:0.000849s ]
INFO: [ app_end ] --START--
INFO: Run Behavior\ShowPageTraceBehavior [ RunTime:0.001013s ]
INFO: [ app_end ] --END-- [ RunTime:0.001138s ]

[ 2016-11-30T12:05:57+08:00 ] 127.0.0.1 /index.php/Home/Tenant/index.html
INFO: [ app_init ] --START--
INFO: Run Behavior\BuildLiteBehavior [ RunTime:0.000036s ]
INFO: [ app_init ] --END-- [ RunTime:0.000935s ]
INFO: [ app_begin ] --START--
INFO: Run Behavior\ReadHtmlCacheBehavior [ RunTime:0.001287s ]
INFO: [ app_begin ] --END-- [ RunTime:0.001483s ]
SQL: SHOW COLUMNS FROM `lewo_account` [ RunTime:0.0066s ]
SQL: SELECT `id`,`mobile`,`email`,`sex`,`tag`,`birthday`,`register_time`,`avatar`,`address`,`zipcode`,`card_no`,`balance`,`realname`,`contact2` FROM `lewo_account` WHERE `id` = 2305 LIMIT 1   [ RunTime:0.0008s ]
SQL: SHOW COLUMNS FROM `lewo_room` [ RunTime:0.0055s ]
SQL: SELECT * FROM `lewo_room` WHERE `account_id` = 2305 AND `status` = 2 LIMIT 1   [ RunTime:0.0010s ]
SQL: SHOW COLUMNS FROM `lewo_houses` [ RunTime:0.0056s ]
SQL: SELECT * FROM `lewo_houses` INNER JOIN lewo_area ON lewo_houses.area_id = lewo_area.id  WHERE `house_code` = 'CQ00012' LIMIT 1   [ RunTime:0.0007s ]
SQL: SHOW COLUMNS FROM `lewo_back_bill` [ RunTime:0.0061s ]
SQL: SELECT * FROM `lewo_back_bill` WHERE `account_id` = 2305 AND `is_affirm` = 2  [ RunTime:0.0011s ]
SQL: SELECT * FROM `lewo_back_bill` WHERE `is_finish` = 0 AND `is_affirm` = 0 AND `account_id` = 2305 LIMIT 1   [ RunTime:0.0005s ]
SQL: SHOW COLUMNS FROM `lewo_schedule` [ RunTime:0.0055s ]
SQL: SELECT `schedule_type` FROM `lewo_schedule` WHERE `id` = null LIMIT 1   [ RunTime:0.0003s ]
NOTIC: [8] Undefined index:  G:\wamp2\www\lewo\lewo\Home\Controller\TenantController.class.php 第 30 行.
SQL: SHOW COLUMNS FROM `lewo_pay` [ RunTime:0.0059s ]
NOTIC: [8] Undefined index: not_bill_type G:\wamp2\www\lewo\lewo\Home\Model\PayModel.class.php 第 50 行.
NOTIC: [8] Undefined index: bill_type G:\wamp2\www\lewo\lewo\Home\Model\PayModel.class.php 第 53 行.
SQL: SELECT a.realname,p.*,r.house_code FROM lewo_pay p INNER JOIN lewo_account a ON a.id=p.account_id INNER JOIN lewo_room r ON r.id=p.room_id  WHERE p.pay_status = 0 AND p.account_id = '2305' AND p.is_show = 1 AND p.is_send = 1 ORDER BY p.pay_status asc, p.input_year asc, p.input_month asc  [ RunTime:0.0092s ]
SQL: SHOW COLUMNS FROM `lewo_houses` [ RunTime:0.0065s ]
SQL: SHOW COLUMNS FROM `lewo_area` [ RunTime:0.0050s ]
SQL: SELECT `area_id` FROM `lewo_houses` WHERE `house_code` = 'CQ00012' LIMIT 1   [ RunTime:0.0004s ]
SQL: SELECT `city_id` FROM `lewo_area` WHERE `id` = 11 LIMIT 1   [ RunTime:0.0003s ]
NOTIC: [8] Undefined variable: contract_info G:\wamp2\www\lewo\lewo\Home\Controller\TenantController.class.php 第 52 行.
INFO: [ view_parse ] --START--
INFO: [ template_filter ] --START--
INFO: Run Behavior\ContentReplaceBehavior [ RunTime:0.000208s ]
INFO: [ template_filter ] --END-- [ RunTime:0.000336s ]
NOTIC: [8] Undefined variable: notpaylist G:\wamp2\www\lewo\lewo\Runtime\Cache\Home\94342478b032149fe2a23be8b17de853.php 第 216 行.
INFO: Run Behavior\ParseTemplateBehavior [ RunTime:0.027795s ]
INFO: [ view_parse ] --END-- [ RunTime:0.027917s ]
INFO: [ view_filter ] --START--
INFO: Run Behavior\WriteHtmlCacheBehavior [ RunTime:0.000561s ]
INFO: [ view_filter ] --END-- [ RunTime:0.000672s ]
INFO: [ app_end ] --START--
INFO: Run Behavior\ShowPageTraceBehavior [ RunTime:0.000785s ]
INFO: [ app_end ] --END-- [ RunTime:0.000898s ]

[ 2016-11-30T12:05:57+08:00 ] 127.0.0.1 /index.php/Home/Tenant/index.html
INFO: [ app_init ] --START--
INFO: Run Behavior\BuildLiteBehavior [ RunTime:0.000029s ]
INFO: [ app_init ] --END-- [ RunTime:0.000665s ]
INFO: [ app_begin ] --START--
INFO: Run Behavior\ReadHtmlCacheBehavior [ RunTime:0.001335s ]
INFO: [ app_begin ] --END-- [ RunTime:0.001533s ]
SQL: SHOW COLUMNS FROM `lewo_account` [ RunTime:0.0068s ]
SQL: SELECT `id`,`mobile`,`email`,`sex`,`tag`,`birthday`,`register_time`,`avatar`,`address`,`zipcode`,`card_no`,`balance`,`realname`,`contact2` FROM `lewo_account` WHERE `id` = 2305 LIMIT 1   [ RunTime:0.0006s ]
SQL: SHOW COLUMNS FROM `lewo_room` [ RunTime:0.0056s ]
SQL: SELECT * FROM `lewo_room` WHERE `account_id` = 2305 AND `status` = 2 LIMIT 1   [ RunTime:0.0010s ]
SQL: SHOW COLUMNS FROM `lewo_houses` [ RunTime:0.0056s ]
SQL: SELECT * FROM `lewo_houses` INNER JOIN lewo_area ON lewo_houses.area_id = lewo_area.id  WHERE `house_code` = 'CQ00012' LIMIT 1   [ RunTime:0.0007s ]
SQL: SHOW COLUMNS FROM `lewo_back_bill` [ RunTime:0.0051s ]
SQL: SELECT * FROM `lewo_back_bill` WHERE `account_id` = 2305 AND `is_affirm` = 2  [ RunTime:0.0008s ]
SQL: SELECT * FROM `lewo_back_bill` WHERE `is_finish` = 0 AND `is_affirm` = 0 AND `account_id` = 2305 LIMIT 1   [ RunTime:0.0008s ]
SQL: SHOW COLUMNS FROM `lewo_schedule` [ RunTime:0.0062s ]
SQL: SELECT `schedule_type` FROM `lewo_schedule` WHERE `id` = null LIMIT 1   [ RunTime:0.0004s ]
NOTIC: [8] Undefined index:  G:\wamp2\www\lewo\lewo\Home\Controller\TenantController.class.php 第 30 行.
SQL: SHOW COLUMNS FROM `lewo_pay` [ RunTime:0.0065s ]
NOTIC: [8] Undefined index: not_bill_type G:\wamp2\www\lewo\lewo\Home\Model\PayModel.class.php 第 50 行.
NOTIC: [8] Undefined index: bill_type G:\wamp2\www\lewo\lewo\Home\Model\PayModel.class.php 第 53 行.
SQL: SELECT a.realname,p.*,r.house_code FROM lewo_pay p INNER JOIN lewo_account a ON a.id=p.account_id INNER JOIN lewo_room r ON r.id=p.room_id  WHERE p.pay_status = 0 AND p.account_id = '2305' AND p.is_show = 1 AND p.is_send = 1 ORDER BY p.pay_status asc, p.input_year asc, p.input_month asc  [ RunTime:0.0085s ]
SQL: SHOW COLUMNS FROM `lewo_houses` [ RunTime:0.0054s ]
SQL: SHOW COLUMNS FROM `lewo_area` [ RunTime:0.0063s ]
SQL: SELECT `area_id` FROM `lewo_houses` WHERE `house_code` = 'CQ00012' LIMIT 1   [ RunTime:0.0005s ]
SQL: SELECT `city_id` FROM `lewo_area` WHERE `id` = 11 LIMIT 1   [ RunTime:0.0004s ]
NOTIC: [8] Undefined variable: contract_info G:\wamp2\www\lewo\lewo\Home\Controller\TenantController.class.php 第 52 行.
INFO: [ view_parse ] --START--
INFO: [ template_filter ] --START--
INFO: Run Behavior\ContentReplaceBehavior [ RunTime:0.000210s ]
INFO: [ template_filter ] --END-- [ RunTime:0.000330s ]
NOTIC: [8] Undefined variable: notpaylist G:\wamp2\www\lewo\lewo\Runtime\Cache\Home\94342478b032149fe2a23be8b17de853.php 第 216 行.
INFO: Run Behavior\ParseTemplateBehavior [ RunTime:0.028856s ]
INFO: [ view_parse ] --END-- [ RunTime:0.028989s ]
INFO: [ view_filter ] --START--
INFO: Run Behavior\WriteHtmlCacheBehavior [ RunTime:0.000581s ]
INFO: [ view_filter ] --END-- [ RunTime:0.000691s ]
INFO: [ app_end ] --START--
INFO: Run Behavior\ShowPageTraceBehavior [ RunTime:0.000818s ]
INFO: [ app_end ] --END-- [ RunTime:0.000931s ]

[ 2016-11-30T12:06:47+08:00 ] 127.0.0.1 /index.php/Home/Tenant/index.html
INFO: [ app_init ] --START--
INFO: Run Behavior\BuildLiteBehavior [ RunTime:0.000037s ]
INFO: [ app_init ] --END-- [ RunTime:0.000927s ]
INFO: [ app_begin ] --START--
INFO: Run Behavior\ReadHtmlCacheBehavior [ RunTime:0.001267s ]
INFO: [ app_begin ] --END-- [ RunTime:0.001436s ]
SQL: SHOW COLUMNS FROM `lewo_account` [ RunTime:0.0088s ]
SQL: SELECT `id`,`mobile`,`email`,`sex`,`tag`,`birthday`,`register_time`,`avatar`,`address`,`zipcode`,`card_no`,`balance`,`realname`,`contact2` FROM `lewo_account` WHERE `id` = 2305 LIMIT 1   [ RunTime:0.0008s ]
SQL: SHOW COLUMNS FROM `lewo_room` [ RunTime:0.0073s ]
SQL: SELECT * FROM `lewo_room` WHERE `account_id` = 2305 AND `status` = 2 LIMIT 1   [ RunTime:0.0022s ]
SQL: SHOW COLUMNS FROM `lewo_houses` [ RunTime:0.0086s ]
SQL: SELECT * FROM `lewo_houses` INNER JOIN lewo_area ON lewo_houses.area_id = lewo_area.id  WHERE `house_code` = 'CQ00012' LIMIT 1   [ RunTime:0.0012s ]
SQL: SHOW COLUMNS FROM `lewo_back_bill` [ RunTime:0.0071s ]
SQL: SELECT * FROM `lewo_back_bill` WHERE `account_id` = 2305 AND `is_affirm` = 2  [ RunTime:0.0008s ]
SQL: SELECT * FROM `lewo_back_bill` WHERE `is_finish` = 0 AND `is_affirm` = 0 AND `account_id` = 2305 LIMIT 1   [ RunTime:0.0007s ]
SQL: SHOW COLUMNS FROM `lewo_schedule` [ RunTime:0.0078s ]
SQL: SELECT `schedule_type` FROM `lewo_schedule` WHERE `id` = null LIMIT 1   [ RunTime:0.0006s ]
NOTIC: [8] Undefined index:  G:\wamp2\www\lewo\lewo\Home\Controller\TenantController.class.php 第 30 行.
SQL: SHOW COLUMNS FROM `lewo_pay` [ RunTime:0.0127s ]
NOTIC: [8] Undefined index: not_bill_type G:\wamp2\www\lewo\lewo\Home\Model\PayModel.class.php 第 50 行.
NOTIC: [8] Undefined index: bill_type G:\wamp2\www\lewo\lewo\Home\Model\PayModel.class.php 第 53 行.
SQL: SELECT a.realname,p.*,r.house_code FROM lewo_pay p INNER JOIN lewo_account a ON a.id=p.account_id INNER JOIN lewo_room r ON r.id=p.room_id  WHERE p.pay_status = 0 AND p.account_id = '2305' AND p.is_show = 1 AND p.is_send = 1 ORDER BY p.pay_status asc, p.input_year asc, p.input_month asc  [ RunTime:0.0117s ]
SQL: SHOW COLUMNS FROM `lewo_houses` [ RunTime:0.0119s ]
SQL: SHOW COLUMNS FROM `lewo_area` [ RunTime:0.0085s ]
SQL: SELECT `area_id` FROM `lewo_houses` WHERE `house_code` = 'CQ00012' LIMIT 1   [ RunTime:0.0011s ]
SQL: SELECT `city_id` FROM `lewo_area` WHERE `id` = 11 LIMIT 1   [ RunTime:0.0007s ]
NOTIC: [8] Undefined variable: contract_info G:\wamp2\www\lewo\lewo\Home\Controller\TenantController.class.php 第 52 行.
INFO: [ view_parse ] --START--
INFO: [ template_filter ] --START--
INFO: Run Behavior\ContentReplaceBehavior [ RunTime:0.000278s ]
INFO: [ template_filter ] --END-- [ RunTime:0.000491s ]
NOTIC: [8] Undefined variable: notpaylist G:\wamp2\www\lewo\lewo\Runtime\Cache\Home\94342478b032149fe2a23be8b17de853.php 第 216 行.
INFO: Run Behavior\ParseTemplateBehavior [ RunTime:0.044161s ]
INFO: [ view_parse ] --END-- [ RunTime:0.044331s ]
INFO: [ view_filter ] --START--
INFO: Run Behavior\WriteHtmlCacheBehavior [ RunTime:0.000897s ]
INFO: [ view_filter ] --END-- [ RunTime:0.001048s ]
INFO: [ app_end ] --START--
INFO: Run Behavior\ShowPageTraceBehavior [ RunTime:0.001619s ]
INFO: [ app_end ] --END-- [ RunTime:0.001862s ]

[ 2016-11-30T12:07:14+08:00 ] 127.0.0.1 /index.php/Home/Tenant/index.html
INFO: [ app_init ] --START--
INFO: Run Behavior\BuildLiteBehavior [ RunTime:0.000064s ]
INFO: [ app_init ] --END-- [ RunTime:0.001016s ]
INFO: [ app_begin ] --START--
INFO: Run Behavior\ReadHtmlCacheBehavior [ RunTime:0.002542s ]
INFO: [ app_begin ] --END-- [ RunTime:0.002733s ]
SQL: SHOW COLUMNS FROM `lewo_account` [ RunTime:0.0057s ]
SQL: SELECT `id`,`mobile`,`email`,`sex`,`tag`,`birthday`,`register_time`,`avatar`,`address`,`zipcode`,`card_no`,`balance`,`realname`,`contact2` FROM `lewo_account` WHERE `id` = 2305 LIMIT 1   [ RunTime:0.0007s ]
SQL: SHOW COLUMNS FROM `lewo_room` [ RunTime:0.0064s ]
SQL: SELECT * FROM `lewo_room` WHERE `account_id` = 2305 AND `status` = 2 LIMIT 1   [ RunTime:0.0010s ]
SQL: SHOW COLUMNS FROM `lewo_houses` [ RunTime:0.0067s ]
SQL: SELECT * FROM `lewo_houses` INNER JOIN lewo_area ON lewo_houses.area_id = lewo_area.id  WHERE `house_code` = 'CQ00012' LIMIT 1   [ RunTime:0.0007s ]
SQL: SHOW COLUMNS FROM `lewo_back_bill` [ RunTime:0.0050s ]
SQL: SELECT * FROM `lewo_back_bill` WHERE `account_id` = 2305 AND `is_affirm` = 2  [ RunTime:0.0004s ]
SQL: SELECT * FROM `lewo_back_bill` WHERE `is_finish` = 0 AND `is_affirm` = 0 AND `account_id` = 2305 LIMIT 1   [ RunTime:0.0004s ]
SQL: SHOW COLUMNS FROM `lewo_schedule` [ RunTime:0.0070s ]
SQL: SELECT `schedule_type` FROM `lewo_schedule` WHERE `id` = null LIMIT 1   [ RunTime:0.0003s ]
NOTIC: [8] Undefined index:  G:\wamp2\www\lewo\lewo\Home\Controller\TenantController.class.php 第 30 行.
SQL: SHOW COLUMNS FROM `lewo_pay` [ RunTime:0.0060s ]
NOTIC: [8] Undefined index: not_bill_type G:\wamp2\www\lewo\lewo\Home\Model\PayModel.class.php 第 50 行.
NOTIC: [8] Undefined index: bill_type G:\wamp2\www\lewo\lewo\Home\Model\PayModel.class.php 第 53 行.
SQL: SELECT a.realname,p.*,r.house_code FROM lewo_pay p INNER JOIN lewo_account a ON a.id=p.account_id INNER JOIN lewo_room r ON r.id=p.room_id  WHERE p.pay_status = 0 AND p.account_id = '2305' AND p.is_show = 1 AND p.is_send = 1 ORDER BY p.pay_status asc, p.input_year asc, p.input_month asc  [ RunTime:0.0084s ]
SQL: SHOW COLUMNS FROM `lewo_houses` [ RunTime:0.0058s ]
SQL: SHOW COLUMNS FROM `lewo_area` [ RunTime:0.0049s ]
SQL: SELECT `area_id` FROM `lewo_houses` WHERE `house_code` = 'CQ00012' LIMIT 1   [ RunTime:0.0005s ]
SQL: SELECT `city_id` FROM `lewo_area` WHERE `id` = 11 LIMIT 1   [ RunTime:0.0006s ]
NOTIC: [8] Undefined variable: contract_info G:\wamp2\www\lewo\lewo\Home\Controller\TenantController.class.php 第 52 行.
INFO: [ view_parse ] --START--
INFO: [ template_filter ] --START--
INFO: Run Behavior\ContentReplaceBehavior [ RunTime:0.000197s ]
INFO: [ template_filter ] --END-- [ RunTime:0.000308s ]
NOTIC: [8] Undefined variable: notpaylist G:\wamp2\www\lewo\lewo\Runtime\Cache\Home\94342478b032149fe2a23be8b17de853.php 第 216 行.
INFO: Run Behavior\ParseTemplateBehavior [ RunTime:0.027120s ]
INFO: [ view_parse ] --END-- [ RunTime:0.027265s ]
INFO: [ view_filter ] --START--
INFO: Run Behavior\WriteHtmlCacheBehavior [ RunTime:0.000630s ]
INFO: [ view_filter ] --END-- [ RunTime:0.000745s ]
INFO: [ app_end ] --START--
INFO: Run Behavior\ShowPageTraceBehavior [ RunTime:0.000827s ]
INFO: [ app_end ] --END-- [ RunTime:0.000936s ]

[ 2016-11-30T12:10:05+08:00 ] 127.0.0.1 /index.php/Home/Tenant/index.html
INFO: [ app_init ] --START--
INFO: Run Behavior\BuildLiteBehavior [ RunTime:0.000028s ]
INFO: [ app_init ] --END-- [ RunTime:0.000682s ]
INFO: [ app_begin ] --START--
INFO: Run Behavior\ReadHtmlCacheBehavior [ RunTime:0.000875s ]
INFO: [ app_begin ] --END-- [ RunTime:0.001004s ]
SQL: SHOW COLUMNS FROM `lewo_account` [ RunTime:0.0057s ]
SQL: SELECT `id`,`mobile`,`email`,`sex`,`tag`,`birthday`,`register_time`,`avatar`,`address`,`zipcode`,`card_no`,`balance`,`realname`,`contact2` FROM `lewo_account` WHERE `id` = 2305 LIMIT 1   [ RunTime:0.0006s ]
SQL: SHOW COLUMNS FROM `lewo_room` [ RunTime:0.0058s ]
SQL: SELECT * FROM `lewo_room` WHERE `account_id` = 2305 AND `status` = 2 LIMIT 1   [ RunTime:0.0010s ]
SQL: SHOW COLUMNS FROM `lewo_houses` [ RunTime:0.0065s ]
SQL: SELECT * FROM `lewo_houses` INNER JOIN lewo_area ON lewo_houses.area_id = lewo_area.id  WHERE `house_code` = 'CQ00012' LIMIT 1   [ RunTime:0.0009s ]
SQL: SHOW COLUMNS FROM `lewo_back_bill` [ RunTime:0.0063s ]
SQL: SELECT * FROM `lewo_back_bill` WHERE `account_id` = 2305 AND `is_affirm` = 2  [ RunTime:0.0004s ]
SQL: SELECT * FROM `lewo_back_bill` WHERE `is_finish` = 0 AND `is_affirm` = 0 AND `account_id` = 2305 LIMIT 1   [ RunTime:0.0004s ]
SQL: SHOW COLUMNS FROM `lewo_schedule` [ RunTime:0.0055s ]
SQL: SELECT `schedule_type` FROM `lewo_schedule` WHERE `id` = null LIMIT 1   [ RunTime:0.0005s ]
NOTIC: [8] Undefined index:  G:\wamp2\www\lewo\lewo\Home\Controller\TenantController.class.php 第 30 行.
SQL: SHOW COLUMNS FROM `lewo_pay` [ RunTime:0.0068s ]
NOTIC: [8] Undefined index: not_bill_type G:\wamp2\www\lewo\lewo\Home\Model\PayModel.class.php 第 50 行.
NOTIC: [8] Undefined index: bill_type G:\wamp2\www\lewo\lewo\Home\Model\PayModel.class.php 第 53 行.
SQL: SELECT a.realname,p.*,r.house_code FROM lewo_pay p INNER JOIN lewo_account a ON a.id=p.account_id INNER JOIN lewo_room r ON r.id=p.room_id  WHERE p.pay_status = 0 AND p.account_id = '2305' AND p.is_show = 1 AND p.is_send = 1 ORDER BY p.pay_status asc, p.input_year asc, p.input_month asc  [ RunTime:0.0092s ]
SQL: SHOW COLUMNS FROM `lewo_houses` [ RunTime:0.0062s ]
SQL: SHOW COLUMNS FROM `lewo_area` [ RunTime:0.0055s ]
SQL: SELECT `area_id` FROM `lewo_houses` WHERE `house_code` = 'CQ00012' LIMIT 1   [ RunTime:0.0005s ]
SQL: SELECT `city_id` FROM `lewo_area` WHERE `id` = 11 LIMIT 1   [ RunTime:0.0004s ]
NOTIC: [8] Undefined variable: contract_info G:\wamp2\www\lewo\lewo\Home\Controller\TenantController.class.php 第 52 行.
INFO: [ view_parse ] --START--
INFO: [ template_filter ] --START--
INFO: Run Behavior\ContentReplaceBehavior [ RunTime:0.000205s ]
INFO: [ template_filter ] --END-- [ RunTime:0.000324s ]
NOTIC: [8] Undefined variable: notpaylist G:\wamp2\www\lewo\lewo\Runtime\Cache\Home\94342478b032149fe2a23be8b17de853.php 第 216 行.
INFO: Run Behavior\ParseTemplateBehavior [ RunTime:0.027000s ]
INFO: [ view_parse ] --END-- [ RunTime:0.027116s ]
INFO: [ view_filter ] --START--
INFO: Run Behavior\WriteHtmlCacheBehavior [ RunTime:0.000505s ]
INFO: [ view_filter ] --END-- [ RunTime:0.000612s ]
INFO: [ app_end ] --START--
INFO: Run Behavior\ShowPageTraceBehavior [ RunTime:0.000773s ]
INFO: [ app_end ] --END-- [ RunTime:0.000880s ]

[ 2016-11-30T13:26:48+08:00 ] 127.0.0.1 /index.php/Home/Tenant/index.html
INFO: [ app_init ] --START--
INFO: Run Behavior\BuildLiteBehavior [ RunTime:0.000037s ]
INFO: [ app_init ] --END-- [ RunTime:0.001383s ]
INFO: [ app_begin ] --START--
INFO: Run Behavior\ReadHtmlCacheBehavior [ RunTime:0.001321s ]
INFO: [ app_begin ] --END-- [ RunTime:0.001481s ]
SQL: SHOW COLUMNS FROM `lewo_account` [ RunTime:0.0061s ]
SQL: SELECT `id`,`mobile`,`email`,`sex`,`tag`,`birthday`,`register_time`,`avatar`,`address`,`zipcode`,`card_no`,`balance`,`realname`,`contact2` FROM `lewo_account` WHERE `id` = 2305 LIMIT 1   [ RunTime:0.0006s ]
SQL: SHOW COLUMNS FROM `lewo_room` [ RunTime:0.0062s ]
SQL: SELECT * FROM `lewo_room` WHERE `account_id` = 2305 AND `status` = 2 LIMIT 1   [ RunTime:0.0010s ]
SQL: SHOW COLUMNS FROM `lewo_houses` [ RunTime:0.0065s ]
SQL: SELECT * FROM `lewo_houses` INNER JOIN lewo_area ON lewo_houses.area_id = lewo_area.id  WHERE `house_code` = 'CQ00012' LIMIT 1   [ RunTime:0.0007s ]
SQL: SHOW COLUMNS FROM `lewo_back_bill` [ RunTime:0.0055s ]
SQL: SELECT * FROM `lewo_back_bill` WHERE `account_id` = 2305 AND `is_affirm` = 2  [ RunTime:0.0004s ]
SQL: SELECT * FROM `lewo_back_bill` WHERE `is_finish` = 0 AND `is_affirm` = 0 AND `account_id` = 2305 LIMIT 1   [ RunTime:0.0004s ]
SQL: SHOW COLUMNS FROM `lewo_schedule` [ RunTime:0.0053s ]
SQL: SELECT `schedule_type` FROM `lewo_schedule` WHERE `id` = null LIMIT 1   [ RunTime:0.0003s ]
NOTIC: [8] Undefined index:  G:\wamp2\www\lewo\lewo\Home\Controller\TenantController.class.php 第 30 行.
SQL: SHOW COLUMNS FROM `lewo_pay` [ RunTime:0.0065s ]
NOTIC: [8] Undefined index: not_bill_type G:\wamp2\www\lewo\lewo\Home\Model\PayModel.class.php 第 50 行.
NOTIC: [8] Undefined index: bill_type G:\wamp2\www\lewo\lewo\Home\Model\PayModel.class.php 第 53 行.
SQL: SELECT a.realname,p.*,r.house_code FROM lewo_pay p INNER JOIN lewo_account a ON a.id=p.account_id INNER JOIN lewo_room r ON r.id=p.room_id  WHERE p.pay_status = 0 AND p.account_id = '2305' AND p.is_show = 1 AND p.is_send = 1 ORDER BY p.pay_status asc, p.input_year asc, p.input_month asc  [ RunTime:0.0093s ]
SQL: SHOW COLUMNS FROM `lewo_houses` [ RunTime:0.0058s ]
SQL: SHOW COLUMNS FROM `lewo_area` [ RunTime:0.0071s ]
NOTIC: [8] Undefined variable: contract_info G:\wamp2\www\lewo\lewo\Home\Controller\TenantController.class.php 第 52 行.
INFO: [ view_parse ] --START--
INFO: [ template_filter ] --START--
INFO: Run Behavior\ContentReplaceBehavior [ RunTime:0.000207s ]
INFO: [ template_filter ] --END-- [ RunTime:0.000324s ]
NOTIC: [8] Undefined variable: notpaylist G:\wamp2\www\lewo\lewo\Runtime\Cache\Home\94342478b032149fe2a23be8b17de853.php 第 216 行.
INFO: Run Behavior\ParseTemplateBehavior [ RunTime:0.027714s ]
INFO: [ view_parse ] --END-- [ RunTime:0.027826s ]
INFO: [ view_filter ] --START--
INFO: Run Behavior\WriteHtmlCacheBehavior [ RunTime:0.000813s ]
INFO: [ view_filter ] --END-- [ RunTime:0.000940s ]
INFO: [ app_end ] --START--
INFO: Run Behavior\ShowPageTraceBehavior [ RunTime:0.002278s ]
INFO: [ app_end ] --END-- [ RunTime:0.002473s ]

[ 2016-11-30T13:26:50+08:00 ] 127.0.0.1 /index.php/Home/Tenant/feelist.html
INFO: [ app_init ] --START--
INFO: Run Behavior\BuildLiteBehavior [ RunTime:0.000037s ]
INFO: [ app_init ] --END-- [ RunTime:0.000884s ]
INFO: [ app_begin ] --START--
INFO: Run Behavior\ReadHtmlCacheBehavior [ RunTime:0.001023s ]
INFO: [ app_begin ] --END-- [ RunTime:0.001186s ]
SQL: SHOW COLUMNS FROM `lewo_charge_bill` [ RunTime:0.0117s ]
SQL: SHOW COLUMNS FROM `lewo_pay` [ RunTime:0.0071s ]
NOTIC: [8] Undefined index: not_bill_type G:\wamp2\www\lewo\lewo\Home\Model\PayModel.class.php 第 50 行.
NOTIC: [8] Undefined index: pay_status G:\wamp2\www\lewo\lewo\Home\Model\PayModel.class.php 第 51 行.
NOTIC: [8] Undefined index: bill_type G:\wamp2\www\lewo\lewo\Home\Model\PayModel.class.php 第 53 行.
NOTIC: [8] Undefined index: order G:\wamp2\www\lewo\lewo\Home\Model\PayModel.class.php 第 58 行.
NOTIC: [8] Undefined index: pay_status G:\wamp2\www\lewo\lewo\Home\Model\PayModel.class.php 第 66 行.
SQL: SELECT a.realname,p.*,r.house_code FROM lewo_pay p INNER JOIN lewo_account a ON a.id=p.account_id INNER JOIN lewo_room r ON r.id=p.room_id  WHERE p.account_id = '2305' AND p.is_show = 1 AND p.is_send = 1 ORDER BY p.pay_status asc,p.input_year desc,p.input_month desc  [ RunTime:0.0116s ]
SQL: SHOW COLUMNS FROM `lewo_houses` [ RunTime:0.0084s ]
SQL: SHOW COLUMNS FROM `lewo_area` [ RunTime:0.0059s ]
SQL: SELECT `area_id` FROM `lewo_houses` WHERE `house_code` = 'CQ00012' LIMIT 1   [ RunTime:0.0005s ]
SQL: SELECT `city_id` FROM `lewo_area` WHERE `id` = 11 LIMIT 1   [ RunTime:0.0004s ]
SQL: SELECT `area_id` FROM `lewo_houses` WHERE `house_code` = 'CQ00012' LIMIT 1   [ RunTime:0.0006s ]
SQL: SELECT `city_id` FROM `lewo_area` WHERE `id` = 11 LIMIT 1   [ RunTime:0.0005s ]
SQL: SELECT `area_id` FROM `lewo_houses` WHERE `house_code` = 'CQ00012' LIMIT 1   [ RunTime:0.0005s ]
SQL: SELECT `city_id` FROM `lewo_area` WHERE `id` = 11 LIMIT 1   [ RunTime:0.0008s ]
INFO: [ view_parse ] --START--
INFO: [ template_filter ] --START--
INFO: Run Behavior\ContentReplaceBehavior [ RunTime:0.000203s ]
INFO: [ template_filter ] --END-- [ RunTime:0.000360s ]
NOTIC: [8] Undefined variable: contract_list G:\wamp2\www\lewo\lewo\Runtime\Cache\Home\95f8fa7799ce7c882b122acafdcacc2f.php 第 104 行.
INFO: Run Behavior\ParseTemplateBehavior [ RunTime:0.025138s ]
INFO: [ view_parse ] --END-- [ RunTime:0.025294s ]
INFO: [ view_filter ] --START--
INFO: Run Behavior\WriteHtmlCacheBehavior [ RunTime:0.000674s ]
INFO: [ view_filter ] --END-- [ RunTime:0.000833s ]
INFO: [ app_end ] --START--
INFO: Run Behavior\ShowPageTraceBehavior [ RunTime:0.001161s ]
INFO: [ app_end ] --END-- [ RunTime:0.001327s ]

[ 2016-11-30T13:26:54+08:00 ] 127.0.0.1 /index.php/Home/Tenant/show_contract_bill/pro_id/147797283471937.html
INFO: [ app_init ] --START--
INFO: Run Behavior\BuildLiteBehavior [ RunTime:0.000036s ]
INFO: [ app_init ] --END-- [ RunTime:0.000950s ]
INFO: [ app_begin ] --START--
INFO: Run Behavior\ReadHtmlCacheBehavior [ RunTime:0.001009s ]
INFO: [ app_begin ] --END-- [ RunTime:0.001146s ]
SQL: SHOW COLUMNS FROM `lewo_pay` [ RunTime:0.0056s ]
SQL: SELECT c.*,p.*,a.realname,r.house_code FROM lewo_pay p INNER JOIN lewo_contract c ON p.pro_id=c.pro_id INNER JOIN lewo_room r ON r.id=p.room_id INNER JOIN lewo_account a ON a.id=p.account_id  WHERE p.pro_id = '147797283471937' LIMIT 1   [ RunTime:0.0027s ]
SQL: SHOW COLUMNS FROM `lewo_houses` [ RunTime:0.0065s ]
SQL: SHOW COLUMNS FROM `lewo_area` [ RunTime:0.0051s ]
SQL: SELECT `area_id` FROM `lewo_houses` WHERE `house_code` = 'CQ00012' LIMIT 1   [ RunTime:0.0004s ]
SQL: SELECT `city_id` FROM `lewo_area` WHERE `id` = 11 LIMIT 1   [ RunTime:0.0003s ]
INFO: [ view_parse ] --START--
INFO: [ template_filter ] --START--
INFO: Run Behavior\ContentReplaceBehavior [ RunTime:0.000221s ]
INFO: [ template_filter ] --END-- [ RunTime:0.000342s ]
NOTIC: [8] Undefined index: area_name G:\wamp2\www\lewo\lewo\Runtime\Cache\Home\b903d8fa37e0489fd630ca44b98c09fc.php 第 87 行.
INFO: Run Behavior\ParseTemplateBehavior [ RunTime:0.081522s ]
INFO: [ view_parse ] --END-- [ RunTime:0.081638s ]
INFO: [ view_filter ] --START--
INFO: Run Behavior\WriteHtmlCacheBehavior [ RunTime:0.000510s ]
INFO: [ view_filter ] --END-- [ RunTime:0.000619s ]
INFO: [ app_end ] --START--
INFO: Run Behavior\ShowPageTraceBehavior [ RunTime:0.000822s ]
INFO: [ app_end ] --END-- [ RunTime:0.000933s ]

[ 2016-11-30T13:27:18+08:00 ] 127.0.0.1 /index.php/Home/Tenant/show_contract_bill/pro_id/147797283471937.html
INFO: [ app_init ] --START--
INFO: Run Behavior\BuildLiteBehavior [ RunTime:0.000029s ]
INFO: [ app_init ] --END-- [ RunTime:0.000707s ]
INFO: [ app_begin ] --START--
INFO: Run Behavior\ReadHtmlCacheBehavior [ RunTime:0.001060s ]
INFO: [ app_begin ] --END-- [ RunTime:0.001197s ]
SQL: SHOW COLUMNS FROM `lewo_pay` [ RunTime:0.0058s ]
SQL: SELECT c.*,p.*,a.realname,r.house_code FROM lewo_pay p INNER JOIN lewo_contract c ON p.pro_id=c.pro_id INNER JOIN lewo_room r ON r.id=p.room_id INNER JOIN lewo_account a ON a.id=p.account_id  WHERE p.pro_id = '147797283471937' LIMIT 1   [ RunTime:0.0014s ]
SQL: SHOW COLUMNS FROM `lewo_houses` [ RunTime:0.0055s ]
SQL: SHOW COLUMNS FROM `lewo_area` [ RunTime:0.0051s ]
SQL: SELECT `area_id` FROM `lewo_houses` WHERE `house_code` = 'CQ00012' LIMIT 1   [ RunTime:0.0004s ]
SQL: SELECT `city_id` FROM `lewo_area` WHERE `id` = 11 LIMIT 1   [ RunTime:0.0004s ]
INFO: [ view_parse ] --START--
INFO: [ template_filter ] --START--
INFO: Run Behavior\ContentReplaceBehavior [ RunTime:0.000222s ]
INFO: [ template_filter ] --END-- [ RunTime:0.000357s ]
NOTIC: [8] Undefined index: area_name G:\wamp2\www\lewo\lewo\Runtime\Cache\Home\b903d8fa37e0489fd630ca44b98c09fc.php 第 87 行.
INFO: Run Behavior\ParseTemplateBehavior [ RunTime:0.018419s ]
INFO: [ view_parse ] --END-- [ RunTime:0.018535s ]
INFO: [ view_filter ] --START--
INFO: Run Behavior\WriteHtmlCacheBehavior [ RunTime:0.000584s ]
INFO: [ view_filter ] --END-- [ RunTime:0.000692s ]
INFO: [ app_end ] --START--
INFO: Run Behavior\ShowPageTraceBehavior [ RunTime:0.000893s ]
INFO: [ app_end ] --END-- [ RunTime:0.001007s ]

[ 2016-11-30T13:27:34+08:00 ] 127.0.0.1 /index.php/Home/Tenant/index.html
INFO: [ app_init ] --START--
INFO: Run Behavior\BuildLiteBehavior [ RunTime:0.000037s ]
INFO: [ app_init ] --END-- [ RunTime:0.001012s ]
INFO: [ app_begin ] --START--
INFO: Run Behavior\ReadHtmlCacheBehavior [ RunTime:0.001332s ]
INFO: [ app_begin ] --END-- [ RunTime:0.001510s ]
SQL: SHOW COLUMNS FROM `lewo_account` [ RunTime:0.0075s ]
SQL: SELECT `id`,`mobile`,`email`,`sex`,`tag`,`birthday`,`register_time`,`avatar`,`address`,`zipcode`,`card_no`,`balance`,`realname`,`contact2` FROM `lewo_account` WHERE `id` = 2305 LIMIT 1   [ RunTime:0.0006s ]
SQL: SHOW COLUMNS FROM `lewo_room` [ RunTime:0.0059s ]
SQL: SELECT * FROM `lewo_room` WHERE `account_id` = 2305 AND `status` = 2 LIMIT 1   [ RunTime:0.0014s ]
SQL: SHOW COLUMNS FROM `lewo_houses` [ RunTime:0.0060s ]
SQL: SELECT * FROM `lewo_houses` INNER JOIN lewo_area ON lewo_houses.area_id = lewo_area.id  WHERE `house_code` = 'CQ00012' LIMIT 1   [ RunTime:0.0007s ]
SQL: SHOW COLUMNS FROM `lewo_back_bill` [ RunTime:0.0049s ]
SQL: SELECT * FROM `lewo_back_bill` WHERE `account_id` = 2305 AND `is_affirm` = 2  [ RunTime:0.0006s ]
SQL: SELECT * FROM `lewo_back_bill` WHERE `is_finish` = 0 AND `is_affirm` = 0 AND `account_id` = 2305 LIMIT 1   [ RunTime:0.0008s ]
SQL: SHOW COLUMNS FROM `lewo_schedule` [ RunTime:0.0055s ]
SQL: SELECT `schedule_type` FROM `lewo_schedule` WHERE `id` = null LIMIT 1   [ RunTime:0.0003s ]
NOTIC: [8] Undefined index:  G:\wamp2\www\lewo\lewo\Home\Controller\TenantController.class.php 第 30 行.
SQL: SHOW COLUMNS FROM `lewo_pay` [ RunTime:0.0066s ]
NOTIC: [8] Undefined index: not_bill_type G:\wamp2\www\lewo\lewo\Home\Model\PayModel.class.php 第 50 行.
NOTIC: [8] Undefined index: bill_type G:\wamp2\www\lewo\lewo\Home\Model\PayModel.class.php 第 53 行.
SQL: SELECT a.realname,p.*,r.house_code FROM lewo_pay p INNER JOIN lewo_account a ON a.id=p.account_id INNER JOIN lewo_room r ON r.id=p.room_id  WHERE p.pay_status = 0 AND p.account_id = '2305' AND p.is_show = 1 AND p.is_send = 1 ORDER BY p.pay_status asc, p.input_year asc, p.input_month asc  [ RunTime:0.0085s ]
SQL: SHOW COLUMNS FROM `lewo_houses` [ RunTime:0.0056s ]
SQL: SHOW COLUMNS FROM `lewo_area` [ RunTime:0.0049s ]
NOTIC: [8] Undefined variable: contract_info G:\wamp2\www\lewo\lewo\Home\Controller\TenantController.class.php 第 52 行.
INFO: [ view_parse ] --START--
INFO: [ template_filter ] --START--
INFO: Run Behavior\ContentReplaceBehavior [ RunTime:0.000202s ]
INFO: [ template_filter ] --END-- [ RunTime:0.000320s ]
NOTIC: [8] Undefined variable: notpaylist G:\wamp2\www\lewo\lewo\Runtime\Cache\Home\94342478b032149fe2a23be8b17de853.php 第 216 行.
INFO: Run Behavior\ParseTemplateBehavior [ RunTime:0.028208s ]
INFO: [ view_parse ] --END-- [ RunTime:0.028322s ]
INFO: [ view_filter ] --START--
INFO: Run Behavior\WriteHtmlCacheBehavior [ RunTime:0.000540s ]
INFO: [ view_filter ] --END-- [ RunTime:0.000652s ]
INFO: [ app_end ] --START--
INFO: Run Behavior\ShowPageTraceBehavior [ RunTime:0.000797s ]
INFO: [ app_end ] --END-- [ RunTime:0.000907s ]

[ 2016-11-30T13:27:57+08:00 ] 127.0.0.1 /index.php/Home/Tenant/feelist.html
INFO: [ app_init ] --START--
INFO: Run Behavior\BuildLiteBehavior [ RunTime:0.000027s ]
INFO: [ app_init ] --END-- [ RunTime:0.000663s ]
INFO: [ app_begin ] --START--
INFO: Run Behavior\ReadHtmlCacheBehavior [ RunTime:0.000781s ]
INFO: [ app_begin ] --END-- [ RunTime:0.000902s ]
SQL: SHOW COLUMNS FROM `lewo_charge_bill` [ RunTime:0.0070s ]
SQL: SHOW COLUMNS FROM `lewo_pay` [ RunTime:0.0058s ]
NOTIC: [8] Undefined index: not_bill_type G:\wamp2\www\lewo\lewo\Home\Model\PayModel.class.php 第 50 行.
NOTIC: [8] Undefined index: pay_status G:\wamp2\www\lewo\lewo\Home\Model\PayModel.class.php 第 51 行.
NOTIC: [8] Undefined index: bill_type G:\wamp2\www\lewo\lewo\Home\Model\PayModel.class.php 第 53 行.
NOTIC: [8] Undefined index: order G:\wamp2\www\lewo\lewo\Home\Model\PayModel.class.php 第 58 行.
NOTIC: [8] Undefined index: pay_status G:\wamp2\www\lewo\lewo\Home\Model\PayModel.class.php 第 66 行.
SQL: SELECT a.realname,p.*,r.house_code FROM lewo_pay p INNER JOIN lewo_account a ON a.id=p.account_id INNER JOIN lewo_room r ON r.id=p.room_id  WHERE p.account_id = '2305' AND p.is_show = 1 AND p.is_send = 1 ORDER BY p.pay_status asc,p.input_year desc,p.input_month desc  [ RunTime:0.0086s ]
SQL: SHOW COLUMNS FROM `lewo_houses` [ RunTime:0.0071s ]
SQL: SHOW COLUMNS FROM `lewo_area` [ RunTime:0.0050s ]
SQL: SELECT `area_id` FROM `lewo_houses` WHERE `house_code` = 'CQ00012' LIMIT 1   [ RunTime:0.0005s ]
SQL: SELECT `city_id` FROM `lewo_area` WHERE `id` = 11 LIMIT 1   [ RunTime:0.0003s ]
SQL: SELECT `area_id` FROM `lewo_houses` WHERE `house_code` = 'CQ00012' LIMIT 1   [ RunTime:0.0004s ]
SQL: SELECT `city_id` FROM `lewo_area` WHERE `id` = 11 LIMIT 1   [ RunTime:0.0005s ]
SQL: SELECT `area_id` FROM `lewo_houses` WHERE `house_code` = 'CQ00012' LIMIT 1   [ RunTime:0.0004s ]
SQL: SELECT `city_id` FROM `lewo_area` WHERE `id` = 11 LIMIT 1   [ RunTime:0.0003s ]
INFO: [ view_parse ] --START--
INFO: [ template_filter ] --START--
INFO: Run Behavior\ContentReplaceBehavior [ RunTime:0.000154s ]
INFO: [ template_filter ] --END-- [ RunTime:0.000273s ]
NOTIC: [8] Undefined variable: contract_list G:\wamp2\www\lewo\lewo\Runtime\Cache\Home\95f8fa7799ce7c882b122acafdcacc2f.php 第 104 行.
INFO: Run Behavior\ParseTemplateBehavior [ RunTime:0.019416s ]
INFO: [ view_parse ] --END-- [ RunTime:0.019537s ]
INFO: [ view_filter ] --START--
INFO: Run Behavior\WriteHtmlCacheBehavior [ RunTime:0.000543s ]
INFO: [ view_filter ] --END-- [ RunTime:0.000651s ]
INFO: [ app_end ] --START--
INFO: Run Behavior\ShowPageTraceBehavior [ RunTime:0.001825s ]
INFO: [ app_end ] --END-- [ RunTime:0.001961s ]

[ 2016-11-30T15:09:39+08:00 ] 127.0.0.1 /index.php/Home/Tenant/index.html
INFO: [ app_init ] --START--
INFO: Run Behavior\BuildLiteBehavior [ RunTime:0.000031s ]
INFO: [ app_init ] --END-- [ RunTime:0.000939s ]
INFO: [ app_begin ] --START--
INFO: Run Behavior\ReadHtmlCacheBehavior [ RunTime:0.001239s ]
INFO: [ app_begin ] --END-- [ RunTime:0.001412s ]
SQL: SHOW COLUMNS FROM `lewo_account` [ RunTime:0.0060s ]
SQL: SELECT `id`,`mobile`,`email`,`sex`,`tag`,`birthday`,`register_time`,`avatar`,`address`,`zipcode`,`card_no`,`balance`,`realname`,`contact2` FROM `lewo_account` WHERE `id` = 2305 LIMIT 1   [ RunTime:0.0006s ]
SQL: SHOW COLUMNS FROM `lewo_room` [ RunTime:0.0066s ]
SQL: SELECT * FROM `lewo_room` WHERE `account_id` = 2305 AND `status` = 2 LIMIT 1   [ RunTime:0.0010s ]
SQL: SHOW COLUMNS FROM `lewo_houses` [ RunTime:0.0066s ]
SQL: SELECT * FROM `lewo_houses` INNER JOIN lewo_area ON lewo_houses.area_id = lewo_area.id  WHERE `house_code` = 'CQ00012' LIMIT 1   [ RunTime:0.0014s ]
SQL: SHOW COLUMNS FROM `lewo_back_bill` [ RunTime:0.0055s ]
SQL: SELECT * FROM `lewo_back_bill` WHERE `account_id` = 2305 AND `is_affirm` = 2  [ RunTime:0.0004s ]
SQL: SELECT * FROM `lewo_back_bill` WHERE `is_finish` = 0 AND `is_affirm` = 0 AND `account_id` = 2305 LIMIT 1   [ RunTime:0.0004s ]
SQL: SHOW COLUMNS FROM `lewo_schedule` [ RunTime:0.0054s ]
SQL: SELECT `schedule_type` FROM `lewo_schedule` WHERE `id` = null LIMIT 1   [ RunTime:0.0004s ]
NOTIC: [8] Undefined index:  G:\wamp2\www\lewo\lewo\Home\Controller\TenantController.class.php 第 30 行.
SQL: SHOW COLUMNS FROM `lewo_pay` [ RunTime:0.0057s ]
NOTIC: [8] Undefined index: not_bill_type G:\wamp2\www\lewo\lewo\Home\Model\PayModel.class.php 第 50 行.
NOTIC: [8] Undefined index: bill_type G:\wamp2\www\lewo\lewo\Home\Model\PayModel.class.php 第 53 行.
SQL: SELECT a.realname,p.*,r.house_code FROM lewo_pay p INNER JOIN lewo_account a ON a.id=p.account_id INNER JOIN lewo_room r ON r.id=p.room_id  WHERE p.pay_status = 0 AND p.account_id = '2305' AND p.is_show = 1 AND p.is_send = 1 ORDER BY p.pay_status asc, p.input_year asc, p.input_month asc  [ RunTime:0.0103s ]
SQL: SHOW COLUMNS FROM `lewo_houses` [ RunTime:0.0059s ]
SQL: SHOW COLUMNS FROM `lewo_area` [ RunTime:0.0049s ]
NOTIC: [8] Undefined variable: contract_info G:\wamp2\www\lewo\lewo\Home\Controller\TenantController.class.php 第 52 行.
INFO: [ view_parse ] --START--
INFO: [ template_filter ] --START--
INFO: Run Behavior\ContentReplaceBehavior [ RunTime:0.000207s ]
INFO: [ template_filter ] --END-- [ RunTime:0.000330s ]
NOTIC: [8] Undefined variable: notpaylist G:\wamp2\www\lewo\lewo\Runtime\Cache\Home\94342478b032149fe2a23be8b17de853.php 第 216 行.
INFO: Run Behavior\ParseTemplateBehavior [ RunTime:0.029492s ]
INFO: [ view_parse ] --END-- [ RunTime:0.029604s ]
INFO: [ view_filter ] --START--
INFO: Run Behavior\WriteHtmlCacheBehavior [ RunTime:0.000618s ]
INFO: [ view_filter ] --END-- [ RunTime:0.000730s ]
INFO: [ app_end ] --START--
INFO: Run Behavior\ShowPageTraceBehavior [ RunTime:0.001328s ]
INFO: [ app_end ] --END-- [ RunTime:0.001470s ]

[ 2016-11-30T15:09:41+08:00 ] 127.0.0.1 /index.php/Home/Tenant/feelist.html
INFO: [ app_init ] --START--
INFO: Run Behavior\BuildLiteBehavior [ RunTime:0.000036s ]
INFO: [ app_init ] --END-- [ RunTime:0.000986s ]
INFO: [ app_begin ] --START--
INFO: Run Behavior\ReadHtmlCacheBehavior [ RunTime:0.001041s ]
INFO: [ app_begin ] --END-- [ RunTime:0.001212s ]
SQL: SHOW COLUMNS FROM `lewo_charge_bill` [ RunTime:0.0083s ]
SQL: SHOW COLUMNS FROM `lewo_pay` [ RunTime:0.0079s ]
NOTIC: [8] Undefined index: not_bill_type G:\wamp2\www\lewo\lewo\Home\Model\PayModel.class.php 第 50 行.
NOTIC: [8] Undefined index: pay_status G:\wamp2\www\lewo\lewo\Home\Model\PayModel.class.php 第 51 行.
NOTIC: [8] Undefined index: bill_type G:\wamp2\www\lewo\lewo\Home\Model\PayModel.class.php 第 53 行.
NOTIC: [8] Undefined index: order G:\wamp2\www\lewo\lewo\Home\Model\PayModel.class.php 第 58 行.
NOTIC: [8] Undefined index: pay_status G:\wamp2\www\lewo\lewo\Home\Model\PayModel.class.php 第 66 行.
SQL: SELECT a.realname,p.*,r.house_code FROM lewo_pay p INNER JOIN lewo_account a ON a.id=p.account_id INNER JOIN lewo_room r ON r.id=p.room_id  WHERE p.account_id = '2305' AND p.is_show = 1 AND p.is_send = 1 ORDER BY p.pay_status asc,p.input_year desc,p.input_month desc  [ RunTime:0.0122s ]
SQL: SHOW COLUMNS FROM `lewo_houses` [ RunTime:0.0084s ]
SQL: SHOW COLUMNS FROM `lewo_area` [ RunTime:0.0066s ]
SQL: SELECT `area_id` FROM `lewo_houses` WHERE `house_code` = 'CQ00012' LIMIT 1   [ RunTime:0.0007s ]
SQL: SELECT `city_id` FROM `lewo_area` WHERE `id` = 11 LIMIT 1   [ RunTime:0.0005s ]
SQL: SELECT `area_id` FROM `lewo_houses` WHERE `house_code` = 'CQ00012' LIMIT 1   [ RunTime:0.0006s ]
SQL: SELECT `city_id` FROM `lewo_area` WHERE `id` = 11 LIMIT 1   [ RunTime:0.0005s ]
SQL: SELECT `area_id` FROM `lewo_houses` WHERE `house_code` = 'CQ00012' LIMIT 1   [ RunTime:0.0006s ]
SQL: SELECT `city_id` FROM `lewo_area` WHERE `id` = 11 LIMIT 1   [ RunTime:0.0005s ]
INFO: [ view_parse ] --START--
INFO: [ template_filter ] --START--
INFO: Run Behavior\ContentReplaceBehavior [ RunTime:0.000202s ]
INFO: [ template_filter ] --END-- [ RunTime:0.000366s ]
NOTIC: [8] Undefined variable: contract_list G:\wamp2\www\lewo\lewo\Runtime\Cache\Home\95f8fa7799ce7c882b122acafdcacc2f.php 第 104 行.
INFO: Run Behavior\ParseTemplateBehavior [ RunTime:0.026139s ]
INFO: [ view_parse ] --END-- [ RunTime:0.026304s ]
INFO: [ view_filter ] --START--
INFO: Run Behavior\WriteHtmlCacheBehavior [ RunTime:0.000638s ]
INFO: [ view_filter ] --END-- [ RunTime:0.000783s ]
INFO: [ app_end ] --START--
INFO: Run Behavior\ShowPageTraceBehavior [ RunTime:0.001156s ]
INFO: [ app_end ] --END-- [ RunTime:0.001312s ]

