[ 2016-11-17T01:15:43+08:00 ] 127.0.0.1 /
INFO: [ app_init ] --START--
INFO: Run Behavior\BuildLiteBehavior [ RunTime:0.000038s ]
INFO: [ app_init ] --END-- [ RunTime:0.000766s ]
INFO: [ app_begin ] --START--
INFO: Run Behavior\ReadHtmlCacheBehavior [ RunTime:0.001035s ]
INFO: [ app_begin ] --END-- [ RunTime:0.001165s ]
INFO: [ view_parse ] --START--
INFO: [ template_filter ] --START--
INFO: Run Behavior\ContentReplaceBehavior [ RunTime:0.000136s ]
INFO: [ template_filter ] --END-- [ RunTime:0.000316s ]
INFO: Run Behavior\ParseTemplateBehavior [ RunTime:0.010548s ]
INFO: [ view_parse ] --END-- [ RunTime:0.010700s ]
INFO: [ view_filter ] --START--
INFO: Run Behavior\WriteHtmlCacheBehavior [ RunTime:0.000582s ]
INFO: [ view_filter ] --END-- [ RunTime:0.000689s ]

[ 2016-11-17T01:15:54+08:00 ] 127.0.0.1 /index.php/Home/Tenant/login.html
INFO: [ app_init ] --START--
INFO: Run Behavior\BuildLiteBehavior [ RunTime:0.000030s ]
INFO: [ app_init ] --END-- [ RunTime:0.000692s ]
INFO: [ app_begin ] --START--
INFO: Run Behavior\ReadHtmlCacheBehavior [ RunTime:0.001819s ]
INFO: [ app_begin ] --END-- [ RunTime:0.002009s ]
SQL: SHOW COLUMNS FROM `lewo_account` [ RunTime:0.0066s ]
SQL: SELECT * FROM `lewo_account` WHERE `mobile` = '15692429755' AND `password` = 'e10adc3949ba59abbe56e057f20f883e' LIMIT 1   [ RunTime:0.0018s ]
SQL: UPDATE `lewo_account` SET `login_time`='2016-11-17 01:15:54' WHERE `mobile` = '15692429755' AND `password` = 'e10adc3949ba59abbe56e057f20f883e' [ RunTime:0.0113s ]
INFO: [ view_parse ] --START--
INFO: [ template_filter ] --START--
INFO: Run Behavior\ContentReplaceBehavior [ RunTime:0.000084s ]
INFO: [ template_filter ] --END-- [ RunTime:0.000197s ]
INFO: Run Behavior\ParseTemplateBehavior [ RunTime:0.009158s ]
INFO: [ view_parse ] --END-- [ RunTime:0.009310s ]
INFO: [ view_filter ] --START--
INFO: Run Behavior\WriteHtmlCacheBehavior [ RunTime:0.000697s ]
INFO: [ view_filter ] --END-- [ RunTime:0.000853s ]

[ 2016-11-17T01:15:55+08:00 ] 127.0.0.1 /index.php/Home/Tenant/index.html
INFO: [ app_init ] --START--
INFO: Run Behavior\BuildLiteBehavior [ RunTime:0.000028s ]
INFO: [ app_init ] --END-- [ RunTime:0.000649s ]
INFO: [ app_begin ] --START--
INFO: Run Behavior\ReadHtmlCacheBehavior [ RunTime:0.000826s ]
INFO: [ app_begin ] --END-- [ RunTime:0.000957s ]
SQL: SHOW COLUMNS FROM `lewo_account` [ RunTime:0.0109s ]
SQL: SELECT `id`,`mobile`,`email`,`sex`,`tag`,`birthday`,`register_time`,`avatar`,`address`,`zipcode`,`card_no`,`balance`,`realname`,`contact2` FROM `lewo_account` WHERE `id` = 2067 LIMIT 1   [ RunTime:0.0012s ]
SQL: SHOW COLUMNS FROM `lewo_room` [ RunTime:0.0091s ]
SQL: SELECT * FROM `lewo_room` WHERE `account_id` = 2067 AND `status` = 2 LIMIT 1   [ RunTime:0.0017s ]
SQL: SHOW COLUMNS FROM `lewo_houses` [ RunTime:0.0080s ]
SQL: SELECT * FROM `lewo_houses` INNER JOIN lewo_area ON lewo_houses.area_id = lewo_area.id  WHERE `house_code` = '测试A' LIMIT 1   [ RunTime:0.0007s ]
SQL: SHOW COLUMNS FROM `lewo_back_bill` [ RunTime:0.0048s ]
SQL: SELECT * FROM `lewo_back_bill` WHERE `account_id` = 2067 AND `is_affirm` = 2  [ RunTime:0.0004s ]
SQL: SELECT * FROM `lewo_back_bill` WHERE `is_finish` = 0 AND `is_affirm` = 0 AND `account_id` = 2067 LIMIT 1   [ RunTime:0.0004s ]
SQL: SHOW COLUMNS FROM `lewo_schedule` [ RunTime:0.0055s ]
SQL: SELECT `schedule_type` FROM `lewo_schedule` WHERE `id` = null LIMIT 1   [ RunTime:0.0004s ]
NOTIC: [8] Undefined index:  G:\wamp2\www\lewo\lewo\Home\Controller\TenantController.class.php 第 31 行.
SQL: SHOW COLUMNS FROM `lewo_charge_bill` [ RunTime:0.0065s ]
NOTIC: [2] Missing argument 3 for Home\Model\ChargeBillModel::getBillByAcId(), called in G:\wamp2\www\lewo\lewo\Home\Controller\TenantController.class.php on line 35 and defined G:\wamp2\www\lewo\lewo\Home\Model\ChargeBillModel.class.php 第 93 行.
NOTIC: [8] Undefined variable: bill_type G:\wamp2\www\lewo\lewo\Home\Model\ChargeBillModel.class.php 第 95 行.
SQL: SHOW COLUMNS FROM `lewo_pay` [ RunTime:0.0071s ]
SQL: SELECT cb.*,p.*,a.realname FROM lewo_pay p left JOIN lewo_charge_bill cb ON p.pro_id=cb.pro_id left JOIN lewo_account a ON p.account_id=a.id  WHERE p.pay_status = 0 AND p.account_id = '2067' AND p.is_show = 1 AND cb.is_send = 1 ORDER BY p.input_year desc,p.input_month desc  [ RunTime:0.0066s ]
SQL: SHOW COLUMNS FROM `lewo_houses` [ RunTime:0.0058s ]
SQL: SHOW COLUMNS FROM `lewo_area` [ RunTime:0.0048s ]
NOTIC: [2048] Declaration of Home\Model\ContractModel::add() should be compatible with Think\Model::add($data = '', $options = Array, $replace = false) G:\wamp2\www\lewo\lewo\Home\Model\ContractModel.class.php 第 149 行.
SQL: SHOW COLUMNS FROM `lewo_contract` [ RunTime:0.0069s ]
SQL: SELECT c.*,p.* FROM lewo_pay p INNER JOIN lewo_contract c ON p.pro_id=c.pro_id  WHERE p.account_id = '2067' AND p.bill_type = 2 AND p.pay_status = 0 AND `is_show` = 1 ORDER BY p.id desc LIMIT 1   [ RunTime:0.0219s ]
SQL: SHOW COLUMNS FROM `lewo_room` [ RunTime:0.0078s ]
SQL: SHOW COLUMNS FROM `lewo_account` [ RunTime:0.0092s ]
SQL: SHOW COLUMNS FROM `lewo_pay` [ RunTime:0.0071s ]
SQL: SELECT a.realname,p.*,r.house_code FROM lewo_pay p INNER JOIN lewo_account a ON a.id=p.account_id INNER JOIN lewo_room r ON r.id=p.room_id  WHERE p.account_id = '2067' AND p.bill_type = 1 AND p.pay_status = 0  [ RunTime:0.0101s ]
INFO: [ view_parse ] --START--
INFO: [ template_filter ] --START--
INFO: Run Behavior\ContentReplaceBehavior [ RunTime:0.000270s ]
INFO: [ template_filter ] --END-- [ RunTime:0.000442s ]
INFO: Run Behavior\ParseTemplateBehavior [ RunTime:0.037566s ]
INFO: [ view_parse ] --END-- [ RunTime:0.037737s ]
INFO: [ view_filter ] --START--
INFO: Run Behavior\WriteHtmlCacheBehavior [ RunTime:0.000686s ]
INFO: [ view_filter ] --END-- [ RunTime:0.000841s ]
INFO: [ app_end ] --START--
INFO: Run Behavior\ShowPageTraceBehavior [ RunTime:0.001422s ]
INFO: [ app_end ] --END-- [ RunTime:0.001589s ]

[ 2016-11-17T01:15:55+08:00 ] 127.0.0.1 /index.php/Home/Tenant/index.html
INFO: [ app_init ] --START--
INFO: Run Behavior\BuildLiteBehavior [ RunTime:0.000043s ]
INFO: [ app_init ] --END-- [ RunTime:0.001325s ]
INFO: [ app_begin ] --START--
INFO: Run Behavior\ReadHtmlCacheBehavior [ RunTime:0.001274s ]
INFO: [ app_begin ] --END-- [ RunTime:0.001445s ]
SQL: SHOW COLUMNS FROM `lewo_account` [ RunTime:0.0086s ]
SQL: SELECT `id`,`mobile`,`email`,`sex`,`tag`,`birthday`,`register_time`,`avatar`,`address`,`zipcode`,`card_no`,`balance`,`realname`,`contact2` FROM `lewo_account` WHERE `id` = 2067 LIMIT 1   [ RunTime:0.0007s ]
SQL: SHOW COLUMNS FROM `lewo_room` [ RunTime:0.0076s ]
SQL: SELECT * FROM `lewo_room` WHERE `account_id` = 2067 AND `status` = 2 LIMIT 1   [ RunTime:0.0016s ]
SQL: SHOW COLUMNS FROM `lewo_houses` [ RunTime:0.0066s ]
SQL: SELECT * FROM `lewo_houses` INNER JOIN lewo_area ON lewo_houses.area_id = lewo_area.id  WHERE `house_code` = '测试A' LIMIT 1   [ RunTime:0.0009s ]
SQL: SHOW COLUMNS FROM `lewo_back_bill` [ RunTime:0.0062s ]
SQL: SELECT * FROM `lewo_back_bill` WHERE `account_id` = 2067 AND `is_affirm` = 2  [ RunTime:0.0005s ]
SQL: SELECT * FROM `lewo_back_bill` WHERE `is_finish` = 0 AND `is_affirm` = 0 AND `account_id` = 2067 LIMIT 1   [ RunTime:0.0005s ]
SQL: SHOW COLUMNS FROM `lewo_schedule` [ RunTime:0.0065s ]
SQL: SELECT `schedule_type` FROM `lewo_schedule` WHERE `id` = null LIMIT 1   [ RunTime:0.0006s ]
NOTIC: [8] Undefined index:  G:\wamp2\www\lewo\lewo\Home\Controller\TenantController.class.php 第 31 行.
SQL: SHOW COLUMNS FROM `lewo_charge_bill` [ RunTime:0.0075s ]
NOTIC: [2] Missing argument 3 for Home\Model\ChargeBillModel::getBillByAcId(), called in G:\wamp2\www\lewo\lewo\Home\Controller\TenantController.class.php on line 35 and defined G:\wamp2\www\lewo\lewo\Home\Model\ChargeBillModel.class.php 第 93 行.
NOTIC: [8] Undefined variable: bill_type G:\wamp2\www\lewo\lewo\Home\Model\ChargeBillModel.class.php 第 95 行.
SQL: SHOW COLUMNS FROM `lewo_pay` [ RunTime:0.0070s ]
SQL: SELECT cb.*,p.*,a.realname FROM lewo_pay p left JOIN lewo_charge_bill cb ON p.pro_id=cb.pro_id left JOIN lewo_account a ON p.account_id=a.id  WHERE p.pay_status = 0 AND p.account_id = '2067' AND p.is_show = 1 AND cb.is_send = 1 ORDER BY p.input_year desc,p.input_month desc  [ RunTime:0.0085s ]
SQL: SHOW COLUMNS FROM `lewo_houses` [ RunTime:0.0062s ]
SQL: SHOW COLUMNS FROM `lewo_area` [ RunTime:0.0066s ]
NOTIC: [2048] Declaration of Home\Model\ContractModel::add() should be compatible with Think\Model::add($data = '', $options = Array, $replace = false) G:\wamp2\www\lewo\lewo\Home\Model\ContractModel.class.php 第 149 行.
SQL: SHOW COLUMNS FROM `lewo_contract` [ RunTime:0.0072s ]
SQL: SELECT c.*,p.* FROM lewo_pay p INNER JOIN lewo_contract c ON p.pro_id=c.pro_id  WHERE p.account_id = '2067' AND p.bill_type = 2 AND p.pay_status = 0 AND `is_show` = 1 ORDER BY p.id desc LIMIT 1   [ RunTime:0.0304s ]
SQL: SHOW COLUMNS FROM `lewo_room` [ RunTime:0.0080s ]
SQL: SHOW COLUMNS FROM `lewo_account` [ RunTime:0.0067s ]
SQL: SHOW COLUMNS FROM `lewo_pay` [ RunTime:0.0093s ]
SQL: SELECT a.realname,p.*,r.house_code FROM lewo_pay p INNER JOIN lewo_account a ON a.id=p.account_id INNER JOIN lewo_room r ON r.id=p.room_id  WHERE p.account_id = '2067' AND p.bill_type = 1 AND p.pay_status = 0  [ RunTime:0.0085s ]
INFO: [ view_parse ] --START--
INFO: [ template_filter ] --START--
INFO: Run Behavior\ContentReplaceBehavior [ RunTime:0.000262s ]
INFO: [ template_filter ] --END-- [ RunTime:0.000421s ]
INFO: Run Behavior\ParseTemplateBehavior [ RunTime:0.033806s ]
INFO: [ view_parse ] --END-- [ RunTime:0.033958s ]
INFO: [ view_filter ] --START--
INFO: Run Behavior\WriteHtmlCacheBehavior [ RunTime:0.001234s ]
INFO: [ view_filter ] --END-- [ RunTime:0.001366s ]
INFO: [ app_end ] --START--
INFO: Run Behavior\ShowPageTraceBehavior [ RunTime:0.001244s ]
INFO: [ app_end ] --END-- [ RunTime:0.001375s ]

[ 2016-11-17T10:40:55+08:00 ] 127.0.0.1 /
INFO: [ app_init ] --START--
INFO: Run Behavior\BuildLiteBehavior [ RunTime:0.000030s ]
INFO: [ app_init ] --END-- [ RunTime:0.003280s ]
INFO: [ app_begin ] --START--
INFO: Run Behavior\ReadHtmlCacheBehavior [ RunTime:0.001812s ]
INFO: [ app_begin ] --END-- [ RunTime:0.001942s ]
INFO: [ view_parse ] --START--
INFO: [ template_filter ] --START--
INFO: Run Behavior\ContentReplaceBehavior [ RunTime:0.000480s ]
INFO: [ template_filter ] --END-- [ RunTime:0.000701s ]
INFO: Run Behavior\ParseTemplateBehavior [ RunTime:0.064632s ]
INFO: [ view_parse ] --END-- [ RunTime:0.064778s ]
INFO: [ view_filter ] --START--
INFO: Run Behavior\WriteHtmlCacheBehavior [ RunTime:0.026156s ]
INFO: [ view_filter ] --END-- [ RunTime:0.026286s ]

[ 2016-11-17T14:01:34+08:00 ] 127.0.0.1 /
INFO: [ app_init ] --START--
INFO: Run Behavior\BuildLiteBehavior [ RunTime:0.000028s ]
INFO: [ app_init ] --END-- [ RunTime:0.003234s ]
INFO: [ app_begin ] --START--
INFO: Run Behavior\ReadHtmlCacheBehavior [ RunTime:0.002113s ]
INFO: [ app_begin ] --END-- [ RunTime:0.002292s ]
INFO: [ view_parse ] --START--
INFO: [ template_filter ] --START--
INFO: Run Behavior\ContentReplaceBehavior [ RunTime:0.001830s ]
INFO: [ template_filter ] --END-- [ RunTime:0.001961s ]
INFO: Run Behavior\ParseTemplateBehavior [ RunTime:0.064126s ]
INFO: [ view_parse ] --END-- [ RunTime:0.064282s ]
INFO: [ view_filter ] --START--
INFO: Run Behavior\WriteHtmlCacheBehavior [ RunTime:0.025526s ]
INFO: [ view_filter ] --END-- [ RunTime:0.025661s ]

[ 2016-11-17T14:24:41+08:00 ] 127.0.0.1 /
INFO: [ app_init ] --START--
INFO: Run Behavior\BuildLiteBehavior [ RunTime:0.000030s ]
INFO: [ app_init ] --END-- [ RunTime:0.000841s ]
INFO: [ app_begin ] --START--
INFO: Run Behavior\ReadHtmlCacheBehavior [ RunTime:0.000900s ]
INFO: [ app_begin ] --END-- [ RunTime:0.001025s ]
INFO: [ view_parse ] --START--
INFO: [ template_filter ] --START--
INFO: Run Behavior\ContentReplaceBehavior [ RunTime:0.000095s ]
INFO: [ template_filter ] --END-- [ RunTime:0.000212s ]
INFO: Run Behavior\ParseTemplateBehavior [ RunTime:0.008983s ]
INFO: [ view_parse ] --END-- [ RunTime:0.009107s ]
INFO: [ view_filter ] --START--
INFO: Run Behavior\WriteHtmlCacheBehavior [ RunTime:0.000525s ]
INFO: [ view_filter ] --END-- [ RunTime:0.000648s ]

[ 2016-11-17T14:24:50+08:00 ] 127.0.0.1 /index.php/Home/Tenant/login.html
INFO: [ app_init ] --START--
INFO: Run Behavior\BuildLiteBehavior [ RunTime:0.000034s ]
INFO: [ app_init ] --END-- [ RunTime:0.000644s ]
INFO: [ app_begin ] --START--
INFO: Run Behavior\ReadHtmlCacheBehavior [ RunTime:0.000763s ]
INFO: [ app_begin ] --END-- [ RunTime:0.000889s ]
SQL: SHOW COLUMNS FROM `lewo_account` [ RunTime:0.0056s ]
SQL: SELECT * FROM `lewo_account` WHERE `mobile` = 'admin' AND `password` = '7011211e1592352456f07c5d07412e96' LIMIT 1   [ RunTime:0.0018s ]
SQL: UPDATE `lewo_account` SET `login_time`='2016-11-17 14:24:50' WHERE `mobile` = 'admin' AND `password` = '7011211e1592352456f07c5d07412e96' [ RunTime:0.0120s ]
INFO: [ view_parse ] --START--
INFO: [ template_filter ] --START--
INFO: Run Behavior\ContentReplaceBehavior [ RunTime:0.000084s ]
INFO: [ template_filter ] --END-- [ RunTime:0.000198s ]
INFO: Run Behavior\ParseTemplateBehavior [ RunTime:0.078506s ]
INFO: [ view_parse ] --END-- [ RunTime:0.078657s ]
INFO: [ view_filter ] --START--
INFO: Run Behavior\WriteHtmlCacheBehavior [ RunTime:0.000696s ]
INFO: [ view_filter ] --END-- [ RunTime:0.000965s ]

[ 2016-11-17T14:25:25+08:00 ] 127.0.0.1 /
INFO: [ app_init ] --START--
INFO: Run Behavior\BuildLiteBehavior [ RunTime:0.000037s ]
INFO: [ app_init ] --END-- [ RunTime:0.001064s ]
INFO: [ app_begin ] --START--
INFO: Run Behavior\ReadHtmlCacheBehavior [ RunTime:0.001402s ]
INFO: [ app_begin ] --END-- [ RunTime:0.001677s ]
INFO: [ view_parse ] --START--
INFO: [ template_filter ] --START--
INFO: Run Behavior\ContentReplaceBehavior [ RunTime:0.000125s ]
INFO: [ template_filter ] --END-- [ RunTime:0.000299s ]
INFO: Run Behavior\ParseTemplateBehavior [ RunTime:0.013460s ]
INFO: [ view_parse ] --END-- [ RunTime:0.013632s ]
INFO: [ view_filter ] --START--
INFO: Run Behavior\WriteHtmlCacheBehavior [ RunTime:0.000824s ]
INFO: [ view_filter ] --END-- [ RunTime:0.000968s ]

[ 2016-11-17T14:25:26+08:00 ] 127.0.0.1 /index.php/Home/Tenant/login.html
INFO: [ app_init ] --START--
INFO: Run Behavior\BuildLiteBehavior [ RunTime:0.000031s ]
INFO: [ app_init ] --END-- [ RunTime:0.000864s ]
INFO: [ app_begin ] --START--
INFO: Run Behavior\ReadHtmlCacheBehavior [ RunTime:0.000798s ]
INFO: [ app_begin ] --END-- [ RunTime:0.000926s ]
SQL: SHOW COLUMNS FROM `lewo_account` [ RunTime:0.0079s ]
SQL: SELECT * FROM `lewo_account` WHERE `mobile` = 'admin' AND `password` = '7011211e1592352456f07c5d07412e96' LIMIT 1   [ RunTime:0.0019s ]
SQL: UPDATE `lewo_account` SET `login_time`='2016-11-17 14:25:26' WHERE `mobile` = 'admin' AND `password` = '7011211e1592352456f07c5d07412e96' [ RunTime:0.0105s ]
INFO: [ view_parse ] --START--
INFO: [ template_filter ] --START--
INFO: Run Behavior\ContentReplaceBehavior [ RunTime:0.000102s ]
INFO: [ template_filter ] --END-- [ RunTime:0.000251s ]
INFO: Run Behavior\ParseTemplateBehavior [ RunTime:0.009925s ]
INFO: [ view_parse ] --END-- [ RunTime:0.010067s ]
INFO: [ view_filter ] --START--
INFO: Run Behavior\WriteHtmlCacheBehavior [ RunTime:0.001118s ]
INFO: [ view_filter ] --END-- [ RunTime:0.001321s ]

[ 2016-11-17T14:25:35+08:00 ] 127.0.0.1 /index.php/Home/Tenant/login.html
INFO: [ app_init ] --START--
INFO: Run Behavior\BuildLiteBehavior [ RunTime:0.000050s ]
INFO: [ app_init ] --END-- [ RunTime:0.000904s ]
INFO: [ app_begin ] --START--
INFO: Run Behavior\ReadHtmlCacheBehavior [ RunTime:0.001561s ]
INFO: [ app_begin ] --END-- [ RunTime:0.001725s ]
SQL: SHOW COLUMNS FROM `lewo_account` [ RunTime:0.0065s ]
SQL: SELECT * FROM `lewo_account` WHERE `mobile` = '13751507973' AND `password` = '6b1c5f2dfc828405850929e845df7963' LIMIT 1   [ RunTime:0.0019s ]
SQL: UPDATE `lewo_account` SET `login_time`='2016-11-17 14:25:35' WHERE `mobile` = '13751507973' AND `password` = '6b1c5f2dfc828405850929e845df7963' [ RunTime:0.0109s ]
INFO: [ view_parse ] --START--
INFO: [ template_filter ] --START--
INFO: Run Behavior\ContentReplaceBehavior [ RunTime:0.000084s ]
INFO: [ template_filter ] --END-- [ RunTime:0.000193s ]
INFO: Run Behavior\ParseTemplateBehavior [ RunTime:0.009048s ]
INFO: [ view_parse ] --END-- [ RunTime:0.009172s ]
INFO: [ view_filter ] --START--
INFO: Run Behavior\WriteHtmlCacheBehavior [ RunTime:0.000509s ]
INFO: [ view_filter ] --END-- [ RunTime:0.000611s ]

[ 2016-11-17T14:25:37+08:00 ] 127.0.0.1 /index.php/Home/Tenant/login.html
INFO: [ app_init ] --START--
INFO: Run Behavior\BuildLiteBehavior [ RunTime:0.000025s ]
INFO: [ app_init ] --END-- [ RunTime:0.000593s ]
INFO: [ app_begin ] --START--
INFO: Run Behavior\ReadHtmlCacheBehavior [ RunTime:0.001180s ]
INFO: [ app_begin ] --END-- [ RunTime:0.001346s ]
SQL: SHOW COLUMNS FROM `lewo_account` [ RunTime:0.0059s ]
SQL: SELECT * FROM `lewo_account` WHERE `mobile` = '13751507973' AND `password` = 'e10adc3949ba59abbe56e057f20f883e' LIMIT 1   [ RunTime:0.0008s ]
SQL: UPDATE `lewo_account` SET `login_time`='2016-11-17 14:25:37' WHERE `mobile` = '13751507973' AND `password` = 'e10adc3949ba59abbe56e057f20f883e' [ RunTime:0.0115s ]

[ 2016-11-17T14:25:38+08:00 ] 127.0.0.1 /index.php/Home/Tenant/index.html
INFO: [ app_init ] --START--
INFO: Run Behavior\BuildLiteBehavior [ RunTime:0.000026s ]
INFO: [ app_init ] --END-- [ RunTime:0.000607s ]
INFO: [ app_begin ] --START--
INFO: Run Behavior\ReadHtmlCacheBehavior [ RunTime:0.000798s ]
INFO: [ app_begin ] --END-- [ RunTime:0.000941s ]
SQL: SHOW COLUMNS FROM `lewo_account` [ RunTime:0.0054s ]
SQL: SELECT `id`,`mobile`,`email`,`sex`,`tag`,`birthday`,`register_time`,`avatar`,`address`,`zipcode`,`card_no`,`balance`,`realname`,`contact2` FROM `lewo_account` WHERE `id` = 27 LIMIT 1   [ RunTime:0.0008s ]
SQL: SHOW COLUMNS FROM `lewo_room` [ RunTime:0.0065s ]
SQL: SELECT * FROM `lewo_room` WHERE `account_id` = 27 AND `status` = 2 LIMIT 1   [ RunTime:0.0014s ]
SQL: SHOW COLUMNS FROM `lewo_houses` [ RunTime:0.0054s ]
SQL: SELECT * FROM `lewo_houses` INNER JOIN lewo_area ON lewo_houses.area_id = lewo_area.id  WHERE `house_code` = 'CQ00049' LIMIT 1   [ RunTime:0.0008s ]
SQL: SHOW COLUMNS FROM `lewo_back_bill` [ RunTime:0.0048s ]
SQL: SELECT * FROM `lewo_back_bill` WHERE `account_id` = 27 AND `is_affirm` = 2  [ RunTime:0.0004s ]
SQL: SELECT * FROM `lewo_back_bill` WHERE `is_finish` = 0 AND `is_affirm` = 0 AND `account_id` = 27 LIMIT 1   [ RunTime:0.0004s ]
SQL: SHOW COLUMNS FROM `lewo_schedule` [ RunTime:0.0065s ]
SQL: SELECT `schedule_type` FROM `lewo_schedule` WHERE `id` = null LIMIT 1   [ RunTime:0.0003s ]
NOTIC: [8] Undefined index:  G:\wamp2\www\lewo\lewo\Home\Controller\TenantController.class.php 第 31 行.
SQL: SHOW COLUMNS FROM `lewo_charge_bill` [ RunTime:0.0064s ]
NOTIC: [2] Missing argument 3 for Home\Model\ChargeBillModel::getBillByAcId(), called in G:\wamp2\www\lewo\lewo\Home\Controller\TenantController.class.php on line 35 and defined G:\wamp2\www\lewo\lewo\Home\Model\ChargeBillModel.class.php 第 93 行.
NOTIC: [8] Undefined variable: bill_type G:\wamp2\www\lewo\lewo\Home\Model\ChargeBillModel.class.php 第 95 行.
SQL: SHOW COLUMNS FROM `lewo_pay` [ RunTime:0.0053s ]
SQL: SELECT cb.*,p.*,a.realname FROM lewo_pay p left JOIN lewo_charge_bill cb ON p.pro_id=cb.pro_id left JOIN lewo_account a ON p.account_id=a.id  WHERE p.pay_status = 0 AND p.account_id = '27' AND p.is_show = 1 AND cb.is_send = 1 ORDER BY p.input_year desc,p.input_month desc  [ RunTime:0.0066s ]
SQL: SHOW COLUMNS FROM `lewo_houses` [ RunTime:0.0052s ]
SQL: SHOW COLUMNS FROM `lewo_area` [ RunTime:0.0047s ]
NOTIC: [2048] Declaration of Home\Model\ContractModel::add() should be compatible with Think\Model::add($data = '', $options = Array, $replace = false) G:\wamp2\www\lewo\lewo\Home\Model\ContractModel.class.php 第 149 行.
SQL: SHOW COLUMNS FROM `lewo_contract` [ RunTime:0.0056s ]
SQL: SELECT c.*,p.* FROM lewo_pay p INNER JOIN lewo_contract c ON p.pro_id=c.pro_id  WHERE p.account_id = '27' AND p.bill_type = 2 AND p.pay_status = 0 AND `is_show` = 1 ORDER BY p.id desc LIMIT 1   [ RunTime:0.0274s ]
SQL: SHOW COLUMNS FROM `lewo_room` [ RunTime:0.0051s ]
SQL: SHOW COLUMNS FROM `lewo_account` [ RunTime:0.0052s ]
SQL: SHOW COLUMNS FROM `lewo_pay` [ RunTime:0.0059s ]
SQL: SELECT a.realname,p.*,r.house_code FROM lewo_pay p INNER JOIN lewo_account a ON a.id=p.account_id INNER JOIN lewo_room r ON r.id=p.room_id  WHERE p.account_id = '27' AND p.bill_type = 1 AND p.pay_status = 0  [ RunTime:0.0053s ]
INFO: [ view_parse ] --START--
INFO: [ template_filter ] --START--
INFO: Run Behavior\ContentReplaceBehavior [ RunTime:0.000194s ]
INFO: [ template_filter ] --END-- [ RunTime:0.000306s ]
INFO: Run Behavior\ParseTemplateBehavior [ RunTime:0.041388s ]
INFO: [ view_parse ] --END-- [ RunTime:0.041562s ]
INFO: [ view_filter ] --START--
INFO: Run Behavior\WriteHtmlCacheBehavior [ RunTime:0.000733s ]
INFO: [ view_filter ] --END-- [ RunTime:0.000866s ]
INFO: [ app_end ] --START--
INFO: Run Behavior\ShowPageTraceBehavior [ RunTime:0.000939s ]
INFO: [ app_end ] --END-- [ RunTime:0.001051s ]

[ 2016-11-17T15:20:07+08:00 ] 127.0.0.1 /
INFO: [ app_init ] --START--
INFO: Run Behavior\BuildLiteBehavior [ RunTime:0.000048s ]
INFO: [ app_init ] --END-- [ RunTime:0.001418s ]
INFO: [ app_begin ] --START--
INFO: Run Behavior\ReadHtmlCacheBehavior [ RunTime:0.001251s ]
INFO: [ app_begin ] --END-- [ RunTime:0.001427s ]
SQL: SHOW COLUMNS FROM `lewo_account` [ RunTime:0.0083s ]
SQL: SELECT `id`,`mobile`,`email`,`sex`,`tag`,`birthday`,`register_time`,`avatar`,`address`,`zipcode`,`card_no`,`balance`,`realname`,`contact2` FROM `lewo_account` WHERE `id` = 27 LIMIT 1   [ RunTime:0.0008s ]
SQL: SHOW COLUMNS FROM `lewo_room` [ RunTime:0.0075s ]
SQL: SELECT * FROM `lewo_room` WHERE `account_id` = 27 AND `status` = 2 LIMIT 1   [ RunTime:0.0022s ]
SQL: SHOW COLUMNS FROM `lewo_houses` [ RunTime:0.0097s ]
SQL: SELECT * FROM `lewo_houses` INNER JOIN lewo_area ON lewo_houses.area_id = lewo_area.id  WHERE `house_code` = 'CQ00049' LIMIT 1   [ RunTime:0.0019s ]
SQL: SHOW COLUMNS FROM `lewo_back_bill` [ RunTime:0.0056s ]
SQL: SELECT * FROM `lewo_back_bill` WHERE `account_id` = 27 AND `is_affirm` = 2  [ RunTime:0.0005s ]
SQL: SELECT * FROM `lewo_back_bill` WHERE `is_finish` = 0 AND `is_affirm` = 0 AND `account_id` = 27 LIMIT 1   [ RunTime:0.0004s ]
SQL: SHOW COLUMNS FROM `lewo_schedule` [ RunTime:0.0069s ]
SQL: SELECT `schedule_type` FROM `lewo_schedule` WHERE `id` = null LIMIT 1   [ RunTime:0.0007s ]
NOTIC: [8] Undefined index:  G:\wamp2\www\lewo\lewo\Home\Controller\TenantController.class.php 第 31 行.
SQL: SHOW COLUMNS FROM `lewo_charge_bill` [ RunTime:0.0072s ]
NOTIC: [2] Missing argument 3 for Home\Model\ChargeBillModel::getBillByAcId(), called in G:\wamp2\www\lewo\lewo\Home\Controller\TenantController.class.php on line 35 and defined G:\wamp2\www\lewo\lewo\Home\Model\ChargeBillModel.class.php 第 93 行.
NOTIC: [8] Undefined variable: bill_type G:\wamp2\www\lewo\lewo\Home\Model\ChargeBillModel.class.php 第 95 行.
SQL: SHOW COLUMNS FROM `lewo_pay` [ RunTime:0.0061s ]
SQL: SELECT cb.*,p.*,a.realname FROM lewo_pay p left JOIN lewo_charge_bill cb ON p.pro_id=cb.pro_id left JOIN lewo_account a ON p.account_id=a.id  WHERE p.pay_status = 0 AND p.account_id = '27' AND p.is_show = 1 AND cb.is_send = 1 ORDER BY p.input_year desc,p.input_month desc  [ RunTime:0.0072s ]
SQL: SHOW COLUMNS FROM `lewo_houses` [ RunTime:0.0057s ]
SQL: SHOW COLUMNS FROM `lewo_area` [ RunTime:0.0058s ]
NOTIC: [2048] Declaration of Home\Model\ContractModel::add() should be compatible with Think\Model::add($data = '', $options = Array, $replace = false) G:\wamp2\www\lewo\lewo\Home\Model\ContractModel.class.php 第 149 行.
SQL: SHOW COLUMNS FROM `lewo_contract` [ RunTime:0.0065s ]
SQL: SELECT c.*,p.* FROM lewo_pay p INNER JOIN lewo_contract c ON p.pro_id=c.pro_id  WHERE p.account_id = '27' AND p.bill_type = 2 AND p.pay_status = 0 AND `is_show` = 1 ORDER BY p.id desc LIMIT 1   [ RunTime:0.0243s ]
SQL: SHOW COLUMNS FROM `lewo_room` [ RunTime:0.0054s ]
SQL: SHOW COLUMNS FROM `lewo_account` [ RunTime:0.0074s ]
SQL: SHOW COLUMNS FROM `lewo_pay` [ RunTime:0.0071s ]
SQL: SELECT a.realname,p.*,r.house_code FROM lewo_pay p INNER JOIN lewo_account a ON a.id=p.account_id INNER JOIN lewo_room r ON r.id=p.room_id  WHERE p.account_id = '27' AND p.bill_type = 1 AND p.pay_status = 0  [ RunTime:0.0061s ]
INFO: [ view_parse ] --START--
INFO: [ template_filter ] --START--
INFO: Run Behavior\ContentReplaceBehavior [ RunTime:0.000197s ]
INFO: [ template_filter ] --END-- [ RunTime:0.000311s ]
INFO: Run Behavior\ParseTemplateBehavior [ RunTime:0.028879s ]
INFO: [ view_parse ] --END-- [ RunTime:0.029004s ]
INFO: [ view_filter ] --START--
INFO: Run Behavior\WriteHtmlCacheBehavior [ RunTime:0.000674s ]
INFO: [ view_filter ] --END-- [ RunTime:0.000793s ]
INFO: [ app_end ] --START--
INFO: Run Behavior\ShowPageTraceBehavior [ RunTime:0.001330s ]
INFO: [ app_end ] --END-- [ RunTime:0.001451s ]

[ 2016-11-17T15:20:10+08:00 ] 127.0.0.1 /index.php/Home/Tenant/myinfo.html
INFO: [ app_init ] --START--
INFO: Run Behavior\BuildLiteBehavior [ RunTime:0.000045s ]
INFO: [ app_init ] --END-- [ RunTime:0.001029s ]
INFO: [ app_begin ] --START--
INFO: Run Behavior\ReadHtmlCacheBehavior [ RunTime:0.001337s ]
INFO: [ app_begin ] --END-- [ RunTime:0.001539s ]
SQL: SHOW COLUMNS FROM `lewo_account` [ RunTime:0.0071s ]
SQL: SELECT `id`,`mobile`,`email`,`sex`,`tag`,`birthday`,`register_time`,`avatar`,`address`,`zipcode`,`card_no`,`balance`,`realname`,`contact2` FROM `lewo_account` WHERE `id` = 27 LIMIT 1   [ RunTime:0.0005s ]
INFO: [ view_parse ] --START--
INFO: [ template_filter ] --START--
INFO: Run Behavior\ContentReplaceBehavior [ RunTime:0.000133s ]
INFO: [ template_filter ] --END-- [ RunTime:0.000243s ]
INFO: Run Behavior\ParseTemplateBehavior [ RunTime:0.092938s ]
INFO: [ view_parse ] --END-- [ RunTime:0.093173s ]
INFO: [ view_filter ] --START--
INFO: Run Behavior\WriteHtmlCacheBehavior [ RunTime:0.000902s ]
INFO: [ view_filter ] --END-- [ RunTime:0.001105s ]
INFO: [ app_end ] --START--
INFO: Run Behavior\ShowPageTraceBehavior [ RunTime:0.000991s ]
INFO: [ app_end ] --END-- [ RunTime:0.001243s ]

[ 2016-11-17T15:20:12+08:00 ] 127.0.0.1 /index.php/Home/Tenant/login_out.html
INFO: [ app_init ] --START--
INFO: Run Behavior\BuildLiteBehavior [ RunTime:0.000052s ]
INFO: [ app_init ] --END-- [ RunTime:0.001113s ]
INFO: [ app_begin ] --START--
INFO: Run Behavior\ReadHtmlCacheBehavior [ RunTime:0.001013s ]
INFO: [ app_begin ] --END-- [ RunTime:0.001167s ]
INFO: [ view_parse ] --START--
INFO: [ template_filter ] --START--
INFO: Run Behavior\ContentReplaceBehavior [ RunTime:0.000106s ]
INFO: [ template_filter ] --END-- [ RunTime:0.000251s ]
INFO: Run Behavior\ParseTemplateBehavior [ RunTime:0.012730s ]
INFO: [ view_parse ] --END-- [ RunTime:0.012889s ]
INFO: [ view_filter ] --START--
INFO: Run Behavior\WriteHtmlCacheBehavior [ RunTime:0.000559s ]
INFO: [ view_filter ] --END-- [ RunTime:0.000722s ]
INFO: [ app_end ] --START--
INFO: Run Behavior\ShowPageTraceBehavior [ RunTime:0.001040s ]
INFO: [ app_end ] --END-- [ RunTime:0.001843s ]

[ 2016-11-17T15:20:13+08:00 ] 127.0.0.1 /index.php/Home/Tenant/login.html
INFO: [ app_init ] --START--
INFO: Run Behavior\BuildLiteBehavior [ RunTime:0.000046s ]
INFO: [ app_init ] --END-- [ RunTime:0.000768s ]
INFO: [ app_begin ] --START--
INFO: Run Behavior\ReadHtmlCacheBehavior [ RunTime:0.001252s ]
INFO: [ app_begin ] --END-- [ RunTime:0.001385s ]
INFO: [ view_parse ] --START--
INFO: [ template_filter ] --START--
INFO: Run Behavior\ContentReplaceBehavior [ RunTime:0.000097s ]
INFO: [ template_filter ] --END-- [ RunTime:0.000221s ]
INFO: Run Behavior\ParseTemplateBehavior [ RunTime:0.011056s ]
INFO: [ view_parse ] --END-- [ RunTime:0.011187s ]
INFO: [ view_filter ] --START--
INFO: Run Behavior\WriteHtmlCacheBehavior [ RunTime:0.000522s ]
INFO: [ view_filter ] --END-- [ RunTime:0.000628s ]

[ 2016-11-17T15:20:14+08:00 ] 127.0.0.1 /index.php/Home/steward/login.html
INFO: [ app_init ] --START--
INFO: Run Behavior\BuildLiteBehavior [ RunTime:0.000033s ]
INFO: [ app_init ] --END-- [ RunTime:0.000760s ]
INFO: [ app_begin ] --START--
INFO: Run Behavior\ReadHtmlCacheBehavior [ RunTime:0.001040s ]
INFO: [ app_begin ] --END-- [ RunTime:0.001216s ]
INFO: [ view_parse ] --START--
INFO: [ template_filter ] --START--
INFO: Run Behavior\ContentReplaceBehavior [ RunTime:0.000122s ]
INFO: [ template_filter ] --END-- [ RunTime:0.000277s ]
INFO: Run Behavior\ParseTemplateBehavior [ RunTime:0.028723s ]
INFO: [ view_parse ] --END-- [ RunTime:0.028899s ]
INFO: [ view_filter ] --START--
INFO: Run Behavior\WriteHtmlCacheBehavior [ RunTime:0.000801s ]
INFO: [ view_filter ] --END-- [ RunTime:0.000940s ]

[ 2016-11-17T15:20:20+08:00 ] 127.0.0.1 /index.php/Home/Steward/login.html
INFO: [ app_init ] --START--
INFO: Run Behavior\BuildLiteBehavior [ RunTime:0.000028s ]
INFO: [ app_init ] --END-- [ RunTime:0.000686s ]
INFO: [ app_begin ] --START--
INFO: Run Behavior\ReadHtmlCacheBehavior [ RunTime:0.000780s ]
INFO: [ app_begin ] --END-- [ RunTime:0.000906s ]
SQL: SHOW COLUMNS FROM `lewo_admin_user` [ RunTime:0.0057s ]
SQL: SELECT * FROM `lewo_admin_user` WHERE `username` = 'lewo' AND `password` = '7011211e1592352456f07c5d07412e96' LIMIT 1   [ RunTime:0.0007s ]

[ 2016-11-17T15:20:20+08:00 ] 127.0.0.1 /index.php/Home/Steward/index.html
INFO: [ app_init ] --START--
INFO: Run Behavior\BuildLiteBehavior [ RunTime:0.000029s ]
INFO: [ app_init ] --END-- [ RunTime:0.000693s ]
INFO: [ app_begin ] --START--
INFO: Run Behavior\ReadHtmlCacheBehavior [ RunTime:0.000937s ]
INFO: [ app_begin ] --END-- [ RunTime:0.001067s ]
SQL: SHOW COLUMNS FROM `lewo_schedule` [ RunTime:0.0058s ]
SQL: SELECT COUNT(*) AS tp_count FROM `lewo_schedule` WHERE `schedule_type` = 1 AND `is_finish` = 0 AND `steward_id` = 4 AND `admin_type` = 1 LIMIT 1   [ RunTime:0.0005s ]
SQL: SELECT COUNT(*) AS tp_count FROM `lewo_schedule` WHERE `schedule_type` = 2 AND `is_finish` = 0 AND `steward_id` = 4 AND `admin_type` = 1 LIMIT 1   [ RunTime:0.0004s ]
SQL: SELECT COUNT(*) AS tp_count FROM `lewo_schedule` WHERE `schedule_type` = 3 AND `is_finish` = 0 AND `steward_id` = 4 AND `admin_type` = 1 LIMIT 1   [ RunTime:0.0004s ]
SQL: SELECT COUNT(*) AS tp_count FROM `lewo_schedule` WHERE `schedule_type` = 4 AND `is_finish` = 0 AND `steward_id` = 4 AND `admin_type` = 1 LIMIT 1   [ RunTime:0.0004s ]
SQL: SHOW COLUMNS FROM `lewo_contract` [ RunTime:0.0059s ]
SQL: SELECT SUM(rent) AS tp_sum FROM `lewo_contract` WHERE `start_time` = '2016-11-17' LIMIT 1   [ RunTime:0.0018s ]
SQL: SELECT SUM(fee) AS tp_sum FROM `lewo_contract` WHERE `start_time` = '2016-11-17' LIMIT 1   [ RunTime:0.0023s ]
SQL: SELECT SUM(deposit) AS tp_sum FROM `lewo_contract` WHERE `start_time` = '2016-11-17' LIMIT 1   [ RunTime:0.0019s ]
SQL: SELECT SUM(rent) AS tp_sum FROM `lewo_contract` WHERE `start_time` = '2016-11-16' LIMIT 1   [ RunTime:0.0018s ]
SQL: SELECT SUM(fee) AS tp_sum FROM `lewo_contract` WHERE `start_time` = '2016-11-16' LIMIT 1   [ RunTime:0.0017s ]
SQL: SELECT SUM(deposit) AS tp_sum FROM `lewo_contract` WHERE `start_time` = '2016-11-16' LIMIT 1   [ RunTime:0.0018s ]
SQL: SELECT COUNT(*) AS tp_count FROM `lewo_contract` WHERE `start_time` = '2016-11-17' LIMIT 1   [ RunTime:0.0019s ]
SQL: SHOW COLUMNS FROM `lewo_schedule` [ RunTime:0.0063s ]
SQL: SELECT SUM(money) AS tp_sum FROM `lewo_schedule` WHERE `create_date` = '2016-11-17' AND `schedule_type` = 4 LIMIT 1   [ RunTime:0.0005s ]
SQL: SHOW COLUMNS FROM `lewo_room` [ RunTime:0.0069s ]
SQL: SELECT COUNT(*) AS tp_count FROM `lewo_room` WHERE `room_type` = 1 AND `is_show` = 1 LIMIT 1   [ RunTime:0.0012s ]
SQL: SELECT COUNT(*) AS tp_count FROM `lewo_room` WHERE `status` = 0 AND `room_type` = 1 AND `is_show` = 1 LIMIT 1   [ RunTime:0.0012s ]
SQL: SELECT COUNT(*) AS tp_count FROM `lewo_room` WHERE `room_type` = 2 AND `is_show` = 1 LIMIT 1   [ RunTime:0.0013s ]
SQL: SELECT COUNT(*) AS tp_count FROM `lewo_room` WHERE `status` = 0 AND `room_type` = 2 AND `is_show` = 1 LIMIT 1   [ RunTime:0.0012s ]
SQL: SHOW COLUMNS FROM `lewo_admin_user` [ RunTime:0.0055s ]
SQL: SELECT * FROM `lewo_admin_user` WHERE `id` = 4 LIMIT 1   [ RunTime:0.0006s ]
INFO: [ view_parse ] --START--
INFO: [ template_filter ] --START--
INFO: Run Behavior\ContentReplaceBehavior [ RunTime:0.000125s ]
INFO: [ template_filter ] --END-- [ RunTime:0.000237s ]
INFO: Run Behavior\ParseTemplateBehavior [ RunTime:0.031825s ]
INFO: [ view_parse ] --END-- [ RunTime:0.031948s ]
INFO: [ view_filter ] --START--
INFO: Run Behavior\WriteHtmlCacheBehavior [ RunTime:0.000735s ]
INFO: [ view_filter ] --END-- [ RunTime:0.000851s ]
INFO: [ app_end ] --START--
INFO: Run Behavior\ShowPageTraceBehavior [ RunTime:0.000798s ]
INFO: [ app_end ] --END-- [ RunTime:0.000907s ]

