[ 2016-10-31T09:57:32+08:00 ] 127.0.0.1 /
INFO: [ app_init ] --START--
INFO: Run Behavior\BuildLiteBehavior [ RunTime:0.000030s ]
INFO: [ app_init ] --END-- [ RunTime:0.015855s ]
INFO: [ app_begin ] --START--
INFO: Run Behavior\ReadHtmlCacheBehavior [ RunTime:0.002674s ]
INFO: [ app_begin ] --END-- [ RunTime:0.002879s ]
INFO: [ view_parse ] --START--
INFO: [ template_filter ] --START--
INFO: Run Behavior\ContentReplaceBehavior [ RunTime:0.000380s ]
INFO: [ template_filter ] --END-- [ RunTime:0.000512s ]
INFO: Run Behavior\ParseTemplateBehavior [ RunTime:0.056264s ]
INFO: [ view_parse ] --END-- [ RunTime:0.056418s ]
INFO: [ view_filter ] --START--
INFO: Run Behavior\WriteHtmlCacheBehavior [ RunTime:0.004425s ]
INFO: [ view_filter ] --END-- [ RunTime:0.004567s ]

[ 2016-10-31T10:07:00+08:00 ] 127.0.0.1 /index.php/Home/steward/login.html
INFO: [ app_init ] --START--
INFO: Run Behavior\BuildLiteBehavior [ RunTime:0.000035s ]
INFO: [ app_init ] --END-- [ RunTime:0.001019s ]
INFO: [ app_begin ] --START--
INFO: Run Behavior\ReadHtmlCacheBehavior [ RunTime:0.001344s ]
INFO: [ app_begin ] --END-- [ RunTime:0.001552s ]

[ 2016-10-31T10:23:22+08:00 ] 127.0.0.1 /index.php/Home/Tenant/login.html
INFO: [ app_init ] --START--
INFO: Run Behavior\BuildLiteBehavior [ RunTime:0.000055s ]
INFO: [ app_init ] --END-- [ RunTime:0.000973s ]
INFO: [ app_begin ] --START--
INFO: Run Behavior\ReadHtmlCacheBehavior [ RunTime:0.001317s ]
INFO: [ app_begin ] --END-- [ RunTime:0.001493s ]
ERR: SQLSTATE[HY000] [1049] Unknown database 'new_lewo'

[ 2016-10-31T10:25:23+08:00 ] 127.0.0.1 /index.php/Home/Tenant/login.html
INFO: [ app_init ] --START--
INFO: Run Behavior\BuildLiteBehavior [ RunTime:0.000037s ]
INFO: [ app_init ] --END-- [ RunTime:0.000924s ]
INFO: [ app_begin ] --START--
INFO: Run Behavior\ReadHtmlCacheBehavior [ RunTime:0.001316s ]
INFO: [ app_begin ] --END-- [ RunTime:0.001492s ]
ERR: SQLSTATE[HY000] [1049] Unknown database 'new_lewo'

[ 2016-10-31T10:33:32+08:00 ] 127.0.0.1 /
INFO: [ app_init ] --START--
INFO: Run Behavior\BuildLiteBehavior [ RunTime:0.000037s ]
INFO: [ app_init ] --END-- [ RunTime:0.016847s ]
INFO: [ app_begin ] --START--
INFO: Run Behavior\ReadHtmlCacheBehavior [ RunTime:0.010602s ]
INFO: [ app_begin ] --END-- [ RunTime:0.010782s ]
INFO: [ view_parse ] --START--
INFO: [ template_filter ] --START--
INFO: Run Behavior\ContentReplaceBehavior [ RunTime:0.000892s ]
INFO: [ template_filter ] --END-- [ RunTime:0.001079s ]
INFO: Run Behavior\ParseTemplateBehavior [ RunTime:0.095617s ]
INFO: [ view_parse ] --END-- [ RunTime:0.095795s ]
INFO: [ view_filter ] --START--
INFO: Run Behavior\WriteHtmlCacheBehavior [ RunTime:0.034193s ]
INFO: [ view_filter ] --END-- [ RunTime:0.034341s ]

[ 2016-10-31T10:33:34+08:00 ] 127.0.0.1 /index.php/Home/Tenant/login.html
INFO: [ app_init ] --START--
INFO: Run Behavior\BuildLiteBehavior [ RunTime:0.000039s ]
INFO: [ app_init ] --END-- [ RunTime:0.000996s ]
INFO: [ app_begin ] --START--
INFO: Run Behavior\ReadHtmlCacheBehavior [ RunTime:0.001222s ]
INFO: [ app_begin ] --END-- [ RunTime:0.001491s ]
ERR: SQLSTATE[HY000] [1049] Unknown database 'new_lewo'

[ 2016-10-31T10:34:24+08:00 ] ::1 /
INFO: [ app_init ] --START--
INFO: Run Behavior\BuildLiteBehavior [ RunTime:0.000035s ]
INFO: [ app_init ] --END-- [ RunTime:0.000966s ]
INFO: [ app_begin ] --START--
INFO: Run Behavior\ReadHtmlCacheBehavior [ RunTime:0.001239s ]
INFO: [ app_begin ] --END-- [ RunTime:0.001405s ]
INFO: [ view_parse ] --START--
INFO: [ template_filter ] --START--
INFO: Run Behavior\ContentReplaceBehavior [ RunTime:0.000127s ]
INFO: [ template_filter ] --END-- [ RunTime:0.000293s ]
INFO: Run Behavior\ParseTemplateBehavior [ RunTime:0.010867s ]
INFO: [ view_parse ] --END-- [ RunTime:0.011018s ]
INFO: [ view_filter ] --START--
INFO: Run Behavior\WriteHtmlCacheBehavior [ RunTime:0.000770s ]
INFO: [ view_filter ] --END-- [ RunTime:0.000913s ]

[ 2016-10-31T10:34:26+08:00 ] ::1 /index.php/Home/steward/login.html
INFO: [ app_init ] --START--
INFO: Run Behavior\BuildLiteBehavior [ RunTime:0.000030s ]
INFO: [ app_init ] --END-- [ RunTime:0.000778s ]
INFO: [ app_begin ] --START--
INFO: Run Behavior\ReadHtmlCacheBehavior [ RunTime:0.001203s ]
INFO: [ app_begin ] --END-- [ RunTime:0.001370s ]

[ 2016-10-31T10:34:30+08:00 ] ::1 /index.php/Home/Tenant/login.html
INFO: [ app_init ] --START--
INFO: Run Behavior\BuildLiteBehavior [ RunTime:0.000027s ]
INFO: [ app_init ] --END-- [ RunTime:0.000651s ]
INFO: [ app_begin ] --START--
INFO: Run Behavior\ReadHtmlCacheBehavior [ RunTime:0.001267s ]
INFO: [ app_begin ] --END-- [ RunTime:0.001414s ]
ERR: SQLSTATE[HY000] [1049] Unknown database 'new_lewo'

[ 2016-10-31T12:15:58+08:00 ] 127.0.0.1 /
INFO: [ app_init ] --START--
INFO: Run Behavior\BuildLiteBehavior [ RunTime:0.000030s ]
INFO: [ app_init ] --END-- [ RunTime:0.003198s ]
INFO: [ app_begin ] --START--
INFO: Run Behavior\ReadHtmlCacheBehavior [ RunTime:0.010962s ]
INFO: [ app_begin ] --END-- [ RunTime:0.011160s ]
INFO: [ view_parse ] --START--
INFO: [ template_filter ] --START--
INFO: Run Behavior\ContentReplaceBehavior [ RunTime:0.002177s ]
INFO: [ template_filter ] --END-- [ RunTime:0.002341s ]
INFO: Run Behavior\ParseTemplateBehavior [ RunTime:0.069587s ]
INFO: [ view_parse ] --END-- [ RunTime:0.069758s ]
INFO: [ view_filter ] --START--
INFO: Run Behavior\WriteHtmlCacheBehavior [ RunTime:0.021196s ]
INFO: [ view_filter ] --END-- [ RunTime:0.021350s ]

[ 2016-10-31T12:16:01+08:00 ] 127.0.0.1 /index.php/Home/Tenant/login.html
INFO: [ app_init ] --START--
INFO: Run Behavior\BuildLiteBehavior [ RunTime:0.000028s ]
INFO: [ app_init ] --END-- [ RunTime:0.000632s ]
INFO: [ app_begin ] --START--
INFO: Run Behavior\ReadHtmlCacheBehavior [ RunTime:0.000789s ]
INFO: [ app_begin ] --END-- [ RunTime:0.000916s ]
SQL: SHOW COLUMNS FROM `lewo_account` [ RunTime:0.0123s ]
SQL: SELECT * FROM `lewo_account` WHERE `mobile` = '' AND `password` = 'd41d8cd98f00b204e9800998ecf8427e' LIMIT 1   [ RunTime:0.0026s ]
SQL: UPDATE `lewo_account` SET `login_time`='2016-10-31 12:16:01' WHERE `mobile` = '' AND `password` = 'd41d8cd98f00b204e9800998ecf8427e' [ RunTime:0.0105s ]
INFO: [ view_parse ] --START--
INFO: [ template_filter ] --START--
INFO: Run Behavior\ContentReplaceBehavior [ RunTime:0.000089s ]
INFO: [ template_filter ] --END-- [ RunTime:0.000204s ]
INFO: Run Behavior\ParseTemplateBehavior [ RunTime:0.034723s ]
INFO: [ view_parse ] --END-- [ RunTime:0.034848s ]
INFO: [ view_filter ] --START--
INFO: Run Behavior\WriteHtmlCacheBehavior [ RunTime:0.000459s ]
INFO: [ view_filter ] --END-- [ RunTime:0.000563s ]

[ 2016-10-31T12:16:28+08:00 ] 127.0.0.1 /
INFO: [ app_init ] --START--
INFO: Run Behavior\BuildLiteBehavior [ RunTime:0.000028s ]
INFO: [ app_init ] --END-- [ RunTime:0.000692s ]
INFO: [ app_begin ] --START--
INFO: Run Behavior\ReadHtmlCacheBehavior [ RunTime:0.000949s ]
INFO: [ app_begin ] --END-- [ RunTime:0.001172s ]
INFO: [ view_parse ] --START--
INFO: [ template_filter ] --START--
INFO: Run Behavior\ContentReplaceBehavior [ RunTime:0.000093s ]
INFO: [ template_filter ] --END-- [ RunTime:0.000212s ]
INFO: Run Behavior\ParseTemplateBehavior [ RunTime:0.009279s ]
INFO: [ view_parse ] --END-- [ RunTime:0.009409s ]
INFO: [ view_filter ] --START--
INFO: Run Behavior\WriteHtmlCacheBehavior [ RunTime:0.000567s ]
INFO: [ view_filter ] --END-- [ RunTime:0.000701s ]

[ 2016-10-31T15:37:17+08:00 ] 127.0.0.1 /
INFO: [ app_init ] --START--
INFO: Run Behavior\BuildLiteBehavior [ RunTime:0.000030s ]
INFO: [ app_init ] --END-- [ RunTime:0.015810s ]
INFO: [ app_begin ] --START--
INFO: Run Behavior\ReadHtmlCacheBehavior [ RunTime:0.001686s ]
INFO: [ app_begin ] --END-- [ RunTime:0.001815s ]
INFO: [ view_parse ] --START--
INFO: [ template_filter ] --START--
INFO: Run Behavior\ContentReplaceBehavior [ RunTime:0.000541s ]
INFO: [ template_filter ] --END-- [ RunTime:0.000663s ]
INFO: Run Behavior\ParseTemplateBehavior [ RunTime:0.072764s ]
INFO: [ view_parse ] --END-- [ RunTime:0.072911s ]
INFO: [ view_filter ] --START--
INFO: Run Behavior\WriteHtmlCacheBehavior [ RunTime:0.018052s ]
INFO: [ view_filter ] --END-- [ RunTime:0.018173s ]

[ 2016-10-31T15:37:29+08:00 ] 127.0.0.1 /index.php/Home/steward/login.html
INFO: [ app_init ] --START--
INFO: Run Behavior\BuildLiteBehavior [ RunTime:0.000037s ]
INFO: [ app_init ] --END-- [ RunTime:0.001243s ]
INFO: [ app_begin ] --START--
INFO: Run Behavior\ReadHtmlCacheBehavior [ RunTime:0.001556s ]
INFO: [ app_begin ] --END-- [ RunTime:0.001737s ]

[ 2016-10-31T15:38:01+08:00 ] 127.0.0.1 /index.php/Home/steward/login.html
INFO: [ app_init ] --START--
INFO: Run Behavior\BuildLiteBehavior [ RunTime:0.000033s ]
INFO: [ app_init ] --END-- [ RunTime:0.000789s ]
INFO: [ app_begin ] --START--
INFO: Run Behavior\ReadHtmlCacheBehavior [ RunTime:0.001082s ]
INFO: [ app_begin ] --END-- [ RunTime:0.001244s ]

[ 2016-10-31T15:38:59+08:00 ] 127.0.0.1 /index.php/Home/steward/login.html
INFO: [ app_init ] --START--
INFO: Run Behavior\BuildLiteBehavior [ RunTime:0.000038s ]
INFO: [ app_init ] --END-- [ RunTime:0.000980s ]
INFO: [ app_begin ] --START--
INFO: Run Behavior\ReadHtmlCacheBehavior [ RunTime:0.001247s ]
INFO: [ app_begin ] --END-- [ RunTime:0.001411s ]

[ 2016-10-31T15:39:09+08:00 ] 127.0.0.1 /index.php/Home/steward/login.html
INFO: [ app_init ] --START--
INFO: Run Behavior\BuildLiteBehavior [ RunTime:0.000034s ]
INFO: [ app_init ] --END-- [ RunTime:0.000779s ]
INFO: [ app_begin ] --START--
INFO: Run Behavior\ReadHtmlCacheBehavior [ RunTime:0.001513s ]
INFO: [ app_begin ] --END-- [ RunTime:0.001689s ]

[ 2016-10-31T15:39:31+08:00 ] 127.0.0.1 /index.php/Home/steward/login.html
INFO: [ app_init ] --START--
INFO: Run Behavior\BuildLiteBehavior [ RunTime:0.000043s ]
INFO: [ app_init ] --END-- [ RunTime:0.001007s ]
INFO: [ app_begin ] --START--
INFO: Run Behavior\ReadHtmlCacheBehavior [ RunTime:0.001294s ]
INFO: [ app_begin ] --END-- [ RunTime:0.001472s ]
INFO: [ view_parse ] --START--
INFO: [ template_filter ] --START--
INFO: Run Behavior\ContentReplaceBehavior [ RunTime:0.000131s ]
INFO: [ template_filter ] --END-- [ RunTime:0.000287s ]
INFO: Run Behavior\ParseTemplateBehavior [ RunTime:0.023545s ]
INFO: [ view_parse ] --END-- [ RunTime:0.023717s ]
INFO: [ view_filter ] --START--
INFO: Run Behavior\WriteHtmlCacheBehavior [ RunTime:0.000864s ]
INFO: [ view_filter ] --END-- [ RunTime:0.001015s ]

[ 2016-10-31T15:39:37+08:00 ] 127.0.0.1 /index.php/Home/Steward/login.html
INFO: [ app_init ] --START--
INFO: Run Behavior\BuildLiteBehavior [ RunTime:0.000032s ]
INFO: [ app_init ] --END-- [ RunTime:0.000629s ]
INFO: [ app_begin ] --START--
INFO: Run Behavior\ReadHtmlCacheBehavior [ RunTime:0.000777s ]
INFO: [ app_begin ] --END-- [ RunTime:0.000901s ]
ERR: 1033:Incorrect information in file: '.\new_lewo\lewo_admin_user.frm'
 [ SQL语句 ] : SHOW COLUMNS FROM `lewo_admin_user`
ERR: 1033:Incorrect information in file: '.\new_lewo\lewo_admin_user.frm'
 [ SQL语句 ] : SHOW COLUMNS FROM `lewo_admin_user`

[ 2016-10-31T15:40:33+08:00 ] 127.0.0.1 /index.php/Home/Steward/login.html
INFO: [ app_init ] --START--
INFO: Run Behavior\BuildLiteBehavior [ RunTime:0.000030s ]
INFO: [ app_init ] --END-- [ RunTime:0.000760s ]
INFO: [ app_begin ] --START--
INFO: Run Behavior\ReadHtmlCacheBehavior [ RunTime:0.001079s ]
INFO: [ app_begin ] --END-- [ RunTime:0.001215s ]
ERR: 1033:Incorrect information in file: '.\new_lewo\lewo_admin_user.frm'
 [ SQL语句 ] : SHOW COLUMNS FROM `lewo_admin_user`
ERR: 1033:Incorrect information in file: '.\new_lewo\lewo_admin_user.frm'
 [ SQL语句 ] : SHOW COLUMNS FROM `lewo_admin_user`

[ 2016-10-31T15:43:45+08:00 ] 127.0.0.1 /index.php/Home/Steward/login.html
INFO: [ app_init ] --START--
INFO: Run Behavior\BuildLiteBehavior [ RunTime:0.000028s ]
INFO: [ app_init ] --END-- [ RunTime:0.000683s ]
INFO: [ app_begin ] --START--
INFO: Run Behavior\ReadHtmlCacheBehavior [ RunTime:0.000899s ]
INFO: [ app_begin ] --END-- [ RunTime:0.001025s ]
SQL: SHOW COLUMNS FROM `lewo_admin_user` [ RunTime:0.0082s ]
SQL: SELECT * FROM `lewo_admin_user` WHERE `username` = 'lewo' AND `password` = 'd41d8cd98f00b204e9800998ecf8427e' LIMIT 1   [ RunTime:0.0009s ]
INFO: [ view_parse ] --START--
INFO: [ template_filter ] --START--
INFO: Run Behavior\ContentReplaceBehavior [ RunTime:0.000173s ]
INFO: [ template_filter ] --END-- [ RunTime:0.000319s ]
INFO: Run Behavior\ParseTemplateBehavior [ RunTime:0.039292s ]
INFO: [ view_parse ] --END-- [ RunTime:0.039419s ]
INFO: [ view_filter ] --START--
INFO: Run Behavior\WriteHtmlCacheBehavior [ RunTime:0.000531s ]
INFO: [ view_filter ] --END-- [ RunTime:0.000656s ]

[ 2016-10-31T15:56:10+08:00 ] 127.0.0.1 /index.php/Home/Steward/login.html
INFO: [ app_init ] --START--
INFO: Run Behavior\BuildLiteBehavior [ RunTime:0.000046s ]
INFO: [ app_init ] --END-- [ RunTime:0.000985s ]
INFO: [ app_begin ] --START--
INFO: Run Behavior\ReadHtmlCacheBehavior [ RunTime:0.000948s ]
INFO: [ app_begin ] --END-- [ RunTime:0.001082s ]
SQL: SHOW COLUMNS FROM `lewo_admin_user` [ RunTime:0.0086s ]
SQL: SELECT * FROM `lewo_admin_user` WHERE `username` = 'lewo' AND `password` = '7011211e1592352456f07c5d07412e96' LIMIT 1   [ RunTime:0.0008s ]
INFO: [ view_parse ] --START--
INFO: [ template_filter ] --START--
INFO: Run Behavior\ContentReplaceBehavior [ RunTime:0.000099s ]
INFO: [ template_filter ] --END-- [ RunTime:0.000212s ]
INFO: Run Behavior\ParseTemplateBehavior [ RunTime:0.008961s ]
INFO: [ view_parse ] --END-- [ RunTime:0.009089s ]
INFO: [ view_filter ] --START--
INFO: Run Behavior\WriteHtmlCacheBehavior [ RunTime:0.000523s ]
INFO: [ view_filter ] --END-- [ RunTime:0.000625s ]

[ 2016-10-31T15:56:11+08:00 ] 127.0.0.1 /index.php/Home/Steward/index.html
INFO: [ app_init ] --START--
INFO: Run Behavior\BuildLiteBehavior [ RunTime:0.000037s ]
INFO: [ app_init ] --END-- [ RunTime:0.001151s ]
INFO: [ app_begin ] --START--
INFO: Run Behavior\ReadHtmlCacheBehavior [ RunTime:0.000865s ]
INFO: [ app_begin ] --END-- [ RunTime:0.000996s ]
SQL: SHOW COLUMNS FROM `lewo_schedule` [ RunTime:0.0071s ]
SQL: SELECT COUNT(*) AS tp_count FROM `lewo_schedule` WHERE `schedule_type` = 1 AND `is_finish` = 0 AND `steward_id` = 4 AND `admin_type` = 1 LIMIT 1   [ RunTime:0.0009s ]
SQL: SELECT COUNT(*) AS tp_count FROM `lewo_schedule` WHERE `schedule_type` = 2 AND `is_finish` = 0 AND `steward_id` = 4 AND `admin_type` = 1 LIMIT 1   [ RunTime:0.0005s ]
SQL: SELECT COUNT(*) AS tp_count FROM `lewo_schedule` WHERE `schedule_type` = 3 AND `is_finish` = 0 AND `steward_id` = 4 AND `admin_type` = 1 LIMIT 1   [ RunTime:0.0013s ]
SQL: SHOW COLUMNS FROM `lewo_contract` [ RunTime:0.0077s ]
SQL: SELECT SUM(rent) AS tp_sum FROM `lewo_contract` WHERE `start_time` = '2016-10-31' LIMIT 1   [ RunTime:0.0007s ]
SQL: SELECT SUM(fee) AS tp_sum FROM `lewo_contract` WHERE `start_time` = '2016-10-31' LIMIT 1   [ RunTime:0.0005s ]
SQL: SELECT SUM(deposit) AS tp_sum FROM `lewo_contract` WHERE `start_time` = '2016-10-31' LIMIT 1   [ RunTime:0.0005s ]
SQL: SELECT SUM(rent) AS tp_sum FROM `lewo_contract` WHERE `start_time` = '2016-10-30' LIMIT 1   [ RunTime:0.0005s ]
SQL: SELECT SUM(fee) AS tp_sum FROM `lewo_contract` WHERE `start_time` = '2016-10-30' LIMIT 1   [ RunTime:0.0007s ]
SQL: SELECT SUM(deposit) AS tp_sum FROM `lewo_contract` WHERE `start_time` = '2016-10-30' LIMIT 1   [ RunTime:0.0006s ]
SQL: SELECT COUNT(*) AS tp_count FROM `lewo_contract` WHERE `start_time` = '2016-10-31' LIMIT 1   [ RunTime:0.0009s ]
SQL: SHOW COLUMNS FROM `lewo_schedule` [ RunTime:0.0059s ]
SQL: SELECT SUM(money) AS tp_sum FROM `lewo_schedule` WHERE `create_date` = '2016-10-31' AND `schedule_type` = 4 LIMIT 1   [ RunTime:0.0005s ]
SQL: SHOW COLUMNS FROM `lewo_room` [ RunTime:0.0069s ]
SQL: SELECT COUNT(*) AS tp_count FROM `lewo_room` WHERE `room_type` = 1 AND `is_show` = 1 LIMIT 1   [ RunTime:0.0013s ]
SQL: SELECT COUNT(*) AS tp_count FROM `lewo_room` WHERE `status` = 0 AND `room_type` = 1 AND `is_show` = 1 LIMIT 1   [ RunTime:0.0012s ]
SQL: SELECT COUNT(*) AS tp_count FROM `lewo_room` WHERE `room_type` = 2 AND `is_show` = 1 LIMIT 1   [ RunTime:0.0013s ]
SQL: SELECT COUNT(*) AS tp_count FROM `lewo_room` WHERE `status` = 0 AND `room_type` = 2 AND `is_show` = 1 LIMIT 1   [ RunTime:0.0014s ]
SQL: SHOW COLUMNS FROM `lewo_admin_user` [ RunTime:0.0064s ]
SQL: SELECT * FROM `lewo_admin_user` WHERE `id` = 4 LIMIT 1   [ RunTime:0.0006s ]
INFO: [ view_parse ] --START--
INFO: [ template_filter ] --START--
INFO: Run Behavior\ContentReplaceBehavior [ RunTime:0.000760s ]
INFO: [ template_filter ] --END-- [ RunTime:0.000945s ]
INFO: Run Behavior\ParseTemplateBehavior [ RunTime:0.054516s ]
INFO: [ view_parse ] --END-- [ RunTime:0.054674s ]
INFO: [ view_filter ] --START--
INFO: Run Behavior\WriteHtmlCacheBehavior [ RunTime:0.000718s ]
INFO: [ view_filter ] --END-- [ RunTime:0.000891s ]
INFO: [ app_end ] --START--
INFO: Run Behavior\ShowPageTraceBehavior [ RunTime:0.011479s ]
INFO: [ app_end ] --END-- [ RunTime:0.011640s ]

[ 2016-10-31T15:56:13+08:00 ] 127.0.0.1 /index.php/Home/Steward/houses.html
INFO: [ app_init ] --START--
INFO: Run Behavior\BuildLiteBehavior [ RunTime:0.000033s ]
INFO: [ app_init ] --END-- [ RunTime:0.000849s ]
INFO: [ app_begin ] --START--
INFO: Run Behavior\ReadHtmlCacheBehavior [ RunTime:0.001184s ]
INFO: [ app_begin ] --END-- [ RunTime:0.001370s ]
SQL: SHOW COLUMNS FROM `lewo_houses` [ RunTime:0.0087s ]
SQL: SHOW COLUMNS FROM `lewo_room` [ RunTime:0.0206s ]
SQL: SHOW COLUMNS FROM `lewo_area` [ RunTime:0.0125s ]
SQL: SELECT `id`,`area_id`,`steward_id`,`house_code`,`type`,`building`,`floor`,`door_no` FROM `lewo_houses` WHERE `steward_id` = 4 ORDER BY area_id desc, building desc,floor desc,door_no desc  [ RunTime:0.0012s ]
SQL: SELECT COUNT(*) AS tp_count FROM `lewo_room` WHERE `house_code` = 'CQ00049' AND `is_show` = 1 LIMIT 1   [ RunTime:0.0021s ]
SQL: SELECT COUNT(*) AS tp_count FROM `lewo_room` WHERE `house_code` = 'CQ00049' AND `is_show` = 1 AND `status` = 2 LIMIT 1   [ RunTime:0.0021s ]
SQL: SELECT `area_name` FROM `lewo_area` WHERE `id` = 36 LIMIT 1   [ RunTime:0.0017s ]
SQL: SELECT lewo_room.id,lewo_room.account_id,lewo_room.room_code,lewo_room.room_nickname,lewo_room.room_sort,lewo_room.room_type,lewo_room.bed_code,lewo_room.status,lewo_room.is_show,lewo_account.realname,lewo_account.sex FROM `lewo_room` left JOIN lewo_account ON lewo_room.account_id=lewo_account.id  WHERE `house_code` = 'CQ00049' AND `is_show` = 1 ORDER BY room_sort asc  [ RunTime:0.0038s ]
INFO: [ view_parse ] --START--
INFO: [ template_filter ] --START--
INFO: Run Behavior\ContentReplaceBehavior [ RunTime:0.000170s ]
INFO: [ template_filter ] --END-- [ RunTime:0.000411s ]
INFO: Run Behavior\ParseTemplateBehavior [ RunTime:0.038905s ]
INFO: [ view_parse ] --END-- [ RunTime:0.039086s ]
INFO: [ view_filter ] --START--
INFO: Run Behavior\WriteHtmlCacheBehavior [ RunTime:0.000712s ]
INFO: [ view_filter ] --END-- [ RunTime:0.000856s ]
INFO: [ view_parse ] --START--
INFO: [ template_filter ] --START--
INFO: Run Behavior\ContentReplaceBehavior [ RunTime:0.000095s ]
INFO: [ template_filter ] --END-- [ RunTime:-0.040908s ]
INFO: Run Behavior\ParseTemplateBehavior [ RunTime:0.021980s ]
INFO: [ view_parse ] --END-- [ RunTime:-0.016668s ]
INFO: [ view_filter ] --START--
INFO: Run Behavior\WriteHtmlCacheBehavior [ RunTime:0.000038s ]
INFO: [ view_filter ] --END-- [ RunTime:-0.037963s ]
INFO: [ app_end ] --START--
INFO: Run Behavior\ShowPageTraceBehavior [ RunTime:0.001193s ]
INFO: [ app_end ] --END-- [ RunTime:0.001338s ]

[ 2016-10-31T15:56:16+08:00 ] 127.0.0.1 /index.php/Home/Steward/index.html
INFO: [ app_init ] --START--
INFO: Run Behavior\BuildLiteBehavior [ RunTime:0.000030s ]
INFO: [ app_init ] --END-- [ RunTime:0.000918s ]
INFO: [ app_begin ] --START--
INFO: Run Behavior\ReadHtmlCacheBehavior [ RunTime:0.000946s ]
INFO: [ app_begin ] --END-- [ RunTime:0.001074s ]
SQL: SHOW COLUMNS FROM `lewo_schedule` [ RunTime:0.0055s ]
SQL: SELECT COUNT(*) AS tp_count FROM `lewo_schedule` WHERE `schedule_type` = 1 AND `is_finish` = 0 AND `steward_id` = 4 AND `admin_type` = 1 LIMIT 1   [ RunTime:0.0004s ]
SQL: SELECT COUNT(*) AS tp_count FROM `lewo_schedule` WHERE `schedule_type` = 2 AND `is_finish` = 0 AND `steward_id` = 4 AND `admin_type` = 1 LIMIT 1   [ RunTime:0.0004s ]
SQL: SELECT COUNT(*) AS tp_count FROM `lewo_schedule` WHERE `schedule_type` = 3 AND `is_finish` = 0 AND `steward_id` = 4 AND `admin_type` = 1 LIMIT 1   [ RunTime:0.0004s ]
SQL: SHOW COLUMNS FROM `lewo_contract` [ RunTime:0.0075s ]
SQL: SELECT SUM(rent) AS tp_sum FROM `lewo_contract` WHERE `start_time` = '2016-10-31' LIMIT 1   [ RunTime:0.0005s ]
SQL: SELECT SUM(fee) AS tp_sum FROM `lewo_contract` WHERE `start_time` = '2016-10-31' LIMIT 1   [ RunTime:0.0005s ]
SQL: SELECT SUM(deposit) AS tp_sum FROM `lewo_contract` WHERE `start_time` = '2016-10-31' LIMIT 1   [ RunTime:0.0005s ]
SQL: SELECT SUM(rent) AS tp_sum FROM `lewo_contract` WHERE `start_time` = '2016-10-30' LIMIT 1   [ RunTime:0.0005s ]
SQL: SELECT SUM(fee) AS tp_sum FROM `lewo_contract` WHERE `start_time` = '2016-10-30' LIMIT 1   [ RunTime:0.0005s ]
SQL: SELECT SUM(deposit) AS tp_sum FROM `lewo_contract` WHERE `start_time` = '2016-10-30' LIMIT 1   [ RunTime:0.0005s ]
SQL: SELECT COUNT(*) AS tp_count FROM `lewo_contract` WHERE `start_time` = '2016-10-31' LIMIT 1   [ RunTime:0.0005s ]
SQL: SHOW COLUMNS FROM `lewo_schedule` [ RunTime:0.0073s ]
SQL: SELECT SUM(money) AS tp_sum FROM `lewo_schedule` WHERE `create_date` = '2016-10-31' AND `schedule_type` = 4 LIMIT 1   [ RunTime:0.0007s ]
SQL: SHOW COLUMNS FROM `lewo_room` [ RunTime:0.0055s ]
SQL: SELECT COUNT(*) AS tp_count FROM `lewo_room` WHERE `room_type` = 1 AND `is_show` = 1 LIMIT 1   [ RunTime:0.0011s ]
SQL: SELECT COUNT(*) AS tp_count FROM `lewo_room` WHERE `status` = 0 AND `room_type` = 1 AND `is_show` = 1 LIMIT 1   [ RunTime:0.0011s ]
SQL: SELECT COUNT(*) AS tp_count FROM `lewo_room` WHERE `room_type` = 2 AND `is_show` = 1 LIMIT 1   [ RunTime:0.0012s ]
SQL: SELECT COUNT(*) AS tp_count FROM `lewo_room` WHERE `status` = 0 AND `room_type` = 2 AND `is_show` = 1 LIMIT 1   [ RunTime:0.0011s ]
SQL: SHOW COLUMNS FROM `lewo_admin_user` [ RunTime:0.0051s ]
SQL: SELECT * FROM `lewo_admin_user` WHERE `id` = 4 LIMIT 1   [ RunTime:0.0005s ]
INFO: [ view_parse ] --START--
INFO: [ template_filter ] --START--
INFO: Run Behavior\ContentReplaceBehavior [ RunTime:0.000133s ]
INFO: [ template_filter ] --END-- [ RunTime:0.000248s ]
INFO: Run Behavior\ParseTemplateBehavior [ RunTime:0.014798s ]
INFO: [ view_parse ] --END-- [ RunTime:0.014917s ]
INFO: [ view_filter ] --START--
INFO: Run Behavior\WriteHtmlCacheBehavior [ RunTime:0.000663s ]
INFO: [ view_filter ] --END-- [ RunTime:0.000772s ]
INFO: [ app_end ] --START--
INFO: Run Behavior\ShowPageTraceBehavior [ RunTime:0.000932s ]
INFO: [ app_end ] --END-- [ RunTime:0.001042s ]

[ 2016-10-31T17:09:15+08:00 ] 127.0.0.1 /
INFO: [ app_init ] --START--
INFO: Run Behavior\BuildLiteBehavior [ RunTime:0.000037s ]
INFO: [ app_init ] --END-- [ RunTime:0.026696s ]
INFO: [ app_begin ] --START--
INFO: Run Behavior\ReadHtmlCacheBehavior [ RunTime:0.001273s ]
INFO: [ app_begin ] --END-- [ RunTime:0.001439s ]
INFO: [ view_parse ] --START--
INFO: [ template_filter ] --START--
INFO: Run Behavior\ContentReplaceBehavior [ RunTime:0.000139s ]
INFO: [ template_filter ] --END-- [ RunTime:0.000618s ]
INFO: Run Behavior\ParseTemplateBehavior [ RunTime:0.030803s ]
INFO: [ view_parse ] --END-- [ RunTime:0.030991s ]
INFO: [ view_filter ] --START--
INFO: Run Behavior\WriteHtmlCacheBehavior [ RunTime:0.000711s ]
INFO: [ view_filter ] --END-- [ RunTime:0.000846s ]

[ 2016-10-31T17:09:15+08:00 ] 127.0.0.1 /
INFO: [ app_init ] --START--
INFO: Run Behavior\BuildLiteBehavior [ RunTime:0.000027s ]
INFO: [ app_init ] --END-- [ RunTime:0.000693s ]
INFO: [ app_begin ] --START--
INFO: Run Behavior\ReadHtmlCacheBehavior [ RunTime:0.001008s ]
INFO: [ app_begin ] --END-- [ RunTime:0.001251s ]
INFO: [ view_parse ] --START--
INFO: [ template_filter ] --START--
INFO: Run Behavior\ContentReplaceBehavior [ RunTime:0.000163s ]
INFO: [ template_filter ] --END-- [ RunTime:0.000407s ]
INFO: Run Behavior\ParseTemplateBehavior [ RunTime:0.023088s ]
INFO: [ view_parse ] --END-- [ RunTime:0.024547s ]
INFO: [ view_filter ] --START--
INFO: Run Behavior\WriteHtmlCacheBehavior [ RunTime:0.001100s ]
INFO: [ view_filter ] --END-- [ RunTime:0.001269s ]

[ 2016-10-31T17:21:42+08:00 ] 127.0.0.1 /
INFO: [ app_init ] --START--
INFO: Run Behavior\BuildLiteBehavior [ RunTime:0.000120s ]
INFO: [ app_init ] --END-- [ RunTime:0.001929s ]
INFO: [ app_begin ] --START--
INFO: Run Behavior\ReadHtmlCacheBehavior [ RunTime:0.001302s ]
INFO: [ app_begin ] --END-- [ RunTime:0.001502s ]
INFO: [ view_parse ] --START--
INFO: [ template_filter ] --START--
INFO: Run Behavior\ContentReplaceBehavior [ RunTime:0.000127s ]
INFO: [ template_filter ] --END-- [ RunTime:0.000288s ]
INFO: Run Behavior\ParseTemplateBehavior [ RunTime:0.020478s ]
INFO: [ view_parse ] --END-- [ RunTime:0.020691s ]
INFO: [ view_filter ] --START--
INFO: Run Behavior\WriteHtmlCacheBehavior [ RunTime:0.000849s ]
INFO: [ view_filter ] --END-- [ RunTime:0.001031s ]

[ 2016-10-31T21:28:29+08:00 ] 127.0.0.1 /
INFO: [ app_init ] --START--
INFO: Run Behavior\BuildLiteBehavior [ RunTime:0.000049s ]
INFO: [ app_init ] --END-- [ RunTime:0.004114s ]
INFO: [ app_begin ] --START--
INFO: Run Behavior\ReadHtmlCacheBehavior [ RunTime:0.010025s ]
INFO: [ app_begin ] --END-- [ RunTime:0.010284s ]
INFO: [ view_parse ] --START--
INFO: [ template_filter ] --START--
INFO: Run Behavior\ContentReplaceBehavior [ RunTime:0.000609s ]
INFO: [ template_filter ] --END-- [ RunTime:0.000939s ]
INFO: Run Behavior\ParseTemplateBehavior [ RunTime:0.067213s ]
INFO: [ view_parse ] --END-- [ RunTime:0.067459s ]
INFO: [ view_filter ] --START--
INFO: Run Behavior\WriteHtmlCacheBehavior [ RunTime:0.023491s ]
INFO: [ view_filter ] --END-- [ RunTime:0.023681s ]

[ 2016-10-31T22:08:40+08:00 ] 127.0.0.1 /index.php/Home/steward/login.html
INFO: [ app_init ] --START--
INFO: Run Behavior\BuildLiteBehavior [ RunTime:0.000048s ]
INFO: [ app_init ] --END-- [ RunTime:0.001289s ]
INFO: [ app_begin ] --START--
INFO: Run Behavior\ReadHtmlCacheBehavior [ RunTime:0.002527s ]
INFO: [ app_begin ] --END-- [ RunTime:0.002757s ]
INFO: [ view_parse ] --START--
INFO: [ template_filter ] --START--
INFO: Run Behavior\ContentReplaceBehavior [ RunTime:0.000214s ]
INFO: [ template_filter ] --END-- [ RunTime:0.000466s ]
INFO: Run Behavior\ParseTemplateBehavior [ RunTime:0.274908s ]
INFO: [ view_parse ] --END-- [ RunTime:0.275084s ]
INFO: [ view_filter ] --START--
INFO: Run Behavior\WriteHtmlCacheBehavior [ RunTime:0.000758s ]
INFO: [ view_filter ] --END-- [ RunTime:0.000886s ]

