[ 2016-12-12T09:53:47+08:00 ] 127.0.0.1 /
INFO: [ app_init ] --START--
INFO: Run Behavior\BuildLiteBehavior [ RunTime:0.000031s ]
INFO: [ app_init ] --END-- [ RunTime:0.015981s ]
INFO: [ app_begin ] --START--
INFO: Run Behavior\ReadHtmlCacheBehavior [ RunTime:0.001968s ]
INFO: [ app_begin ] --END-- [ RunTime:0.002106s ]
INFO: [ view_parse ] --START--
INFO: [ template_filter ] --START--
INFO: Run Behavior\ContentReplaceBehavior [ RunTime:0.001950s ]
INFO: [ template_filter ] --END-- [ RunTime:0.002087s ]
INFO: Run Behavior\ParseTemplateBehavior [ RunTime:0.055034s ]
INFO: [ view_parse ] --END-- [ RunTime:0.055265s ]
INFO: [ view_filter ] --START--
INFO: Run Behavior\WriteHtmlCacheBehavior [ RunTime:0.024587s ]
INFO: [ view_filter ] --END-- [ RunTime:0.024732s ]

[ 2016-12-12T09:54:38+08:00 ] 127.0.0.1 /index.php/Home/steward/login.html
INFO: [ app_init ] --START--
INFO: Run Behavior\BuildLiteBehavior [ RunTime:0.000044s ]
INFO: [ app_init ] --END-- [ RunTime:0.001015s ]
INFO: [ app_begin ] --START--
INFO: Run Behavior\ReadHtmlCacheBehavior [ RunTime:0.001086s ]
INFO: [ app_begin ] --END-- [ RunTime:0.001255s ]
INFO: [ view_parse ] --START--
INFO: [ template_filter ] --START--
INFO: Run Behavior\ContentReplaceBehavior [ RunTime:0.000093s ]
INFO: [ template_filter ] --END-- [ RunTime:0.000208s ]
INFO: Run Behavior\ParseTemplateBehavior [ RunTime:0.029504s ]
INFO: [ view_parse ] --END-- [ RunTime:0.029660s ]
INFO: [ view_filter ] --START--
INFO: Run Behavior\WriteHtmlCacheBehavior [ RunTime:0.000641s ]
INFO: [ view_filter ] --END-- [ RunTime:0.000779s ]

[ 2016-12-12T09:54:48+08:00 ] 127.0.0.1 /index.php/Home/Steward/login.html
INFO: [ app_init ] --START--
INFO: Run Behavior\BuildLiteBehavior [ RunTime:0.000049s ]
INFO: [ app_init ] --END-- [ RunTime:0.000969s ]
INFO: [ app_begin ] --START--
INFO: Run Behavior\ReadHtmlCacheBehavior [ RunTime:0.000982s ]
INFO: [ app_begin ] --END-- [ RunTime:0.001141s ]
SQL: SHOW COLUMNS FROM `lewo_admin_user` [ RunTime:0.0053s ]
SQL: SELECT * FROM `lewo_admin_user` WHERE `username` = 'lewoGJ' AND `password` = '233ffb4cc18ec70bbe332df5efb42662' LIMIT 1   [ RunTime:0.0006s ]

[ 2016-12-12T09:54:48+08:00 ] 127.0.0.1 /index.php/Home/Steward/index.html
INFO: [ app_init ] --START--
INFO: Run Behavior\BuildLiteBehavior [ RunTime:0.000028s ]
INFO: [ app_init ] --END-- [ RunTime:0.000715s ]
INFO: [ app_begin ] --START--
INFO: Run Behavior\ReadHtmlCacheBehavior [ RunTime:0.000790s ]
INFO: [ app_begin ] --END-- [ RunTime:0.000911s ]
SQL: SHOW COLUMNS FROM `lewo_schedule` [ RunTime:0.0054s ]
SQL: SELECT COUNT(*) AS tp_count FROM `lewo_schedule` WHERE `schedule_type` = 1 AND `is_finish` = 0 AND `steward_id` = 35 AND `admin_type` = 1 LIMIT 1   [ RunTime:0.0005s ]
SQL: SELECT COUNT(*) AS tp_count FROM `lewo_schedule` WHERE `schedule_type` = 2 AND `is_finish` = 0 AND `steward_id` = 35 AND `admin_type` = 1 LIMIT 1   [ RunTime:0.0004s ]
SQL: SELECT COUNT(*) AS tp_count FROM `lewo_schedule` WHERE `schedule_type` = 3 AND `is_finish` = 0 AND `steward_id` = 35 AND `admin_type` = 1 LIMIT 1   [ RunTime:0.0004s ]
SQL: SELECT COUNT(*) AS tp_count FROM `lewo_schedule` WHERE `schedule_type` = 4 AND `is_finish` = 0 AND `steward_id` = 35 AND `admin_type` = 1 LIMIT 1   [ RunTime:0.0004s ]
SQL: SHOW COLUMNS FROM `lewo_contract` [ RunTime:0.0069s ]
SQL: SELECT SUM(rent) AS tp_sum FROM `lewo_contract` WHERE `start_time` = '2016-12-12' LIMIT 1   [ RunTime:0.0015s ]
SQL: SELECT SUM(fee) AS tp_sum FROM `lewo_contract` WHERE `start_time` = '2016-12-12' LIMIT 1   [ RunTime:0.0014s ]
SQL: SELECT SUM(deposit) AS tp_sum FROM `lewo_contract` WHERE `start_time` = '2016-12-12' LIMIT 1   [ RunTime:0.0014s ]
SQL: SELECT SUM(rent) AS tp_sum FROM `lewo_contract` WHERE `start_time` = '2016-12-11' LIMIT 1   [ RunTime:0.0014s ]
SQL: SELECT SUM(fee) AS tp_sum FROM `lewo_contract` WHERE `start_time` = '2016-12-11' LIMIT 1   [ RunTime:0.0014s ]
SQL: SELECT SUM(deposit) AS tp_sum FROM `lewo_contract` WHERE `start_time` = '2016-12-11' LIMIT 1   [ RunTime:0.0014s ]
SQL: SELECT COUNT(*) AS tp_count FROM `lewo_contract` WHERE `start_time` = '2016-12-12' LIMIT 1   [ RunTime:0.0013s ]
SQL: SHOW COLUMNS FROM `lewo_schedule` [ RunTime:0.0059s ]
SQL: SELECT SUM(money) AS tp_sum FROM `lewo_schedule` WHERE `create_date` = '2016-12-12' AND `schedule_type` = 4 LIMIT 1   [ RunTime:0.0004s ]
SQL: SHOW COLUMNS FROM `lewo_room` [ RunTime:0.0059s ]
SQL: SELECT COUNT(*) AS tp_count FROM `lewo_room` WHERE `room_type` = 1 AND `is_show` = 1 LIMIT 1   [ RunTime:0.0012s ]
SQL: SELECT COUNT(*) AS tp_count FROM `lewo_room` WHERE `status` = 0 AND `room_type` = 1 AND `is_show` = 1 LIMIT 1   [ RunTime:0.0010s ]
SQL: SELECT COUNT(*) AS tp_count FROM `lewo_room` WHERE `room_type` = 2 AND `is_show` = 1 LIMIT 1   [ RunTime:0.0010s ]
SQL: SELECT COUNT(*) AS tp_count FROM `lewo_room` WHERE `status` = 0 AND `room_type` = 2 AND `is_show` = 1 LIMIT 1   [ RunTime:0.0012s ]
SQL: SHOW COLUMNS FROM `lewo_admin_user` [ RunTime:0.0053s ]
SQL: SELECT * FROM `lewo_admin_user` WHERE `id` = 35 LIMIT 1   [ RunTime:0.0005s ]
INFO: [ view_parse ] --START--
INFO: [ template_filter ] --START--
INFO: Run Behavior\ContentReplaceBehavior [ RunTime:0.000124s ]
INFO: [ template_filter ] --END-- [ RunTime:0.000236s ]
INFO: Run Behavior\ParseTemplateBehavior [ RunTime:0.085688s ]
INFO: [ view_parse ] --END-- [ RunTime:0.085811s ]
INFO: [ view_filter ] --START--
INFO: Run Behavior\WriteHtmlCacheBehavior [ RunTime:0.000465s ]
INFO: [ view_filter ] --END-- [ RunTime:0.000568s ]
INFO: [ app_end ] --START--
INFO: Run Behavior\ShowPageTraceBehavior [ RunTime:0.000919s ]
INFO: [ app_end ] --END-- [ RunTime:0.001037s ]

[ 2016-12-12T09:54:50+08:00 ] 127.0.0.1 /index.php/Home/Steward/houses.html
INFO: [ app_init ] --START--
INFO: Run Behavior\BuildLiteBehavior [ RunTime:0.000037s ]
INFO: [ app_init ] --END-- [ RunTime:0.000897s ]
INFO: [ app_begin ] --START--
INFO: Run Behavior\ReadHtmlCacheBehavior [ RunTime:0.001362s ]
INFO: [ app_begin ] --END-- [ RunTime:0.001520s ]
SQL: SHOW COLUMNS FROM `lewo_houses` [ RunTime:0.0117s ]
SQL: SHOW COLUMNS FROM `lewo_room` [ RunTime:0.0077s ]
SQL: SHOW COLUMNS FROM `lewo_area` [ RunTime:0.0082s ]
SQL: SELECT `id`,`area_id`,`steward_id`,`house_code`,`type`,`building`,`floor`,`door_no` FROM `lewo_houses` WHERE `steward_id` = 35 AND ( house_code LIKE '%%' OR area_name LIKE '%%' ) ORDER BY area_id desc, building desc,floor desc,door_no desc  [ RunTime:0.0019s ]
SQL: SELECT COUNT(*) AS tp_count FROM `lewo_room` WHERE `house_code` = '重庆测试01' AND `is_show` = 1 LIMIT 1   [ RunTime:0.0007s ]
SQL: SELECT COUNT(*) AS tp_count FROM `lewo_room` WHERE `house_code` = '重庆测试01' AND `is_show` = 1 AND `status` = 2 LIMIT 1   [ RunTime:0.0006s ]
SQL: SELECT `area_name` FROM `lewo_area` WHERE `id` = 38 LIMIT 1   [ RunTime:0.0005s ]
SQL: SELECT lewo_room.id,lewo_room.account_id,lewo_room.room_code,lewo_room.room_nickname,lewo_room.room_sort,lewo_room.room_type,lewo_room.bed_code,lewo_room.rent,lewo_room.status,lewo_room.is_show,lewo_account.realname,lewo_account.sex FROM `lewo_room` left JOIN lewo_account ON lewo_room.account_id=lewo_account.id  WHERE `house_code` = '重庆测试01' AND `is_show` = 1 ORDER BY room_sort asc  [ RunTime:0.0011s ]
INFO: [ view_parse ] --START--
INFO: [ template_filter ] --START--
INFO: Run Behavior\ContentReplaceBehavior [ RunTime:0.000132s ]
INFO: [ template_filter ] --END-- [ RunTime:0.000247s ]
INFO: Run Behavior\ParseTemplateBehavior [ RunTime:0.033191s ]
INFO: [ view_parse ] --END-- [ RunTime:0.033332s ]
INFO: [ view_filter ] --START--
INFO: Run Behavior\WriteHtmlCacheBehavior [ RunTime:0.000476s ]
INFO: [ view_filter ] --END-- [ RunTime:0.000579s ]
INFO: [ view_parse ] --START--
INFO: [ template_filter ] --START--
INFO: Run Behavior\ContentReplaceBehavior [ RunTime:0.000100s ]
INFO: [ template_filter ] --END-- [ RunTime:-0.035126s ]
INFO: Run Behavior\ParseTemplateBehavior [ RunTime:0.022328s ]
INFO: [ view_parse ] --END-- [ RunTime:-0.011331s ]
INFO: [ view_filter ] --START--
INFO: Run Behavior\WriteHtmlCacheBehavior [ RunTime:0.000036s ]
INFO: [ view_filter ] --END-- [ RunTime:-0.033254s ]
INFO: [ app_end ] --START--
INFO: Run Behavior\ShowPageTraceBehavior [ RunTime:0.001418s ]
INFO: [ app_end ] --END-- [ RunTime:0.001572s ]

[ 2016-12-12T09:54:51+08:00 ] 127.0.0.1 /index.php/Home/Steward/index.html
INFO: [ app_init ] --START--
INFO: Run Behavior\BuildLiteBehavior [ RunTime:0.000029s ]
INFO: [ app_init ] --END-- [ RunTime:0.000651s ]
INFO: [ app_begin ] --START--
INFO: Run Behavior\ReadHtmlCacheBehavior [ RunTime:0.000785s ]
INFO: [ app_begin ] --END-- [ RunTime:0.000910s ]
SQL: SHOW COLUMNS FROM `lewo_schedule` [ RunTime:0.0074s ]
SQL: SELECT COUNT(*) AS tp_count FROM `lewo_schedule` WHERE `schedule_type` = 1 AND `is_finish` = 0 AND `steward_id` = 35 AND `admin_type` = 1 LIMIT 1   [ RunTime:0.0006s ]
SQL: SELECT COUNT(*) AS tp_count FROM `lewo_schedule` WHERE `schedule_type` = 2 AND `is_finish` = 0 AND `steward_id` = 35 AND `admin_type` = 1 LIMIT 1   [ RunTime:0.0004s ]
SQL: SELECT COUNT(*) AS tp_count FROM `lewo_schedule` WHERE `schedule_type` = 3 AND `is_finish` = 0 AND `steward_id` = 35 AND `admin_type` = 1 LIMIT 1   [ RunTime:0.0004s ]
SQL: SELECT COUNT(*) AS tp_count FROM `lewo_schedule` WHERE `schedule_type` = 4 AND `is_finish` = 0 AND `steward_id` = 35 AND `admin_type` = 1 LIMIT 1   [ RunTime:0.0004s ]
SQL: SHOW COLUMNS FROM `lewo_contract` [ RunTime:0.0070s ]
SQL: SELECT SUM(rent) AS tp_sum FROM `lewo_contract` WHERE `start_time` = '2016-12-12' LIMIT 1   [ RunTime:0.0022s ]
SQL: SELECT SUM(fee) AS tp_sum FROM `lewo_contract` WHERE `start_time` = '2016-12-12' LIMIT 1   [ RunTime:0.0023s ]
SQL: SELECT SUM(deposit) AS tp_sum FROM `lewo_contract` WHERE `start_time` = '2016-12-12' LIMIT 1   [ RunTime:0.0019s ]
SQL: SELECT SUM(rent) AS tp_sum FROM `lewo_contract` WHERE `start_time` = '2016-12-11' LIMIT 1   [ RunTime:0.0020s ]
SQL: SELECT SUM(fee) AS tp_sum FROM `lewo_contract` WHERE `start_time` = '2016-12-11' LIMIT 1   [ RunTime:0.0023s ]
SQL: SELECT SUM(deposit) AS tp_sum FROM `lewo_contract` WHERE `start_time` = '2016-12-11' LIMIT 1   [ RunTime:0.0015s ]
SQL: SELECT COUNT(*) AS tp_count FROM `lewo_contract` WHERE `start_time` = '2016-12-12' LIMIT 1   [ RunTime:0.0018s ]
SQL: SHOW COLUMNS FROM `lewo_schedule` [ RunTime:0.0071s ]
SQL: SELECT SUM(money) AS tp_sum FROM `lewo_schedule` WHERE `create_date` = '2016-12-12' AND `schedule_type` = 4 LIMIT 1   [ RunTime:0.0005s ]
SQL: SHOW COLUMNS FROM `lewo_room` [ RunTime:0.0078s ]
SQL: SELECT COUNT(*) AS tp_count FROM `lewo_room` WHERE `room_type` = 1 AND `is_show` = 1 LIMIT 1   [ RunTime:0.0011s ]
SQL: SELECT COUNT(*) AS tp_count FROM `lewo_room` WHERE `status` = 0 AND `room_type` = 1 AND `is_show` = 1 LIMIT 1   [ RunTime:0.0010s ]
SQL: SELECT COUNT(*) AS tp_count FROM `lewo_room` WHERE `room_type` = 2 AND `is_show` = 1 LIMIT 1   [ RunTime:0.0010s ]
SQL: SELECT COUNT(*) AS tp_count FROM `lewo_room` WHERE `status` = 0 AND `room_type` = 2 AND `is_show` = 1 LIMIT 1   [ RunTime:0.0010s ]
SQL: SHOW COLUMNS FROM `lewo_admin_user` [ RunTime:0.0056s ]
SQL: SELECT * FROM `lewo_admin_user` WHERE `id` = 35 LIMIT 1   [ RunTime:0.0005s ]
INFO: [ view_parse ] --START--
INFO: [ template_filter ] --START--
INFO: Run Behavior\ContentReplaceBehavior [ RunTime:0.000123s ]
INFO: [ template_filter ] --END-- [ RunTime:0.000236s ]
INFO: Run Behavior\ParseTemplateBehavior [ RunTime:0.011661s ]
INFO: [ view_parse ] --END-- [ RunTime:0.011783s ]
INFO: [ view_filter ] --START--
INFO: Run Behavior\WriteHtmlCacheBehavior [ RunTime:0.000520s ]
INFO: [ view_filter ] --END-- [ RunTime:0.000623s ]
INFO: [ app_end ] --START--
INFO: Run Behavior\ShowPageTraceBehavior [ RunTime:0.001330s ]
INFO: [ app_end ] --END-- [ RunTime:0.001471s ]

[ 2016-12-12T09:54:52+08:00 ] 127.0.0.1 /index.php/Home/Steward/stewardtasks.html
INFO: [ app_init ] --START--
INFO: Run Behavior\BuildLiteBehavior [ RunTime:0.000028s ]
INFO: [ app_init ] --END-- [ RunTime:0.000638s ]
INFO: [ app_begin ] --START--
INFO: Run Behavior\ReadHtmlCacheBehavior [ RunTime:0.000815s ]
INFO: [ app_begin ] --END-- [ RunTime:0.000937s ]
SQL: SHOW COLUMNS FROM `lewo_schedule` [ RunTime:0.0064s ]
SQL: SELECT lewo_room.house_code,lewo_room.room_code,lewo_room.bed_code,lewo_schedule.*,lewo_account.realname,lewo_account.mobile FROM `lewo_schedule` INNER JOIN lewo_room ON lewo_schedule.room_id = lewo_room.id INNER JOIN lewo_account ON lewo_schedule.account_id = lewo_account.id  WHERE `steward_id` = '35' AND `is_finish` = 0 AND `admin_type` = 1  [ RunTime:0.0010s ]
SQL: SELECT COUNT(*) AS tp_count FROM `lewo_schedule` WHERE `schedule_type` = 1 AND `is_finish` = 0 AND `steward_id` = 35 AND `admin_type` = 1 LIMIT 1   [ RunTime:0.0005s ]
SQL: SELECT COUNT(*) AS tp_count FROM `lewo_schedule` WHERE `schedule_type` = 2 AND `is_finish` = 0 AND `steward_id` = 35 AND `admin_type` = 1 LIMIT 1   [ RunTime:0.0004s ]
SQL: SELECT COUNT(*) AS tp_count FROM `lewo_schedule` WHERE `schedule_type` = 3 AND `is_finish` = 0 AND `steward_id` = 35 AND `admin_type` = 1 LIMIT 1   [ RunTime:0.0004s ]
SQL: SELECT COUNT(*) AS tp_count FROM `lewo_schedule` WHERE `schedule_type` = 4 AND `is_finish` = 0 AND `steward_id` = 35 AND `admin_type` = 1 LIMIT 1   [ RunTime:0.0005s ]
INFO: [ view_parse ] --START--
INFO: [ template_filter ] --START--
INFO: Run Behavior\ContentReplaceBehavior [ RunTime:0.000137s ]
INFO: [ template_filter ] --END-- [ RunTime:0.000274s ]
INFO: Run Behavior\ParseTemplateBehavior [ RunTime:0.075517s ]
INFO: [ view_parse ] --END-- [ RunTime:0.075690s ]
INFO: [ view_filter ] --START--
INFO: Run Behavior\WriteHtmlCacheBehavior [ RunTime:0.000512s ]
INFO: [ view_filter ] --END-- [ RunTime:0.000621s ]
INFO: [ view_parse ] --START--
INFO: [ template_filter ] --START--
INFO: Run Behavior\ContentReplaceBehavior [ RunTime:0.000079s ]
INFO: [ template_filter ] --END-- [ RunTime:-0.067185s ]
INFO: Run Behavior\ParseTemplateBehavior [ RunTime:0.003941s ]
INFO: [ view_parse ] --END-- [ RunTime:-0.001088s ]
INFO: [ view_filter ] --START--
INFO: Run Behavior\WriteHtmlCacheBehavior [ RunTime:0.000028s ]
INFO: [ view_filter ] --END-- [ RunTime:-0.004517s ]
INFO: [ app_end ] --START--
INFO: Run Behavior\ShowPageTraceBehavior [ RunTime:0.000952s ]
INFO: [ app_end ] --END-- [ RunTime:0.001061s ]

[ 2016-12-12T09:54:58+08:00 ] 127.0.0.1 /index.php/Home/Steward/houses.html
INFO: [ app_init ] --START--
INFO: Run Behavior\BuildLiteBehavior [ RunTime:0.000034s ]
INFO: [ app_init ] --END-- [ RunTime:0.000788s ]
INFO: [ app_begin ] --START--
INFO: Run Behavior\ReadHtmlCacheBehavior [ RunTime:0.000892s ]
INFO: [ app_begin ] --END-- [ RunTime:0.001019s ]
SQL: SHOW COLUMNS FROM `lewo_houses` [ RunTime:0.0059s ]
SQL: SHOW COLUMNS FROM `lewo_room` [ RunTime:0.0068s ]
SQL: SHOW COLUMNS FROM `lewo_area` [ RunTime:0.0061s ]
SQL: SELECT `id`,`area_id`,`steward_id`,`house_code`,`type`,`building`,`floor`,`door_no` FROM `lewo_houses` WHERE `steward_id` = 35 AND ( house_code LIKE '%%' OR area_name LIKE '%%' ) ORDER BY area_id desc, building desc,floor desc,door_no desc  [ RunTime:0.0009s ]
SQL: SELECT COUNT(*) AS tp_count FROM `lewo_room` WHERE `house_code` = '重庆测试01' AND `is_show` = 1 LIMIT 1   [ RunTime:0.0005s ]
SQL: SELECT COUNT(*) AS tp_count FROM `lewo_room` WHERE `house_code` = '重庆测试01' AND `is_show` = 1 AND `status` = 2 LIMIT 1   [ RunTime:0.0005s ]
SQL: SELECT `area_name` FROM `lewo_area` WHERE `id` = 38 LIMIT 1   [ RunTime:0.0005s ]
SQL: SELECT lewo_room.id,lewo_room.account_id,lewo_room.room_code,lewo_room.room_nickname,lewo_room.room_sort,lewo_room.room_type,lewo_room.bed_code,lewo_room.rent,lewo_room.status,lewo_room.is_show,lewo_account.realname,lewo_account.sex FROM `lewo_room` left JOIN lewo_account ON lewo_room.account_id=lewo_account.id  WHERE `house_code` = '重庆测试01' AND `is_show` = 1 ORDER BY room_sort asc  [ RunTime:0.0008s ]
INFO: [ view_parse ] --START--
INFO: [ template_filter ] --START--
INFO: Run Behavior\ContentReplaceBehavior [ RunTime:0.000140s ]
INFO: [ template_filter ] --END-- [ RunTime:0.000259s ]
INFO: Run Behavior\ParseTemplateBehavior [ RunTime:0.019514s ]
INFO: [ view_parse ] --END-- [ RunTime:0.019683s ]
INFO: [ view_filter ] --START--
INFO: Run Behavior\WriteHtmlCacheBehavior [ RunTime:0.000490s ]
INFO: [ view_filter ] --END-- [ RunTime:0.000595s ]
INFO: [ view_parse ] --START--
INFO: [ template_filter ] --START--
INFO: Run Behavior\ContentReplaceBehavior [ RunTime:0.000079s ]
INFO: [ template_filter ] --END-- [ RunTime:-0.007139s ]
INFO: Run Behavior\ParseTemplateBehavior [ RunTime:0.003757s ]
INFO: [ view_parse ] --END-- [ RunTime:-0.001046s ]
INFO: [ view_filter ] --START--
INFO: Run Behavior\WriteHtmlCacheBehavior [ RunTime:0.000030s ]
INFO: [ view_filter ] --END-- [ RunTime:-0.004320s ]
INFO: [ app_end ] --START--
INFO: Run Behavior\ShowPageTraceBehavior [ RunTime:0.000971s ]
INFO: [ app_end ] --END-- [ RunTime:0.001086s ]

[ 2016-12-12T09:55:00+08:00 ] 127.0.0.1 /index.php/Home/Steward/tenant_info/account_id/2389/room_id/781.html
INFO: [ app_init ] --START--
INFO: Run Behavior\BuildLiteBehavior [ RunTime:0.000040s ]
INFO: [ app_init ] --END-- [ RunTime:0.000904s ]
INFO: [ app_begin ] --START--
INFO: Run Behavior\ReadHtmlCacheBehavior [ RunTime:0.001948s ]
INFO: [ app_begin ] --END-- [ RunTime:0.002126s ]
SQL: SHOW COLUMNS FROM `lewo_account` [ RunTime:0.0087s ]
SQL: SHOW COLUMNS FROM `lewo_room` [ RunTime:0.0090s ]
SQL: SHOW COLUMNS FROM `lewo_houses` [ RunTime:0.0087s ]
SQL: SHOW COLUMNS FROM `lewo_area` [ RunTime:0.0086s ]
SQL: SELECT * FROM `lewo_account` WHERE `id` = 2389 LIMIT 1   [ RunTime:0.0021s ]
SQL: SELECT r.id,r.room_code,r.bed_code,h.building,h.floor,h.door_no,area.area_name FROM lewo_room r left JOIN lewo_houses h ON r.house_code=h.house_code left JOIN lewo_area area ON area.id=h.area_id  WHERE r.id = '781' LIMIT 1   [ RunTime:0.0026s ]
NOTIC: [8] Undefined variable: area_name G:\wamp2\www\lewo\lewo\Home\Controller\StewardController.class.php 第 362 行.
INFO: [ view_parse ] --START--
INFO: [ template_filter ] --START--
INFO: Run Behavior\ContentReplaceBehavior [ RunTime:0.000212s ]
INFO: [ template_filter ] --END-- [ RunTime:0.000370s ]
NOTIC: [8] Undefined variable: room_code G:\wamp2\www\lewo\lewo\Runtime\Cache\Home\3318eaaab3dfb7c31c61d65acd2ac28f.php 第 130 行.
INFO: Run Behavior\ParseTemplateBehavior [ RunTime:0.039189s ]
INFO: [ view_parse ] --END-- [ RunTime:0.039336s ]
INFO: [ view_filter ] --START--
INFO: Run Behavior\WriteHtmlCacheBehavior [ RunTime:0.000720s ]
INFO: [ view_filter ] --END-- [ RunTime:0.000876s ]
INFO: [ app_end ] --START--
INFO: Run Behavior\ShowPageTraceBehavior [ RunTime:0.001146s ]
INFO: [ app_end ] --END-- [ RunTime:0.001297s ]

[ 2016-12-12T09:55:29+08:00 ] 127.0.0.1 /index.php/Home/Steward/check_out/account_id/2389/room_id/781/type/2.html
INFO: [ app_init ] --START--
INFO: Run Behavior\BuildLiteBehavior [ RunTime:0.000047s ]
INFO: [ app_init ] --END-- [ RunTime:0.001238s ]
INFO: [ app_begin ] --START--
INFO: Run Behavior\ReadHtmlCacheBehavior [ RunTime:0.001500s ]
INFO: [ app_begin ] --END-- [ RunTime:0.001676s ]
SQL: SHOW COLUMNS FROM `lewo_account` [ RunTime:0.0059s ]
SQL: SHOW COLUMNS FROM `lewo_room` [ RunTime:0.0058s ]
SQL: SHOW COLUMNS FROM `lewo_schedule` [ RunTime:0.0057s ]
SQL: SHOW COLUMNS FROM `lewo_ammeter_house` [ RunTime:0.0090s ]
SQL: SHOW COLUMNS FROM `lewo_ammeter_room` [ RunTime:0.0099s ]
SQL: SHOW COLUMNS FROM `lewo_account` [ RunTime:0.0069s ]
SQL: SHOW COLUMNS FROM `lewo_room` [ RunTime:0.0072s ]
SQL: SELECT `id`,`mobile`,`email`,`sex`,`tag`,`birthday`,`register_time`,`avatar`,`address`,`zipcode`,`card_no`,`balance`,`realname`,`contact2` FROM `lewo_account` WHERE `id` = 2389 LIMIT 1   [ RunTime:0.0006s ]
SQL: SHOW COLUMNS FROM `lewo_houses` [ RunTime:0.0057s ]
SQL: SHOW COLUMNS FROM `lewo_admin_user` [ RunTime:0.0053s ]
SQL: SELECT * FROM `lewo_room` WHERE `id` = 781 LIMIT 1   [ RunTime:0.0006s ]
SQL: SELECT `area_id`,`address`,`floor`,`door_no`,`building`,`steward_id`,`address` FROM `lewo_houses` WHERE `house_code` = '重庆测试01' LIMIT 1   [ RunTime:0.0004s ]
SQL: SELECT `id`,`username`,`nickname`,`mobile` FROM `lewo_admin_user` WHERE `id` = 35 LIMIT 1   [ RunTime:0.0003s ]
SQL: SHOW COLUMNS FROM `lewo_area` [ RunTime:0.0060s ]
SQL: SELECT `area_name` FROM `lewo_area` WHERE `id` = 38 LIMIT 1   [ RunTime:0.0006s ]
SQL: SELECT `id`,`room_code` FROM `lewo_room` WHERE `house_id` = 302 AND `is_show` = 1  [ RunTime:0.0011s ]
INFO: [ view_parse ] --START--
INFO: [ template_filter ] --START--
INFO: Run Behavior\ContentReplaceBehavior [ RunTime:0.000280s ]
INFO: [ template_filter ] --END-- [ RunTime:0.000395s ]
INFO: Run Behavior\ParseTemplateBehavior [ RunTime:0.045148s ]
INFO: [ view_parse ] --END-- [ RunTime:0.045400s ]
INFO: [ view_filter ] --START--
INFO: Run Behavior\WriteHtmlCacheBehavior [ RunTime:0.000737s ]
INFO: [ view_filter ] --END-- [ RunTime:0.000918s ]
INFO: [ app_end ] --START--
INFO: Run Behavior\ShowPageTraceBehavior [ RunTime:0.000905s ]
INFO: [ app_end ] --END-- [ RunTime:0.001019s ]

[ 2016-12-12T17:04:04+08:00 ] 127.0.0.1 /index.php/Home/Steward/check_out/account_id/2389/room_id/781/type/2.html
INFO: [ app_init ] --START--
INFO: Run Behavior\BuildLiteBehavior [ RunTime:0.000031s ]
INFO: [ app_init ] --END-- [ RunTime:0.000854s ]
INFO: [ app_begin ] --START--
INFO: Run Behavior\ReadHtmlCacheBehavior [ RunTime:0.001235s ]
INFO: [ app_begin ] --END-- [ RunTime:0.001409s ]
SQL: SHOW COLUMNS FROM `lewo_admin_user` [ RunTime:0.0137s ]
SQL: SELECT * FROM `lewo_admin_user` WHERE `username` = '' AND `password` = 'd41d8cd98f00b204e9800998ecf8427e' LIMIT 1   [ RunTime:0.0024s ]
INFO: [ view_parse ] --START--
INFO: [ template_filter ] --START--
INFO: Run Behavior\ContentReplaceBehavior [ RunTime:0.001457s ]
INFO: [ template_filter ] --END-- [ RunTime:0.001587s ]
INFO: Run Behavior\ParseTemplateBehavior [ RunTime:0.065787s ]
INFO: [ view_parse ] --END-- [ RunTime:0.065935s ]
INFO: [ view_filter ] --START--
INFO: Run Behavior\WriteHtmlCacheBehavior [ RunTime:0.020937s ]
INFO: [ view_filter ] --END-- [ RunTime:0.021066s ]

[ 2016-12-12T17:04:07+08:00 ] 127.0.0.1 /index.php/Home/Steward/check_out/account_id/2389/room_id/781/type/2.html
INFO: [ app_init ] --START--
INFO: Run Behavior\BuildLiteBehavior [ RunTime:0.000027s ]
INFO: [ app_init ] --END-- [ RunTime:0.000686s ]
INFO: [ app_begin ] --START--
INFO: Run Behavior\ReadHtmlCacheBehavior [ RunTime:0.000862s ]
INFO: [ app_begin ] --END-- [ RunTime:0.000983s ]
INFO: [ view_parse ] --START--
INFO: [ template_filter ] --START--
INFO: Run Behavior\ContentReplaceBehavior [ RunTime:0.000093s ]
INFO: [ template_filter ] --END-- [ RunTime:0.000214s ]
INFO: Run Behavior\ParseTemplateBehavior [ RunTime:0.068464s ]
INFO: [ view_parse ] --END-- [ RunTime:0.068591s ]
INFO: [ view_filter ] --START--
INFO: Run Behavior\WriteHtmlCacheBehavior [ RunTime:0.000448s ]
INFO: [ view_filter ] --END-- [ RunTime:0.000553s ]

[ 2016-12-12T17:04:14+08:00 ] 127.0.0.1 /index.php/Home/Steward/login.html
INFO: [ app_init ] --START--
INFO: Run Behavior\BuildLiteBehavior [ RunTime:0.000029s ]
INFO: [ app_init ] --END-- [ RunTime:0.000695s ]
INFO: [ app_begin ] --START--
INFO: Run Behavior\ReadHtmlCacheBehavior [ RunTime:0.000912s ]
INFO: [ app_begin ] --END-- [ RunTime:0.001042s ]
SQL: SHOW COLUMNS FROM `lewo_admin_user` [ RunTime:0.0074s ]
SQL: SELECT * FROM `lewo_admin_user` WHERE `username` = 'lewoGJ' AND `password` = '233ffb4cc18ec70bbe332df5efb42662' LIMIT 1   [ RunTime:0.0006s ]

[ 2016-12-12T17:04:14+08:00 ] 127.0.0.1 /index.php/Home/Steward/index.html
INFO: [ app_init ] --START--
INFO: Run Behavior\BuildLiteBehavior [ RunTime:0.000044s ]
INFO: [ app_init ] --END-- [ RunTime:0.000966s ]
INFO: [ app_begin ] --START--
INFO: Run Behavior\ReadHtmlCacheBehavior [ RunTime:0.001429s ]
INFO: [ app_begin ] --END-- [ RunTime:0.001584s ]
SQL: SHOW COLUMNS FROM `lewo_schedule` [ RunTime:0.0069s ]
SQL: SELECT COUNT(*) AS tp_count FROM `lewo_schedule` WHERE `schedule_type` = 1 AND `is_finish` = 0 AND `steward_id` = 35 AND `admin_type` = 1 LIMIT 1   [ RunTime:0.0007s ]
SQL: SELECT COUNT(*) AS tp_count FROM `lewo_schedule` WHERE `schedule_type` = 2 AND `is_finish` = 0 AND `steward_id` = 35 AND `admin_type` = 1 LIMIT 1   [ RunTime:0.0007s ]
SQL: SELECT COUNT(*) AS tp_count FROM `lewo_schedule` WHERE `schedule_type` = 3 AND `is_finish` = 0 AND `steward_id` = 35 AND `admin_type` = 1 LIMIT 1   [ RunTime:0.0006s ]
SQL: SELECT COUNT(*) AS tp_count FROM `lewo_schedule` WHERE `schedule_type` = 4 AND `is_finish` = 0 AND `steward_id` = 35 AND `admin_type` = 1 LIMIT 1   [ RunTime:0.0006s ]
SQL: SHOW COLUMNS FROM `lewo_contract` [ RunTime:0.0132s ]
SQL: SELECT SUM(rent) AS tp_sum FROM `lewo_contract` WHERE `start_time` = '2016-12-12' LIMIT 1   [ RunTime:0.0068s ]
SQL: SELECT SUM(fee) AS tp_sum FROM `lewo_contract` WHERE `start_time` = '2016-12-12' LIMIT 1   [ RunTime:0.0020s ]
SQL: SELECT SUM(deposit) AS tp_sum FROM `lewo_contract` WHERE `start_time` = '2016-12-12' LIMIT 1   [ RunTime:0.0019s ]
SQL: SELECT SUM(rent) AS tp_sum FROM `lewo_contract` WHERE `start_time` = '2016-12-11' LIMIT 1   [ RunTime:0.0019s ]
SQL: SELECT SUM(fee) AS tp_sum FROM `lewo_contract` WHERE `start_time` = '2016-12-11' LIMIT 1   [ RunTime:0.0020s ]
SQL: SELECT SUM(deposit) AS tp_sum FROM `lewo_contract` WHERE `start_time` = '2016-12-11' LIMIT 1   [ RunTime:0.0016s ]
SQL: SELECT COUNT(*) AS tp_count FROM `lewo_contract` WHERE `start_time` = '2016-12-12' LIMIT 1   [ RunTime:0.0014s ]
SQL: SHOW COLUMNS FROM `lewo_schedule` [ RunTime:0.0073s ]
SQL: SELECT SUM(money) AS tp_sum FROM `lewo_schedule` WHERE `create_date` = '2016-12-12' AND `schedule_type` = 4 LIMIT 1   [ RunTime:0.0004s ]
SQL: SHOW COLUMNS FROM `lewo_room` [ RunTime:0.0073s ]
SQL: SELECT COUNT(*) AS tp_count FROM `lewo_room` WHERE `room_type` = 1 AND `is_show` = 1 LIMIT 1   [ RunTime:0.0043s ]
SQL: SELECT COUNT(*) AS tp_count FROM `lewo_room` WHERE `status` = 0 AND `room_type` = 1 AND `is_show` = 1 LIMIT 1   [ RunTime:0.0011s ]
SQL: SELECT COUNT(*) AS tp_count FROM `lewo_room` WHERE `room_type` = 2 AND `is_show` = 1 LIMIT 1   [ RunTime:0.0010s ]
SQL: SELECT COUNT(*) AS tp_count FROM `lewo_room` WHERE `status` = 0 AND `room_type` = 2 AND `is_show` = 1 LIMIT 1   [ RunTime:0.0010s ]
SQL: SHOW COLUMNS FROM `lewo_admin_user` [ RunTime:0.0064s ]
SQL: SELECT * FROM `lewo_admin_user` WHERE `id` = 35 LIMIT 1   [ RunTime:0.0015s ]
INFO: [ view_parse ] --START--
INFO: [ template_filter ] --START--
INFO: Run Behavior\ContentReplaceBehavior [ RunTime:0.000181s ]
INFO: [ template_filter ] --END-- [ RunTime:0.000359s ]
INFO: Run Behavior\ParseTemplateBehavior [ RunTime:0.085258s ]
INFO: [ view_parse ] --END-- [ RunTime:0.085435s ]
INFO: [ view_filter ] --START--
INFO: Run Behavior\WriteHtmlCacheBehavior [ RunTime:0.000924s ]
INFO: [ view_filter ] --END-- [ RunTime:0.001107s ]
INFO: [ app_end ] --START--
INFO: Run Behavior\ShowPageTraceBehavior [ RunTime:0.018673s ]
INFO: [ app_end ] --END-- [ RunTime:0.018822s ]

[ 2016-12-12T17:04:15+08:00 ] 127.0.0.1 /index.php/Home/Steward/houses.html
INFO: [ app_init ] --START--
INFO: Run Behavior\BuildLiteBehavior [ RunTime:0.000034s ]
INFO: [ app_init ] --END-- [ RunTime:0.000809s ]
INFO: [ app_begin ] --START--
INFO: Run Behavior\ReadHtmlCacheBehavior [ RunTime:0.001120s ]
INFO: [ app_begin ] --END-- [ RunTime:0.001275s ]
SQL: SHOW COLUMNS FROM `lewo_houses` [ RunTime:0.0145s ]
SQL: SHOW COLUMNS FROM `lewo_room` [ RunTime:0.0081s ]
SQL: SHOW COLUMNS FROM `lewo_area` [ RunTime:0.0089s ]
SQL: SELECT `id`,`area_id`,`steward_id`,`house_code`,`type`,`building`,`floor`,`door_no` FROM `lewo_houses` WHERE `steward_id` = 35 AND ( house_code LIKE '%%' OR area_name LIKE '%%' ) ORDER BY area_id desc, building desc,floor desc,door_no desc  [ RunTime:0.0047s ]
SQL: SELECT COUNT(*) AS tp_count FROM `lewo_room` WHERE `house_code` = '重庆测试01' AND `is_show` = 1 LIMIT 1   [ RunTime:0.0035s ]
SQL: SELECT COUNT(*) AS tp_count FROM `lewo_room` WHERE `house_code` = '重庆测试01' AND `is_show` = 1 AND `status` = 2 LIMIT 1   [ RunTime:0.0006s ]
SQL: SELECT `area_name` FROM `lewo_area` WHERE `id` = 38 LIMIT 1   [ RunTime:0.0012s ]
SQL: SELECT lewo_room.id,lewo_room.account_id,lewo_room.room_code,lewo_room.room_nickname,lewo_room.room_sort,lewo_room.room_type,lewo_room.bed_code,lewo_room.rent,lewo_room.status,lewo_room.is_show,lewo_account.realname,lewo_account.sex FROM `lewo_room` left JOIN lewo_account ON lewo_room.account_id=lewo_account.id  WHERE `house_code` = '重庆测试01' AND `is_show` = 1 ORDER BY room_sort asc  [ RunTime:0.0047s ]
INFO: [ view_parse ] --START--
INFO: [ template_filter ] --START--
INFO: Run Behavior\ContentReplaceBehavior [ RunTime:0.000153s ]
INFO: [ template_filter ] --END-- [ RunTime:0.000292s ]
INFO: Run Behavior\ParseTemplateBehavior [ RunTime:0.103191s ]
INFO: [ view_parse ] --END-- [ RunTime:0.103348s ]
INFO: [ view_filter ] --START--
INFO: Run Behavior\WriteHtmlCacheBehavior [ RunTime:0.000607s ]
INFO: [ view_filter ] --END-- [ RunTime:0.000743s ]
INFO: [ view_parse ] --START--
INFO: [ template_filter ] --START--
INFO: Run Behavior\ContentReplaceBehavior [ RunTime:0.000107s ]
INFO: [ template_filter ] --END-- [ RunTime:-0.040204s ]
INFO: Run Behavior\ParseTemplateBehavior [ RunTime:0.021598s ]
INFO: [ view_parse ] --END-- [ RunTime:-0.014314s ]
INFO: [ view_filter ] --START--
INFO: Run Behavior\WriteHtmlCacheBehavior [ RunTime:0.000033s ]
INFO: [ view_filter ] --END-- [ RunTime:-0.035318s ]
INFO: [ app_end ] --START--
INFO: Run Behavior\ShowPageTraceBehavior [ RunTime:0.001079s ]
INFO: [ app_end ] --END-- [ RunTime:0.001229s ]

[ 2016-12-12T17:04:18+08:00 ] 127.0.0.1 /index.php/Home/Steward/tenant_info/account_id/2389/room_id/781.html
INFO: [ app_init ] --START--
INFO: Run Behavior\BuildLiteBehavior [ RunTime:0.000028s ]
INFO: [ app_init ] --END-- [ RunTime:0.000699s ]
INFO: [ app_begin ] --START--
INFO: Run Behavior\ReadHtmlCacheBehavior [ RunTime:0.000924s ]
INFO: [ app_begin ] --END-- [ RunTime:0.001048s ]
SQL: SHOW COLUMNS FROM `lewo_account` [ RunTime:0.0099s ]
SQL: SHOW COLUMNS FROM `lewo_room` [ RunTime:0.0066s ]
SQL: SHOW COLUMNS FROM `lewo_houses` [ RunTime:0.0081s ]
SQL: SHOW COLUMNS FROM `lewo_area` [ RunTime:0.0066s ]
SQL: SELECT * FROM `lewo_account` WHERE `id` = 2389 LIMIT 1   [ RunTime:0.0011s ]
SQL: SELECT r.id,r.room_code,r.bed_code,h.building,h.floor,h.door_no,area.area_name FROM lewo_room r left JOIN lewo_houses h ON r.house_code=h.house_code left JOIN lewo_area area ON area.id=h.area_id  WHERE r.id = '781' LIMIT 1   [ RunTime:0.0013s ]
NOTIC: [8] Undefined variable: area_name G:\wamp2\www\lewo\lewo\Home\Controller\StewardController.class.php 第 362 行.
INFO: [ view_parse ] --START--
INFO: [ template_filter ] --START--
INFO: Run Behavior\ContentReplaceBehavior [ RunTime:0.000166s ]
INFO: [ template_filter ] --END-- [ RunTime:0.000280s ]
NOTIC: [8] Undefined variable: room_code G:\wamp2\www\lewo\lewo\Runtime\Cache\Home\3318eaaab3dfb7c31c61d65acd2ac28f.php 第 130 行.
INFO: Run Behavior\ParseTemplateBehavior [ RunTime:0.099279s ]
INFO: [ view_parse ] --END-- [ RunTime:0.099386s ]
INFO: [ view_filter ] --START--
INFO: Run Behavior\WriteHtmlCacheBehavior [ RunTime:0.000578s ]
INFO: [ view_filter ] --END-- [ RunTime:0.000683s ]
INFO: [ app_end ] --START--
INFO: Run Behavior\ShowPageTraceBehavior [ RunTime:0.001079s ]
INFO: [ app_end ] --END-- [ RunTime:0.001208s ]

[ 2016-12-12T17:04:21+08:00 ] 127.0.0.1 /index.php/Home/Steward/check_out/account_id/2389/room_id/781/type/2.html
INFO: [ app_init ] --START--
INFO: Run Behavior\BuildLiteBehavior [ RunTime:0.000026s ]
INFO: [ app_init ] --END-- [ RunTime:0.000623s ]
INFO: [ app_begin ] --START--
INFO: Run Behavior\ReadHtmlCacheBehavior [ RunTime:0.001225s ]
INFO: [ app_begin ] --END-- [ RunTime:0.001413s ]
SQL: SHOW COLUMNS FROM `lewo_account` [ RunTime:0.0071s ]
SQL: SHOW COLUMNS FROM `lewo_room` [ RunTime:0.0081s ]
SQL: SHOW COLUMNS FROM `lewo_schedule` [ RunTime:0.0071s ]
SQL: SHOW COLUMNS FROM `lewo_ammeter_house` [ RunTime:0.0092s ]
SQL: SHOW COLUMNS FROM `lewo_ammeter_room` [ RunTime:0.0074s ]
SQL: SHOW COLUMNS FROM `lewo_account` [ RunTime:0.0070s ]
SQL: SHOW COLUMNS FROM `lewo_room` [ RunTime:0.0090s ]
SQL: SELECT `id`,`mobile`,`email`,`sex`,`tag`,`birthday`,`register_time`,`avatar`,`address`,`zipcode`,`card_no`,`balance`,`realname`,`contact2` FROM `lewo_account` WHERE `id` = 2389 LIMIT 1   [ RunTime:0.0005s ]
SQL: SHOW COLUMNS FROM `lewo_houses` [ RunTime:0.0069s ]
SQL: SHOW COLUMNS FROM `lewo_admin_user` [ RunTime:0.0063s ]
SQL: SELECT * FROM `lewo_room` WHERE `id` = 781 LIMIT 1   [ RunTime:0.0006s ]
SQL: SELECT `area_id`,`address`,`floor`,`door_no`,`building`,`steward_id`,`address` FROM `lewo_houses` WHERE `house_code` = '重庆测试01' LIMIT 1   [ RunTime:0.0005s ]
SQL: SELECT `id`,`username`,`nickname`,`mobile` FROM `lewo_admin_user` WHERE `id` = 35 LIMIT 1   [ RunTime:0.0003s ]
SQL: SHOW COLUMNS FROM `lewo_area` [ RunTime:0.0076s ]
SQL: SELECT `area_name` FROM `lewo_area` WHERE `id` = 38 LIMIT 1   [ RunTime:0.0004s ]
SQL: SELECT `id`,`room_code` FROM `lewo_room` WHERE `house_id` = 302 AND `is_show` = 1  [ RunTime:0.0011s ]
INFO: [ view_parse ] --START--
INFO: [ template_filter ] --START--
INFO: Run Behavior\ContentReplaceBehavior [ RunTime:0.000220s ]
INFO: [ template_filter ] --END-- [ RunTime:0.000332s ]
INFO: Run Behavior\ParseTemplateBehavior [ RunTime:0.042579s ]
INFO: [ view_parse ] --END-- [ RunTime:0.042789s ]
INFO: [ view_filter ] --START--
INFO: Run Behavior\WriteHtmlCacheBehavior [ RunTime:0.000494s ]
INFO: [ view_filter ] --END-- [ RunTime:0.000611s ]
INFO: [ app_end ] --START--
INFO: Run Behavior\ShowPageTraceBehavior [ RunTime:0.000834s ]
INFO: [ app_end ] --END-- [ RunTime:0.000948s ]

[ 2016-12-12T17:04:26+08:00 ] 127.0.0.1 /index.php/Home/Steward/check_out/account_id/2389/room_id/781/type/3.html
INFO: [ app_init ] --START--
INFO: Run Behavior\BuildLiteBehavior [ RunTime:0.000030s ]
INFO: [ app_init ] --END-- [ RunTime:0.000858s ]
INFO: [ app_begin ] --START--
INFO: Run Behavior\ReadHtmlCacheBehavior [ RunTime:0.001183s ]
INFO: [ app_begin ] --END-- [ RunTime:0.001386s ]
SQL: SHOW COLUMNS FROM `lewo_account` [ RunTime:0.0069s ]
SQL: SHOW COLUMNS FROM `lewo_room` [ RunTime:0.0089s ]
SQL: SHOW COLUMNS FROM `lewo_schedule` [ RunTime:0.0070s ]
SQL: SHOW COLUMNS FROM `lewo_ammeter_house` [ RunTime:0.0062s ]
SQL: SHOW COLUMNS FROM `lewo_ammeter_room` [ RunTime:0.0070s ]
SQL: SHOW COLUMNS FROM `lewo_account` [ RunTime:0.0082s ]
SQL: SHOW COLUMNS FROM `lewo_room` [ RunTime:0.0073s ]
SQL: SELECT `id`,`mobile`,`email`,`sex`,`tag`,`birthday`,`register_time`,`avatar`,`address`,`zipcode`,`card_no`,`balance`,`realname`,`contact2` FROM `lewo_account` WHERE `id` = 2389 LIMIT 1   [ RunTime:0.0006s ]
SQL: SHOW COLUMNS FROM `lewo_houses` [ RunTime:0.0068s ]
SQL: SHOW COLUMNS FROM `lewo_admin_user` [ RunTime:0.0073s ]
SQL: SELECT * FROM `lewo_room` WHERE `id` = 781 LIMIT 1   [ RunTime:0.0007s ]
SQL: SELECT `area_id`,`address`,`floor`,`door_no`,`building`,`steward_id`,`address` FROM `lewo_houses` WHERE `house_code` = '重庆测试01' LIMIT 1   [ RunTime:0.0005s ]
SQL: SELECT `id`,`username`,`nickname`,`mobile` FROM `lewo_admin_user` WHERE `id` = 35 LIMIT 1   [ RunTime:0.0004s ]
SQL: SHOW COLUMNS FROM `lewo_area` [ RunTime:0.0075s ]
SQL: SELECT `area_name` FROM `lewo_area` WHERE `id` = 38 LIMIT 1   [ RunTime:0.0006s ]
SQL: SELECT `id`,`room_code` FROM `lewo_room` WHERE `house_id` = 302 AND `is_show` = 1  [ RunTime:0.0016s ]
INFO: [ view_parse ] --START--
INFO: [ template_filter ] --START--
INFO: Run Behavior\ContentReplaceBehavior [ RunTime:0.000354s ]
INFO: [ template_filter ] --END-- [ RunTime:0.000612s ]
INFO: Run Behavior\ParseTemplateBehavior [ RunTime:0.027920s ]
INFO: [ view_parse ] --END-- [ RunTime:0.028085s ]
INFO: [ view_filter ] --START--
INFO: Run Behavior\WriteHtmlCacheBehavior [ RunTime:0.000494s ]
INFO: [ view_filter ] --END-- [ RunTime:0.000621s ]
INFO: [ app_end ] --START--
INFO: Run Behavior\ShowPageTraceBehavior [ RunTime:0.000820s ]
INFO: [ app_end ] --END-- [ RunTime:0.000935s ]

[ 2016-12-12T17:05:54+08:00 ] 127.0.0.1 /index.php/Home/Steward/check_out/account_id/2389/room_id/781/type/3.html
INFO: [ app_init ] --START--
INFO: Run Behavior\BuildLiteBehavior [ RunTime:0.000034s ]
INFO: [ app_init ] --END-- [ RunTime:0.000830s ]
INFO: [ app_begin ] --START--
INFO: Run Behavior\ReadHtmlCacheBehavior [ RunTime:0.002377s ]
INFO: [ app_begin ] --END-- [ RunTime:0.002545s ]
SQL: SHOW COLUMNS FROM `lewo_account` [ RunTime:0.0090s ]
SQL: SHOW COLUMNS FROM `lewo_room` [ RunTime:0.0085s ]
SQL: SHOW COLUMNS FROM `lewo_schedule` [ RunTime:0.0082s ]
SQL: SHOW COLUMNS FROM `lewo_ammeter_house` [ RunTime:0.0080s ]
SQL: SHOW COLUMNS FROM `lewo_ammeter_room` [ RunTime:0.0094s ]
SQL: SHOW COLUMNS FROM `lewo_account` [ RunTime:0.0086s ]
SQL: SHOW COLUMNS FROM `lewo_room` [ RunTime:0.0088s ]
SQL: SELECT `id`,`mobile`,`email`,`sex`,`tag`,`birthday`,`register_time`,`avatar`,`address`,`zipcode`,`card_no`,`balance`,`realname`,`contact2` FROM `lewo_account` WHERE `id` = 2389 LIMIT 1   [ RunTime:0.0008s ]
SQL: SHOW COLUMNS FROM `lewo_houses` [ RunTime:0.0091s ]
SQL: SHOW COLUMNS FROM `lewo_admin_user` [ RunTime:0.0081s ]
SQL: SELECT * FROM `lewo_room` WHERE `id` = 781 LIMIT 1   [ RunTime:0.0008s ]
SQL: SELECT `area_id`,`address`,`floor`,`door_no`,`building`,`steward_id`,`address` FROM `lewo_houses` WHERE `house_code` = '重庆测试01' LIMIT 1   [ RunTime:0.0024s ]
SQL: SELECT `id`,`username`,`nickname`,`mobile` FROM `lewo_admin_user` WHERE `id` = 35 LIMIT 1   [ RunTime:0.0007s ]
SQL: SHOW COLUMNS FROM `lewo_area` [ RunTime:0.0076s ]
SQL: SELECT `area_name` FROM `lewo_area` WHERE `id` = 38 LIMIT 1   [ RunTime:0.0005s ]
SQL: SELECT `id`,`room_code` FROM `lewo_room` WHERE `house_id` = 302 AND `is_show` = 1  [ RunTime:0.0013s ]
INFO: [ view_parse ] --START--
INFO: [ template_filter ] --START--
INFO: Run Behavior\ContentReplaceBehavior [ RunTime:0.000285s ]
INFO: [ template_filter ] --END-- [ RunTime:0.000427s ]
INFO: Run Behavior\ParseTemplateBehavior [ RunTime:0.030946s ]
INFO: [ view_parse ] --END-- [ RunTime:0.031120s ]
INFO: [ view_filter ] --START--
INFO: Run Behavior\WriteHtmlCacheBehavior [ RunTime:0.000628s ]
INFO: [ view_filter ] --END-- [ RunTime:0.000790s ]
INFO: [ app_end ] --START--
INFO: Run Behavior\ShowPageTraceBehavior [ RunTime:0.001145s ]
INFO: [ app_end ] --END-- [ RunTime:0.001302s ]

[ 2016-12-12T17:05:57+08:00 ] 127.0.0.1 /index.php/Home/Steward/check_out/account_id/2389/room_id/781/type/3.html
INFO: [ app_init ] --START--
INFO: Run Behavior\BuildLiteBehavior [ RunTime:0.000039s ]
INFO: [ app_init ] --END-- [ RunTime:0.001054s ]
INFO: [ app_begin ] --START--
INFO: Run Behavior\ReadHtmlCacheBehavior [ RunTime:0.001387s ]
INFO: [ app_begin ] --END-- [ RunTime:0.001608s ]
SQL: SHOW COLUMNS FROM `lewo_account` [ RunTime:0.0085s ]
SQL: SHOW COLUMNS FROM `lewo_room` [ RunTime:0.0075s ]
SQL: SHOW COLUMNS FROM `lewo_schedule` [ RunTime:0.0072s ]
SQL: SHOW COLUMNS FROM `lewo_ammeter_house` [ RunTime:0.0066s ]
SQL: SHOW COLUMNS FROM `lewo_ammeter_room` [ RunTime:0.0073s ]
INFO: [ view_parse ] --START--
INFO: [ template_filter ] --START--
INFO: Run Behavior\ContentReplaceBehavior [ RunTime:0.000139s ]
INFO: [ template_filter ] --END-- [ RunTime:0.000334s ]
INFO: Run Behavior\ParseTemplateBehavior [ RunTime:0.013322s ]
INFO: [ view_parse ] --END-- [ RunTime:0.013523s ]
INFO: [ view_filter ] --START--
INFO: Run Behavior\WriteHtmlCacheBehavior [ RunTime:0.000704s ]
INFO: [ view_filter ] --END-- [ RunTime:0.000871s ]

[ 2016-12-12T17:05:59+08:00 ] 127.0.0.1 /index.php/Home/Steward/check_out/account_id/2389/room_id/781/type/3.html
INFO: [ app_init ] --START--
INFO: Run Behavior\BuildLiteBehavior [ RunTime:0.000034s ]
INFO: [ app_init ] --END-- [ RunTime:0.000965s ]
INFO: [ app_begin ] --START--
INFO: Run Behavior\ReadHtmlCacheBehavior [ RunTime:0.001127s ]
INFO: [ app_begin ] --END-- [ RunTime:0.001295s ]
SQL: SHOW COLUMNS FROM `lewo_account` [ RunTime:0.0082s ]
SQL: SHOW COLUMNS FROM `lewo_room` [ RunTime:0.0085s ]
SQL: SHOW COLUMNS FROM `lewo_schedule` [ RunTime:0.0091s ]
SQL: SHOW COLUMNS FROM `lewo_ammeter_house` [ RunTime:0.0079s ]
SQL: SHOW COLUMNS FROM `lewo_ammeter_room` [ RunTime:0.0077s ]
SQL: SHOW COLUMNS FROM `lewo_account` [ RunTime:0.0087s ]
SQL: SHOW COLUMNS FROM `lewo_room` [ RunTime:0.0087s ]
SQL: SELECT `id`,`mobile`,`email`,`sex`,`tag`,`birthday`,`register_time`,`avatar`,`address`,`zipcode`,`card_no`,`balance`,`realname`,`contact2` FROM `lewo_account` WHERE `id` = 2389 LIMIT 1   [ RunTime:0.0016s ]
SQL: SHOW COLUMNS FROM `lewo_houses` [ RunTime:0.0089s ]
SQL: SHOW COLUMNS FROM `lewo_admin_user` [ RunTime:0.0077s ]
SQL: SELECT * FROM `lewo_room` WHERE `id` = 781 LIMIT 1   [ RunTime:0.0011s ]
SQL: SELECT `area_id`,`address`,`floor`,`door_no`,`building`,`steward_id`,`address` FROM `lewo_houses` WHERE `house_code` = '重庆测试01' LIMIT 1   [ RunTime:0.0006s ]
SQL: SELECT `id`,`username`,`nickname`,`mobile` FROM `lewo_admin_user` WHERE `id` = 35 LIMIT 1   [ RunTime:0.0014s ]
SQL: SHOW COLUMNS FROM `lewo_area` [ RunTime:0.0076s ]
SQL: SELECT `area_name` FROM `lewo_area` WHERE `id` = 38 LIMIT 1   [ RunTime:0.0007s ]
SQL: SELECT `id`,`room_code` FROM `lewo_room` WHERE `house_id` = 302 AND `is_show` = 1  [ RunTime:0.0014s ]
INFO: [ view_parse ] --START--
INFO: [ template_filter ] --START--
INFO: Run Behavior\ContentReplaceBehavior [ RunTime:0.000326s ]
INFO: [ template_filter ] --END-- [ RunTime:0.000539s ]
INFO: Run Behavior\ParseTemplateBehavior [ RunTime:0.037261s ]
INFO: [ view_parse ] --END-- [ RunTime:0.037443s ]
INFO: [ view_filter ] --START--
INFO: Run Behavior\WriteHtmlCacheBehavior [ RunTime:0.000656s ]
INFO: [ view_filter ] --END-- [ RunTime:0.000790s ]
INFO: [ app_end ] --START--
INFO: Run Behavior\ShowPageTraceBehavior [ RunTime:0.001701s ]
INFO: [ app_end ] --END-- [ RunTime:0.001869s ]

[ 2016-12-12T17:06:12+08:00 ] 127.0.0.1 /index.php/Home/Steward/check_out/account_id/2389/room_id/781/type/3.html
INFO: [ app_init ] --START--
INFO: Run Behavior\BuildLiteBehavior [ RunTime:0.000064s ]
INFO: [ app_init ] --END-- [ RunTime:0.001220s ]
INFO: [ app_begin ] --START--
INFO: Run Behavior\ReadHtmlCacheBehavior [ RunTime:0.000858s ]
INFO: [ app_begin ] --END-- [ RunTime:0.000987s ]
SQL: SHOW COLUMNS FROM `lewo_account` [ RunTime:0.0079s ]
SQL: SHOW COLUMNS FROM `lewo_room` [ RunTime:0.0079s ]
SQL: SHOW COLUMNS FROM `lewo_schedule` [ RunTime:0.0069s ]
SQL: SHOW COLUMNS FROM `lewo_ammeter_house` [ RunTime:0.0063s ]
SQL: SHOW COLUMNS FROM `lewo_ammeter_room` [ RunTime:0.0074s ]
NOTIC: [2] array_keys() expects parameter 1 to be array, null given G:\wamp2\www\lewo\lewo\Home\Controller\StewardController.class.php 第 801 行.
NOTIC: [2] array_fill_keys() expects parameter 1 to be array, null given G:\wamp2\www\lewo\lewo\Home\Controller\StewardController.class.php 第 801 行.
NOTIC: [2] array_replace(): Argument #1 is not an array G:\wamp2\www\lewo\lewo\Home\Controller\StewardController.class.php 第 803 行.
SQL: SELECT h.id FROM lewo_room r INNER JOIN lewo_houses h ON r.house_code=h.house_code  WHERE r.id = '781' LIMIT 1   [ RunTime:0.0005s ]
SQL: SELECT `house_id`,`input_month`,`input_year`,`total_water`,`total_energy`,`total_gas` FROM `lewo_ammeter_house` WHERE `house_id` = 302 ORDER BY input_month desc,input_year desc LIMIT 1   [ RunTime:0.0063s ]
INFO: [ view_parse ] --START--
INFO: [ template_filter ] --START--
INFO: Run Behavior\ContentReplaceBehavior [ RunTime:0.000087s ]
INFO: [ template_filter ] --END-- [ RunTime:0.000199s ]
INFO: Run Behavior\ParseTemplateBehavior [ RunTime:0.009874s ]
INFO: [ view_parse ] --END-- [ RunTime:0.010028s ]
INFO: [ view_filter ] --START--
INFO: Run Behavior\WriteHtmlCacheBehavior [ RunTime:0.000517s ]
INFO: [ view_filter ] --END-- [ RunTime:0.000629s ]

[ 2016-12-12T17:06:15+08:00 ] 127.0.0.1 /index.php/Home/Steward/check_out/account_id/2389/room_id/781/type/3.html
INFO: [ app_init ] --START--
INFO: Run Behavior\BuildLiteBehavior [ RunTime:0.000030s ]
INFO: [ app_init ] --END-- [ RunTime:0.000831s ]
INFO: [ app_begin ] --START--
INFO: Run Behavior\ReadHtmlCacheBehavior [ RunTime:0.001154s ]
INFO: [ app_begin ] --END-- [ RunTime:0.001327s ]
SQL: SHOW COLUMNS FROM `lewo_account` [ RunTime:0.0074s ]
SQL: SHOW COLUMNS FROM `lewo_room` [ RunTime:0.0072s ]
SQL: SHOW COLUMNS FROM `lewo_schedule` [ RunTime:0.0069s ]
SQL: SHOW COLUMNS FROM `lewo_ammeter_house` [ RunTime:0.0073s ]
SQL: SHOW COLUMNS FROM `lewo_ammeter_room` [ RunTime:0.0069s ]
SQL: SHOW COLUMNS FROM `lewo_account` [ RunTime:0.0084s ]
SQL: SHOW COLUMNS FROM `lewo_room` [ RunTime:0.0069s ]
SQL: SELECT `id`,`mobile`,`email`,`sex`,`tag`,`birthday`,`register_time`,`avatar`,`address`,`zipcode`,`card_no`,`balance`,`realname`,`contact2` FROM `lewo_account` WHERE `id` = 2389 LIMIT 1   [ RunTime:0.0006s ]
SQL: SHOW COLUMNS FROM `lewo_houses` [ RunTime:0.0083s ]
SQL: SHOW COLUMNS FROM `lewo_admin_user` [ RunTime:0.0065s ]
SQL: SELECT * FROM `lewo_room` WHERE `id` = 781 LIMIT 1   [ RunTime:0.0006s ]
SQL: SELECT `area_id`,`address`,`floor`,`door_no`,`building`,`steward_id`,`address` FROM `lewo_houses` WHERE `house_code` = '重庆测试01' LIMIT 1   [ RunTime:0.0004s ]
SQL: SELECT `id`,`username`,`nickname`,`mobile` FROM `lewo_admin_user` WHERE `id` = 35 LIMIT 1   [ RunTime:0.0005s ]
SQL: SHOW COLUMNS FROM `lewo_area` [ RunTime:0.0089s ]
SQL: SELECT `area_name` FROM `lewo_area` WHERE `id` = 38 LIMIT 1   [ RunTime:0.0004s ]
SQL: SELECT `id`,`room_code` FROM `lewo_room` WHERE `house_id` = 302 AND `is_show` = 1  [ RunTime:0.0011s ]
INFO: [ view_parse ] --START--
INFO: [ template_filter ] --START--
INFO: Run Behavior\ContentReplaceBehavior [ RunTime:0.000265s ]
INFO: [ template_filter ] --END-- [ RunTime:0.000418s ]
INFO: Run Behavior\ParseTemplateBehavior [ RunTime:0.026494s ]
INFO: [ view_parse ] --END-- [ RunTime:0.026681s ]
INFO: [ view_filter ] --START--
INFO: Run Behavior\WriteHtmlCacheBehavior [ RunTime:0.000659s ]
INFO: [ view_filter ] --END-- [ RunTime:0.000800s ]
INFO: [ app_end ] --START--
INFO: Run Behavior\ShowPageTraceBehavior [ RunTime:0.001081s ]
INFO: [ app_end ] --END-- [ RunTime:0.001201s ]

[ 2016-12-12T17:06:30+08:00 ] 127.0.0.1 /index.php/Home/Steward/check_out/account_id/2389/room_id/781/type/3.html
INFO: [ app_init ] --START--
INFO: Run Behavior\BuildLiteBehavior [ RunTime:0.000055s ]
INFO: [ app_init ] --END-- [ RunTime:0.001128s ]
INFO: [ app_begin ] --START--
INFO: Run Behavior\ReadHtmlCacheBehavior [ RunTime:0.001924s ]
INFO: [ app_begin ] --END-- [ RunTime:0.002118s ]
SQL: SHOW COLUMNS FROM `lewo_account` [ RunTime:0.0100s ]
SQL: SHOW COLUMNS FROM `lewo_room` [ RunTime:0.0067s ]
SQL: SHOW COLUMNS FROM `lewo_schedule` [ RunTime:0.0067s ]
SQL: SHOW COLUMNS FROM `lewo_ammeter_house` [ RunTime:0.0073s ]
SQL: SHOW COLUMNS FROM `lewo_ammeter_room` [ RunTime:0.0070s ]
NOTIC: [2] array_keys() expects parameter 1 to be array, null given G:\wamp2\www\lewo\lewo\Home\Controller\StewardController.class.php 第 801 行.
NOTIC: [2] array_fill_keys() expects parameter 1 to be array, null given G:\wamp2\www\lewo\lewo\Home\Controller\StewardController.class.php 第 801 行.
NOTIC: [2] array_replace(): Argument #1 is not an array G:\wamp2\www\lewo\lewo\Home\Controller\StewardController.class.php 第 803 行.
SQL: SELECT h.id FROM lewo_room r INNER JOIN lewo_houses h ON r.house_code=h.house_code  WHERE r.id = '781' LIMIT 1   [ RunTime:0.0005s ]
SQL: SELECT `house_id`,`input_month`,`input_year`,`total_water`,`total_energy`,`total_gas` FROM `lewo_ammeter_house` WHERE `house_id` = 302 ORDER BY input_month desc,input_year desc LIMIT 1   [ RunTime:0.0016s ]
SQL: SELECT * FROM `lewo_ammeter_room` WHERE `room_id` = 781 AND `status` = 1 ORDER BY input_year desc , input_month desc LIMIT 1   [ RunTime:0.0134s ]
SQL: SELECT * FROM `lewo_ammeter_room` WHERE `room_id` = 782 AND `status` = 1 ORDER BY input_year desc , input_month desc LIMIT 1   [ RunTime:0.0082s ]
SQL: SELECT * FROM `lewo_ammeter_room` WHERE `room_id` = 783 AND `status` = 1 ORDER BY input_year desc , input_month desc LIMIT 1   [ RunTime:0.0070s ]
NOTIC: [2] Missing argument 1 for I(), called in G:\wamp2\www\lewo\lewo\Home\Controller\StewardController.class.php on line 827 and defined G:\wamp2\www\lewo\ThinkPHP\Common\functions.php 第 271 行.
NOTIC: [8] Undefined variable: name G:\wamp2\www\lewo\ThinkPHP\Common\functions.php 第 273 行.
NOTIC: [8] Undefined variable: name G:\wamp2\www\lewo\ThinkPHP\Common\functions.php 第 278 行.
NOTIC: [8] Undefined variable: name G:\wamp2\www\lewo\ThinkPHP\Common\functions.php 第 339 行.

[ 2016-12-12T17:06:58+08:00 ] 127.0.0.1 /index.php/Home/Steward/check_out/account_id/2389/room_id/781/type/3.html
INFO: [ app_init ] --START--
INFO: Run Behavior\BuildLiteBehavior [ RunTime:0.000036s ]
INFO: [ app_init ] --END-- [ RunTime:0.000908s ]
INFO: [ app_begin ] --START--
INFO: Run Behavior\ReadHtmlCacheBehavior [ RunTime:0.001016s ]
INFO: [ app_begin ] --END-- [ RunTime:0.001278s ]
SQL: SHOW COLUMNS FROM `lewo_account` [ RunTime:0.0072s ]
SQL: SHOW COLUMNS FROM `lewo_room` [ RunTime:0.0070s ]
SQL: SHOW COLUMNS FROM `lewo_schedule` [ RunTime:0.0075s ]
SQL: SHOW COLUMNS FROM `lewo_ammeter_house` [ RunTime:0.0078s ]
SQL: SHOW COLUMNS FROM `lewo_ammeter_room` [ RunTime:0.0061s ]
NOTIC: [2] array_keys() expects parameter 1 to be array, null given G:\wamp2\www\lewo\lewo\Home\Controller\StewardController.class.php 第 801 行.
NOTIC: [2] array_fill_keys() expects parameter 1 to be array, null given G:\wamp2\www\lewo\lewo\Home\Controller\StewardController.class.php 第 801 行.
NOTIC: [2] array_replace(): Argument #1 is not an array G:\wamp2\www\lewo\lewo\Home\Controller\StewardController.class.php 第 803 行.
SQL: SELECT h.id FROM lewo_room r INNER JOIN lewo_houses h ON r.house_code=h.house_code  WHERE r.id = '781' LIMIT 1   [ RunTime:0.0004s ]
SQL: SELECT `house_id`,`input_month`,`input_year`,`total_water`,`total_energy`,`total_gas` FROM `lewo_ammeter_house` WHERE `house_id` = 302 ORDER BY input_month desc,input_year desc LIMIT 1   [ RunTime:0.0016s ]
SQL: SELECT * FROM `lewo_ammeter_room` WHERE `room_id` = 781 AND `status` = 1 ORDER BY input_year desc , input_month desc LIMIT 1   [ RunTime:0.0071s ]
SQL: SELECT * FROM `lewo_ammeter_room` WHERE `room_id` = 782 AND `status` = 1 ORDER BY input_year desc , input_month desc LIMIT 1   [ RunTime:0.0073s ]
SQL: SELECT * FROM `lewo_ammeter_room` WHERE `room_id` = 783 AND `status` = 1 ORDER BY input_year desc , input_month desc LIMIT 1   [ RunTime:0.0076s ]
NOTIC: [2] Missing argument 1 for I(), called in G:\wamp2\www\lewo\lewo\Home\Controller\StewardController.class.php on line 827 and defined G:\wamp2\www\lewo\ThinkPHP\Common\functions.php 第 271 行.
NOTIC: [8] Undefined variable: name G:\wamp2\www\lewo\ThinkPHP\Common\functions.php 第 273 行.
NOTIC: [8] Undefined variable: name G:\wamp2\www\lewo\ThinkPHP\Common\functions.php 第 278 行.
NOTIC: [8] Undefined variable: name G:\wamp2\www\lewo\ThinkPHP\Common\functions.php 第 339 行.

[ 2016-12-12T17:07:00+08:00 ] 127.0.0.1 /index.php/Home/Steward/check_out/account_id/2389/room_id/781/type/3.html
INFO: [ app_init ] --START--
INFO: Run Behavior\BuildLiteBehavior [ RunTime:0.000027s ]
INFO: [ app_init ] --END-- [ RunTime:0.000714s ]
INFO: [ app_begin ] --START--
INFO: Run Behavior\ReadHtmlCacheBehavior [ RunTime:0.000817s ]
INFO: [ app_begin ] --END-- [ RunTime:0.000943s ]
SQL: SHOW COLUMNS FROM `lewo_account` [ RunTime:0.0076s ]
SQL: SHOW COLUMNS FROM `lewo_room` [ RunTime:0.0070s ]
SQL: SHOW COLUMNS FROM `lewo_schedule` [ RunTime:0.0068s ]
SQL: SHOW COLUMNS FROM `lewo_ammeter_house` [ RunTime:0.0076s ]
SQL: SHOW COLUMNS FROM `lewo_ammeter_room` [ RunTime:0.0068s ]
NOTIC: [2] array_keys() expects parameter 1 to be array, null given G:\wamp2\www\lewo\lewo\Home\Controller\StewardController.class.php 第 801 行.
NOTIC: [2] array_fill_keys() expects parameter 1 to be array, null given G:\wamp2\www\lewo\lewo\Home\Controller\StewardController.class.php 第 801 行.
NOTIC: [2] array_replace(): Argument #1 is not an array G:\wamp2\www\lewo\lewo\Home\Controller\StewardController.class.php 第 803 行.
SQL: SELECT h.id FROM lewo_room r INNER JOIN lewo_houses h ON r.house_code=h.house_code  WHERE r.id = '781' LIMIT 1   [ RunTime:0.0005s ]
SQL: SELECT `house_id`,`input_month`,`input_year`,`total_water`,`total_energy`,`total_gas` FROM `lewo_ammeter_house` WHERE `house_id` = 302 ORDER BY input_month desc,input_year desc LIMIT 1   [ RunTime:0.0016s ]
SQL: SELECT * FROM `lewo_ammeter_room` WHERE `room_id` = 781 AND `status` = 1 ORDER BY input_year desc , input_month desc LIMIT 1   [ RunTime:0.0071s ]
SQL: SELECT * FROM `lewo_ammeter_room` WHERE `room_id` = 782 AND `status` = 1 ORDER BY input_year desc , input_month desc LIMIT 1   [ RunTime:0.0075s ]
SQL: SELECT * FROM `lewo_ammeter_room` WHERE `room_id` = 783 AND `status` = 1 ORDER BY input_year desc , input_month desc LIMIT 1   [ RunTime:0.0070s ]
NOTIC: [2] Missing argument 1 for I(), called in G:\wamp2\www\lewo\lewo\Home\Controller\StewardController.class.php on line 827 and defined G:\wamp2\www\lewo\ThinkPHP\Common\functions.php 第 271 行.
NOTIC: [8] Undefined variable: name G:\wamp2\www\lewo\ThinkPHP\Common\functions.php 第 273 行.
NOTIC: [8] Undefined variable: name G:\wamp2\www\lewo\ThinkPHP\Common\functions.php 第 278 行.
NOTIC: [8] Undefined variable: name G:\wamp2\www\lewo\ThinkPHP\Common\functions.php 第 339 行.

[ 2016-12-12T17:09:08+08:00 ] 127.0.0.1 /index.php/Home/Steward/check_out/account_id/2389/room_id/781/type/3.html
INFO: [ app_init ] --START--
INFO: Run Behavior\BuildLiteBehavior [ RunTime:0.000036s ]
INFO: [ app_init ] --END-- [ RunTime:0.000925s ]
INFO: [ app_begin ] --START--
INFO: Run Behavior\ReadHtmlCacheBehavior [ RunTime:0.000865s ]
INFO: [ app_begin ] --END-- [ RunTime:0.000990s ]
SQL: SHOW COLUMNS FROM `lewo_account` [ RunTime:0.0086s ]
SQL: SHOW COLUMNS FROM `lewo_room` [ RunTime:0.0071s ]
SQL: SHOW COLUMNS FROM `lewo_schedule` [ RunTime:0.0075s ]
SQL: SHOW COLUMNS FROM `lewo_ammeter_house` [ RunTime:0.0069s ]
SQL: SHOW COLUMNS FROM `lewo_ammeter_room` [ RunTime:0.0073s ]
SQL: SHOW COLUMNS FROM `lewo_account` [ RunTime:0.0093s ]
SQL: SHOW COLUMNS FROM `lewo_room` [ RunTime:0.0071s ]
SQL: SELECT `id`,`mobile`,`email`,`sex`,`tag`,`birthday`,`register_time`,`avatar`,`address`,`zipcode`,`card_no`,`balance`,`realname`,`contact2` FROM `lewo_account` WHERE `id` = 2389 LIMIT 1   [ RunTime:0.0006s ]
SQL: SHOW COLUMNS FROM `lewo_houses` [ RunTime:0.0088s ]
SQL: SHOW COLUMNS FROM `lewo_admin_user` [ RunTime:0.0070s ]
SQL: SELECT * FROM `lewo_room` WHERE `id` = 781 LIMIT 1   [ RunTime:0.0006s ]
SQL: SELECT `area_id`,`address`,`floor`,`door_no`,`building`,`steward_id`,`address` FROM `lewo_houses` WHERE `house_code` = '重庆测试01' LIMIT 1   [ RunTime:0.0007s ]
SQL: SELECT `id`,`username`,`nickname`,`mobile` FROM `lewo_admin_user` WHERE `id` = 35 LIMIT 1   [ RunTime:0.0007s ]
SQL: SHOW COLUMNS FROM `lewo_area` [ RunTime:0.0067s ]
SQL: SELECT `area_name` FROM `lewo_area` WHERE `id` = 38 LIMIT 1   [ RunTime:0.0003s ]
SQL: SELECT `id`,`room_code` FROM `lewo_room` WHERE `house_id` = 302 AND `is_show` = 1  [ RunTime:0.0014s ]
INFO: [ view_parse ] --START--
INFO: [ template_filter ] --START--
INFO: Run Behavior\ContentReplaceBehavior [ RunTime:0.000224s ]
INFO: [ template_filter ] --END-- [ RunTime:0.000334s ]
INFO: Run Behavior\ParseTemplateBehavior [ RunTime:0.026056s ]
INFO: [ view_parse ] --END-- [ RunTime:0.026197s ]
INFO: [ view_filter ] --START--
INFO: Run Behavior\WriteHtmlCacheBehavior [ RunTime:0.000586s ]
INFO: [ view_filter ] --END-- [ RunTime:0.000694s ]
INFO: [ app_end ] --START--
INFO: Run Behavior\ShowPageTraceBehavior [ RunTime:0.000867s ]
INFO: [ app_end ] --END-- [ RunTime:0.000980s ]

[ 2016-12-12T17:09:09+08:00 ] 127.0.0.1 /index.php/Home/Steward/check_out/account_id/2389/room_id/781/type/3.html
INFO: [ app_init ] --START--
INFO: Run Behavior\BuildLiteBehavior [ RunTime:0.000039s ]
INFO: [ app_init ] --END-- [ RunTime:0.001104s ]
INFO: [ app_begin ] --START--
INFO: Run Behavior\ReadHtmlCacheBehavior [ RunTime:0.001013s ]
INFO: [ app_begin ] --END-- [ RunTime:0.001171s ]
SQL: SHOW COLUMNS FROM `lewo_account` [ RunTime:0.0076s ]
SQL: SHOW COLUMNS FROM `lewo_room` [ RunTime:0.0087s ]
SQL: SHOW COLUMNS FROM `lewo_schedule` [ RunTime:0.0084s ]
SQL: SHOW COLUMNS FROM `lewo_ammeter_house` [ RunTime:0.0071s ]
SQL: SHOW COLUMNS FROM `lewo_ammeter_room` [ RunTime:0.0081s ]
SQL: SHOW COLUMNS FROM `lewo_account` [ RunTime:0.0078s ]
SQL: SHOW COLUMNS FROM `lewo_room` [ RunTime:0.0073s ]
SQL: SELECT `id`,`mobile`,`email`,`sex`,`tag`,`birthday`,`register_time`,`avatar`,`address`,`zipcode`,`card_no`,`balance`,`realname`,`contact2` FROM `lewo_account` WHERE `id` = 2389 LIMIT 1   [ RunTime:0.0006s ]
SQL: SHOW COLUMNS FROM `lewo_houses` [ RunTime:0.0079s ]
SQL: SHOW COLUMNS FROM `lewo_admin_user` [ RunTime:0.0084s ]
SQL: SELECT * FROM `lewo_room` WHERE `id` = 781 LIMIT 1   [ RunTime:0.0009s ]
SQL: SELECT `area_id`,`address`,`floor`,`door_no`,`building`,`steward_id`,`address` FROM `lewo_houses` WHERE `house_code` = '重庆测试01' LIMIT 1   [ RunTime:0.0007s ]
SQL: SELECT `id`,`username`,`nickname`,`mobile` FROM `lewo_admin_user` WHERE `id` = 35 LIMIT 1   [ RunTime:0.0006s ]
SQL: SHOW COLUMNS FROM `lewo_area` [ RunTime:0.0064s ]
SQL: SELECT `area_name` FROM `lewo_area` WHERE `id` = 38 LIMIT 1   [ RunTime:0.0005s ]
SQL: SELECT `id`,`room_code` FROM `lewo_room` WHERE `house_id` = 302 AND `is_show` = 1  [ RunTime:0.0012s ]
INFO: [ view_parse ] --START--
INFO: [ template_filter ] --START--
INFO: Run Behavior\ContentReplaceBehavior [ RunTime:0.000256s ]
INFO: [ template_filter ] --END-- [ RunTime:0.000402s ]
INFO: Run Behavior\ParseTemplateBehavior [ RunTime:0.025768s ]
INFO: [ view_parse ] --END-- [ RunTime:0.025906s ]
INFO: [ view_filter ] --START--
INFO: Run Behavior\WriteHtmlCacheBehavior [ RunTime:0.000648s ]
INFO: [ view_filter ] --END-- [ RunTime:0.000822s ]
INFO: [ app_end ] --START--
INFO: Run Behavior\ShowPageTraceBehavior [ RunTime:0.001075s ]
INFO: [ app_end ] --END-- [ RunTime:0.001214s ]

[ 2016-12-12T17:09:13+08:00 ] 127.0.0.1 /index.php/Home/Steward/check_out/account_id/2389/room_id/781/type/2.html
INFO: [ app_init ] --START--
INFO: Run Behavior\BuildLiteBehavior [ RunTime:0.000029s ]
INFO: [ app_init ] --END-- [ RunTime:0.000820s ]
INFO: [ app_begin ] --START--
INFO: Run Behavior\ReadHtmlCacheBehavior [ RunTime:0.000909s ]
INFO: [ app_begin ] --END-- [ RunTime:0.001028s ]
SQL: SHOW COLUMNS FROM `lewo_account` [ RunTime:0.0102s ]
SQL: SHOW COLUMNS FROM `lewo_room` [ RunTime:0.0070s ]
SQL: SHOW COLUMNS FROM `lewo_schedule` [ RunTime:0.0068s ]
SQL: SHOW COLUMNS FROM `lewo_ammeter_house` [ RunTime:0.0072s ]
SQL: SHOW COLUMNS FROM `lewo_ammeter_room` [ RunTime:0.0075s ]
SQL: SHOW COLUMNS FROM `lewo_account` [ RunTime:0.0071s ]
SQL: SHOW COLUMNS FROM `lewo_room` [ RunTime:0.0076s ]
SQL: SELECT `id`,`mobile`,`email`,`sex`,`tag`,`birthday`,`register_time`,`avatar`,`address`,`zipcode`,`card_no`,`balance`,`realname`,`contact2` FROM `lewo_account` WHERE `id` = 2389 LIMIT 1   [ RunTime:0.0009s ]
SQL: SHOW COLUMNS FROM `lewo_houses` [ RunTime:0.0071s ]
SQL: SHOW COLUMNS FROM `lewo_admin_user` [ RunTime:0.0078s ]
SQL: SELECT * FROM `lewo_room` WHERE `id` = 781 LIMIT 1   [ RunTime:0.0006s ]
SQL: SELECT `area_id`,`address`,`floor`,`door_no`,`building`,`steward_id`,`address` FROM `lewo_houses` WHERE `house_code` = '重庆测试01' LIMIT 1   [ RunTime:0.0004s ]
SQL: SELECT `id`,`username`,`nickname`,`mobile` FROM `lewo_admin_user` WHERE `id` = 35 LIMIT 1   [ RunTime:0.0004s ]
SQL: SHOW COLUMNS FROM `lewo_area` [ RunTime:0.0095s ]
SQL: SELECT `area_name` FROM `lewo_area` WHERE `id` = 38 LIMIT 1   [ RunTime:0.0004s ]
SQL: SELECT `id`,`room_code` FROM `lewo_room` WHERE `house_id` = 302 AND `is_show` = 1  [ RunTime:0.0011s ]
INFO: [ view_parse ] --START--
INFO: [ template_filter ] --START--
INFO: Run Behavior\ContentReplaceBehavior [ RunTime:0.000223s ]
INFO: [ template_filter ] --END-- [ RunTime:0.000343s ]
INFO: Run Behavior\ParseTemplateBehavior [ RunTime:0.024547s ]
INFO: [ view_parse ] --END-- [ RunTime:0.024696s ]
INFO: [ view_filter ] --START--
INFO: Run Behavior\WriteHtmlCacheBehavior [ RunTime:0.000605s ]
INFO: [ view_filter ] --END-- [ RunTime:0.000711s ]
INFO: [ app_end ] --START--
INFO: Run Behavior\ShowPageTraceBehavior [ RunTime:0.000957s ]
INFO: [ app_end ] --END-- [ RunTime:0.001098s ]

[ 2016-12-12T17:09:39+08:00 ] 127.0.0.1 /index.php/Home/Steward/check_out/account_id/2389/room_id/781/type/2.html
INFO: [ app_init ] --START--
INFO: Run Behavior\BuildLiteBehavior [ RunTime:0.000028s ]
INFO: [ app_init ] --END-- [ RunTime:0.000608s ]
INFO: [ app_begin ] --START--
INFO: Run Behavior\ReadHtmlCacheBehavior [ RunTime:0.000776s ]
INFO: [ app_begin ] --END-- [ RunTime:0.000909s ]
SQL: SHOW COLUMNS FROM `lewo_account` [ RunTime:0.0087s ]
SQL: SHOW COLUMNS FROM `lewo_room` [ RunTime:0.0076s ]
SQL: SHOW COLUMNS FROM `lewo_schedule` [ RunTime:0.0067s ]
SQL: SHOW COLUMNS FROM `lewo_ammeter_house` [ RunTime:0.0065s ]
SQL: SHOW COLUMNS FROM `lewo_ammeter_room` [ RunTime:0.0070s ]
NOTIC: [2] array_keys() expects parameter 1 to be array, null given G:\wamp2\www\lewo\lewo\Home\Controller\StewardController.class.php 第 801 行.
NOTIC: [2] array_fill_keys() expects parameter 1 to be array, null given G:\wamp2\www\lewo\lewo\Home\Controller\StewardController.class.php 第 801 行.
NOTIC: [2] array_replace(): Argument #1 is not an array G:\wamp2\www\lewo\lewo\Home\Controller\StewardController.class.php 第 803 行.
SQL: SELECT h.id FROM lewo_room r INNER JOIN lewo_houses h ON r.house_code=h.house_code  WHERE r.id = '781' LIMIT 1   [ RunTime:0.0005s ]
SQL: SELECT `house_id`,`input_month`,`input_year`,`total_water`,`total_energy`,`total_gas` FROM `lewo_ammeter_house` WHERE `house_id` = 302 ORDER BY input_month desc,input_year desc LIMIT 1   [ RunTime:0.0018s ]
SQL: SELECT * FROM `lewo_ammeter_room` WHERE `room_id` = 781 AND `status` = 1 ORDER BY input_year desc , input_month desc LIMIT 1   [ RunTime:0.0070s ]
SQL: SELECT * FROM `lewo_ammeter_room` WHERE `room_id` = 782 AND `status` = 1 ORDER BY input_year desc , input_month desc LIMIT 1   [ RunTime:0.0068s ]
SQL: SELECT * FROM `lewo_ammeter_room` WHERE `room_id` = 783 AND `status` = 1 ORDER BY input_year desc , input_month desc LIMIT 1   [ RunTime:0.0074s ]
NOTIC: [2] Missing argument 1 for I(), called in G:\wamp2\www\lewo\lewo\Home\Controller\StewardController.class.php on line 827 and defined G:\wamp2\www\lewo\ThinkPHP\Common\functions.php 第 271 行.
NOTIC: [8] Undefined variable: name G:\wamp2\www\lewo\ThinkPHP\Common\functions.php 第 273 行.
NOTIC: [8] Undefined variable: name G:\wamp2\www\lewo\ThinkPHP\Common\functions.php 第 278 行.
NOTIC: [8] Undefined variable: name G:\wamp2\www\lewo\ThinkPHP\Common\functions.php 第 339 行.

[ 2016-12-12T17:58:53+08:00 ] 127.0.0.1 /index.php/Home/Steward/check_out/account_id/2389/room_id/781/type/2.html
INFO: [ app_init ] --START--
INFO: Run Behavior\BuildLiteBehavior [ RunTime:0.000036s ]
INFO: [ app_init ] --END-- [ RunTime:0.000960s ]
INFO: [ app_begin ] --START--
INFO: Run Behavior\ReadHtmlCacheBehavior [ RunTime:0.001113s ]
INFO: [ app_begin ] --END-- [ RunTime:0.001278s ]
SQL: SHOW COLUMNS FROM `lewo_account` [ RunTime:0.0070s ]
SQL: SHOW COLUMNS FROM `lewo_room` [ RunTime:0.0075s ]
SQL: SHOW COLUMNS FROM `lewo_schedule` [ RunTime:0.0078s ]
SQL: SHOW COLUMNS FROM `lewo_ammeter_house` [ RunTime:0.0066s ]
SQL: SHOW COLUMNS FROM `lewo_ammeter_room` [ RunTime:0.0082s ]
SQL: SHOW COLUMNS FROM `lewo_account` [ RunTime:0.0085s ]
SQL: SHOW COLUMNS FROM `lewo_room` [ RunTime:0.0077s ]
SQL: SELECT `id`,`mobile`,`email`,`sex`,`tag`,`birthday`,`register_time`,`avatar`,`address`,`zipcode`,`card_no`,`balance`,`realname`,`contact2` FROM `lewo_account` WHERE `id` = 2389 LIMIT 1   [ RunTime:0.0005s ]
SQL: SHOW COLUMNS FROM `lewo_houses` [ RunTime:0.0073s ]
SQL: SHOW COLUMNS FROM `lewo_admin_user` [ RunTime:0.0072s ]
SQL: SELECT * FROM `lewo_room` WHERE `id` = 781 LIMIT 1   [ RunTime:0.0012s ]
SQL: SELECT `area_id`,`address`,`floor`,`door_no`,`building`,`steward_id`,`address` FROM `lewo_houses` WHERE `house_code` = '重庆测试01' LIMIT 1   [ RunTime:0.0006s ]
SQL: SELECT `id`,`username`,`nickname`,`mobile` FROM `lewo_admin_user` WHERE `id` = 35 LIMIT 1   [ RunTime:0.0004s ]
SQL: SHOW COLUMNS FROM `lewo_area` [ RunTime:0.0072s ]
SQL: SELECT `area_name` FROM `lewo_area` WHERE `id` = 38 LIMIT 1   [ RunTime:0.0004s ]
SQL: SELECT `id`,`room_code` FROM `lewo_room` WHERE `house_id` = 302 AND `is_show` = 1  [ RunTime:0.0011s ]
INFO: [ view_parse ] --START--
INFO: [ template_filter ] --START--
INFO: Run Behavior\ContentReplaceBehavior [ RunTime:0.000241s ]
INFO: [ template_filter ] --END-- [ RunTime:0.000354s ]
INFO: Run Behavior\ParseTemplateBehavior [ RunTime:0.029193s ]
INFO: [ view_parse ] --END-- [ RunTime:0.029352s ]
INFO: [ view_filter ] --START--
INFO: Run Behavior\WriteHtmlCacheBehavior [ RunTime:0.000831s ]
INFO: [ view_filter ] --END-- [ RunTime:0.000993s ]
INFO: [ app_end ] --START--
INFO: Run Behavior\ShowPageTraceBehavior [ RunTime:0.001234s ]
INFO: [ app_end ] --END-- [ RunTime:0.001374s ]

[ 2016-12-12T18:08:32+08:00 ] 127.0.0.1 /index.php/Home/Steward/check_out/account_id/2389/room_id/781/type/2.html
INFO: [ app_init ] --START--
INFO: Run Behavior\BuildLiteBehavior [ RunTime:0.000043s ]
INFO: [ app_init ] --END-- [ RunTime:0.000961s ]
INFO: [ app_begin ] --START--
INFO: Run Behavior\ReadHtmlCacheBehavior [ RunTime:0.001156s ]
INFO: [ app_begin ] --END-- [ RunTime:0.001314s ]

[ 2016-12-12T18:08:39+08:00 ] 127.0.0.1 /index.php/Home/Steward/check_out/account_id/2389/room_id/781/type/2.html
INFO: [ app_init ] --START--
INFO: Run Behavior\BuildLiteBehavior [ RunTime:0.000031s ]
INFO: [ app_init ] --END-- [ RunTime:0.000860s ]
INFO: [ app_begin ] --START--
INFO: Run Behavior\ReadHtmlCacheBehavior [ RunTime:0.000832s ]
INFO: [ app_begin ] --END-- [ RunTime:0.000964s ]

[ 2016-12-12T18:08:41+08:00 ] 127.0.0.1 /index.php/Home/Steward/check_out/account_id/2389/room_id/781/type/2.html
INFO: [ app_init ] --START--
INFO: Run Behavior\BuildLiteBehavior [ RunTime:0.000033s ]
INFO: [ app_init ] --END-- [ RunTime:0.000836s ]
INFO: [ app_begin ] --START--
INFO: Run Behavior\ReadHtmlCacheBehavior [ RunTime:0.001170s ]
INFO: [ app_begin ] --END-- [ RunTime:0.001381s ]

[ 2016-12-12T18:08:46+08:00 ] 127.0.0.1 /index.php/Home/Steward/check_out/account_id/2389/room_id/781/type/2.html
INFO: [ app_init ] --START--
INFO: Run Behavior\BuildLiteBehavior [ RunTime:0.000028s ]
INFO: [ app_init ] --END-- [ RunTime:0.000606s ]
INFO: [ app_begin ] --START--
INFO: Run Behavior\ReadHtmlCacheBehavior [ RunTime:0.002396s ]
INFO: [ app_begin ] --END-- [ RunTime:0.002564s ]
SQL: SHOW COLUMNS FROM `lewo_account` [ RunTime:0.0079s ]
SQL: SHOW COLUMNS FROM `lewo_room` [ RunTime:0.0068s ]
SQL: SHOW COLUMNS FROM `lewo_schedule` [ RunTime:0.0068s ]
SQL: SHOW COLUMNS FROM `lewo_ammeter_house` [ RunTime:0.0075s ]
SQL: SHOW COLUMNS FROM `lewo_ammeter_room` [ RunTime:0.0066s ]
SQL: SELECT h.id FROM lewo_room r INNER JOIN lewo_houses h ON r.house_code=h.house_code  WHERE r.id = '781' LIMIT 1   [ RunTime:0.0006s ]
SQL: SELECT `house_id`,`input_month`,`input_year`,`total_water`,`total_energy`,`total_gas` FROM `lewo_ammeter_house` WHERE `house_id` = 302 ORDER BY input_month desc,input_year desc LIMIT 1   [ RunTime:0.0016s ]
SQL: SELECT * FROM `lewo_ammeter_room` WHERE `room_id` = 781 AND `status` = 1 ORDER BY input_year desc , input_month desc LIMIT 1   [ RunTime:0.0076s ]
SQL: SELECT * FROM `lewo_ammeter_room` WHERE `room_id` = 782 AND `status` = 1 ORDER BY input_year desc , input_month desc LIMIT 1   [ RunTime:0.0085s ]
SQL: SELECT * FROM `lewo_ammeter_room` WHERE `room_id` = 783 AND `status` = 1 ORDER BY input_year desc , input_month desc LIMIT 1   [ RunTime:0.0079s ]

[ 2016-12-12T18:10:21+08:00 ] 127.0.0.1 /index.php/Home/Steward/check_out/account_id/2389/room_id/781/type/2.html
INFO: [ app_init ] --START--
INFO: Run Behavior\BuildLiteBehavior [ RunTime:0.000036s ]
INFO: [ app_init ] --END-- [ RunTime:0.000971s ]
INFO: [ app_begin ] --START--
INFO: Run Behavior\ReadHtmlCacheBehavior [ RunTime:0.001190s ]
INFO: [ app_begin ] --END-- [ RunTime:0.001420s ]
SQL: SHOW COLUMNS FROM `lewo_account` [ RunTime:0.0073s ]
SQL: SHOW COLUMNS FROM `lewo_room` [ RunTime:0.0080s ]
SQL: SHOW COLUMNS FROM `lewo_schedule` [ RunTime:0.0080s ]
SQL: SHOW COLUMNS FROM `lewo_ammeter_house` [ RunTime:0.0073s ]
SQL: SHOW COLUMNS FROM `lewo_ammeter_room` [ RunTime:0.0064s ]
SQL: SELECT h.id FROM lewo_room r INNER JOIN lewo_houses h ON r.house_code=h.house_code  WHERE r.id = '781' LIMIT 1   [ RunTime:0.0004s ]
SQL: SELECT `house_id`,`input_month`,`input_year`,`total_water`,`total_energy`,`total_gas` FROM `lewo_ammeter_house` WHERE `house_id` = 302 ORDER BY input_month desc,input_year desc LIMIT 1   [ RunTime:0.0019s ]
SQL: SELECT * FROM `lewo_ammeter_room` WHERE `room_id` = 781 AND `status` = 1 ORDER BY input_year desc , input_month desc LIMIT 1   [ RunTime:0.0074s ]
SQL: SELECT * FROM `lewo_ammeter_room` WHERE `room_id` = 782 AND `status` = 1 ORDER BY input_year desc , input_month desc LIMIT 1   [ RunTime:0.0073s ]
SQL: SELECT * FROM `lewo_ammeter_room` WHERE `room_id` = 783 AND `status` = 1 ORDER BY input_year desc , input_month desc LIMIT 1   [ RunTime:0.0071s ]

[ 2016-12-12T18:10:31+08:00 ] 127.0.0.1 /index.php/Home/Steward/check_out/account_id/2389/room_id/781/type/5.html
INFO: [ app_init ] --START--
INFO: Run Behavior\BuildLiteBehavior [ RunTime:0.000047s ]
INFO: [ app_init ] --END-- [ RunTime:0.001360s ]
INFO: [ app_begin ] --START--
INFO: Run Behavior\ReadHtmlCacheBehavior [ RunTime:0.001624s ]
INFO: [ app_begin ] --END-- [ RunTime:0.001788s ]
SQL: SHOW COLUMNS FROM `lewo_account` [ RunTime:0.0094s ]
SQL: SHOW COLUMNS FROM `lewo_room` [ RunTime:0.0081s ]
SQL: SHOW COLUMNS FROM `lewo_schedule` [ RunTime:0.0068s ]
SQL: SHOW COLUMNS FROM `lewo_ammeter_house` [ RunTime:0.0064s ]
SQL: SHOW COLUMNS FROM `lewo_ammeter_room` [ RunTime:0.0073s ]
SQL: SHOW COLUMNS FROM `lewo_account` [ RunTime:0.0101s ]
SQL: SHOW COLUMNS FROM `lewo_room` [ RunTime:0.0076s ]
SQL: SELECT `id`,`mobile`,`email`,`sex`,`tag`,`birthday`,`register_time`,`avatar`,`address`,`zipcode`,`card_no`,`balance`,`realname`,`contact2` FROM `lewo_account` WHERE `id` = 2389 LIMIT 1   [ RunTime:0.0006s ]
SQL: SHOW COLUMNS FROM `lewo_houses` [ RunTime:0.0074s ]
SQL: SHOW COLUMNS FROM `lewo_admin_user` [ RunTime:0.0075s ]
SQL: SELECT * FROM `lewo_room` WHERE `id` = 781 LIMIT 1   [ RunTime:0.0006s ]
SQL: SELECT `area_id`,`address`,`floor`,`door_no`,`building`,`steward_id`,`address` FROM `lewo_houses` WHERE `house_code` = '重庆测试01' LIMIT 1   [ RunTime:0.0006s ]
SQL: SELECT `id`,`username`,`nickname`,`mobile` FROM `lewo_admin_user` WHERE `id` = 35 LIMIT 1   [ RunTime:0.0007s ]
SQL: SHOW COLUMNS FROM `lewo_area` [ RunTime:0.0062s ]
SQL: SELECT `area_name` FROM `lewo_area` WHERE `id` = 38 LIMIT 1   [ RunTime:0.0004s ]
SQL: SELECT `id`,`room_code` FROM `lewo_room` WHERE `house_id` = 302 AND `is_show` = 1  [ RunTime:0.0011s ]
INFO: [ view_parse ] --START--
INFO: [ template_filter ] --START--
INFO: Run Behavior\ContentReplaceBehavior [ RunTime:0.000221s ]
INFO: [ template_filter ] --END-- [ RunTime:0.000332s ]
INFO: Run Behavior\ParseTemplateBehavior [ RunTime:0.025137s ]
INFO: [ view_parse ] --END-- [ RunTime:0.025274s ]
INFO: [ view_filter ] --START--
INFO: Run Behavior\WriteHtmlCacheBehavior [ RunTime:0.000947s ]
INFO: [ view_filter ] --END-- [ RunTime:0.001120s ]
INFO: [ app_end ] --START--
INFO: Run Behavior\ShowPageTraceBehavior [ RunTime:0.001314s ]
INFO: [ app_end ] --END-- [ RunTime:0.001471s ]

[ 2016-12-12T18:10:38+08:00 ] 127.0.0.1 /index.php/Home/Steward/check_out/account_id/2389/room_id/781/type/2.html
INFO: [ app_init ] --START--
INFO: Run Behavior\BuildLiteBehavior [ RunTime:0.000038s ]
INFO: [ app_init ] --END-- [ RunTime:0.001121s ]
INFO: [ app_begin ] --START--
INFO: Run Behavior\ReadHtmlCacheBehavior [ RunTime:0.001462s ]
INFO: [ app_begin ] --END-- [ RunTime:0.001651s ]
SQL: SHOW COLUMNS FROM `lewo_account` [ RunTime:0.0068s ]
SQL: SHOW COLUMNS FROM `lewo_room` [ RunTime:0.0071s ]
SQL: SHOW COLUMNS FROM `lewo_schedule` [ RunTime:0.0081s ]
SQL: SHOW COLUMNS FROM `lewo_ammeter_house` [ RunTime:0.0070s ]
SQL: SHOW COLUMNS FROM `lewo_ammeter_room` [ RunTime:0.0074s ]
SQL: SELECT h.id FROM lewo_room r INNER JOIN lewo_houses h ON r.house_code=h.house_code  WHERE r.id = '781' LIMIT 1   [ RunTime:0.0010s ]
SQL: SELECT `house_id`,`input_month`,`input_year`,`total_water`,`total_energy`,`total_gas` FROM `lewo_ammeter_house` WHERE `house_id` = 302 ORDER BY input_month desc,input_year desc LIMIT 1   [ RunTime:0.0030s ]
SQL: SELECT * FROM `lewo_ammeter_room` WHERE `room_id` = 781 AND `status` = 1 ORDER BY input_year desc , input_month desc LIMIT 1   [ RunTime:0.0079s ]
SQL: SELECT * FROM `lewo_ammeter_room` WHERE `room_id` = 782 AND `status` = 1 ORDER BY input_year desc , input_month desc LIMIT 1   [ RunTime:0.0069s ]
SQL: SELECT * FROM `lewo_ammeter_room` WHERE `room_id` = 783 AND `status` = 1 ORDER BY input_year desc , input_month desc LIMIT 1   [ RunTime:0.0075s ]

[ 2016-12-12T18:19:03+08:00 ] 127.0.0.1 /index.php/Home/Steward/check_out/account_id/2389/room_id/781/type/2.html
INFO: [ app_init ] --START--
INFO: Run Behavior\BuildLiteBehavior [ RunTime:0.000028s ]
INFO: [ app_init ] --END-- [ RunTime:0.000720s ]
INFO: [ app_begin ] --START--
INFO: Run Behavior\ReadHtmlCacheBehavior [ RunTime:0.000937s ]
INFO: [ app_begin ] --END-- [ RunTime:0.001066s ]
SQL: SHOW COLUMNS FROM `lewo_account` [ RunTime:0.0097s ]
SQL: SHOW COLUMNS FROM `lewo_room` [ RunTime:0.0100s ]
SQL: SHOW COLUMNS FROM `lewo_schedule` [ RunTime:0.0075s ]
SQL: SHOW COLUMNS FROM `lewo_ammeter_house` [ RunTime:0.0077s ]
SQL: SHOW COLUMNS FROM `lewo_ammeter_room` [ RunTime:0.0065s ]
SQL: SELECT h.id FROM lewo_room r INNER JOIN lewo_houses h ON r.house_code=h.house_code  WHERE r.id = '781' LIMIT 1   [ RunTime:0.0008s ]
SQL: SELECT `house_id`,`input_month`,`input_year`,`total_water`,`total_energy`,`total_gas` FROM `lewo_ammeter_house` WHERE `house_id` = 302 ORDER BY input_month desc,input_year desc LIMIT 1   [ RunTime:0.0017s ]
SQL: SELECT * FROM `lewo_ammeter_room` WHERE `room_id` = 781 AND `status` = 1 ORDER BY input_year desc , input_month desc LIMIT 1   [ RunTime:0.0073s ]
SQL: SELECT * FROM `lewo_ammeter_room` WHERE `room_id` = 782 AND `status` = 1 ORDER BY input_year desc , input_month desc LIMIT 1   [ RunTime:0.0075s ]
SQL: SELECT * FROM `lewo_ammeter_room` WHERE `room_id` = 783 AND `status` = 1 ORDER BY input_year desc , input_month desc LIMIT 1   [ RunTime:0.0072s ]

[ 2016-12-12T18:19:04+08:00 ] 127.0.0.1 /index.php/Home/Steward/check_out/account_id/2389/room_id/781/type/2.html
INFO: [ app_init ] --START--
INFO: Run Behavior\BuildLiteBehavior [ RunTime:0.000034s ]
INFO: [ app_init ] --END-- [ RunTime:0.001052s ]
INFO: [ app_begin ] --START--
INFO: Run Behavior\ReadHtmlCacheBehavior [ RunTime:0.000974s ]
INFO: [ app_begin ] --END-- [ RunTime:0.001133s ]
SQL: SHOW COLUMNS FROM `lewo_account` [ RunTime:0.0122s ]
SQL: SHOW COLUMNS FROM `lewo_room` [ RunTime:0.0095s ]
SQL: SHOW COLUMNS FROM `lewo_schedule` [ RunTime:0.0106s ]
SQL: SHOW COLUMNS FROM `lewo_ammeter_house` [ RunTime:0.0115s ]
SQL: SHOW COLUMNS FROM `lewo_ammeter_room` [ RunTime:0.0081s ]
SQL: SELECT h.id FROM lewo_room r INNER JOIN lewo_houses h ON r.house_code=h.house_code  WHERE r.id = '781' LIMIT 1   [ RunTime:0.0011s ]
SQL: SELECT `house_id`,`input_month`,`input_year`,`total_water`,`total_energy`,`total_gas` FROM `lewo_ammeter_house` WHERE `house_id` = 302 ORDER BY input_month desc,input_year desc LIMIT 1   [ RunTime:0.0022s ]
SQL: SELECT * FROM `lewo_ammeter_room` WHERE `room_id` = 781 AND `status` = 1 ORDER BY input_year desc , input_month desc LIMIT 1   [ RunTime:0.0097s ]
SQL: SELECT * FROM `lewo_ammeter_room` WHERE `room_id` = 782 AND `status` = 1 ORDER BY input_year desc , input_month desc LIMIT 1   [ RunTime:0.0106s ]
SQL: SELECT * FROM `lewo_ammeter_room` WHERE `room_id` = 783 AND `status` = 1 ORDER BY input_year desc , input_month desc LIMIT 1   [ RunTime:0.0121s ]

[ 2016-12-12T18:19:10+08:00 ] 127.0.0.1 /index.php/Home/Steward/check_out/account_id/2389/room_id/781/type/1.html
INFO: [ app_init ] --START--
INFO: Run Behavior\BuildLiteBehavior [ RunTime:0.000039s ]
INFO: [ app_init ] --END-- [ RunTime:0.001021s ]
INFO: [ app_begin ] --START--
INFO: Run Behavior\ReadHtmlCacheBehavior [ RunTime:0.001147s ]
INFO: [ app_begin ] --END-- [ RunTime:0.001328s ]
SQL: SHOW COLUMNS FROM `lewo_account` [ RunTime:0.0076s ]
SQL: SHOW COLUMNS FROM `lewo_room` [ RunTime:0.0083s ]
SQL: SHOW COLUMNS FROM `lewo_schedule` [ RunTime:0.0069s ]
SQL: SHOW COLUMNS FROM `lewo_ammeter_house` [ RunTime:0.0066s ]
SQL: SHOW COLUMNS FROM `lewo_ammeter_room` [ RunTime:0.0070s ]
SQL: SHOW COLUMNS FROM `lewo_account` [ RunTime:0.0078s ]
SQL: SHOW COLUMNS FROM `lewo_room` [ RunTime:0.0075s ]
SQL: SELECT `id`,`mobile`,`email`,`sex`,`tag`,`birthday`,`register_time`,`avatar`,`address`,`zipcode`,`card_no`,`balance`,`realname`,`contact2` FROM `lewo_account` WHERE `id` = 2389 LIMIT 1   [ RunTime:0.0005s ]
SQL: SHOW COLUMNS FROM `lewo_houses` [ RunTime:0.0076s ]
SQL: SHOW COLUMNS FROM `lewo_admin_user` [ RunTime:0.0078s ]
SQL: SELECT * FROM `lewo_room` WHERE `id` = 781 LIMIT 1   [ RunTime:0.0006s ]
SQL: SELECT `area_id`,`address`,`floor`,`door_no`,`building`,`steward_id`,`address` FROM `lewo_houses` WHERE `house_code` = '重庆测试01' LIMIT 1   [ RunTime:0.0004s ]
SQL: SELECT `id`,`username`,`nickname`,`mobile` FROM `lewo_admin_user` WHERE `id` = 35 LIMIT 1   [ RunTime:0.0004s ]
SQL: SHOW COLUMNS FROM `lewo_area` [ RunTime:0.0070s ]
SQL: SELECT `area_name` FROM `lewo_area` WHERE `id` = 38 LIMIT 1   [ RunTime:0.0004s ]
SQL: SELECT `id`,`room_code` FROM `lewo_room` WHERE `house_id` = 302 AND `is_show` = 1  [ RunTime:0.0011s ]
INFO: [ view_parse ] --START--
INFO: [ template_filter ] --START--
INFO: Run Behavior\ContentReplaceBehavior [ RunTime:0.000232s ]
INFO: [ template_filter ] --END-- [ RunTime:0.000347s ]
INFO: Run Behavior\ParseTemplateBehavior [ RunTime:0.026946s ]
INFO: [ view_parse ] --END-- [ RunTime:0.027096s ]
INFO: [ view_filter ] --START--
INFO: Run Behavior\WriteHtmlCacheBehavior [ RunTime:0.000787s ]
INFO: [ view_filter ] --END-- [ RunTime:0.000935s ]
INFO: [ app_end ] --START--
INFO: Run Behavior\ShowPageTraceBehavior [ RunTime:0.001445s ]
INFO: [ app_end ] --END-- [ RunTime:0.001610s ]

