[ 2016-11-01T08:57:48+08:00 ] 127.0.0.1 /
INFO: [ app_init ] --START--
INFO: Run Behavior\BuildLiteBehavior [ RunTime:0.000031s ]
INFO: [ app_init ] --END-- [ RunTime:0.015581s ]
INFO: [ app_begin ] --START--
INFO: Run Behavior\ReadHtmlCacheBehavior [ RunTime:0.001749s ]
INFO: [ app_begin ] --END-- [ RunTime:0.001880s ]
INFO: [ view_parse ] --START--
INFO: [ template_filter ] --START--
INFO: Run Behavior\ContentReplaceBehavior [ RunTime:0.001815s ]
INFO: [ template_filter ] --END-- [ RunTime:0.001962s ]
INFO: Run Behavior\ParseTemplateBehavior [ RunTime:0.065141s ]
INFO: [ view_parse ] --END-- [ RunTime:0.065286s ]
INFO: [ view_filter ] --START--
INFO: Run Behavior\WriteHtmlCacheBehavior [ RunTime:0.014588s ]
INFO: [ view_filter ] --END-- [ RunTime:0.014709s ]

[ 2016-11-01T09:31:19+08:00 ] 127.0.0.1 /
INFO: [ app_init ] --START--
INFO: Run Behavior\BuildLiteBehavior [ RunTime:0.000036s ]
INFO: [ app_init ] --END-- [ RunTime:0.000802s ]
INFO: [ app_begin ] --START--
INFO: Run Behavior\ReadHtmlCacheBehavior [ RunTime:0.000928s ]
INFO: [ app_begin ] --END-- [ RunTime:0.001094s ]
INFO: [ view_parse ] --START--
INFO: [ template_filter ] --START--
INFO: Run Behavior\ContentReplaceBehavior [ RunTime:0.000096s ]
INFO: [ template_filter ] --END-- [ RunTime:0.000215s ]
INFO: Run Behavior\ParseTemplateBehavior [ RunTime:0.009147s ]
INFO: [ view_parse ] --END-- [ RunTime:0.009274s ]
INFO: [ view_filter ] --START--
INFO: Run Behavior\WriteHtmlCacheBehavior [ RunTime:0.000531s ]
INFO: [ view_filter ] --END-- [ RunTime:0.000637s ]

[ 2016-11-01T14:26:52+08:00 ] 127.0.0.1 /index.php/Steward
INFO: [ app_init ] --START--
INFO: Run Behavior\BuildLiteBehavior [ RunTime:0.000040s ]
INFO: [ app_init ] --END-- [ RunTime:0.001185s ]
INFO: [ app_begin ] --START--
INFO: Run Behavior\ReadHtmlCacheBehavior [ RunTime:0.000786s ]
INFO: [ app_begin ] --END-- [ RunTime:0.000911s ]
INFO: [ view_parse ] --START--
INFO: [ template_filter ] --START--
INFO: Run Behavior\ContentReplaceBehavior [ RunTime:0.000097s ]
INFO: [ template_filter ] --END-- [ RunTime:0.000225s ]
INFO: Run Behavior\ParseTemplateBehavior [ RunTime:0.070767s ]
INFO: [ view_parse ] --END-- [ RunTime:0.070894s ]
INFO: [ view_filter ] --START--
INFO: Run Behavior\WriteHtmlCacheBehavior [ RunTime:0.000539s ]
INFO: [ view_filter ] --END-- [ RunTime:0.000647s ]

[ 2016-11-01T14:26:57+08:00 ] 127.0.0.1 /index.php/Home/Steward/login.html
INFO: [ app_init ] --START--
INFO: Run Behavior\BuildLiteBehavior [ RunTime:0.000028s ]
INFO: [ app_init ] --END-- [ RunTime:0.000639s ]
INFO: [ app_begin ] --START--
INFO: Run Behavior\ReadHtmlCacheBehavior [ RunTime:0.001261s ]
INFO: [ app_begin ] --END-- [ RunTime:0.001492s ]
SQL: SHOW COLUMNS FROM `lewo_admin_user` [ RunTime:0.0059s ]
SQL: SELECT * FROM `lewo_admin_user` WHERE `username` = 'lewo' AND `password` = '7011211e1592352456f07c5d07412e96' LIMIT 1   [ RunTime:0.0006s ]
INFO: [ view_parse ] --START--
INFO: [ template_filter ] --START--
INFO: Run Behavior\ContentReplaceBehavior [ RunTime:0.000118s ]
INFO: [ template_filter ] --END-- [ RunTime:0.000271s ]
INFO: Run Behavior\ParseTemplateBehavior [ RunTime:0.009674s ]
INFO: [ view_parse ] --END-- [ RunTime:0.009832s ]
INFO: [ view_filter ] --START--
INFO: Run Behavior\WriteHtmlCacheBehavior [ RunTime:0.000453s ]
INFO: [ view_filter ] --END-- [ RunTime:0.000578s ]

[ 2016-11-01T14:26:59+08:00 ] 127.0.0.1 /index.php/Home/Steward/index.html
INFO: [ app_init ] --START--
INFO: Run Behavior\BuildLiteBehavior [ RunTime:0.000038s ]
INFO: [ app_init ] --END-- [ RunTime:0.001099s ]
INFO: [ app_begin ] --START--
INFO: Run Behavior\ReadHtmlCacheBehavior [ RunTime:0.001013s ]
INFO: [ app_begin ] --END-- [ RunTime:0.001175s ]
SQL: SHOW COLUMNS FROM `lewo_schedule` [ RunTime:0.0087s ]
SQL: SELECT COUNT(*) AS tp_count FROM `lewo_schedule` WHERE `schedule_type` = 1 AND `is_finish` = 0 AND `steward_id` = 4 AND `admin_type` = 1 LIMIT 1   [ RunTime:0.0006s ]
SQL: SELECT COUNT(*) AS tp_count FROM `lewo_schedule` WHERE `schedule_type` = 2 AND `is_finish` = 0 AND `steward_id` = 4 AND `admin_type` = 1 LIMIT 1   [ RunTime:0.0010s ]
SQL: SELECT COUNT(*) AS tp_count FROM `lewo_schedule` WHERE `schedule_type` = 3 AND `is_finish` = 0 AND `steward_id` = 4 AND `admin_type` = 1 LIMIT 1   [ RunTime:0.0009s ]
SQL: SHOW COLUMNS FROM `lewo_contract` [ RunTime:0.0139s ]
SQL: SELECT SUM(rent) AS tp_sum FROM `lewo_contract` WHERE `start_time` = '2016-11-01' LIMIT 1   [ RunTime:0.0009s ]
SQL: SELECT SUM(fee) AS tp_sum FROM `lewo_contract` WHERE `start_time` = '2016-11-01' LIMIT 1   [ RunTime:0.0006s ]
SQL: SELECT SUM(deposit) AS tp_sum FROM `lewo_contract` WHERE `start_time` = '2016-11-01' LIMIT 1   [ RunTime:0.0010s ]
SQL: SELECT SUM(rent) AS tp_sum FROM `lewo_contract` WHERE `start_time` = '2016-10-31' LIMIT 1   [ RunTime:0.0012s ]
SQL: SELECT SUM(fee) AS tp_sum FROM `lewo_contract` WHERE `start_time` = '2016-10-31' LIMIT 1   [ RunTime:0.0006s ]
SQL: SELECT SUM(deposit) AS tp_sum FROM `lewo_contract` WHERE `start_time` = '2016-10-31' LIMIT 1   [ RunTime:0.0006s ]
SQL: SELECT COUNT(*) AS tp_count FROM `lewo_contract` WHERE `start_time` = '2016-11-01' LIMIT 1   [ RunTime:0.0008s ]
SQL: SHOW COLUMNS FROM `lewo_schedule` [ RunTime:0.0111s ]
SQL: SELECT SUM(money) AS tp_sum FROM `lewo_schedule` WHERE `create_date` = '2016-11-01' AND `schedule_type` = 4 LIMIT 1   [ RunTime:0.0009s ]
SQL: SHOW COLUMNS FROM `lewo_room` [ RunTime:0.0111s ]
SQL: SELECT COUNT(*) AS tp_count FROM `lewo_room` WHERE `room_type` = 1 AND `is_show` = 1 LIMIT 1   [ RunTime:0.0022s ]
SQL: SELECT COUNT(*) AS tp_count FROM `lewo_room` WHERE `status` = 0 AND `room_type` = 1 AND `is_show` = 1 LIMIT 1   [ RunTime:0.0018s ]
SQL: SELECT COUNT(*) AS tp_count FROM `lewo_room` WHERE `room_type` = 2 AND `is_show` = 1 LIMIT 1   [ RunTime:0.0016s ]
SQL: SELECT COUNT(*) AS tp_count FROM `lewo_room` WHERE `status` = 0 AND `room_type` = 2 AND `is_show` = 1 LIMIT 1   [ RunTime:0.0036s ]
SQL: SHOW COLUMNS FROM `lewo_admin_user` [ RunTime:0.0091s ]
SQL: SELECT * FROM `lewo_admin_user` WHERE `id` = 4 LIMIT 1   [ RunTime:0.0007s ]
INFO: [ view_parse ] --START--
INFO: [ template_filter ] --START--
INFO: Run Behavior\ContentReplaceBehavior [ RunTime:0.000170s ]
INFO: [ template_filter ] --END-- [ RunTime:0.000315s ]
INFO: Run Behavior\ParseTemplateBehavior [ RunTime:0.038195s ]
INFO: [ view_parse ] --END-- [ RunTime:0.038345s ]
INFO: [ view_filter ] --START--
INFO: Run Behavior\WriteHtmlCacheBehavior [ RunTime:0.000632s ]
INFO: [ view_filter ] --END-- [ RunTime:0.000772s ]
INFO: [ app_end ] --START--
INFO: Run Behavior\ShowPageTraceBehavior [ RunTime:0.001308s ]
INFO: [ app_end ] --END-- [ RunTime:0.001456s ]

[ 2016-11-01T14:27:59+08:00 ] 127.0.0.1 /index.php/Home/Steward/refesh_schedule_count.html
INFO: [ app_init ] --START--
INFO: Run Behavior\BuildLiteBehavior [ RunTime:0.000028s ]
INFO: [ app_init ] --END-- [ RunTime:0.000608s ]
INFO: [ app_begin ] --START--
INFO: Run Behavior\ReadHtmlCacheBehavior [ RunTime:0.000771s ]
INFO: [ app_begin ] --END-- [ RunTime:0.000881s ]
SQL: SHOW COLUMNS FROM `lewo_schedule` [ RunTime:0.0053s ]
SQL: SELECT COUNT(*) AS tp_count FROM `lewo_schedule` WHERE `schedule_type` = 1 AND `is_finish` = 0 AND `steward_id` = 4 AND `admin_type` = 1 LIMIT 1   [ RunTime:0.0005s ]
SQL: SELECT COUNT(*) AS tp_count FROM `lewo_schedule` WHERE `schedule_type` = 2 AND `is_finish` = 0 AND `steward_id` = 4 AND `admin_type` = 1 LIMIT 1   [ RunTime:0.0004s ]
SQL: SELECT COUNT(*) AS tp_count FROM `lewo_schedule` WHERE `schedule_type` = 3 AND `is_finish` = 0 AND `steward_id` = 4 AND `admin_type` = 1 LIMIT 1   [ RunTime:0.0004s ]
NOTIC: [8] Undefined index: stewrad_schedule_count G:\wamp2\www\lewo\lewo\Home\Controller\StewardController.class.php 第 63 行.

[ 2016-11-01T14:28:59+08:00 ] 127.0.0.1 /index.php/Home/Steward/refesh_schedule_count.html
INFO: [ app_init ] --START--
INFO: Run Behavior\BuildLiteBehavior [ RunTime:0.000037s ]
INFO: [ app_init ] --END-- [ RunTime:0.000927s ]
INFO: [ app_begin ] --START--
INFO: Run Behavior\ReadHtmlCacheBehavior [ RunTime:0.001190s ]
INFO: [ app_begin ] --END-- [ RunTime:0.001372s ]
SQL: SHOW COLUMNS FROM `lewo_schedule` [ RunTime:0.0052s ]
SQL: SELECT COUNT(*) AS tp_count FROM `lewo_schedule` WHERE `schedule_type` = 1 AND `is_finish` = 0 AND `steward_id` = 4 AND `admin_type` = 1 LIMIT 1   [ RunTime:0.0005s ]
SQL: SELECT COUNT(*) AS tp_count FROM `lewo_schedule` WHERE `schedule_type` = 2 AND `is_finish` = 0 AND `steward_id` = 4 AND `admin_type` = 1 LIMIT 1   [ RunTime:0.0004s ]
SQL: SELECT COUNT(*) AS tp_count FROM `lewo_schedule` WHERE `schedule_type` = 3 AND `is_finish` = 0 AND `steward_id` = 4 AND `admin_type` = 1 LIMIT 1   [ RunTime:0.0005s ]
NOTIC: [8] Undefined index: stewrad_schedule_count G:\wamp2\www\lewo\lewo\Home\Controller\StewardController.class.php 第 63 行.

[ 2016-11-01T14:29:59+08:00 ] 127.0.0.1 /index.php/Home/Steward/refesh_schedule_count.html
INFO: [ app_init ] --START--
INFO: Run Behavior\BuildLiteBehavior [ RunTime:0.000047s ]
INFO: [ app_init ] --END-- [ RunTime:0.001024s ]
INFO: [ app_begin ] --START--
INFO: Run Behavior\ReadHtmlCacheBehavior [ RunTime:0.001226s ]
INFO: [ app_begin ] --END-- [ RunTime:0.001376s ]
SQL: SHOW COLUMNS FROM `lewo_schedule` [ RunTime:0.0167s ]
SQL: SELECT COUNT(*) AS tp_count FROM `lewo_schedule` WHERE `schedule_type` = 1 AND `is_finish` = 0 AND `steward_id` = 4 AND `admin_type` = 1 LIMIT 1   [ RunTime:0.0007s ]
SQL: SELECT COUNT(*) AS tp_count FROM `lewo_schedule` WHERE `schedule_type` = 2 AND `is_finish` = 0 AND `steward_id` = 4 AND `admin_type` = 1 LIMIT 1   [ RunTime:0.0008s ]
SQL: SELECT COUNT(*) AS tp_count FROM `lewo_schedule` WHERE `schedule_type` = 3 AND `is_finish` = 0 AND `steward_id` = 4 AND `admin_type` = 1 LIMIT 1   [ RunTime:0.0008s ]
NOTIC: [8] Undefined index: stewrad_schedule_count G:\wamp2\www\lewo\lewo\Home\Controller\StewardController.class.php 第 63 行.

[ 2016-11-01T14:30:59+08:00 ] 127.0.0.1 /index.php/Home/Steward/refesh_schedule_count.html
INFO: [ app_init ] --START--
INFO: Run Behavior\BuildLiteBehavior [ RunTime:0.000038s ]
INFO: [ app_init ] --END-- [ RunTime:0.001529s ]
INFO: [ app_begin ] --START--
INFO: Run Behavior\ReadHtmlCacheBehavior [ RunTime:0.002245s ]
INFO: [ app_begin ] --END-- [ RunTime:0.002399s ]
SQL: SHOW COLUMNS FROM `lewo_schedule` [ RunTime:0.0081s ]
SQL: SELECT COUNT(*) AS tp_count FROM `lewo_schedule` WHERE `schedule_type` = 1 AND `is_finish` = 0 AND `steward_id` = 4 AND `admin_type` = 1 LIMIT 1   [ RunTime:0.0008s ]
SQL: SELECT COUNT(*) AS tp_count FROM `lewo_schedule` WHERE `schedule_type` = 2 AND `is_finish` = 0 AND `steward_id` = 4 AND `admin_type` = 1 LIMIT 1   [ RunTime:0.0009s ]
SQL: SELECT COUNT(*) AS tp_count FROM `lewo_schedule` WHERE `schedule_type` = 3 AND `is_finish` = 0 AND `steward_id` = 4 AND `admin_type` = 1 LIMIT 1   [ RunTime:0.0013s ]
NOTIC: [8] Undefined index: stewrad_schedule_count G:\wamp2\www\lewo\lewo\Home\Controller\StewardController.class.php 第 63 行.

[ 2016-11-01T14:31:59+08:00 ] 127.0.0.1 /index.php/Home/Steward/refesh_schedule_count.html
INFO: [ app_init ] --START--
INFO: Run Behavior\BuildLiteBehavior [ RunTime:0.000027s ]
INFO: [ app_init ] --END-- [ RunTime:0.000656s ]
INFO: [ app_begin ] --START--
INFO: Run Behavior\ReadHtmlCacheBehavior [ RunTime:0.000893s ]
INFO: [ app_begin ] --END-- [ RunTime:0.001003s ]
SQL: SHOW COLUMNS FROM `lewo_admin_user` [ RunTime:0.0048s ]
SQL: SELECT * FROM `lewo_admin_user` WHERE `username` = '' AND `password` = 'd41d8cd98f00b204e9800998ecf8427e' LIMIT 1   [ RunTime:0.0005s ]

[ 2016-11-01T14:32:17+08:00 ] 127.0.0.1 /index.php/Home/Steward/houses.html
INFO: [ app_init ] --START--
INFO: Run Behavior\BuildLiteBehavior [ RunTime:0.000028s ]
INFO: [ app_init ] --END-- [ RunTime:0.000634s ]
INFO: [ app_begin ] --START--
INFO: Run Behavior\ReadHtmlCacheBehavior [ RunTime:0.001168s ]
INFO: [ app_begin ] --END-- [ RunTime:0.001340s ]
INFO: [ view_parse ] --START--
INFO: [ template_filter ] --START--
INFO: Run Behavior\ContentReplaceBehavior [ RunTime:0.000094s ]
INFO: [ template_filter ] --END-- [ RunTime:0.000210s ]
INFO: Run Behavior\ParseTemplateBehavior [ RunTime:0.008921s ]
INFO: [ view_parse ] --END-- [ RunTime:0.009049s ]
INFO: [ view_filter ] --START--
INFO: Run Behavior\WriteHtmlCacheBehavior [ RunTime:0.000472s ]
INFO: [ view_filter ] --END-- [ RunTime:0.000581s ]

[ 2016-11-01T14:32:22+08:00 ] 127.0.0.1 /index.php/Home/Steward/login.html
INFO: [ app_init ] --START--
INFO: Run Behavior\BuildLiteBehavior [ RunTime:0.000028s ]
INFO: [ app_init ] --END-- [ RunTime:0.000643s ]
INFO: [ app_begin ] --START--
INFO: Run Behavior\ReadHtmlCacheBehavior [ RunTime:0.000795s ]
INFO: [ app_begin ] --END-- [ RunTime:0.000921s ]
SQL: SHOW COLUMNS FROM `lewo_admin_user` [ RunTime:0.0050s ]
SQL: SELECT * FROM `lewo_admin_user` WHERE `username` = 'lewo' AND `password` = '7011211e1592352456f07c5d07412e96' LIMIT 1   [ RunTime:0.0006s ]
INFO: [ view_parse ] --START--
INFO: [ template_filter ] --START--
INFO: Run Behavior\ContentReplaceBehavior [ RunTime:0.000085s ]
INFO: [ template_filter ] --END-- [ RunTime:0.000207s ]
INFO: Run Behavior\ParseTemplateBehavior [ RunTime:0.008961s ]
INFO: [ view_parse ] --END-- [ RunTime:0.009087s ]
INFO: [ view_filter ] --START--
INFO: Run Behavior\WriteHtmlCacheBehavior [ RunTime:0.000431s ]
INFO: [ view_filter ] --END-- [ RunTime:0.000534s ]

[ 2016-11-01T14:32:23+08:00 ] 127.0.0.1 /index.php/Home/Steward/index.html
INFO: [ app_init ] --START--
INFO: Run Behavior\BuildLiteBehavior [ RunTime:0.000039s ]
INFO: [ app_init ] --END-- [ RunTime:0.000989s ]
INFO: [ app_begin ] --START--
INFO: Run Behavior\ReadHtmlCacheBehavior [ RunTime:0.000992s ]
INFO: [ app_begin ] --END-- [ RunTime:0.001156s ]
SQL: SHOW COLUMNS FROM `lewo_schedule` [ RunTime:0.0056s ]
SQL: SELECT COUNT(*) AS tp_count FROM `lewo_schedule` WHERE `schedule_type` = 1 AND `is_finish` = 0 AND `steward_id` = 4 AND `admin_type` = 1 LIMIT 1   [ RunTime:0.0005s ]
SQL: SELECT COUNT(*) AS tp_count FROM `lewo_schedule` WHERE `schedule_type` = 2 AND `is_finish` = 0 AND `steward_id` = 4 AND `admin_type` = 1 LIMIT 1   [ RunTime:0.0004s ]
SQL: SELECT COUNT(*) AS tp_count FROM `lewo_schedule` WHERE `schedule_type` = 3 AND `is_finish` = 0 AND `steward_id` = 4 AND `admin_type` = 1 LIMIT 1   [ RunTime:0.0004s ]
SQL: SHOW COLUMNS FROM `lewo_contract` [ RunTime:0.0057s ]
SQL: SELECT SUM(rent) AS tp_sum FROM `lewo_contract` WHERE `start_time` = '2016-11-01' LIMIT 1   [ RunTime:0.0007s ]
SQL: SELECT SUM(fee) AS tp_sum FROM `lewo_contract` WHERE `start_time` = '2016-11-01' LIMIT 1   [ RunTime:0.0006s ]
SQL: SELECT SUM(deposit) AS tp_sum FROM `lewo_contract` WHERE `start_time` = '2016-11-01' LIMIT 1   [ RunTime:0.0005s ]
SQL: SELECT SUM(rent) AS tp_sum FROM `lewo_contract` WHERE `start_time` = '2016-10-31' LIMIT 1   [ RunTime:0.0007s ]
SQL: SELECT SUM(fee) AS tp_sum FROM `lewo_contract` WHERE `start_time` = '2016-10-31' LIMIT 1   [ RunTime:0.0006s ]
SQL: SELECT SUM(deposit) AS tp_sum FROM `lewo_contract` WHERE `start_time` = '2016-10-31' LIMIT 1   [ RunTime:0.0006s ]
SQL: SELECT COUNT(*) AS tp_count FROM `lewo_contract` WHERE `start_time` = '2016-11-01' LIMIT 1   [ RunTime:0.0005s ]
SQL: SHOW COLUMNS FROM `lewo_schedule` [ RunTime:0.0055s ]
SQL: SELECT SUM(money) AS tp_sum FROM `lewo_schedule` WHERE `create_date` = '2016-11-01' AND `schedule_type` = 4 LIMIT 1   [ RunTime:0.0005s ]
SQL: SHOW COLUMNS FROM `lewo_room` [ RunTime:0.0054s ]
SQL: SELECT COUNT(*) AS tp_count FROM `lewo_room` WHERE `room_type` = 1 AND `is_show` = 1 LIMIT 1   [ RunTime:0.0011s ]
SQL: SELECT COUNT(*) AS tp_count FROM `lewo_room` WHERE `status` = 0 AND `room_type` = 1 AND `is_show` = 1 LIMIT 1   [ RunTime:0.0012s ]
SQL: SELECT COUNT(*) AS tp_count FROM `lewo_room` WHERE `room_type` = 2 AND `is_show` = 1 LIMIT 1   [ RunTime:0.0012s ]
SQL: SELECT COUNT(*) AS tp_count FROM `lewo_room` WHERE `status` = 0 AND `room_type` = 2 AND `is_show` = 1 LIMIT 1   [ RunTime:0.0011s ]
SQL: SHOW COLUMNS FROM `lewo_admin_user` [ RunTime:0.0063s ]
SQL: SELECT * FROM `lewo_admin_user` WHERE `id` = 4 LIMIT 1   [ RunTime:0.0005s ]
INFO: [ view_parse ] --START--
INFO: [ template_filter ] --START--
INFO: Run Behavior\ContentReplaceBehavior [ RunTime:0.000142s ]
INFO: [ template_filter ] --END-- [ RunTime:0.000254s ]
INFO: Run Behavior\ParseTemplateBehavior [ RunTime:0.012704s ]
INFO: [ view_parse ] --END-- [ RunTime:0.012826s ]
INFO: [ view_filter ] --START--
INFO: Run Behavior\WriteHtmlCacheBehavior [ RunTime:0.000470s ]
INFO: [ view_filter ] --END-- [ RunTime:0.000580s ]
INFO: [ app_end ] --START--
INFO: Run Behavior\ShowPageTraceBehavior [ RunTime:0.000757s ]
INFO: [ app_end ] --END-- [ RunTime:0.000863s ]

[ 2016-11-01T14:32:26+08:00 ] 127.0.0.1 /index.php/Home/Steward/houses.html
INFO: [ app_init ] --START--
INFO: Run Behavior\BuildLiteBehavior [ RunTime:0.000027s ]
INFO: [ app_init ] --END-- [ RunTime:0.000627s ]
INFO: [ app_begin ] --START--
INFO: Run Behavior\ReadHtmlCacheBehavior [ RunTime:0.000770s ]
INFO: [ app_begin ] --END-- [ RunTime:0.000895s ]
SQL: SHOW COLUMNS FROM `lewo_houses` [ RunTime:0.0056s ]
SQL: SHOW COLUMNS FROM `lewo_room` [ RunTime:0.0065s ]
SQL: SHOW COLUMNS FROM `lewo_area` [ RunTime:0.0055s ]
SQL: SELECT `id`,`area_id`,`steward_id`,`house_code`,`type`,`building`,`floor`,`door_no` FROM `lewo_houses` WHERE `steward_id` = 4 ORDER BY area_id desc, building desc,floor desc,door_no desc  [ RunTime:0.0009s ]
SQL: SELECT COUNT(*) AS tp_count FROM `lewo_room` WHERE `house_code` = 'CQ00049' AND `is_show` = 1 LIMIT 1   [ RunTime:0.0015s ]
SQL: SELECT COUNT(*) AS tp_count FROM `lewo_room` WHERE `house_code` = 'CQ00049' AND `is_show` = 1 AND `status` = 2 LIMIT 1   [ RunTime:0.0018s ]
SQL: SELECT `area_name` FROM `lewo_area` WHERE `id` = 36 LIMIT 1   [ RunTime:0.0004s ]
SQL: SELECT lewo_room.id,lewo_room.account_id,lewo_room.room_code,lewo_room.room_nickname,lewo_room.room_sort,lewo_room.room_type,lewo_room.bed_code,lewo_room.status,lewo_room.is_show,lewo_account.realname,lewo_account.sex FROM `lewo_room` left JOIN lewo_account ON lewo_room.account_id=lewo_account.id  WHERE `house_code` = 'CQ00049' AND `is_show` = 1 ORDER BY room_sort asc  [ RunTime:0.0018s ]
INFO: [ view_parse ] --START--
INFO: [ template_filter ] --START--
INFO: Run Behavior\ContentReplaceBehavior [ RunTime:0.000160s ]
INFO: [ template_filter ] --END-- [ RunTime:0.000297s ]
INFO: Run Behavior\ParseTemplateBehavior [ RunTime:0.029718s ]
INFO: [ view_parse ] --END-- [ RunTime:0.029881s ]
INFO: [ view_filter ] --START--
INFO: Run Behavior\WriteHtmlCacheBehavior [ RunTime:0.000534s ]
INFO: [ view_filter ] --END-- [ RunTime:0.000662s ]
INFO: [ view_parse ] --START--
INFO: [ template_filter ] --START--
INFO: Run Behavior\ContentReplaceBehavior [ RunTime:0.000081s ]
INFO: [ template_filter ] --END-- [ RunTime:-0.019139s ]
INFO: Run Behavior\ParseTemplateBehavior [ RunTime:0.014867s ]
INFO: [ view_parse ] --END-- [ RunTime:-0.001307s ]
INFO: [ view_filter ] --START--
INFO: Run Behavior\WriteHtmlCacheBehavior [ RunTime:0.000030s ]
INFO: [ view_filter ] --END-- [ RunTime:-0.015655s ]
INFO: [ app_end ] --START--
INFO: Run Behavior\ShowPageTraceBehavior [ RunTime:0.000814s ]
INFO: [ app_end ] --END-- [ RunTime:0.000923s ]

[ 2016-11-01T14:32:28+08:00 ] 127.0.0.1 /index.php/Home/Steward/roominfo/id/627.html
INFO: [ app_init ] --START--
INFO: Run Behavior\BuildLiteBehavior [ RunTime:0.000027s ]
INFO: [ app_init ] --END-- [ RunTime:0.000644s ]
INFO: [ app_begin ] --START--
INFO: Run Behavior\ReadHtmlCacheBehavior [ RunTime:0.001296s ]
INFO: [ app_begin ] --END-- [ RunTime:0.001515s ]
SQL: SHOW COLUMNS FROM `lewo_houses` [ RunTime:0.0092s ]
SQL: SHOW COLUMNS FROM `lewo_room` [ RunTime:0.0071s ]
SQL: SHOW COLUMNS FROM `lewo_houses` [ RunTime:0.0083s ]
SQL: SHOW COLUMNS FROM `lewo_admin_user` [ RunTime:0.0051s ]
SQL: SELECT * FROM `lewo_room` WHERE `id` = 627 LIMIT 1   [ RunTime:0.0007s ]
SQL: SELECT `area_id`,`address`,`floor`,`door_no`,`building`,`steward_id` FROM `lewo_houses` WHERE `house_code` = 'CQ00049' LIMIT 1   [ RunTime:0.0005s ]
SQL: SELECT `id`,`username`,`nickname`,`mobile` FROM `lewo_admin_user` WHERE `id` = 4 LIMIT 1   [ RunTime:0.0004s ]
SQL: SHOW COLUMNS FROM `lewo_area` [ RunTime:0.0060s ]
SQL: SELECT `area_name` FROM `lewo_area` WHERE `id` = 36 LIMIT 1   [ RunTime:0.0005s ]
SQL: SELECT `id`,`house_code`,`room_code`,`room_sort`,`room_area`,`room_parameter`,`rent`,`room_fee`,`status`,`room_images_01`,`room_images_02`,`room_images_03`,`room_images_04` FROM `lewo_room` WHERE `house_code` = 'CQ00049' AND `id` NOT IN ('627') AND `status` = 0 AND `is_show` = 1  [ RunTime:0.0013s ]
INFO: [ view_parse ] --START--
INFO: [ template_filter ] --START--
INFO: Run Behavior\ContentReplaceBehavior [ RunTime:0.000271s ]
INFO: [ template_filter ] --END-- [ RunTime:0.000385s ]
NOTIC: [8] Undefined index: room_images G:\wamp2\www\lewo\lewo\Runtime\Cache\Home\50aa9fee479283f114a3cae7d74e4fb3.php 第 56 行.
NOTIC: [8] Undefined index: room_images G:\wamp2\www\lewo\lewo\Runtime\Cache\Home\50aa9fee479283f114a3cae7d74e4fb3.php 第 60 行.
INFO: Run Behavior\ParseTemplateBehavior [ RunTime:0.024893s ]
INFO: [ view_parse ] --END-- [ RunTime:0.025010s ]
INFO: [ view_filter ] --START--
INFO: Run Behavior\WriteHtmlCacheBehavior [ RunTime:0.000542s ]
INFO: [ view_filter ] --END-- [ RunTime:0.000685s ]
INFO: [ app_end ] --START--
INFO: Run Behavior\ShowPageTraceBehavior [ RunTime:0.000831s ]
INFO: [ app_end ] --END-- [ RunTime:0.000943s ]

[ 2016-11-01T14:32:29+08:00 ] 127.0.0.1 /index.php/Home/Steward/checkin/id/627.html
INFO: [ app_init ] --START--
INFO: Run Behavior\BuildLiteBehavior [ RunTime:0.000032s ]
INFO: [ app_init ] --END-- [ RunTime:0.000775s ]
INFO: [ app_begin ] --START--
INFO: Run Behavior\ReadHtmlCacheBehavior [ RunTime:0.001101s ]
INFO: [ app_begin ] --END-- [ RunTime:0.001281s ]
SQL: SHOW COLUMNS FROM `lewo_houses` [ RunTime:0.0069s ]
SQL: SHOW COLUMNS FROM `lewo_room` [ RunTime:0.0068s ]
SQL: SHOW COLUMNS FROM `lewo_houses` [ RunTime:0.0067s ]
SQL: SHOW COLUMNS FROM `lewo_admin_user` [ RunTime:0.0061s ]
SQL: SELECT * FROM `lewo_room` WHERE `id` = 627 LIMIT 1   [ RunTime:0.0008s ]
SQL: SELECT `area_id`,`address`,`floor`,`door_no`,`building`,`steward_id` FROM `lewo_houses` WHERE `house_code` = 'CQ00049' LIMIT 1   [ RunTime:0.0006s ]
SQL: SELECT `id`,`username`,`nickname`,`mobile` FROM `lewo_admin_user` WHERE `id` = 4 LIMIT 1   [ RunTime:0.0005s ]
SQL: SHOW COLUMNS FROM `lewo_area` [ RunTime:0.0066s ]
SQL: SELECT `area_name` FROM `lewo_area` WHERE `id` = 36 LIMIT 1   [ RunTime:0.0005s ]
INFO: [ view_parse ] --START--
INFO: [ template_filter ] --START--
INFO: Run Behavior\ContentReplaceBehavior [ RunTime:0.000328s ]
INFO: [ template_filter ] --END-- [ RunTime:0.001047s ]
NOTIC: [8] Undefined variable: account_id G:\wamp2\www\lewo\lewo\Runtime\Cache\Home\81a17a9c5756f67421131a5fd2e58e89.php 第 85 行.
NOTIC: [8] Undefined variable: schedule_info G:\wamp2\www\lewo\lewo\Runtime\Cache\Home\81a17a9c5756f67421131a5fd2e58e89.php 第 94 行.
NOTIC: [8] Undefined variable: schedule_info G:\wamp2\www\lewo\lewo\Runtime\Cache\Home\81a17a9c5756f67421131a5fd2e58e89.php 第 103 行.
NOTIC: [8] Undefined variable: schedule_info G:\wamp2\www\lewo\lewo\Runtime\Cache\Home\81a17a9c5756f67421131a5fd2e58e89.php 第 112 行.
NOTIC: [8] Undefined variable: schedule_info G:\wamp2\www\lewo\lewo\Runtime\Cache\Home\81a17a9c5756f67421131a5fd2e58e89.php 第 121 行.
NOTIC: [8] Undefined variable: schedule_info G:\wamp2\www\lewo\lewo\Runtime\Cache\Home\81a17a9c5756f67421131a5fd2e58e89.php 第 130 行.
INFO: Run Behavior\ParseTemplateBehavior [ RunTime:0.094901s ]
INFO: [ view_parse ] --END-- [ RunTime:0.095060s ]
INFO: [ view_filter ] --START--
INFO: Run Behavior\WriteHtmlCacheBehavior [ RunTime:0.000618s ]
INFO: [ view_filter ] --END-- [ RunTime:0.000762s ]
INFO: [ app_end ] --START--
INFO: Run Behavior\ShowPageTraceBehavior [ RunTime:0.001086s ]
INFO: [ app_end ] --END-- [ RunTime:0.001233s ]

[ 2016-11-01T14:32:59+08:00 ] 127.0.0.1 /index.php/Home/Steward/checkin.html
INFO: [ app_init ] --START--
INFO: Run Behavior\BuildLiteBehavior [ RunTime:0.000028s ]
INFO: [ app_init ] --END-- [ RunTime:0.000622s ]
INFO: [ app_begin ] --START--
INFO: Run Behavior\ReadHtmlCacheBehavior [ RunTime:0.000751s ]
INFO: [ app_begin ] --END-- [ RunTime:0.000871s ]
SQL: SHOW COLUMNS FROM `lewo_room` [ RunTime:0.0059s ]
SQL: SELECT `house_code` FROM `lewo_room` WHERE `id` = 627 LIMIT 1   [ RunTime:0.0004s ]
SQL: SHOW COLUMNS FROM `lewo_houses` [ RunTime:0.0053s ]
SQL: SELECT `end_date` FROM `lewo_houses` WHERE `house_code` = 'CQ00049' LIMIT 1   [ RunTime:0.0004s ]
NOTIC: [2048] Declaration of Home\Model\ContractModel::add() should be compatible with Think\Model::add($data = '', $options = Array, $replace = false) G:\wamp2\www\lewo\lewo\Home\Model\ContractModel.class.php 第 140 行.
SQL: SHOW COLUMNS FROM `lewo_contract` [ RunTime:0.0060s ]
NOTIC: [2] Invalid argument supplied for foreach() G:\wamp2\www\lewo\lewo\Home\Controller\StewardController.class.php 第 494 行.
SQL: SHOW COLUMNS FROM `lewo_account` [ RunTime:0.0063s ]
SQL: SHOW COLUMNS FROM `lewo_contract` [ RunTime:0.0067s ]
SQL: SHOW COLUMNS FROM `lewo_pay` [ RunTime:0.0068s ]
SQL: SELECT * FROM `lewo_account` WHERE `mobile` = '13751507912' LIMIT 1   [ RunTime:0.0038s ]
SQL: INSERT INTO `lewo_account` (`realname`,`password`,`mobile`,`contact2`,`card_no`,`email`,`register_time`) VALUES ('我素拆','e10adc3949ba59abbe56e057f20f883e','13751507912','123','440281999283847112','1','2016-11-01 14:32:59') [ RunTime:0.0008s ]
SQL: SELECT * FROM `lewo_contract` WHERE `account_id` = 2231 AND `pay_status` = 0 AND `is_delete` = 0  [ RunTime:0.0012s ]
NOTIC: [8] Undefined index: photo G:\wamp2\www\lewo\lewo\Home\Model\ContractModel.class.php 第 74 行.
SQL: INSERT INTO `lewo_contract` (`pro_id`,`account_id`,`room_id`,`create_time`,`deposit`,`book_deposit`,`period`,`steward_id`,`rent_type`,`start_time`,`end_time`,`rent_date`,`rent`,`fee`,`contact2`,`person_count`,`cotenant`,`roomD`,`total_fee`,`photo`,`pay_total`) VALUES ('201611015932186','2231','627','2016-11-01 14:32:59','1700','0','1','4','2_1','2016-11-01','2017-11-01','2016-12-01','850.00','85.00','123','1','a:3:{s:10:\"hzRealname\";s:0:\"\";s:8:\"hzMobile\";s:0:\"\";s:8:\"hzCardNo\";s:0:\"\";}','0','2635.00','','2635.00') [ RunTime:0.0021s ]
SQL: INSERT INTO `lewo_pay` (`pro_id`,`account_id`,`room_id`,`pay_status`,`create_time`,`bill_type`,`input_year`,`input_month`,`should_date`,`last_date`,`price`) VALUES ('201611015932186','2231','627','0','2016-11-01 14:32:59','2','2016','11','2016-11-01','2016-11-01','2635.00') [ RunTime:0.0030s ]
INFO: [ view_parse ] --START--
INFO: [ template_filter ] --START--
INFO: Run Behavior\ContentReplaceBehavior [ RunTime:0.000112s ]
INFO: [ template_filter ] --END-- [ RunTime:0.000266s ]
INFO: Run Behavior\ParseTemplateBehavior [ RunTime:0.019959s ]
INFO: [ view_parse ] --END-- [ RunTime:0.020147s ]
INFO: [ view_filter ] --START--
INFO: Run Behavior\WriteHtmlCacheBehavior [ RunTime:0.002565s ]
INFO: [ view_filter ] --END-- [ RunTime:0.002740s ]
INFO: [ app_end ] --START--
INFO: Run Behavior\ShowPageTraceBehavior [ RunTime:0.003304s ]
INFO: [ app_end ] --END-- [ RunTime:0.003468s ]

[ 2016-11-01T14:33:01+08:00 ] 127.0.0.1 /index.php/Home/Steward/check_contract/id/441.html
INFO: [ app_init ] --START--
INFO: Run Behavior\BuildLiteBehavior [ RunTime:0.000028s ]
INFO: [ app_init ] --END-- [ RunTime:0.000870s ]
INFO: [ app_begin ] --START--
INFO: Run Behavior\ReadHtmlCacheBehavior [ RunTime:0.002223s ]
INFO: [ app_begin ] --END-- [ RunTime:0.002363s ]
SQL: SHOW COLUMNS FROM `lewo_pay` [ RunTime:0.0054s ]
SQL: SELECT * FROM lewo_pay p INNER JOIN lewo_contract c ON p.pro_id=c.pro_id  WHERE p.id = '441' LIMIT 1   [ RunTime:0.0012s ]
INFO: [ view_parse ] --START--
INFO: [ template_filter ] --START--
INFO: Run Behavior\ContentReplaceBehavior [ RunTime:0.000242s ]
INFO: [ template_filter ] --END-- [ RunTime:0.000379s ]
NOTIC: [8] Undefined variable: area_name G:\wamp2\www\lewo\lewo\Runtime\Cache\Home\e67c633618d005adfd1f24ff91bfa169.php 第 87 行.
NOTIC: [8] Undefined variable: bill_info G:\wamp2\www\lewo\lewo\Runtime\Cache\Home\e67c633618d005adfd1f24ff91bfa169.php 第 87 行.
NOTIC: [8] Undefined variable: bill_info G:\wamp2\www\lewo\lewo\Runtime\Cache\Home\e67c633618d005adfd1f24ff91bfa169.php 第 299 行.
INFO: Run Behavior\ParseTemplateBehavior [ RunTime:0.085236s ]
INFO: [ view_parse ] --END-- [ RunTime:0.085368s ]
INFO: [ view_filter ] --START--
INFO: Run Behavior\WriteHtmlCacheBehavior [ RunTime:0.002109s ]
INFO: [ view_filter ] --END-- [ RunTime:0.002273s ]
INFO: [ app_end ] --START--
INFO: Run Behavior\ShowPageTraceBehavior [ RunTime:0.001695s ]
INFO: [ app_end ] --END-- [ RunTime:0.001860s ]

[ 2016-11-01T14:51:52+08:00 ] 127.0.0.1 /index.php/Home/Steward/check_contract/id/441.html
INFO: [ app_init ] --START--
INFO: Run Behavior\BuildLiteBehavior [ RunTime:0.000052s ]
INFO: [ app_init ] --END-- [ RunTime:0.000998s ]
INFO: [ app_begin ] --START--
INFO: Run Behavior\ReadHtmlCacheBehavior [ RunTime:0.001364s ]
INFO: [ app_begin ] --END-- [ RunTime:0.001567s ]
SQL: SHOW COLUMNS FROM `lewo_pay` [ RunTime:0.0055s ]
SQL: SELECT * FROM lewo_pay p INNER JOIN lewo_contract c ON p.pro_id=c.pro_id  WHERE p.id = '441' LIMIT 1   [ RunTime:0.0018s ]

[ 2016-11-01T14:52:34+08:00 ] 127.0.0.1 /index.php/Home/Steward/check_contract/id/441.html
INFO: [ app_init ] --START--
INFO: Run Behavior\BuildLiteBehavior [ RunTime:0.000049s ]
INFO: [ app_init ] --END-- [ RunTime:0.001302s ]
INFO: [ app_begin ] --START--
INFO: Run Behavior\ReadHtmlCacheBehavior [ RunTime:0.001286s ]
INFO: [ app_begin ] --END-- [ RunTime:0.001498s ]
SQL: SHOW COLUMNS FROM `lewo_pay` [ RunTime:0.0054s ]
SQL: SELECT * FROM lewo_pay p INNER JOIN lewo_contract c ON p.pro_id=c.pro_id INNER JOIN lewo_account a ON a.id=c.account_id  WHERE p.id = '441' LIMIT 1   [ RunTime:0.0018s ]

[ 2016-11-01T14:52:54+08:00 ] 127.0.0.1 /index.php/Home/Steward/check_contract/id/441.html
INFO: [ app_init ] --START--
INFO: Run Behavior\BuildLiteBehavior [ RunTime:0.000052s ]
INFO: [ app_init ] --END-- [ RunTime:0.000988s ]
INFO: [ app_begin ] --START--
INFO: Run Behavior\ReadHtmlCacheBehavior [ RunTime:0.001112s ]
INFO: [ app_begin ] --END-- [ RunTime:0.001281s ]
SQL: SHOW COLUMNS FROM `lewo_pay` [ RunTime:0.0055s ]
SQL: SELECT * FROM lewo_pay p INNER JOIN lewo_contract c ON p.pro_id=c.pro_id INNER JOIN lewo_account a ON a.id=c.account_id  WHERE p.id = '441' LIMIT 1   [ RunTime:0.0015s ]

[ 2016-11-01T14:52:59+08:00 ] 127.0.0.1 /index.php/Home/Steward/check_contract/id/441.html
INFO: [ app_init ] --START--
INFO: Run Behavior\BuildLiteBehavior [ RunTime:0.000028s ]
INFO: [ app_init ] --END-- [ RunTime:0.000672s ]
INFO: [ app_begin ] --START--
INFO: Run Behavior\ReadHtmlCacheBehavior [ RunTime:0.000970s ]
INFO: [ app_begin ] --END-- [ RunTime:0.001126s ]
SQL: SHOW COLUMNS FROM `lewo_pay` [ RunTime:0.0056s ]
SQL: SELECT * FROM lewo_pay p INNER JOIN lewo_contract c ON p.pro_id=c.pro_id INNER JOIN lewo_account a ON a.id=c.account_id  WHERE p.id = '441' LIMIT 1   [ RunTime:0.0014s ]
INFO: [ view_parse ] --START--
INFO: [ template_filter ] --START--
INFO: Run Behavior\ContentReplaceBehavior [ RunTime:0.000203s ]
INFO: [ template_filter ] --END-- [ RunTime:0.000319s ]
NOTIC: [8] Undefined variable: area_name G:\wamp2\www\lewo\lewo\Runtime\Cache\Home\e67c633618d005adfd1f24ff91bfa169.php 第 87 行.
NOTIC: [8] Undefined variable: bill_info G:\wamp2\www\lewo\lewo\Runtime\Cache\Home\e67c633618d005adfd1f24ff91bfa169.php 第 87 行.
NOTIC: [8] Undefined variable: bill_info G:\wamp2\www\lewo\lewo\Runtime\Cache\Home\e67c633618d005adfd1f24ff91bfa169.php 第 299 行.
INFO: Run Behavior\ParseTemplateBehavior [ RunTime:0.018132s ]
INFO: [ view_parse ] --END-- [ RunTime:0.018248s ]
INFO: [ view_filter ] --START--
INFO: Run Behavior\WriteHtmlCacheBehavior [ RunTime:0.000583s ]
INFO: [ view_filter ] --END-- [ RunTime:0.000700s ]
INFO: [ app_end ] --START--
INFO: Run Behavior\ShowPageTraceBehavior [ RunTime:0.000915s ]
INFO: [ app_end ] --END-- [ RunTime:0.001030s ]

[ 2016-11-01T14:53:20+08:00 ] 127.0.0.1 /index.php/Home/Steward/check_contract/id/441.html
INFO: [ app_init ] --START--
INFO: Run Behavior\BuildLiteBehavior [ RunTime:0.000037s ]
INFO: [ app_init ] --END-- [ RunTime:0.000889s ]
INFO: [ app_begin ] --START--
INFO: Run Behavior\ReadHtmlCacheBehavior [ RunTime:0.001108s ]
INFO: [ app_begin ] --END-- [ RunTime:0.001272s ]
SQL: SHOW COLUMNS FROM `lewo_pay` [ RunTime:0.0055s ]
SQL: SELECT * FROM lewo_pay p INNER JOIN lewo_contract c ON p.pro_id=c.pro_id INNER JOIN lewo_account a ON a.id=c.account_id  WHERE p.id = '441' LIMIT 1   [ RunTime:0.0015s ]
INFO: [ view_parse ] --START--
INFO: [ template_filter ] --START--
INFO: Run Behavior\ContentReplaceBehavior [ RunTime:0.000385s ]
INFO: [ template_filter ] --END-- [ RunTime:0.000535s ]
NOTIC: [8] Undefined variable: area_name G:\wamp2\www\lewo\lewo\Runtime\Cache\Home\e67c633618d005adfd1f24ff91bfa169.php 第 87 行.
NOTIC: [8] Undefined variable: bill_info G:\wamp2\www\lewo\lewo\Runtime\Cache\Home\e67c633618d005adfd1f24ff91bfa169.php 第 87 行.
NOTIC: [8] Undefined variable: bill_info G:\wamp2\www\lewo\lewo\Runtime\Cache\Home\e67c633618d005adfd1f24ff91bfa169.php 第 315 行.
INFO: Run Behavior\ParseTemplateBehavior [ RunTime:0.017734s ]
INFO: [ view_parse ] --END-- [ RunTime:0.017847s ]
INFO: [ view_filter ] --START--
INFO: Run Behavior\WriteHtmlCacheBehavior [ RunTime:0.000603s ]
INFO: [ view_filter ] --END-- [ RunTime:0.000715s ]
INFO: [ app_end ] --START--
INFO: Run Behavior\ShowPageTraceBehavior [ RunTime:0.000903s ]
INFO: [ app_end ] --END-- [ RunTime:0.001017s ]

[ 2016-11-01T21:19:28+08:00 ] 127.0.0.1 /index.php/Steward
INFO: [ app_init ] --START--
INFO: Run Behavior\BuildLiteBehavior [ RunTime:0.000035s ]
INFO: [ app_init ] --END-- [ RunTime:0.000795s ]
INFO: [ app_begin ] --START--
INFO: Run Behavior\ReadHtmlCacheBehavior [ RunTime:0.001092s ]
INFO: [ app_begin ] --END-- [ RunTime:0.001276s ]
INFO: [ view_parse ] --START--
INFO: [ template_filter ] --START--
INFO: Run Behavior\ContentReplaceBehavior [ RunTime:0.000114s ]
INFO: [ template_filter ] --END-- [ RunTime:0.000256s ]
INFO: Run Behavior\ParseTemplateBehavior [ RunTime:0.024280s ]
INFO: [ view_parse ] --END-- [ RunTime:0.024524s ]
INFO: [ view_filter ] --START--
INFO: Run Behavior\WriteHtmlCacheBehavior [ RunTime:0.000721s ]
INFO: [ view_filter ] --END-- [ RunTime:0.000852s ]

[ 2016-11-01T21:19:33+08:00 ] 127.0.0.1 /index.php/Home/Steward/login.html
INFO: [ app_init ] --START--
INFO: Run Behavior\BuildLiteBehavior [ RunTime:0.000038s ]
INFO: [ app_init ] --END-- [ RunTime:0.000935s ]
INFO: [ app_begin ] --START--
INFO: Run Behavior\ReadHtmlCacheBehavior [ RunTime:0.000971s ]
INFO: [ app_begin ] --END-- [ RunTime:0.001127s ]
SQL: SHOW COLUMNS FROM `lewo_admin_user` [ RunTime:0.0072s ]
SQL: SELECT * FROM `lewo_admin_user` WHERE `username` = 'lewo' AND `password` = '7011211e1592352456f07c5d07412e96' LIMIT 1   [ RunTime:0.0012s ]
INFO: [ view_parse ] --START--
INFO: [ template_filter ] --START--
INFO: Run Behavior\ContentReplaceBehavior [ RunTime:0.000104s ]
INFO: [ template_filter ] --END-- [ RunTime:0.000242s ]
INFO: Run Behavior\ParseTemplateBehavior [ RunTime:0.088152s ]
INFO: [ view_parse ] --END-- [ RunTime:0.088350s ]
INFO: [ view_filter ] --START--
INFO: Run Behavior\WriteHtmlCacheBehavior [ RunTime:0.000814s ]
INFO: [ view_filter ] --END-- [ RunTime:0.001002s ]

[ 2016-11-01T21:19:34+08:00 ] 127.0.0.1 /index.php/Home/Steward/index.html
INFO: [ app_init ] --START--
INFO: Run Behavior\BuildLiteBehavior [ RunTime:0.000031s ]
INFO: [ app_init ] --END-- [ RunTime:0.000718s ]
INFO: [ app_begin ] --START--
INFO: Run Behavior\ReadHtmlCacheBehavior [ RunTime:0.000899s ]
INFO: [ app_begin ] --END-- [ RunTime:0.001043s ]
SQL: SHOW COLUMNS FROM `lewo_schedule` [ RunTime:0.0095s ]
SQL: SELECT COUNT(*) AS tp_count FROM `lewo_schedule` WHERE `schedule_type` = 1 AND `is_finish` = 0 AND `steward_id` = 4 AND `admin_type` = 1 LIMIT 1   [ RunTime:0.0017s ]
SQL: SELECT COUNT(*) AS tp_count FROM `lewo_schedule` WHERE `schedule_type` = 2 AND `is_finish` = 0 AND `steward_id` = 4 AND `admin_type` = 1 LIMIT 1   [ RunTime:0.0013s ]
SQL: SELECT COUNT(*) AS tp_count FROM `lewo_schedule` WHERE `schedule_type` = 3 AND `is_finish` = 0 AND `steward_id` = 4 AND `admin_type` = 1 LIMIT 1   [ RunTime:0.0015s ]
SQL: SHOW COLUMNS FROM `lewo_contract` [ RunTime:0.0141s ]
SQL: SELECT SUM(rent) AS tp_sum FROM `lewo_contract` WHERE `start_time` = '2016-11-01' LIMIT 1   [ RunTime:0.0009s ]
SQL: SELECT SUM(fee) AS tp_sum FROM `lewo_contract` WHERE `start_time` = '2016-11-01' LIMIT 1   [ RunTime:0.0009s ]
SQL: SELECT SUM(deposit) AS tp_sum FROM `lewo_contract` WHERE `start_time` = '2016-11-01' LIMIT 1   [ RunTime:0.0008s ]
SQL: SELECT SUM(rent) AS tp_sum FROM `lewo_contract` WHERE `start_time` = '2016-10-31' LIMIT 1   [ RunTime:0.0008s ]
SQL: SELECT SUM(fee) AS tp_sum FROM `lewo_contract` WHERE `start_time` = '2016-10-31' LIMIT 1   [ RunTime:0.0007s ]
SQL: SELECT SUM(deposit) AS tp_sum FROM `lewo_contract` WHERE `start_time` = '2016-10-31' LIMIT 1   [ RunTime:0.0008s ]
SQL: SELECT COUNT(*) AS tp_count FROM `lewo_contract` WHERE `start_time` = '2016-11-01' LIMIT 1   [ RunTime:0.0008s ]
SQL: SHOW COLUMNS FROM `lewo_schedule` [ RunTime:0.0085s ]
SQL: SELECT SUM(money) AS tp_sum FROM `lewo_schedule` WHERE `create_date` = '2016-11-01' AND `schedule_type` = 4 LIMIT 1   [ RunTime:0.0007s ]
SQL: SHOW COLUMNS FROM `lewo_room` [ RunTime:0.0132s ]
SQL: SELECT COUNT(*) AS tp_count FROM `lewo_room` WHERE `room_type` = 1 AND `is_show` = 1 LIMIT 1   [ RunTime:0.0017s ]
SQL: SELECT COUNT(*) AS tp_count FROM `lewo_room` WHERE `status` = 0 AND `room_type` = 1 AND `is_show` = 1 LIMIT 1   [ RunTime:0.0017s ]
SQL: SELECT COUNT(*) AS tp_count FROM `lewo_room` WHERE `room_type` = 2 AND `is_show` = 1 LIMIT 1   [ RunTime:0.0018s ]
SQL: SELECT COUNT(*) AS tp_count FROM `lewo_room` WHERE `status` = 0 AND `room_type` = 2 AND `is_show` = 1 LIMIT 1   [ RunTime:0.0019s ]
SQL: SHOW COLUMNS FROM `lewo_admin_user` [ RunTime:0.0117s ]
SQL: SELECT * FROM `lewo_admin_user` WHERE `id` = 4 LIMIT 1   [ RunTime:0.0012s ]
INFO: [ view_parse ] --START--
INFO: [ template_filter ] --START--
INFO: Run Behavior\ContentReplaceBehavior [ RunTime:0.000186s ]
INFO: [ template_filter ] --END-- [ RunTime:0.000345s ]
INFO: Run Behavior\ParseTemplateBehavior [ RunTime:0.035215s ]
INFO: [ view_parse ] --END-- [ RunTime:0.035395s ]
INFO: [ view_filter ] --START--
INFO: Run Behavior\WriteHtmlCacheBehavior [ RunTime:0.000812s ]
INFO: [ view_filter ] --END-- [ RunTime:0.000971s ]
INFO: [ app_end ] --START--
INFO: Run Behavior\ShowPageTraceBehavior [ RunTime:0.001287s ]
INFO: [ app_end ] --END-- [ RunTime:0.001448s ]

[ 2016-11-01T21:19:36+08:00 ] 127.0.0.1 /index.php/Home/Steward/houses.html
INFO: [ app_init ] --START--
INFO: Run Behavior\BuildLiteBehavior [ RunTime:0.000043s ]
INFO: [ app_init ] --END-- [ RunTime:0.000991s ]
INFO: [ app_begin ] --START--
INFO: Run Behavior\ReadHtmlCacheBehavior [ RunTime:0.001246s ]
INFO: [ app_begin ] --END-- [ RunTime:0.001434s ]
SQL: SHOW COLUMNS FROM `lewo_houses` [ RunTime:0.0120s ]
SQL: SHOW COLUMNS FROM `lewo_room` [ RunTime:0.0090s ]
SQL: SHOW COLUMNS FROM `lewo_area` [ RunTime:0.0104s ]
SQL: SELECT `id`,`area_id`,`steward_id`,`house_code`,`type`,`building`,`floor`,`door_no` FROM `lewo_houses` WHERE `steward_id` = 4 ORDER BY area_id desc, building desc,floor desc,door_no desc  [ RunTime:0.0017s ]
SQL: SELECT COUNT(*) AS tp_count FROM `lewo_room` WHERE `house_code` = 'CQ00049' AND `is_show` = 1 LIMIT 1   [ RunTime:0.0020s ]
SQL: SELECT COUNT(*) AS tp_count FROM `lewo_room` WHERE `house_code` = 'CQ00049' AND `is_show` = 1 AND `status` = 2 LIMIT 1   [ RunTime:0.0028s ]
SQL: SELECT `area_name` FROM `lewo_area` WHERE `id` = 36 LIMIT 1   [ RunTime:0.0009s ]
SQL: SELECT lewo_room.id,lewo_room.account_id,lewo_room.room_code,lewo_room.room_nickname,lewo_room.room_sort,lewo_room.room_type,lewo_room.bed_code,lewo_room.status,lewo_room.is_show,lewo_account.realname,lewo_account.sex FROM `lewo_room` left JOIN lewo_account ON lewo_room.account_id=lewo_account.id  WHERE `house_code` = 'CQ00049' AND `is_show` = 1 ORDER BY room_sort asc  [ RunTime:0.0022s ]
INFO: [ view_parse ] --START--
INFO: [ template_filter ] --START--
INFO: Run Behavior\ContentReplaceBehavior [ RunTime:0.000276s ]
INFO: [ template_filter ] --END-- [ RunTime:0.000521s ]
INFO: Run Behavior\ParseTemplateBehavior [ RunTime:0.039491s ]
INFO: [ view_parse ] --END-- [ RunTime:0.039795s ]
INFO: [ view_filter ] --START--
INFO: Run Behavior\WriteHtmlCacheBehavior [ RunTime:0.007950s ]
INFO: [ view_filter ] --END-- [ RunTime:0.008206s ]
INFO: [ view_parse ] --START--
INFO: [ template_filter ] --START--
INFO: Run Behavior\ContentReplaceBehavior [ RunTime:0.000118s ]
INFO: [ template_filter ] --END-- [ RunTime:-0.046825s ]
INFO: Run Behavior\ParseTemplateBehavior [ RunTime:0.024536s ]
INFO: [ view_parse ] --END-- [ RunTime:-0.019185s ]
INFO: [ view_filter ] --START--
INFO: Run Behavior\WriteHtmlCacheBehavior [ RunTime:0.000042s ]
INFO: [ view_filter ] --END-- [ RunTime:-0.035687s ]
INFO: [ app_end ] --START--
INFO: Run Behavior\ShowPageTraceBehavior [ RunTime:0.001360s ]
INFO: [ app_end ] --END-- [ RunTime:0.001533s ]

[ 2016-11-01T21:19:38+08:00 ] 127.0.0.1 /index.php/Home/Steward/roominfo/id/627.html
INFO: [ app_init ] --START--
INFO: Run Behavior\BuildLiteBehavior [ RunTime:0.000042s ]
INFO: [ app_init ] --END-- [ RunTime:0.000943s ]
INFO: [ app_begin ] --START--
INFO: Run Behavior\ReadHtmlCacheBehavior [ RunTime:0.001590s ]
INFO: [ app_begin ] --END-- [ RunTime:0.001786s ]
SQL: SHOW COLUMNS FROM `lewo_houses` [ RunTime:0.0139s ]
SQL: SHOW COLUMNS FROM `lewo_room` [ RunTime:0.0133s ]
SQL: SHOW COLUMNS FROM `lewo_houses` [ RunTime:0.0132s ]
SQL: SHOW COLUMNS FROM `lewo_admin_user` [ RunTime:0.0120s ]
SQL: SELECT * FROM `lewo_room` WHERE `id` = 627 LIMIT 1   [ RunTime:0.0010s ]
SQL: SELECT `area_id`,`address`,`floor`,`door_no`,`building`,`steward_id` FROM `lewo_houses` WHERE `house_code` = 'CQ00049' LIMIT 1   [ RunTime:0.0007s ]
SQL: SELECT `id`,`username`,`nickname`,`mobile` FROM `lewo_admin_user` WHERE `id` = 4 LIMIT 1   [ RunTime:0.0006s ]
SQL: SHOW COLUMNS FROM `lewo_area` [ RunTime:0.0108s ]
SQL: SELECT `area_name` FROM `lewo_area` WHERE `id` = 36 LIMIT 1   [ RunTime:0.0008s ]
SQL: SELECT `id`,`house_code`,`room_code`,`room_sort`,`room_area`,`room_parameter`,`rent`,`room_fee`,`status`,`room_images_01`,`room_images_02`,`room_images_03`,`room_images_04` FROM `lewo_room` WHERE `house_code` = 'CQ00049' AND `id` NOT IN ('627') AND `status` = 0 AND `is_show` = 1  [ RunTime:0.0021s ]
INFO: [ view_parse ] --START--
INFO: [ template_filter ] --START--
INFO: Run Behavior\ContentReplaceBehavior [ RunTime:0.000382s ]
INFO: [ template_filter ] --END-- [ RunTime:0.000559s ]
NOTIC: [8] Undefined index: room_images G:\wamp2\www\lewo\lewo\Runtime\Cache\Home\50aa9fee479283f114a3cae7d74e4fb3.php 第 56 行.
NOTIC: [8] Undefined index: room_images G:\wamp2\www\lewo\lewo\Runtime\Cache\Home\50aa9fee479283f114a3cae7d74e4fb3.php 第 60 行.
INFO: Run Behavior\ParseTemplateBehavior [ RunTime:0.105306s ]
INFO: [ view_parse ] --END-- [ RunTime:0.105496s ]
INFO: [ view_filter ] --START--
INFO: Run Behavior\WriteHtmlCacheBehavior [ RunTime:0.000952s ]
INFO: [ view_filter ] --END-- [ RunTime:0.001119s ]
INFO: [ app_end ] --START--
INFO: Run Behavior\ShowPageTraceBehavior [ RunTime:0.001823s ]
INFO: [ app_end ] --END-- [ RunTime:0.002001s ]

[ 2016-11-01T21:19:40+08:00 ] 127.0.0.1 /index.php/Home/Steward/checkin/id/627.html
INFO: [ app_init ] --START--
INFO: Run Behavior\BuildLiteBehavior [ RunTime:0.000043s ]
INFO: [ app_init ] --END-- [ RunTime:0.001022s ]
INFO: [ app_begin ] --START--
INFO: Run Behavior\ReadHtmlCacheBehavior [ RunTime:0.001278s ]
INFO: [ app_begin ] --END-- [ RunTime:0.001474s ]
SQL: SHOW COLUMNS FROM `lewo_houses` [ RunTime:0.0099s ]
SQL: SHOW COLUMNS FROM `lewo_room` [ RunTime:0.0108s ]
SQL: SHOW COLUMNS FROM `lewo_houses` [ RunTime:0.0098s ]
SQL: SHOW COLUMNS FROM `lewo_admin_user` [ RunTime:0.0085s ]
SQL: SELECT * FROM `lewo_room` WHERE `id` = 627 LIMIT 1   [ RunTime:0.0011s ]
SQL: SELECT `area_id`,`address`,`floor`,`door_no`,`building`,`steward_id` FROM `lewo_houses` WHERE `house_code` = 'CQ00049' LIMIT 1   [ RunTime:0.0011s ]
SQL: SELECT `id`,`username`,`nickname`,`mobile` FROM `lewo_admin_user` WHERE `id` = 4 LIMIT 1   [ RunTime:0.0008s ]
SQL: SHOW COLUMNS FROM `lewo_area` [ RunTime:0.0076s ]
SQL: SELECT `area_name` FROM `lewo_area` WHERE `id` = 36 LIMIT 1   [ RunTime:0.0010s ]
INFO: [ view_parse ] --START--
INFO: [ template_filter ] --START--
INFO: Run Behavior\ContentReplaceBehavior [ RunTime:0.000321s ]
INFO: [ template_filter ] --END-- [ RunTime:0.000498s ]
NOTIC: [8] Undefined variable: account_id G:\wamp2\www\lewo\lewo\Runtime\Cache\Home\81a17a9c5756f67421131a5fd2e58e89.php 第 85 行.
NOTIC: [8] Undefined variable: schedule_info G:\wamp2\www\lewo\lewo\Runtime\Cache\Home\81a17a9c5756f67421131a5fd2e58e89.php 第 94 行.
NOTIC: [8] Undefined variable: schedule_info G:\wamp2\www\lewo\lewo\Runtime\Cache\Home\81a17a9c5756f67421131a5fd2e58e89.php 第 103 行.
NOTIC: [8] Undefined variable: schedule_info G:\wamp2\www\lewo\lewo\Runtime\Cache\Home\81a17a9c5756f67421131a5fd2e58e89.php 第 112 行.
NOTIC: [8] Undefined variable: schedule_info G:\wamp2\www\lewo\lewo\Runtime\Cache\Home\81a17a9c5756f67421131a5fd2e58e89.php 第 121 行.
NOTIC: [8] Undefined variable: schedule_info G:\wamp2\www\lewo\lewo\Runtime\Cache\Home\81a17a9c5756f67421131a5fd2e58e89.php 第 130 行.
INFO: Run Behavior\ParseTemplateBehavior [ RunTime:0.100726s ]
INFO: [ view_parse ] --END-- [ RunTime:0.100916s ]
INFO: [ view_filter ] --START--
INFO: Run Behavior\WriteHtmlCacheBehavior [ RunTime:0.000839s ]
INFO: [ view_filter ] --END-- [ RunTime:0.001008s ]
INFO: [ app_end ] --START--
INFO: Run Behavior\ShowPageTraceBehavior [ RunTime:0.001335s ]
INFO: [ app_end ] --END-- [ RunTime:0.001820s ]

[ 2016-11-01T21:20:19+08:00 ] 127.0.0.1 /index.php/Home/Steward/checkin.html
INFO: [ app_init ] --START--
INFO: Run Behavior\BuildLiteBehavior [ RunTime:0.000044s ]
INFO: [ app_init ] --END-- [ RunTime:0.001023s ]
INFO: [ app_begin ] --START--
INFO: Run Behavior\ReadHtmlCacheBehavior [ RunTime:0.001441s ]
INFO: [ app_begin ] --END-- [ RunTime:0.001669s ]
SQL: SHOW COLUMNS FROM `lewo_room` [ RunTime:0.0099s ]
SQL: SELECT `house_code` FROM `lewo_room` WHERE `id` = 627 LIMIT 1   [ RunTime:0.0008s ]
SQL: SHOW COLUMNS FROM `lewo_houses` [ RunTime:0.0171s ]
SQL: SELECT `end_date` FROM `lewo_houses` WHERE `house_code` = 'CQ00049' LIMIT 1   [ RunTime:0.0008s ]
NOTIC: [2048] Declaration of Home\Model\ContractModel::add() should be compatible with Think\Model::add($data = '', $options = Array, $replace = false) G:\wamp2\www\lewo\lewo\Home\Model\ContractModel.class.php 第 140 行.
SQL: SHOW COLUMNS FROM `lewo_contract` [ RunTime:0.0104s ]
NOTIC: [2] Invalid argument supplied for foreach() G:\wamp2\www\lewo\lewo\Home\Controller\StewardController.class.php 第 494 行.
SQL: SHOW COLUMNS FROM `lewo_account` [ RunTime:0.0086s ]
SQL: SHOW COLUMNS FROM `lewo_contract` [ RunTime:0.0104s ]
SQL: SHOW COLUMNS FROM `lewo_pay` [ RunTime:0.0105s ]
SQL: SELECT * FROM `lewo_account` WHERE `mobile` = '13751507912' LIMIT 1   [ RunTime:0.0029s ]
SQL: SELECT * FROM `lewo_contract` WHERE `account_id` = 2231 AND `pay_status` = 0 AND `is_delete` = 0  [ RunTime:0.0012s ]
NOTIC: [8] Undefined index: photo G:\wamp2\www\lewo\lewo\Home\Model\ContractModel.class.php 第 74 行.

[ 2016-11-01T21:20:35+08:00 ] 127.0.0.1 /index.php/Home/Steward/checkin.html
INFO: [ app_init ] --START--
INFO: Run Behavior\BuildLiteBehavior [ RunTime:0.000045s ]
INFO: [ app_init ] --END-- [ RunTime:0.001787s ]
INFO: [ app_begin ] --START--
INFO: Run Behavior\ReadHtmlCacheBehavior [ RunTime:0.002109s ]
INFO: [ app_begin ] --END-- [ RunTime:0.002308s ]
SQL: SHOW COLUMNS FROM `lewo_room` [ RunTime:0.0098s ]
SQL: SELECT `house_code` FROM `lewo_room` WHERE `id` = 627 LIMIT 1   [ RunTime:0.0023s ]
SQL: SHOW COLUMNS FROM `lewo_houses` [ RunTime:0.0100s ]
SQL: SELECT `end_date` FROM `lewo_houses` WHERE `house_code` = 'CQ00049' LIMIT 1   [ RunTime:0.0025s ]
NOTIC: [2048] Declaration of Home\Model\ContractModel::add() should be compatible with Think\Model::add($data = '', $options = Array, $replace = false) G:\wamp2\www\lewo\lewo\Home\Model\ContractModel.class.php 第 140 行.
SQL: SHOW COLUMNS FROM `lewo_contract` [ RunTime:0.0145s ]
NOTIC: [2] Invalid argument supplied for foreach() G:\wamp2\www\lewo\lewo\Home\Controller\StewardController.class.php 第 494 行.
SQL: SHOW COLUMNS FROM `lewo_account` [ RunTime:0.0120s ]
SQL: SHOW COLUMNS FROM `lewo_contract` [ RunTime:0.0142s ]
SQL: SHOW COLUMNS FROM `lewo_pay` [ RunTime:0.0098s ]
SQL: SELECT * FROM `lewo_account` WHERE `mobile` = '13751507912' LIMIT 1   [ RunTime:0.0031s ]
SQL: SELECT * FROM `lewo_contract` WHERE `account_id` = 2231 AND `pay_status` = 0 AND `is_delete` = 0  [ RunTime:0.0034s ]
NOTIC: [8] Undefined index: photo G:\wamp2\www\lewo\lewo\Home\Model\ContractModel.class.php 第 74 行.

[ 2016-11-01T21:20:51+08:00 ] 127.0.0.1 /index.php/Home/Steward/checkin.html
INFO: [ app_init ] --START--
INFO: Run Behavior\BuildLiteBehavior [ RunTime:0.000063s ]
INFO: [ app_init ] --END-- [ RunTime:0.001585s ]
INFO: [ app_begin ] --START--
INFO: Run Behavior\ReadHtmlCacheBehavior [ RunTime:0.001662s ]
INFO: [ app_begin ] --END-- [ RunTime:0.001866s ]
SQL: SHOW COLUMNS FROM `lewo_room` [ RunTime:0.0101s ]
SQL: SELECT `house_code` FROM `lewo_room` WHERE `id` = 627 LIMIT 1   [ RunTime:0.0007s ]
SQL: SHOW COLUMNS FROM `lewo_houses` [ RunTime:0.0096s ]
SQL: SELECT `end_date` FROM `lewo_houses` WHERE `house_code` = 'CQ00049' LIMIT 1   [ RunTime:0.0007s ]
NOTIC: [2048] Declaration of Home\Model\ContractModel::add() should be compatible with Think\Model::add($data = '', $options = Array, $replace = false) G:\wamp2\www\lewo\lewo\Home\Model\ContractModel.class.php 第 140 行.
SQL: SHOW COLUMNS FROM `lewo_contract` [ RunTime:0.0114s ]
NOTIC: [2] Invalid argument supplied for foreach() G:\wamp2\www\lewo\lewo\Home\Controller\StewardController.class.php 第 494 行.
SQL: SHOW COLUMNS FROM `lewo_account` [ RunTime:0.0087s ]
SQL: SHOW COLUMNS FROM `lewo_contract` [ RunTime:0.0074s ]
SQL: SHOW COLUMNS FROM `lewo_pay` [ RunTime:0.0076s ]
SQL: SELECT * FROM `lewo_account` WHERE `mobile` = '13751507912' LIMIT 1   [ RunTime:0.0022s ]
SQL: SELECT * FROM `lewo_contract` WHERE `account_id` = 2231 AND `pay_status` = 0 AND `is_delete` = 0  [ RunTime:0.0016s ]
NOTIC: [8] Undefined index: photo G:\wamp2\www\lewo\lewo\Home\Model\ContractModel.class.php 第 74 行.
SQL: INSERT INTO `lewo_contract` (`pro_id`,`account_id`,`room_id`,`create_time`,`deposit`,`book_deposit`,`period`,`steward_id`,`rent_type`,`start_time`,`end_time`,`rent_date`,`rent`,`fee`,`contact2`,`person_count`,`cotenant`,`roomD`,`total_fee`,`photo`,`pay_total`) VALUES ('201611015132129','2231','627','2016-11-01 21:20:51','1700','0','1','4','2_1','2016-11-01','2017-11-01','2016-12-01','850.00','85.00','123','1','a:3:{s:10:\"hzRealname\";s:0:\"\";s:8:\"hzMobile\";s:0:\"\";s:8:\"hzCardNo\";s:0:\"\";}','0','2635.00','','2635.00') [ RunTime:0.0009s ]
SQL: INSERT INTO `lewo_pay` (`pro_id`,`account_id`,`room_id`,`pay_status`,`create_time`,`bill_type`,`input_year`,`input_month`,`should_date`,`last_date`,`price`) VALUES ('201611015132129','2231','627','0','2016-11-01 21:20:51','2','2016','11','2016-11-01','2016-11-01','2635.00') [ RunTime:0.0037s ]
INFO: [ view_parse ] --START--
INFO: [ template_filter ] --START--
INFO: Run Behavior\ContentReplaceBehavior [ RunTime:0.000108s ]
INFO: [ template_filter ] --END-- [ RunTime:0.000251s ]
INFO: Run Behavior\ParseTemplateBehavior [ RunTime:0.013363s ]
INFO: [ view_parse ] --END-- [ RunTime:0.013543s ]
INFO: [ view_filter ] --START--
INFO: Run Behavior\WriteHtmlCacheBehavior [ RunTime:0.001695s ]
INFO: [ view_filter ] --END-- [ RunTime:0.001862s ]
INFO: [ app_end ] --START--
INFO: Run Behavior\ShowPageTraceBehavior [ RunTime:0.001567s ]
INFO: [ app_end ] --END-- [ RunTime:0.001711s ]

[ 2016-11-01T21:20:52+08:00 ] 127.0.0.1 /index.php/Home/Steward/check_contract/id/442.html
INFO: [ app_init ] --START--
INFO: Run Behavior\BuildLiteBehavior [ RunTime:0.000033s ]
INFO: [ app_init ] --END-- [ RunTime:0.000818s ]
INFO: [ app_begin ] --START--
INFO: Run Behavior\ReadHtmlCacheBehavior [ RunTime:0.001287s ]
INFO: [ app_begin ] --END-- [ RunTime:0.001433s ]
SQL: SHOW COLUMNS FROM `lewo_pay` [ RunTime:0.0066s ]
SQL: SELECT * FROM lewo_pay p INNER JOIN lewo_contract c ON p.pro_id=c.pro_id INNER JOIN lewo_account a ON a.id=c.account_id  WHERE p.id = '442' LIMIT 1   [ RunTime:0.0018s ]
INFO: [ view_parse ] --START--
INFO: [ template_filter ] --START--
INFO: Run Behavior\ContentReplaceBehavior [ RunTime:0.000252s ]
INFO: [ template_filter ] --END-- [ RunTime:0.000381s ]
NOTIC: [8] Undefined variable: area_name G:\wamp2\www\lewo\lewo\Runtime\Cache\Home\e67c633618d005adfd1f24ff91bfa169.php 第 87 行.
NOTIC: [8] Undefined variable: bill_info G:\wamp2\www\lewo\lewo\Runtime\Cache\Home\e67c633618d005adfd1f24ff91bfa169.php 第 87 行.
NOTIC: [8] Undefined variable: bill_info G:\wamp2\www\lewo\lewo\Runtime\Cache\Home\e67c633618d005adfd1f24ff91bfa169.php 第 315 行.
INFO: Run Behavior\ParseTemplateBehavior [ RunTime:0.024636s ]
INFO: [ view_parse ] --END-- [ RunTime:0.024766s ]
INFO: [ view_filter ] --START--
INFO: Run Behavior\WriteHtmlCacheBehavior [ RunTime:0.001016s ]
INFO: [ view_filter ] --END-- [ RunTime:0.001147s ]
INFO: [ app_end ] --START--
INFO: Run Behavior\ShowPageTraceBehavior [ RunTime:0.001438s ]
INFO: [ app_end ] --END-- [ RunTime:0.001584s ]

