[ 2016-11-18T16:14:08+08:00 ] 127.0.0.1 /index.php/index.php/Admin/Pay/edit_pay/pro_id/147816342243637.html.html
INFO: [ app_init ] --START--
INFO: Run Behavior\BuildLiteBehavior [ RunTime:0.000034s ]
INFO: [ app_init ] --END-- [ RunTime:0.000999s ]
INFO: [ app_begin ] --START--
INFO: Run Behavior\ReadHtmlCacheBehavior [ RunTime:0.000874s ]
INFO: [ app_begin ] --END-- [ RunTime:0.001003s ]
ERR: 无法加载控制器:Index.php

[ 2016-11-18T16:14:23+08:00 ] 127.0.0.1 /index.php/index.php/Admin/Pay/edit_pay/pro_id/147816342243637.html.html
INFO: [ app_init ] --START--
INFO: Run Behavior\BuildLiteBehavior [ RunTime:0.000042s ]
INFO: [ app_init ] --END-- [ RunTime:0.000876s ]
INFO: [ app_begin ] --START--
INFO: Run Behavior\ReadHtmlCacheBehavior [ RunTime:0.039549s ]
INFO: [ app_begin ] --END-- [ RunTime:0.039721s ]
ERR: 无法加载控制器:Index.php

[ 2016-11-18T16:14:38+08:00 ] 127.0.0.1 /index.php/index.php/Admin/Pay/edit_pay/pro_id/147816342243637.html.html
INFO: [ app_init ] --START--
INFO: Run Behavior\BuildLiteBehavior [ RunTime:0.000045s ]
INFO: [ app_init ] --END-- [ RunTime:0.001852s ]
INFO: [ app_begin ] --START--
INFO: Run Behavior\ReadHtmlCacheBehavior [ RunTime:0.001905s ]
INFO: [ app_begin ] --END-- [ RunTime:0.002172s ]
ERR: 无法加载控制器:Index.php

[ 2016-11-18T16:14:47+08:00 ] 127.0.0.1 /index.php/index.php/Admin/Pay/edit_pay/pro_id/147816342243637.html.html
INFO: [ app_init ] --START--
INFO: Run Behavior\BuildLiteBehavior [ RunTime:0.000041s ]
INFO: [ app_init ] --END-- [ RunTime:0.001138s ]
INFO: [ app_begin ] --START--
INFO: Run Behavior\ReadHtmlCacheBehavior [ RunTime:0.001047s ]
INFO: [ app_begin ] --END-- [ RunTime:0.001208s ]
ERR: 无法加载控制器:Index.php

[ 2016-11-18T16:16:08+08:00 ] 127.0.0.1 /index.php/index.php/Admin/Pay/edit_pay/pro_id/147815757684297.html.html
INFO: [ app_init ] --START--
INFO: Run Behavior\BuildLiteBehavior [ RunTime:0.000039s ]
INFO: [ app_init ] --END-- [ RunTime:0.000896s ]
INFO: [ app_begin ] --START--
INFO: Run Behavior\ReadHtmlCacheBehavior [ RunTime:0.001412s ]
INFO: [ app_begin ] --END-- [ RunTime:0.001582s ]
ERR: 无法加载控制器:Index.php

[ 2016-11-18T17:33:42+08:00 ] 127.0.0.1 /index.php/Home/Tenant/index.html
INFO: [ app_init ] --START--
INFO: Run Behavior\BuildLiteBehavior [ RunTime:0.000051s ]
INFO: [ app_init ] --END-- [ RunTime:0.001070s ]
INFO: [ app_begin ] --START--
INFO: Run Behavior\ReadHtmlCacheBehavior [ RunTime:0.001035s ]
INFO: [ app_begin ] --END-- [ RunTime:0.001193s ]
INFO: [ view_parse ] --START--
INFO: [ template_filter ] --START--
INFO: Run Behavior\ContentReplaceBehavior [ RunTime:0.000099s ]
INFO: [ template_filter ] --END-- [ RunTime:0.000222s ]
INFO: Run Behavior\ParseTemplateBehavior [ RunTime:0.073254s ]
INFO: [ view_parse ] --END-- [ RunTime:0.073393s ]
INFO: [ view_filter ] --START--
INFO: Run Behavior\WriteHtmlCacheBehavior [ RunTime:0.000565s ]
INFO: [ view_filter ] --END-- [ RunTime:0.000674s ]

[ 2016-11-18T17:33:44+08:00 ] 127.0.0.1 /index.php/Home/Tenant/login.html
INFO: [ app_init ] --START--
INFO: Run Behavior\BuildLiteBehavior [ RunTime:0.000038s ]
INFO: [ app_init ] --END-- [ RunTime:0.001035s ]
INFO: [ app_begin ] --START--
INFO: Run Behavior\ReadHtmlCacheBehavior [ RunTime:0.001148s ]
INFO: [ app_begin ] --END-- [ RunTime:0.001327s ]
SQL: SHOW COLUMNS FROM `lewo_account` [ RunTime:0.0096s ]
SQL: SELECT * FROM `lewo_account` WHERE `mobile` = 'admin' AND `password` = '6b1c5f2dfc828405850929e845df7963' LIMIT 1   [ RunTime:0.0028s ]
SQL: UPDATE `lewo_account` SET `login_time`='2016-11-18 17:33:44' WHERE `mobile` = 'admin' AND `password` = '6b1c5f2dfc828405850929e845df7963' [ RunTime:0.0153s ]
INFO: [ view_parse ] --START--
INFO: [ template_filter ] --START--
INFO: Run Behavior\ContentReplaceBehavior [ RunTime:0.000110s ]
INFO: [ template_filter ] --END-- [ RunTime:0.000262s ]
INFO: Run Behavior\ParseTemplateBehavior [ RunTime:0.015220s ]
INFO: [ view_parse ] --END-- [ RunTime:0.015407s ]
INFO: [ view_filter ] --START--
INFO: Run Behavior\WriteHtmlCacheBehavior [ RunTime:0.000872s ]
INFO: [ view_filter ] --END-- [ RunTime:0.001037s ]

[ 2016-11-18T17:33:48+08:00 ] 127.0.0.1 /index.php/Home/Tenant/login.html
INFO: [ app_init ] --START--
INFO: Run Behavior\BuildLiteBehavior [ RunTime:0.000036s ]
INFO: [ app_init ] --END-- [ RunTime:0.000853s ]
INFO: [ app_begin ] --START--
INFO: Run Behavior\ReadHtmlCacheBehavior [ RunTime:0.000795s ]
INFO: [ app_begin ] --END-- [ RunTime:0.000924s ]
SQL: SHOW COLUMNS FROM `lewo_account` [ RunTime:0.0074s ]
SQL: SELECT * FROM `lewo_account` WHERE `mobile` = '18580161624' AND `password` = 'e10adc3949ba59abbe56e057f20f883e' LIMIT 1   [ RunTime:0.0024s ]
SQL: UPDATE `lewo_account` SET `login_time`='2016-11-18 17:33:48' WHERE `mobile` = '18580161624' AND `password` = 'e10adc3949ba59abbe56e057f20f883e' [ RunTime:0.0112s ]

[ 2016-11-18T17:33:48+08:00 ] 127.0.0.1 /index.php/Home/Tenant/index.html
INFO: [ app_init ] --START--
INFO: Run Behavior\BuildLiteBehavior [ RunTime:0.000038s ]
INFO: [ app_init ] --END-- [ RunTime:0.000921s ]
INFO: [ app_begin ] --START--
INFO: Run Behavior\ReadHtmlCacheBehavior [ RunTime:0.000869s ]
INFO: [ app_begin ] --END-- [ RunTime:0.001009s ]
SQL: SHOW COLUMNS FROM `lewo_account` [ RunTime:0.0067s ]
SQL: SELECT `id`,`mobile`,`email`,`sex`,`tag`,`birthday`,`register_time`,`avatar`,`address`,`zipcode`,`card_no`,`balance`,`realname`,`contact2` FROM `lewo_account` WHERE `id` = 1807 LIMIT 1   [ RunTime:0.0005s ]
SQL: SHOW COLUMNS FROM `lewo_room` [ RunTime:0.0073s ]
SQL: SELECT * FROM `lewo_room` WHERE `account_id` = 1807 AND `status` = 2 LIMIT 1   [ RunTime:0.0013s ]
SQL: SHOW COLUMNS FROM `lewo_back_bill` [ RunTime:0.0067s ]
SQL: SELECT * FROM `lewo_back_bill` WHERE `account_id` = 1807 AND `is_affirm` = 2  [ RunTime:0.0006s ]
SQL: SELECT * FROM `lewo_back_bill` WHERE `is_finish` = 0 AND `is_affirm` = 0 AND `account_id` = 1807 LIMIT 1   [ RunTime:0.0005s ]
SQL: SHOW COLUMNS FROM `lewo_schedule` [ RunTime:0.0078s ]
SQL: SELECT `schedule_type` FROM `lewo_schedule` WHERE `id` = null LIMIT 1   [ RunTime:0.0003s ]
NOTIC: [8] Undefined index:  G:\wamp2\www\lewo\lewo\Home\Controller\TenantController.class.php 第 31 行.
SQL: SHOW COLUMNS FROM `lewo_charge_bill` [ RunTime:0.0079s ]
NOTIC: [2] Missing argument 3 for Home\Model\ChargeBillModel::getBillByAcId(), called in G:\wamp2\www\lewo\lewo\Home\Controller\TenantController.class.php on line 35 and defined G:\wamp2\www\lewo\lewo\Home\Model\ChargeBillModel.class.php 第 93 行.
NOTIC: [8] Undefined variable: bill_type G:\wamp2\www\lewo\lewo\Home\Model\ChargeBillModel.class.php 第 95 行.
SQL: SHOW COLUMNS FROM `lewo_pay` [ RunTime:0.0069s ]
SQL: SELECT cb.*,p.*,a.realname FROM lewo_pay p left JOIN lewo_charge_bill cb ON p.pro_id=cb.pro_id left JOIN lewo_account a ON p.account_id=a.id  WHERE p.pay_status = 0 AND p.account_id = '1807' AND p.is_show = 1 AND cb.is_send = 1 ORDER BY p.input_year desc,p.input_month desc  [ RunTime:0.0069s ]
SQL: SHOW COLUMNS FROM `lewo_houses` [ RunTime:0.0077s ]
SQL: SHOW COLUMNS FROM `lewo_area` [ RunTime:0.0068s ]
NOTIC: [2048] Declaration of Home\Model\ContractModel::add() should be compatible with Think\Model::add($data = '', $options = Array, $replace = false) G:\wamp2\www\lewo\lewo\Home\Model\ContractModel.class.php 第 149 行.
SQL: SHOW COLUMNS FROM `lewo_contract` [ RunTime:0.0075s ]
SQL: SELECT c.*,p.* FROM lewo_pay p INNER JOIN lewo_contract c ON p.pro_id=c.pro_id  WHERE p.account_id = '1807' AND p.bill_type = 2 AND p.pay_status = 0 AND `is_show` = 1 ORDER BY p.id desc LIMIT 1   [ RunTime:0.0258s ]
SQL: SHOW COLUMNS FROM `lewo_room` [ RunTime:0.0073s ]
SQL: SHOW COLUMNS FROM `lewo_account` [ RunTime:0.0068s ]
SQL: SHOW COLUMNS FROM `lewo_pay` [ RunTime:0.0071s ]
SQL: SELECT a.realname,p.*,r.house_code FROM lewo_pay p INNER JOIN lewo_account a ON a.id=p.account_id INNER JOIN lewo_room r ON r.id=p.room_id  WHERE p.account_id = '1807' AND p.bill_type = 1 AND p.pay_status = 0  [ RunTime:0.0076s ]
NOTIC: [8] Undefined variable: house_info G:\wamp2\www\lewo\lewo\Home\Controller\TenantController.class.php 第 54 行.
INFO: [ view_parse ] --START--
INFO: [ template_filter ] --START--
INFO: Run Behavior\ContentReplaceBehavior [ RunTime:0.000200s ]
INFO: [ template_filter ] --END-- [ RunTime:0.000316s ]
INFO: Run Behavior\ParseTemplateBehavior [ RunTime:0.026721s ]
INFO: [ view_parse ] --END-- [ RunTime:0.026873s ]
INFO: [ view_filter ] --START--
INFO: Run Behavior\WriteHtmlCacheBehavior [ RunTime:0.000479s ]
INFO: [ view_filter ] --END-- [ RunTime:0.000587s ]
INFO: [ app_end ] --START--
INFO: Run Behavior\ShowPageTraceBehavior [ RunTime:0.000897s ]
INFO: [ app_end ] --END-- [ RunTime:0.001011s ]

[ 2016-11-18T17:33:50+08:00 ] 127.0.0.1 /index.php/Home/Tenant/feelist.html
INFO: [ app_init ] --START--
INFO: Run Behavior\BuildLiteBehavior [ RunTime:0.000044s ]
INFO: [ app_init ] --END-- [ RunTime:0.000993s ]
INFO: [ app_begin ] --START--
INFO: Run Behavior\ReadHtmlCacheBehavior [ RunTime:0.001186s ]
INFO: [ app_begin ] --END-- [ RunTime:0.001363s ]
SQL: SHOW COLUMNS FROM `lewo_charge_bill` [ RunTime:0.0104s ]
NOTIC: [2] Missing argument 3 for Home\Model\ChargeBillModel::getBillByAcId(), called in G:\wamp2\www\lewo\lewo\Home\Controller\TenantController.class.php on line 159 and defined G:\wamp2\www\lewo\lewo\Home\Model\ChargeBillModel.class.php 第 93 行.
NOTIC: [8] Undefined variable: bill_type G:\wamp2\www\lewo\lewo\Home\Model\ChargeBillModel.class.php 第 95 行.
SQL: SHOW COLUMNS FROM `lewo_pay` [ RunTime:0.0102s ]
SQL: SELECT cb.*,p.*,a.realname FROM lewo_pay p left JOIN lewo_charge_bill cb ON p.pro_id=cb.pro_id left JOIN lewo_account a ON p.account_id=a.id  WHERE p.account_id = '1807' AND p.is_show = 1 AND cb.is_send = 1 ORDER BY p.input_year desc,p.input_month desc  [ RunTime:0.0100s ]
SQL: SHOW COLUMNS FROM `lewo_houses` [ RunTime:0.0099s ]
SQL: SHOW COLUMNS FROM `lewo_area` [ RunTime:0.0084s ]
SQL: SELECT `area_id` FROM `lewo_houses` WHERE `house_code` = 'ZYJ00093' LIMIT 1   [ RunTime:0.0009s ]
SQL: SELECT `city_id` FROM `lewo_area` WHERE `id` = 29 LIMIT 1   [ RunTime:0.0005s ]
SQL: SELECT `area_id` FROM `lewo_houses` WHERE `house_code` = 'ZYJ00093' LIMIT 1   [ RunTime:0.0005s ]
SQL: SELECT `city_id` FROM `lewo_area` WHERE `id` = 29 LIMIT 1   [ RunTime:0.0004s ]
SQL: SELECT `area_id` FROM `lewo_houses` WHERE `house_code` = 'ZYJ00093' LIMIT 1   [ RunTime:0.0006s ]
SQL: SELECT `city_id` FROM `lewo_area` WHERE `id` = 29 LIMIT 1   [ RunTime:0.0004s ]
SQL: SELECT `area_id` FROM `lewo_houses` WHERE `house_code` = 'ZYJ00093' LIMIT 1   [ RunTime:0.0006s ]
SQL: SELECT `city_id` FROM `lewo_area` WHERE `id` = 29 LIMIT 1   [ RunTime:0.0005s ]
SQL: SELECT `area_id` FROM `lewo_houses` WHERE `house_code` = 'ZYJ00093' LIMIT 1   [ RunTime:0.0013s ]
SQL: SELECT `city_id` FROM `lewo_area` WHERE `id` = 29 LIMIT 1   [ RunTime:0.0004s ]
SQL: SELECT `area_id` FROM `lewo_houses` WHERE `house_code` = 'ZYJ00093' LIMIT 1   [ RunTime:0.0006s ]
SQL: SELECT `city_id` FROM `lewo_area` WHERE `id` = 29 LIMIT 1   [ RunTime:0.0005s ]
SQL: SELECT `area_id` FROM `lewo_houses` WHERE `house_code` = 'ZYJ00093' LIMIT 1   [ RunTime:0.0006s ]
SQL: SELECT `city_id` FROM `lewo_area` WHERE `id` = 29 LIMIT 1   [ RunTime:0.0006s ]
INFO: [ view_parse ] --START--
INFO: [ template_filter ] --START--
INFO: Run Behavior\ContentReplaceBehavior [ RunTime:0.000189s ]
INFO: [ template_filter ] --END-- [ RunTime:0.000341s ]
NOTIC: [8] Undefined variable: contract_list G:\wamp2\www\lewo\lewo\Runtime\Cache\Home\95f8fa7799ce7c882b122acafdcacc2f.php 第 99 行.
INFO: Run Behavior\ParseTemplateBehavior [ RunTime:0.028624s ]
INFO: [ view_parse ] --END-- [ RunTime:0.028788s ]
INFO: [ view_filter ] --START--
INFO: Run Behavior\WriteHtmlCacheBehavior [ RunTime:0.000701s ]
INFO: [ view_filter ] --END-- [ RunTime:0.000869s ]
INFO: [ app_end ] --START--
INFO: Run Behavior\ShowPageTraceBehavior [ RunTime:0.001123s ]
INFO: [ app_end ] --END-- [ RunTime:0.001273s ]

[ 2016-11-18T17:33:54+08:00 ] 127.0.0.1 /index.php/Home/Tenant/index.html
INFO: [ app_init ] --START--
INFO: Run Behavior\BuildLiteBehavior [ RunTime:0.000028s ]
INFO: [ app_init ] --END-- [ RunTime:0.000771s ]
INFO: [ app_begin ] --START--
INFO: Run Behavior\ReadHtmlCacheBehavior [ RunTime:0.001060s ]
INFO: [ app_begin ] --END-- [ RunTime:0.001196s ]
SQL: SHOW COLUMNS FROM `lewo_account` [ RunTime:0.0071s ]
SQL: SELECT `id`,`mobile`,`email`,`sex`,`tag`,`birthday`,`register_time`,`avatar`,`address`,`zipcode`,`card_no`,`balance`,`realname`,`contact2` FROM `lewo_account` WHERE `id` = 1807 LIMIT 1   [ RunTime:0.0006s ]
SQL: SHOW COLUMNS FROM `lewo_room` [ RunTime:0.0073s ]
SQL: SELECT * FROM `lewo_room` WHERE `account_id` = 1807 AND `status` = 2 LIMIT 1   [ RunTime:0.0013s ]
SQL: SHOW COLUMNS FROM `lewo_back_bill` [ RunTime:0.0066s ]
SQL: SELECT * FROM `lewo_back_bill` WHERE `account_id` = 1807 AND `is_affirm` = 2  [ RunTime:0.0006s ]
SQL: SELECT * FROM `lewo_back_bill` WHERE `is_finish` = 0 AND `is_affirm` = 0 AND `account_id` = 1807 LIMIT 1   [ RunTime:0.0007s ]
SQL: SHOW COLUMNS FROM `lewo_schedule` [ RunTime:0.0083s ]
SQL: SELECT `schedule_type` FROM `lewo_schedule` WHERE `id` = null LIMIT 1   [ RunTime:0.0003s ]
NOTIC: [8] Undefined index:  G:\wamp2\www\lewo\lewo\Home\Controller\TenantController.class.php 第 31 行.
SQL: SHOW COLUMNS FROM `lewo_charge_bill` [ RunTime:0.0097s ]
NOTIC: [2] Missing argument 3 for Home\Model\ChargeBillModel::getBillByAcId(), called in G:\wamp2\www\lewo\lewo\Home\Controller\TenantController.class.php on line 35 and defined G:\wamp2\www\lewo\lewo\Home\Model\ChargeBillModel.class.php 第 93 行.
NOTIC: [8] Undefined variable: bill_type G:\wamp2\www\lewo\lewo\Home\Model\ChargeBillModel.class.php 第 95 行.
SQL: SHOW COLUMNS FROM `lewo_pay` [ RunTime:0.0084s ]
SQL: SELECT cb.*,p.*,a.realname FROM lewo_pay p left JOIN lewo_charge_bill cb ON p.pro_id=cb.pro_id left JOIN lewo_account a ON p.account_id=a.id  WHERE p.pay_status = 0 AND p.account_id = '1807' AND p.is_show = 1 AND cb.is_send = 1 ORDER BY p.input_year desc,p.input_month desc  [ RunTime:0.0071s ]
SQL: SHOW COLUMNS FROM `lewo_houses` [ RunTime:0.0070s ]
SQL: SHOW COLUMNS FROM `lewo_area` [ RunTime:0.0068s ]
NOTIC: [2048] Declaration of Home\Model\ContractModel::add() should be compatible with Think\Model::add($data = '', $options = Array, $replace = false) G:\wamp2\www\lewo\lewo\Home\Model\ContractModel.class.php 第 149 行.
SQL: SHOW COLUMNS FROM `lewo_contract` [ RunTime:0.0091s ]
SQL: SELECT c.*,p.* FROM lewo_pay p INNER JOIN lewo_contract c ON p.pro_id=c.pro_id  WHERE p.account_id = '1807' AND p.bill_type = 2 AND p.pay_status = 0 AND `is_show` = 1 ORDER BY p.id desc LIMIT 1   [ RunTime:0.0255s ]
SQL: SHOW COLUMNS FROM `lewo_room` [ RunTime:0.0095s ]
SQL: SHOW COLUMNS FROM `lewo_account` [ RunTime:0.0086s ]
SQL: SHOW COLUMNS FROM `lewo_pay` [ RunTime:0.0076s ]
SQL: SELECT a.realname,p.*,r.house_code FROM lewo_pay p INNER JOIN lewo_account a ON a.id=p.account_id INNER JOIN lewo_room r ON r.id=p.room_id  WHERE p.account_id = '1807' AND p.bill_type = 1 AND p.pay_status = 0  [ RunTime:0.0061s ]
NOTIC: [8] Undefined variable: house_info G:\wamp2\www\lewo\lewo\Home\Controller\TenantController.class.php 第 54 行.
INFO: [ view_parse ] --START--
INFO: [ template_filter ] --START--
INFO: Run Behavior\ContentReplaceBehavior [ RunTime:0.000195s ]
INFO: [ template_filter ] --END-- [ RunTime:0.000311s ]
INFO: Run Behavior\ParseTemplateBehavior [ RunTime:0.028600s ]
INFO: [ view_parse ] --END-- [ RunTime:0.028765s ]
INFO: [ view_filter ] --START--
INFO: Run Behavior\WriteHtmlCacheBehavior [ RunTime:0.000651s ]
INFO: [ view_filter ] --END-- [ RunTime:0.000759s ]
INFO: [ app_end ] --START--
INFO: Run Behavior\ShowPageTraceBehavior [ RunTime:0.000902s ]
INFO: [ app_end ] --END-- [ RunTime:0.001011s ]

[ 2016-11-18T17:49:31+08:00 ] 127.0.0.1 /index.php/Home/Tenant/index.html
INFO: [ app_init ] --START--
INFO: Run Behavior\BuildLiteBehavior [ RunTime:0.000035s ]
INFO: [ app_init ] --END-- [ RunTime:0.001357s ]
INFO: [ app_begin ] --START--
INFO: Run Behavior\ReadHtmlCacheBehavior [ RunTime:0.001239s ]
INFO: [ app_begin ] --END-- [ RunTime:0.001403s ]
SQL: SHOW COLUMNS FROM `lewo_account` [ RunTime:0.0091s ]
SQL: SELECT `id`,`mobile`,`email`,`sex`,`tag`,`birthday`,`register_time`,`avatar`,`address`,`zipcode`,`card_no`,`balance`,`realname`,`contact2` FROM `lewo_account` WHERE `id` = 1807 LIMIT 1   [ RunTime:0.0009s ]
SQL: SHOW COLUMNS FROM `lewo_room` [ RunTime:0.0089s ]
SQL: SELECT * FROM `lewo_room` WHERE `account_id` = 1807 AND `status` = 2 LIMIT 1   [ RunTime:0.0018s ]
SQL: SHOW COLUMNS FROM `lewo_back_bill` [ RunTime:0.0088s ]
SQL: SELECT * FROM `lewo_back_bill` WHERE `account_id` = 1807 AND `is_affirm` = 2  [ RunTime:0.0008s ]
SQL: SELECT * FROM `lewo_back_bill` WHERE `is_finish` = 0 AND `is_affirm` = 0 AND `account_id` = 1807 LIMIT 1   [ RunTime:0.0008s ]
SQL: SHOW COLUMNS FROM `lewo_schedule` [ RunTime:0.0130s ]
SQL: SELECT `schedule_type` FROM `lewo_schedule` WHERE `id` = null LIMIT 1   [ RunTime:0.0006s ]
NOTIC: [8] Undefined index:  G:\wamp2\www\lewo\lewo\Home\Controller\TenantController.class.php 第 31 行.
SQL: SHOW COLUMNS FROM `lewo_charge_bill` [ RunTime:0.0133s ]
NOTIC: [2] Missing argument 3 for Home\Model\ChargeBillModel::getBillByAcId(), called in G:\wamp2\www\lewo\lewo\Home\Controller\TenantController.class.php on line 35 and defined G:\wamp2\www\lewo\lewo\Home\Model\ChargeBillModel.class.php 第 93 行.
NOTIC: [8] Undefined variable: bill_type G:\wamp2\www\lewo\lewo\Home\Model\ChargeBillModel.class.php 第 95 行.
SQL: SHOW COLUMNS FROM `lewo_pay` [ RunTime:0.0103s ]
SQL: SELECT cb.*,p.*,a.realname FROM lewo_pay p left JOIN lewo_charge_bill cb ON p.pro_id=cb.pro_id left JOIN lewo_account a ON p.account_id=a.id  WHERE p.pay_status = 0 AND p.account_id = '1807' AND p.is_show = 1 AND cb.is_send = 1 ORDER BY p.input_year desc,p.input_month desc  [ RunTime:0.0100s ]
SQL: SHOW COLUMNS FROM `lewo_houses` [ RunTime:0.0140s ]
SQL: SHOW COLUMNS FROM `lewo_area` [ RunTime:0.0077s ]
NOTIC: [2048] Declaration of Home\Model\ContractModel::add() should be compatible with Think\Model::add($data = '', $options = Array, $replace = false) G:\wamp2\www\lewo\lewo\Home\Model\ContractModel.class.php 第 149 行.
SQL: SHOW COLUMNS FROM `lewo_contract` [ RunTime:0.0097s ]
SQL: SELECT c.*,p.* FROM lewo_pay p INNER JOIN lewo_contract c ON p.pro_id=c.pro_id  WHERE p.account_id = '1807' AND p.bill_type = 2 AND p.pay_status = 0 AND `is_show` = 1 ORDER BY p.id desc LIMIT 1   [ RunTime:0.0297s ]
SQL: SHOW COLUMNS FROM `lewo_room` [ RunTime:0.0086s ]
SQL: SHOW COLUMNS FROM `lewo_account` [ RunTime:0.0072s ]
SQL: SHOW COLUMNS FROM `lewo_pay` [ RunTime:0.0073s ]
SQL: SELECT a.realname,p.*,r.house_code FROM lewo_pay p INNER JOIN lewo_account a ON a.id=p.account_id INNER JOIN lewo_room r ON r.id=p.room_id  WHERE p.bill_type = 1 AND p.pay_status = 0 AND p.account_id = '1807'  [ RunTime:0.0062s ]
NOTIC: [8] Undefined variable: house_info G:\wamp2\www\lewo\lewo\Home\Controller\TenantController.class.php 第 54 行.
INFO: [ view_parse ] --START--
INFO: [ template_filter ] --START--
INFO: Run Behavior\ContentReplaceBehavior [ RunTime:0.000291s ]
INFO: [ template_filter ] --END-- [ RunTime:0.000516s ]
INFO: Run Behavior\ParseTemplateBehavior [ RunTime:0.029709s ]
INFO: [ view_parse ] --END-- [ RunTime:0.029850s ]
INFO: [ view_filter ] --START--
INFO: Run Behavior\WriteHtmlCacheBehavior [ RunTime:0.000677s ]
INFO: [ view_filter ] --END-- [ RunTime:0.000808s ]
INFO: [ app_end ] --START--
INFO: Run Behavior\ShowPageTraceBehavior [ RunTime:0.000962s ]
INFO: [ app_end ] --END-- [ RunTime:0.001097s ]

[ 2016-11-18T18:09:11+08:00 ] 127.0.0.1 /index.php/Home/Tenant/index.html
INFO: [ app_init ] --START--
INFO: Run Behavior\BuildLiteBehavior [ RunTime:0.000040s ]
INFO: [ app_init ] --END-- [ RunTime:0.001685s ]
INFO: [ app_begin ] --START--
INFO: Run Behavior\ReadHtmlCacheBehavior [ RunTime:0.001507s ]
INFO: [ app_begin ] --END-- [ RunTime:0.001714s ]
SQL: SHOW COLUMNS FROM `lewo_account` [ RunTime:0.0095s ]
SQL: SELECT `id`,`mobile`,`email`,`sex`,`tag`,`birthday`,`register_time`,`avatar`,`address`,`zipcode`,`card_no`,`balance`,`realname`,`contact2` FROM `lewo_account` WHERE `id` = 1807 LIMIT 1   [ RunTime:0.0013s ]
SQL: SHOW COLUMNS FROM `lewo_room` [ RunTime:0.0098s ]
SQL: SELECT * FROM `lewo_room` WHERE `account_id` = 1807 AND `status` = 2 LIMIT 1   [ RunTime:0.0017s ]
SQL: SHOW COLUMNS FROM `lewo_back_bill` [ RunTime:0.0087s ]
SQL: SELECT * FROM `lewo_back_bill` WHERE `account_id` = 1807 AND `is_affirm` = 2  [ RunTime:0.0011s ]
SQL: SELECT * FROM `lewo_back_bill` WHERE `is_finish` = 0 AND `is_affirm` = 0 AND `account_id` = 1807 LIMIT 1   [ RunTime:0.0007s ]
SQL: SHOW COLUMNS FROM `lewo_schedule` [ RunTime:0.0104s ]
SQL: SELECT `schedule_type` FROM `lewo_schedule` WHERE `id` = null LIMIT 1   [ RunTime:0.0004s ]
NOTIC: [8] Undefined index:  G:\wamp2\www\lewo\lewo\Home\Controller\TenantController.class.php 第 31 行.
SQL: SHOW COLUMNS FROM `lewo_charge_bill` [ RunTime:0.0099s ]
NOTIC: [2] Missing argument 3 for Home\Model\ChargeBillModel::getBillByAcId(), called in G:\wamp2\www\lewo\lewo\Home\Controller\TenantController.class.php on line 35 and defined G:\wamp2\www\lewo\lewo\Home\Model\ChargeBillModel.class.php 第 93 行.
NOTIC: [8] Undefined variable: bill_type G:\wamp2\www\lewo\lewo\Home\Model\ChargeBillModel.class.php 第 95 行.
SQL: SHOW COLUMNS FROM `lewo_pay` [ RunTime:0.0097s ]
SQL: SELECT cb.*,p.*,a.realname FROM lewo_pay p left JOIN lewo_charge_bill cb ON p.pro_id=cb.pro_id left JOIN lewo_account a ON p.account_id=a.id  WHERE p.pay_status = 0 AND p.account_id = '1807' AND p.is_show = 1 AND cb.is_send = 1 ORDER BY p.input_year desc,p.input_month desc  [ RunTime:0.0091s ]
SQL: SHOW COLUMNS FROM `lewo_houses` [ RunTime:0.0102s ]
SQL: SHOW COLUMNS FROM `lewo_area` [ RunTime:0.0090s ]
NOTIC: [2048] Declaration of Home\Model\ContractModel::add() should be compatible with Think\Model::add($data = '', $options = Array, $replace = false) G:\wamp2\www\lewo\lewo\Home\Model\ContractModel.class.php 第 149 行.
SQL: SHOW COLUMNS FROM `lewo_contract` [ RunTime:0.0105s ]
SQL: SELECT c.*,p.* FROM lewo_pay p INNER JOIN lewo_contract c ON p.pro_id=c.pro_id  WHERE p.account_id = '1807' AND p.bill_type = 2 AND p.pay_status = 0 AND `is_show` = 1 ORDER BY p.id desc LIMIT 1   [ RunTime:0.0368s ]
SQL: SHOW COLUMNS FROM `lewo_room` [ RunTime:0.0087s ]
SQL: SHOW COLUMNS FROM `lewo_account` [ RunTime:0.0105s ]
SQL: SHOW COLUMNS FROM `lewo_pay` [ RunTime:0.0093s ]

[ 2016-11-18T18:20:17+08:00 ] 127.0.0.1 /index.php/Home/Tenant/index.html
INFO: [ app_init ] --START--
INFO: Run Behavior\BuildLiteBehavior [ RunTime:0.000038s ]
INFO: [ app_init ] --END-- [ RunTime:0.000980s ]
INFO: [ app_begin ] --START--
INFO: Run Behavior\ReadHtmlCacheBehavior [ RunTime:0.001264s ]
INFO: [ app_begin ] --END-- [ RunTime:0.001467s ]
SQL: SHOW COLUMNS FROM `lewo_account` [ RunTime:0.0129s ]
SQL: SELECT `id`,`mobile`,`email`,`sex`,`tag`,`birthday`,`register_time`,`avatar`,`address`,`zipcode`,`card_no`,`balance`,`realname`,`contact2` FROM `lewo_account` WHERE `id` = 1807 LIMIT 1   [ RunTime:0.0009s ]
SQL: SHOW COLUMNS FROM `lewo_room` [ RunTime:0.0132s ]
SQL: SELECT * FROM `lewo_room` WHERE `account_id` = 1807 AND `status` = 2 LIMIT 1   [ RunTime:0.0019s ]
SQL: SHOW COLUMNS FROM `lewo_back_bill` [ RunTime:0.0104s ]
SQL: SELECT * FROM `lewo_back_bill` WHERE `account_id` = 1807 AND `is_affirm` = 2  [ RunTime:0.0013s ]
SQL: SELECT * FROM `lewo_back_bill` WHERE `is_finish` = 0 AND `is_affirm` = 0 AND `account_id` = 1807 LIMIT 1   [ RunTime:0.0012s ]
SQL: SHOW COLUMNS FROM `lewo_schedule` [ RunTime:0.0110s ]
SQL: SELECT `schedule_type` FROM `lewo_schedule` WHERE `id` = null LIMIT 1   [ RunTime:0.0006s ]
NOTIC: [8] Undefined index:  G:\wamp2\www\lewo\lewo\Home\Controller\TenantController.class.php 第 31 行.
SQL: SHOW COLUMNS FROM `lewo_charge_bill` [ RunTime:0.0109s ]
NOTIC: [2] Missing argument 3 for Home\Model\ChargeBillModel::getBillByAcId(), called in G:\wamp2\www\lewo\lewo\Home\Controller\TenantController.class.php on line 35 and defined G:\wamp2\www\lewo\lewo\Home\Model\ChargeBillModel.class.php 第 93 行.
NOTIC: [8] Undefined variable: bill_type G:\wamp2\www\lewo\lewo\Home\Model\ChargeBillModel.class.php 第 95 行.
SQL: SHOW COLUMNS FROM `lewo_pay` [ RunTime:0.0076s ]
SQL: SELECT cb.*,p.*,a.realname FROM lewo_pay p left JOIN lewo_charge_bill cb ON p.pro_id=cb.pro_id left JOIN lewo_account a ON p.account_id=a.id  WHERE p.pay_status = 0 AND p.account_id = '1807' AND p.is_show = 1 AND cb.is_send = 1 ORDER BY p.input_year desc,p.input_month desc  [ RunTime:0.0065s ]
SQL: SHOW COLUMNS FROM `lewo_houses` [ RunTime:0.0069s ]
SQL: SHOW COLUMNS FROM `lewo_area` [ RunTime:0.0082s ]
NOTIC: [2048] Declaration of Home\Model\ContractModel::add() should be compatible with Think\Model::add($data = '', $options = Array, $replace = false) G:\wamp2\www\lewo\lewo\Home\Model\ContractModel.class.php 第 149 行.
SQL: SHOW COLUMNS FROM `lewo_contract` [ RunTime:0.0074s ]
SQL: SELECT c.*,p.* FROM lewo_pay p INNER JOIN lewo_contract c ON p.pro_id=c.pro_id  WHERE p.account_id = '1807' AND p.bill_type = 2 AND p.pay_status = 0 AND `is_show` = 1 ORDER BY p.id desc LIMIT 1   [ RunTime:0.0248s ]
SQL: SHOW COLUMNS FROM `lewo_room` [ RunTime:0.0067s ]
SQL: SHOW COLUMNS FROM `lewo_account` [ RunTime:0.0076s ]
SQL: SHOW COLUMNS FROM `lewo_pay` [ RunTime:0.0076s ]
NOTIC: [8] Undefined index: not_bill_type G:\wamp2\www\lewo\lewo\Home\Model\PayModel.class.php 第 49 行.

[ 2016-11-18T18:20:48+08:00 ] 127.0.0.1 /index.php/Home/Tenant/index.html
INFO: [ app_init ] --START--
INFO: Run Behavior\BuildLiteBehavior [ RunTime:0.000038s ]
INFO: [ app_init ] --END-- [ RunTime:0.001347s ]
INFO: [ app_begin ] --START--
INFO: Run Behavior\ReadHtmlCacheBehavior [ RunTime:0.001348s ]
INFO: [ app_begin ] --END-- [ RunTime:0.001656s ]
SQL: SHOW COLUMNS FROM `lewo_account` [ RunTime:0.0086s ]
SQL: SELECT `id`,`mobile`,`email`,`sex`,`tag`,`birthday`,`register_time`,`avatar`,`address`,`zipcode`,`card_no`,`balance`,`realname`,`contact2` FROM `lewo_account` WHERE `id` = 1807 LIMIT 1   [ RunTime:0.0012s ]
SQL: SHOW COLUMNS FROM `lewo_room` [ RunTime:0.0094s ]
SQL: SELECT * FROM `lewo_room` WHERE `account_id` = 1807 AND `status` = 2 LIMIT 1   [ RunTime:0.0018s ]
SQL: SHOW COLUMNS FROM `lewo_back_bill` [ RunTime:0.0088s ]
SQL: SELECT * FROM `lewo_back_bill` WHERE `account_id` = 1807 AND `is_affirm` = 2  [ RunTime:0.0033s ]
SQL: SELECT * FROM `lewo_back_bill` WHERE `is_finish` = 0 AND `is_affirm` = 0 AND `account_id` = 1807 LIMIT 1   [ RunTime:0.0020s ]
SQL: SHOW COLUMNS FROM `lewo_schedule` [ RunTime:0.0079s ]
SQL: SELECT `schedule_type` FROM `lewo_schedule` WHERE `id` = null LIMIT 1   [ RunTime:0.0005s ]
NOTIC: [8] Undefined index:  G:\wamp2\www\lewo\lewo\Home\Controller\TenantController.class.php 第 31 行.
SQL: SHOW COLUMNS FROM `lewo_charge_bill` [ RunTime:0.0099s ]
NOTIC: [2] Missing argument 3 for Home\Model\ChargeBillModel::getBillByAcId(), called in G:\wamp2\www\lewo\lewo\Home\Controller\TenantController.class.php on line 35 and defined G:\wamp2\www\lewo\lewo\Home\Model\ChargeBillModel.class.php 第 93 行.
NOTIC: [8] Undefined variable: bill_type G:\wamp2\www\lewo\lewo\Home\Model\ChargeBillModel.class.php 第 95 行.
SQL: SHOW COLUMNS FROM `lewo_pay` [ RunTime:0.0078s ]
SQL: SELECT cb.*,p.*,a.realname FROM lewo_pay p left JOIN lewo_charge_bill cb ON p.pro_id=cb.pro_id left JOIN lewo_account a ON p.account_id=a.id  WHERE p.pay_status = 0 AND p.account_id = '1807' AND p.is_show = 1 AND cb.is_send = 1 ORDER BY p.input_year desc,p.input_month desc  [ RunTime:0.0074s ]
SQL: SHOW COLUMNS FROM `lewo_houses` [ RunTime:0.0076s ]
SQL: SHOW COLUMNS FROM `lewo_area` [ RunTime:0.0085s ]
NOTIC: [2048] Declaration of Home\Model\ContractModel::add() should be compatible with Think\Model::add($data = '', $options = Array, $replace = false) G:\wamp2\www\lewo\lewo\Home\Model\ContractModel.class.php 第 149 行.
SQL: SHOW COLUMNS FROM `lewo_contract` [ RunTime:0.0093s ]
SQL: SELECT c.*,p.* FROM lewo_pay p INNER JOIN lewo_contract c ON p.pro_id=c.pro_id  WHERE p.account_id = '1807' AND p.bill_type = 2 AND p.pay_status = 0 AND `is_show` = 1 ORDER BY p.id desc LIMIT 1   [ RunTime:0.0277s ]
SQL: SHOW COLUMNS FROM `lewo_room` [ RunTime:0.0104s ]
SQL: SHOW COLUMNS FROM `lewo_account` [ RunTime:0.0090s ]
SQL: SHOW COLUMNS FROM `lewo_pay` [ RunTime:0.0100s ]
NOTIC: [8] Undefined index: not_bill_type G:\wamp2\www\lewo\lewo\Home\Model\PayModel.class.php 第 49 行.

[ 2016-11-18T18:21:19+08:00 ] 127.0.0.1 /index.php/Home/Tenant/index.html
INFO: [ app_init ] --START--
INFO: Run Behavior\BuildLiteBehavior [ RunTime:0.000035s ]
INFO: [ app_init ] --END-- [ RunTime:0.001013s ]
INFO: [ app_begin ] --START--
INFO: Run Behavior\ReadHtmlCacheBehavior [ RunTime:0.002081s ]
INFO: [ app_begin ] --END-- [ RunTime:0.002265s ]
SQL: SHOW COLUMNS FROM `lewo_account` [ RunTime:0.0100s ]
SQL: SELECT `id`,`mobile`,`email`,`sex`,`tag`,`birthday`,`register_time`,`avatar`,`address`,`zipcode`,`card_no`,`balance`,`realname`,`contact2` FROM `lewo_account` WHERE `id` = 1807 LIMIT 1   [ RunTime:0.0008s ]
SQL: SHOW COLUMNS FROM `lewo_room` [ RunTime:0.0086s ]
SQL: SELECT * FROM `lewo_room` WHERE `account_id` = 1807 AND `status` = 2 LIMIT 1   [ RunTime:0.0013s ]
SQL: SHOW COLUMNS FROM `lewo_back_bill` [ RunTime:0.0071s ]
SQL: SELECT * FROM `lewo_back_bill` WHERE `account_id` = 1807 AND `is_affirm` = 2  [ RunTime:0.0007s ]
SQL: SELECT * FROM `lewo_back_bill` WHERE `is_finish` = 0 AND `is_affirm` = 0 AND `account_id` = 1807 LIMIT 1   [ RunTime:0.0008s ]
SQL: SHOW COLUMNS FROM `lewo_schedule` [ RunTime:0.0090s ]
SQL: SELECT `schedule_type` FROM `lewo_schedule` WHERE `id` = null LIMIT 1   [ RunTime:0.0025s ]
NOTIC: [8] Undefined index:  G:\wamp2\www\lewo\lewo\Home\Controller\TenantController.class.php 第 31 行.
SQL: SHOW COLUMNS FROM `lewo_charge_bill` [ RunTime:0.0095s ]
NOTIC: [2] Missing argument 3 for Home\Model\ChargeBillModel::getBillByAcId(), called in G:\wamp2\www\lewo\lewo\Home\Controller\TenantController.class.php on line 35 and defined G:\wamp2\www\lewo\lewo\Home\Model\ChargeBillModel.class.php 第 93 行.
NOTIC: [8] Undefined variable: bill_type G:\wamp2\www\lewo\lewo\Home\Model\ChargeBillModel.class.php 第 95 行.
SQL: SHOW COLUMNS FROM `lewo_pay` [ RunTime:0.0081s ]
SQL: SELECT cb.*,p.*,a.realname FROM lewo_pay p left JOIN lewo_charge_bill cb ON p.pro_id=cb.pro_id left JOIN lewo_account a ON p.account_id=a.id  WHERE p.pay_status = 0 AND p.account_id = '1807' AND p.is_show = 1 AND cb.is_send = 1 ORDER BY p.input_year desc,p.input_month desc  [ RunTime:0.0072s ]
SQL: SHOW COLUMNS FROM `lewo_houses` [ RunTime:0.0068s ]
SQL: SHOW COLUMNS FROM `lewo_area` [ RunTime:0.0067s ]
NOTIC: [2048] Declaration of Home\Model\ContractModel::add() should be compatible with Think\Model::add($data = '', $options = Array, $replace = false) G:\wamp2\www\lewo\lewo\Home\Model\ContractModel.class.php 第 149 行.
SQL: SHOW COLUMNS FROM `lewo_contract` [ RunTime:0.0117s ]
SQL: SELECT c.*,p.* FROM lewo_pay p INNER JOIN lewo_contract c ON p.pro_id=c.pro_id  WHERE p.account_id = '1807' AND p.bill_type = 2 AND p.pay_status = 0 AND `is_show` = 1 ORDER BY p.id desc LIMIT 1   [ RunTime:0.0251s ]
SQL: SHOW COLUMNS FROM `lewo_room` [ RunTime:0.0078s ]
SQL: SHOW COLUMNS FROM `lewo_account` [ RunTime:0.0109s ]
SQL: SHOW COLUMNS FROM `lewo_pay` [ RunTime:0.0081s ]
NOTIC: [8] Undefined index: not_bill_type G:\wamp2\www\lewo\lewo\Home\Model\PayModel.class.php 第 49 行.
NOTIC: [8] Undefined index: bill_type G:\wamp2\www\lewo\lewo\Home\Model\PayModel.class.php 第 48 行.
NOTIC: [8] Undefined index: bill_type G:\wamp2\www\lewo\lewo\Home\Model\PayModel.class.php 第 49 行.

[ 2016-11-18T18:21:41+08:00 ] 127.0.0.1 /index.php/Home/Tenant/index.html
INFO: [ app_init ] --START--
INFO: Run Behavior\BuildLiteBehavior [ RunTime:0.000037s ]
INFO: [ app_init ] --END-- [ RunTime:0.000894s ]
INFO: [ app_begin ] --START--
INFO: Run Behavior\ReadHtmlCacheBehavior [ RunTime:0.001083s ]
INFO: [ app_begin ] --END-- [ RunTime:0.001248s ]
SQL: SHOW COLUMNS FROM `lewo_account` [ RunTime:0.0112s ]
SQL: SELECT `id`,`mobile`,`email`,`sex`,`tag`,`birthday`,`register_time`,`avatar`,`address`,`zipcode`,`card_no`,`balance`,`realname`,`contact2` FROM `lewo_account` WHERE `id` = 1807 LIMIT 1   [ RunTime:0.0020s ]
SQL: SHOW COLUMNS FROM `lewo_room` [ RunTime:0.0080s ]
SQL: SELECT * FROM `lewo_room` WHERE `account_id` = 1807 AND `status` = 2 LIMIT 1   [ RunTime:0.0019s ]
SQL: SHOW COLUMNS FROM `lewo_back_bill` [ RunTime:0.0062s ]
SQL: SELECT * FROM `lewo_back_bill` WHERE `account_id` = 1807 AND `is_affirm` = 2  [ RunTime:0.0004s ]
SQL: SELECT * FROM `lewo_back_bill` WHERE `is_finish` = 0 AND `is_affirm` = 0 AND `account_id` = 1807 LIMIT 1   [ RunTime:0.0004s ]
SQL: SHOW COLUMNS FROM `lewo_schedule` [ RunTime:0.0074s ]
SQL: SELECT `schedule_type` FROM `lewo_schedule` WHERE `id` = null LIMIT 1   [ RunTime:0.0005s ]
NOTIC: [8] Undefined index:  G:\wamp2\www\lewo\lewo\Home\Controller\TenantController.class.php 第 31 行.
SQL: SHOW COLUMNS FROM `lewo_charge_bill` [ RunTime:0.0080s ]
NOTIC: [2] Missing argument 3 for Home\Model\ChargeBillModel::getBillByAcId(), called in G:\wamp2\www\lewo\lewo\Home\Controller\TenantController.class.php on line 35 and defined G:\wamp2\www\lewo\lewo\Home\Model\ChargeBillModel.class.php 第 93 行.
NOTIC: [8] Undefined variable: bill_type G:\wamp2\www\lewo\lewo\Home\Model\ChargeBillModel.class.php 第 95 行.
SQL: SHOW COLUMNS FROM `lewo_pay` [ RunTime:0.0075s ]
SQL: SELECT cb.*,p.*,a.realname FROM lewo_pay p left JOIN lewo_charge_bill cb ON p.pro_id=cb.pro_id left JOIN lewo_account a ON p.account_id=a.id  WHERE p.pay_status = 0 AND p.account_id = '1807' AND p.is_show = 1 AND cb.is_send = 1 ORDER BY p.input_year desc,p.input_month desc  [ RunTime:0.0065s ]
SQL: SHOW COLUMNS FROM `lewo_houses` [ RunTime:0.0078s ]
SQL: SHOW COLUMNS FROM `lewo_area` [ RunTime:0.0063s ]
NOTIC: [2048] Declaration of Home\Model\ContractModel::add() should be compatible with Think\Model::add($data = '', $options = Array, $replace = false) G:\wamp2\www\lewo\lewo\Home\Model\ContractModel.class.php 第 149 行.
SQL: SHOW COLUMNS FROM `lewo_contract` [ RunTime:0.0091s ]
SQL: SELECT c.*,p.* FROM lewo_pay p INNER JOIN lewo_contract c ON p.pro_id=c.pro_id  WHERE p.account_id = '1807' AND p.bill_type = 2 AND p.pay_status = 0 AND `is_show` = 1 ORDER BY p.id desc LIMIT 1   [ RunTime:0.0251s ]
SQL: SHOW COLUMNS FROM `lewo_room` [ RunTime:0.0068s ]
SQL: SHOW COLUMNS FROM `lewo_account` [ RunTime:0.0089s ]
SQL: SHOW COLUMNS FROM `lewo_pay` [ RunTime:0.0086s ]
NOTIC: [8] Undefined index: not_bill_type G:\wamp2\www\lewo\lewo\Home\Model\PayModel.class.php 第 49 行.
NOTIC: [8] Undefined index: bill_type G:\wamp2\www\lewo\lewo\Home\Model\PayModel.class.php 第 48 行.
NOTIC: [8] Undefined index: bill_type G:\wamp2\www\lewo\lewo\Home\Model\PayModel.class.php 第 49 行.

[ 2016-11-18T18:21:52+08:00 ] 127.0.0.1 /index.php/Home/Tenant/index.html
INFO: [ app_init ] --START--
INFO: Run Behavior\BuildLiteBehavior [ RunTime:0.000034s ]
INFO: [ app_init ] --END-- [ RunTime:0.001730s ]
INFO: [ app_begin ] --START--
INFO: Run Behavior\ReadHtmlCacheBehavior [ RunTime:0.003705s ]
INFO: [ app_begin ] --END-- [ RunTime:0.003879s ]
SQL: SHOW COLUMNS FROM `lewo_account` [ RunTime:0.0082s ]
SQL: SELECT `id`,`mobile`,`email`,`sex`,`tag`,`birthday`,`register_time`,`avatar`,`address`,`zipcode`,`card_no`,`balance`,`realname`,`contact2` FROM `lewo_account` WHERE `id` = 1807 LIMIT 1   [ RunTime:0.0006s ]
SQL: SHOW COLUMNS FROM `lewo_room` [ RunTime:0.0068s ]
SQL: SELECT * FROM `lewo_room` WHERE `account_id` = 1807 AND `status` = 2 LIMIT 1   [ RunTime:0.0014s ]
SQL: SHOW COLUMNS FROM `lewo_back_bill` [ RunTime:0.0067s ]
SQL: SELECT * FROM `lewo_back_bill` WHERE `account_id` = 1807 AND `is_affirm` = 2  [ RunTime:0.0006s ]
SQL: SELECT * FROM `lewo_back_bill` WHERE `is_finish` = 0 AND `is_affirm` = 0 AND `account_id` = 1807 LIMIT 1   [ RunTime:0.0004s ]
SQL: SHOW COLUMNS FROM `lewo_schedule` [ RunTime:0.0074s ]
SQL: SELECT `schedule_type` FROM `lewo_schedule` WHERE `id` = null LIMIT 1   [ RunTime:0.0007s ]
NOTIC: [8] Undefined index:  G:\wamp2\www\lewo\lewo\Home\Controller\TenantController.class.php 第 31 行.
SQL: SHOW COLUMNS FROM `lewo_charge_bill` [ RunTime:0.0091s ]
NOTIC: [2] Missing argument 3 for Home\Model\ChargeBillModel::getBillByAcId(), called in G:\wamp2\www\lewo\lewo\Home\Controller\TenantController.class.php on line 35 and defined G:\wamp2\www\lewo\lewo\Home\Model\ChargeBillModel.class.php 第 93 行.
NOTIC: [8] Undefined variable: bill_type G:\wamp2\www\lewo\lewo\Home\Model\ChargeBillModel.class.php 第 95 行.
SQL: SHOW COLUMNS FROM `lewo_pay` [ RunTime:0.0079s ]
SQL: SELECT cb.*,p.*,a.realname FROM lewo_pay p left JOIN lewo_charge_bill cb ON p.pro_id=cb.pro_id left JOIN lewo_account a ON p.account_id=a.id  WHERE p.pay_status = 0 AND p.account_id = '1807' AND p.is_show = 1 AND cb.is_send = 1 ORDER BY p.input_year desc,p.input_month desc  [ RunTime:0.0061s ]
SQL: SHOW COLUMNS FROM `lewo_houses` [ RunTime:0.0084s ]
SQL: SHOW COLUMNS FROM `lewo_area` [ RunTime:0.0061s ]
NOTIC: [2048] Declaration of Home\Model\ContractModel::add() should be compatible with Think\Model::add($data = '', $options = Array, $replace = false) G:\wamp2\www\lewo\lewo\Home\Model\ContractModel.class.php 第 149 行.
SQL: SHOW COLUMNS FROM `lewo_contract` [ RunTime:0.0085s ]
SQL: SELECT c.*,p.* FROM lewo_pay p INNER JOIN lewo_contract c ON p.pro_id=c.pro_id  WHERE p.account_id = '1807' AND p.bill_type = 2 AND p.pay_status = 0 AND `is_show` = 1 ORDER BY p.id desc LIMIT 1   [ RunTime:0.0237s ]
SQL: SHOW COLUMNS FROM `lewo_room` [ RunTime:0.0082s ]
SQL: SHOW COLUMNS FROM `lewo_account` [ RunTime:0.0068s ]
SQL: SHOW COLUMNS FROM `lewo_pay` [ RunTime:0.0082s ]
NOTIC: [8] Undefined index: not_bill_type G:\wamp2\www\lewo\lewo\Home\Model\PayModel.class.php 第 49 行.
NOTIC: [8] Undefined index: bill_type G:\wamp2\www\lewo\lewo\Home\Model\PayModel.class.php 第 48 行.

