[ 2016-11-24T17:38:47+08:00 ] 127.0.0.1 /index.php/Admin/Tenant/contract_info/account_id/2335/room_id/170.html
INFO: [ app_init ] --START--
INFO: Run Behavior\BuildLiteBehavior [ RunTime:0.000037s ]
INFO: [ app_init ] --END-- [ RunTime:0.000940s ]
INFO: [ app_begin ] --START--
INFO: Run Behavior\ReadHtmlCacheBehavior [ RunTime:0.001565s ]
INFO: [ app_begin ] --END-- [ RunTime:0.001730s ]
SQL: SHOW COLUMNS FROM `lewo_contract` [ RunTime:0.0100s ]
SQL: SELECT * FROM `lewo_contract` WHERE `account_id` = 2335 AND `room_id` = 170 ORDER BY id desc LIMIT 1   [ RunTime:0.0014s ]
SQL: SHOW COLUMNS FROM `lewo_account` [ RunTime:0.0102s ]
SQL: SELECT * FROM `lewo_account` WHERE `id` = 2335 LIMIT 1   [ RunTime:0.0007s ]
SQL: SHOW COLUMNS FROM `lewo_room` [ RunTime:0.0136s ]
SQL: SELECT * FROM `lewo_room` WHERE `id` = 170 LIMIT 1   [ RunTime:0.0097s ]
SQL: SHOW COLUMNS FROM `lewo_pay` [ RunTime:0.0115s ]
SQL: SELECT * FROM `lewo_pay` WHERE `pro_id` = '201611243111743' LIMIT 1   [ RunTime:0.0006s ]
INFO: [ view_parse ] --START--
INFO: [ template_filter ] --START--
INFO: Run Behavior\ContentReplaceBehavior [ RunTime:0.000162s ]
INFO: [ template_filter ] --END-- [ RunTime:0.001107s ]
INFO: Run Behavior\ParseTemplateBehavior [ RunTime:0.018564s ]
INFO: [ view_parse ] --END-- [ RunTime:0.018789s ]
INFO: [ view_filter ] --START--
INFO: Run Behavior\WriteHtmlCacheBehavior [ RunTime:0.001063s ]
INFO: [ view_filter ] --END-- [ RunTime:0.001252s ]
INFO: [ view_parse ] --START--
INFO: [ template_filter ] --START--
INFO: Run Behavior\ContentReplaceBehavior [ RunTime:0.000126s ]
INFO: [ template_filter ] --END-- [ RunTime:-0.009897s ]
INFO: Run Behavior\ParseTemplateBehavior [ RunTime:0.013900s ]
INFO: [ view_parse ] --END-- [ RunTime:-0.002109s ]
INFO: [ view_filter ] --START--
INFO: Run Behavior\WriteHtmlCacheBehavior [ RunTime:0.000039s ]
INFO: [ view_filter ] --END-- [ RunTime:-0.014920s ]
INFO: [ view_parse ] --START--
INFO: [ template_filter ] --START--
INFO: Run Behavior\ContentReplaceBehavior [ RunTime:0.000223s ]
INFO: [ template_filter ] --END-- [ RunTime:-0.045717s ]
INFO: Run Behavior\ParseTemplateBehavior [ RunTime:0.041267s ]
INFO: [ view_parse ] --END-- [ RunTime:-0.017030s ]
INFO: [ view_filter ] --START--
INFO: Run Behavior\WriteHtmlCacheBehavior [ RunTime:0.000054s ]
INFO: [ view_filter ] --END-- [ RunTime:-0.057242s ]
INFO: [ view_parse ] --START--
INFO: [ template_filter ] --START--
INFO: Run Behavior\ContentReplaceBehavior [ RunTime:0.000707s ]
INFO: [ template_filter ] --END-- [ RunTime:-0.064631s ]
INFO: Run Behavior\ParseTemplateBehavior [ RunTime:0.006732s ]
INFO: [ view_parse ] --END-- [ RunTime:-0.059454s ]
INFO: [ view_filter ] --START--
INFO: Run Behavior\WriteHtmlCacheBehavior [ RunTime:0.000074s ]
INFO: [ view_filter ] --END-- [ RunTime:-0.065027s ]
INFO: [ app_end ] --START--
INFO: Run Behavior\ShowPageTraceBehavior [ RunTime:0.001721s ]
INFO: [ app_end ] --END-- [ RunTime:0.002074s ]

[ 2016-11-24T17:39:48+08:00 ] 127.0.0.1 /index.php/Admin/Index/refesh_schedule_count.html
INFO: [ app_init ] --START--
INFO: Run Behavior\BuildLiteBehavior [ RunTime:0.000028s ]
INFO: [ app_init ] --END-- [ RunTime:0.000699s ]
INFO: [ app_begin ] --START--
INFO: Run Behavior\ReadHtmlCacheBehavior [ RunTime:0.000870s ]
INFO: [ app_begin ] --END-- [ RunTime:0.000993s ]
SQL: SHOW COLUMNS FROM `lewo_schedule` [ RunTime:0.0068s ]
SQL: SHOW COLUMNS FROM `lewo_room` [ RunTime:0.0065s ]
SQL: SHOW COLUMNS FROM `lewo_account` [ RunTime:0.0071s ]
SQL: SELECT * FROM `lewo_schedule` WHERE `is_finish` = 0 AND `admin_type` = 2  [ RunTime:0.0008s ]
SQL: SELECT COUNT(*) AS tp_count FROM `lewo_schedule` WHERE `schedule_type` = 1 AND `is_finish` = 0 AND `admin_type` = 2 LIMIT 1   [ RunTime:0.0004s ]
SQL: SELECT COUNT(*) AS tp_count FROM `lewo_schedule` WHERE `schedule_type` = 2 AND `is_finish` = 0 AND `admin_type` = 2 LIMIT 1   [ RunTime:0.0013s ]
SQL: SELECT COUNT(*) AS tp_count FROM `lewo_schedule` WHERE `schedule_type` = 3 AND `is_finish` = 0 AND `admin_type` = 2 LIMIT 1   [ RunTime:0.0005s ]
SQL: SHOW COLUMNS FROM `lewo_back_bill` [ RunTime:0.0060s ]
SQL: SELECT COUNT(*) AS tp_count FROM `lewo_back_bill` WHERE `is_finish` = 0 AND `is_affirm` = 2 AND `back_type` = 1 LIMIT 1   [ RunTime:0.0004s ]
SQL: SELECT COUNT(*) AS tp_count FROM `lewo_back_bill` WHERE `is_finish` = 0 AND `is_affirm` = 2 AND `back_type` = 2 LIMIT 1   [ RunTime:0.0004s ]

[ 2016-11-24T17:40:48+08:00 ] 127.0.0.1 /index.php/Admin/Index/refesh_schedule_count.html
INFO: [ app_init ] --START--
INFO: Run Behavior\BuildLiteBehavior [ RunTime:0.000029s ]
INFO: [ app_init ] --END-- [ RunTime:0.000679s ]
INFO: [ app_begin ] --START--
INFO: Run Behavior\ReadHtmlCacheBehavior [ RunTime:0.000767s ]
INFO: [ app_begin ] --END-- [ RunTime:0.000875s ]
SQL: SHOW COLUMNS FROM `lewo_schedule` [ RunTime:0.0065s ]
SQL: SHOW COLUMNS FROM `lewo_room` [ RunTime:0.0069s ]
SQL: SHOW COLUMNS FROM `lewo_account` [ RunTime:0.0071s ]
SQL: SELECT * FROM `lewo_schedule` WHERE `is_finish` = 0 AND `admin_type` = 2  [ RunTime:0.0007s ]
SQL: SELECT COUNT(*) AS tp_count FROM `lewo_schedule` WHERE `schedule_type` = 1 AND `is_finish` = 0 AND `admin_type` = 2 LIMIT 1   [ RunTime:0.0004s ]
SQL: SELECT COUNT(*) AS tp_count FROM `lewo_schedule` WHERE `schedule_type` = 2 AND `is_finish` = 0 AND `admin_type` = 2 LIMIT 1   [ RunTime:0.0004s ]
SQL: SELECT COUNT(*) AS tp_count FROM `lewo_schedule` WHERE `schedule_type` = 3 AND `is_finish` = 0 AND `admin_type` = 2 LIMIT 1   [ RunTime:0.0004s ]
SQL: SHOW COLUMNS FROM `lewo_back_bill` [ RunTime:0.0069s ]
SQL: SELECT COUNT(*) AS tp_count FROM `lewo_back_bill` WHERE `is_finish` = 0 AND `is_affirm` = 2 AND `back_type` = 1 LIMIT 1   [ RunTime:0.0006s ]
SQL: SELECT COUNT(*) AS tp_count FROM `lewo_back_bill` WHERE `is_finish` = 0 AND `is_affirm` = 2 AND `back_type` = 2 LIMIT 1   [ RunTime:0.0006s ]

[ 2016-11-24T17:41:48+08:00 ] 127.0.0.1 /index.php/Admin/Index/refesh_schedule_count.html
INFO: [ app_init ] --START--
INFO: Run Behavior\BuildLiteBehavior [ RunTime:0.000040s ]
INFO: [ app_init ] --END-- [ RunTime:0.000639s ]
INFO: [ app_begin ] --START--
INFO: Run Behavior\ReadHtmlCacheBehavior [ RunTime:0.000799s ]
INFO: [ app_begin ] --END-- [ RunTime:0.000908s ]
SQL: SHOW COLUMNS FROM `lewo_schedule` [ RunTime:0.0074s ]
SQL: SHOW COLUMNS FROM `lewo_room` [ RunTime:0.0076s ]
SQL: SHOW COLUMNS FROM `lewo_account` [ RunTime:0.0067s ]
SQL: SELECT * FROM `lewo_schedule` WHERE `is_finish` = 0 AND `admin_type` = 2  [ RunTime:0.0007s ]
SQL: SELECT COUNT(*) AS tp_count FROM `lewo_schedule` WHERE `schedule_type` = 1 AND `is_finish` = 0 AND `admin_type` = 2 LIMIT 1   [ RunTime:0.0008s ]
SQL: SELECT COUNT(*) AS tp_count FROM `lewo_schedule` WHERE `schedule_type` = 2 AND `is_finish` = 0 AND `admin_type` = 2 LIMIT 1   [ RunTime:0.0007s ]
SQL: SELECT COUNT(*) AS tp_count FROM `lewo_schedule` WHERE `schedule_type` = 3 AND `is_finish` = 0 AND `admin_type` = 2 LIMIT 1   [ RunTime:0.0005s ]
SQL: SHOW COLUMNS FROM `lewo_back_bill` [ RunTime:0.0062s ]
SQL: SELECT COUNT(*) AS tp_count FROM `lewo_back_bill` WHERE `is_finish` = 0 AND `is_affirm` = 2 AND `back_type` = 1 LIMIT 1   [ RunTime:0.0004s ]
SQL: SELECT COUNT(*) AS tp_count FROM `lewo_back_bill` WHERE `is_finish` = 0 AND `is_affirm` = 2 AND `back_type` = 2 LIMIT 1   [ RunTime:0.0004s ]

[ 2016-11-24T17:42:48+08:00 ] 127.0.0.1 /index.php/Admin/Index/refesh_schedule_count.html
INFO: [ app_init ] --START--
INFO: Run Behavior\BuildLiteBehavior [ RunTime:0.000029s ]
INFO: [ app_init ] --END-- [ RunTime:0.000702s ]
INFO: [ app_begin ] --START--
INFO: Run Behavior\ReadHtmlCacheBehavior [ RunTime:0.000884s ]
INFO: [ app_begin ] --END-- [ RunTime:0.000994s ]
SQL: SHOW COLUMNS FROM `lewo_schedule` [ RunTime:0.0065s ]
SQL: SHOW COLUMNS FROM `lewo_room` [ RunTime:0.0074s ]
SQL: SHOW COLUMNS FROM `lewo_account` [ RunTime:0.0068s ]
SQL: SELECT * FROM `lewo_schedule` WHERE `is_finish` = 0 AND `admin_type` = 2  [ RunTime:0.0008s ]
SQL: SELECT COUNT(*) AS tp_count FROM `lewo_schedule` WHERE `schedule_type` = 1 AND `is_finish` = 0 AND `admin_type` = 2 LIMIT 1   [ RunTime:0.0004s ]
SQL: SELECT COUNT(*) AS tp_count FROM `lewo_schedule` WHERE `schedule_type` = 2 AND `is_finish` = 0 AND `admin_type` = 2 LIMIT 1   [ RunTime:0.0004s ]
SQL: SELECT COUNT(*) AS tp_count FROM `lewo_schedule` WHERE `schedule_type` = 3 AND `is_finish` = 0 AND `admin_type` = 2 LIMIT 1   [ RunTime:0.0007s ]
SQL: SHOW COLUMNS FROM `lewo_back_bill` [ RunTime:0.0060s ]
SQL: SELECT COUNT(*) AS tp_count FROM `lewo_back_bill` WHERE `is_finish` = 0 AND `is_affirm` = 2 AND `back_type` = 1 LIMIT 1   [ RunTime:0.0004s ]
SQL: SELECT COUNT(*) AS tp_count FROM `lewo_back_bill` WHERE `is_finish` = 0 AND `is_affirm` = 2 AND `back_type` = 2 LIMIT 1   [ RunTime:0.0004s ]

[ 2016-11-24T17:43:48+08:00 ] 127.0.0.1 /index.php/Admin/Index/refesh_schedule_count.html
INFO: [ app_init ] --START--
INFO: Run Behavior\BuildLiteBehavior [ RunTime:0.000029s ]
INFO: [ app_init ] --END-- [ RunTime:0.000652s ]
INFO: [ app_begin ] --START--
INFO: Run Behavior\ReadHtmlCacheBehavior [ RunTime:0.000782s ]
INFO: [ app_begin ] --END-- [ RunTime:0.000887s ]
SQL: SHOW COLUMNS FROM `lewo_schedule` [ RunTime:0.0071s ]
SQL: SHOW COLUMNS FROM `lewo_room` [ RunTime:0.0065s ]
SQL: SHOW COLUMNS FROM `lewo_account` [ RunTime:0.0068s ]
SQL: SELECT * FROM `lewo_schedule` WHERE `is_finish` = 0 AND `admin_type` = 2  [ RunTime:0.0007s ]
SQL: SELECT COUNT(*) AS tp_count FROM `lewo_schedule` WHERE `schedule_type` = 1 AND `is_finish` = 0 AND `admin_type` = 2 LIMIT 1   [ RunTime:0.0004s ]
SQL: SELECT COUNT(*) AS tp_count FROM `lewo_schedule` WHERE `schedule_type` = 2 AND `is_finish` = 0 AND `admin_type` = 2 LIMIT 1   [ RunTime:0.0004s ]
SQL: SELECT COUNT(*) AS tp_count FROM `lewo_schedule` WHERE `schedule_type` = 3 AND `is_finish` = 0 AND `admin_type` = 2 LIMIT 1   [ RunTime:0.0004s ]
SQL: SHOW COLUMNS FROM `lewo_back_bill` [ RunTime:0.0062s ]
SQL: SELECT COUNT(*) AS tp_count FROM `lewo_back_bill` WHERE `is_finish` = 0 AND `is_affirm` = 2 AND `back_type` = 1 LIMIT 1   [ RunTime:0.0004s ]
SQL: SELECT COUNT(*) AS tp_count FROM `lewo_back_bill` WHERE `is_finish` = 0 AND `is_affirm` = 2 AND `back_type` = 2 LIMIT 1   [ RunTime:0.0004s ]

[ 2016-11-24T17:44:48+08:00 ] 127.0.0.1 /index.php/Admin/Index/refesh_schedule_count.html
INFO: [ app_init ] --START--
INFO: Run Behavior\BuildLiteBehavior [ RunTime:0.000038s ]
INFO: [ app_init ] --END-- [ RunTime:0.004632s ]
INFO: [ app_begin ] --START--
INFO: Run Behavior\ReadHtmlCacheBehavior [ RunTime:0.000778s ]
INFO: [ app_begin ] --END-- [ RunTime:0.000887s ]
SQL: SHOW COLUMNS FROM `lewo_schedule` [ RunTime:0.0074s ]
SQL: SHOW COLUMNS FROM `lewo_room` [ RunTime:0.0066s ]
SQL: SHOW COLUMNS FROM `lewo_account` [ RunTime:0.0079s ]
SQL: SELECT * FROM `lewo_schedule` WHERE `is_finish` = 0 AND `admin_type` = 2  [ RunTime:0.0007s ]
SQL: SELECT COUNT(*) AS tp_count FROM `lewo_schedule` WHERE `schedule_type` = 1 AND `is_finish` = 0 AND `admin_type` = 2 LIMIT 1   [ RunTime:0.0004s ]
SQL: SELECT COUNT(*) AS tp_count FROM `lewo_schedule` WHERE `schedule_type` = 2 AND `is_finish` = 0 AND `admin_type` = 2 LIMIT 1   [ RunTime:0.0004s ]
SQL: SELECT COUNT(*) AS tp_count FROM `lewo_schedule` WHERE `schedule_type` = 3 AND `is_finish` = 0 AND `admin_type` = 2 LIMIT 1   [ RunTime:0.0004s ]
SQL: SHOW COLUMNS FROM `lewo_back_bill` [ RunTime:0.0061s ]
SQL: SELECT COUNT(*) AS tp_count FROM `lewo_back_bill` WHERE `is_finish` = 0 AND `is_affirm` = 2 AND `back_type` = 1 LIMIT 1   [ RunTime:0.0004s ]
SQL: SELECT COUNT(*) AS tp_count FROM `lewo_back_bill` WHERE `is_finish` = 0 AND `is_affirm` = 2 AND `back_type` = 2 LIMIT 1   [ RunTime:0.0005s ]

[ 2016-11-24T17:45:48+08:00 ] 127.0.0.1 /index.php/Admin/Index/refesh_schedule_count.html
INFO: [ app_init ] --START--
INFO: Run Behavior\BuildLiteBehavior [ RunTime:0.000030s ]
INFO: [ app_init ] --END-- [ RunTime:0.000849s ]
INFO: [ app_begin ] --START--
INFO: Run Behavior\ReadHtmlCacheBehavior [ RunTime:0.001161s ]
INFO: [ app_begin ] --END-- [ RunTime:0.001295s ]
SQL: SHOW COLUMNS FROM `lewo_schedule` [ RunTime:0.0069s ]
SQL: SHOW COLUMNS FROM `lewo_room` [ RunTime:0.0067s ]
SQL: SHOW COLUMNS FROM `lewo_account` [ RunTime:0.0076s ]
SQL: SELECT * FROM `lewo_schedule` WHERE `is_finish` = 0 AND `admin_type` = 2  [ RunTime:0.0008s ]
SQL: SELECT COUNT(*) AS tp_count FROM `lewo_schedule` WHERE `schedule_type` = 1 AND `is_finish` = 0 AND `admin_type` = 2 LIMIT 1   [ RunTime:0.0004s ]
SQL: SELECT COUNT(*) AS tp_count FROM `lewo_schedule` WHERE `schedule_type` = 2 AND `is_finish` = 0 AND `admin_type` = 2 LIMIT 1   [ RunTime:0.0004s ]
SQL: SELECT COUNT(*) AS tp_count FROM `lewo_schedule` WHERE `schedule_type` = 3 AND `is_finish` = 0 AND `admin_type` = 2 LIMIT 1   [ RunTime:0.0004s ]
SQL: SHOW COLUMNS FROM `lewo_back_bill` [ RunTime:0.0080s ]
SQL: SELECT COUNT(*) AS tp_count FROM `lewo_back_bill` WHERE `is_finish` = 0 AND `is_affirm` = 2 AND `back_type` = 1 LIMIT 1   [ RunTime:0.0005s ]
SQL: SELECT COUNT(*) AS tp_count FROM `lewo_back_bill` WHERE `is_finish` = 0 AND `is_affirm` = 2 AND `back_type` = 2 LIMIT 1   [ RunTime:0.0004s ]

[ 2016-11-24T17:46:48+08:00 ] 127.0.0.1 /index.php/Admin/Index/refesh_schedule_count.html
INFO: [ app_init ] --START--
INFO: Run Behavior\BuildLiteBehavior [ RunTime:0.000029s ]
INFO: [ app_init ] --END-- [ RunTime:0.000663s ]
INFO: [ app_begin ] --START--
INFO: Run Behavior\ReadHtmlCacheBehavior [ RunTime:0.000762s ]
INFO: [ app_begin ] --END-- [ RunTime:0.000916s ]
SQL: SHOW COLUMNS FROM `lewo_schedule` [ RunTime:0.0072s ]
SQL: SHOW COLUMNS FROM `lewo_room` [ RunTime:0.0066s ]
SQL: SHOW COLUMNS FROM `lewo_account` [ RunTime:0.0068s ]
SQL: SELECT * FROM `lewo_schedule` WHERE `is_finish` = 0 AND `admin_type` = 2  [ RunTime:0.0007s ]
SQL: SELECT COUNT(*) AS tp_count FROM `lewo_schedule` WHERE `schedule_type` = 1 AND `is_finish` = 0 AND `admin_type` = 2 LIMIT 1   [ RunTime:0.0006s ]
SQL: SELECT COUNT(*) AS tp_count FROM `lewo_schedule` WHERE `schedule_type` = 2 AND `is_finish` = 0 AND `admin_type` = 2 LIMIT 1   [ RunTime:0.0004s ]
SQL: SELECT COUNT(*) AS tp_count FROM `lewo_schedule` WHERE `schedule_type` = 3 AND `is_finish` = 0 AND `admin_type` = 2 LIMIT 1   [ RunTime:0.0004s ]
SQL: SHOW COLUMNS FROM `lewo_back_bill` [ RunTime:0.0061s ]
SQL: SELECT COUNT(*) AS tp_count FROM `lewo_back_bill` WHERE `is_finish` = 0 AND `is_affirm` = 2 AND `back_type` = 1 LIMIT 1   [ RunTime:0.0004s ]
SQL: SELECT COUNT(*) AS tp_count FROM `lewo_back_bill` WHERE `is_finish` = 0 AND `is_affirm` = 2 AND `back_type` = 2 LIMIT 1   [ RunTime:0.0007s ]

[ 2016-11-24T17:47:48+08:00 ] 127.0.0.1 /index.php/Admin/Index/refesh_schedule_count.html
INFO: [ app_init ] --START--
INFO: Run Behavior\BuildLiteBehavior [ RunTime:0.000040s ]
INFO: [ app_init ] --END-- [ RunTime:0.003611s ]
INFO: [ app_begin ] --START--
INFO: Run Behavior\ReadHtmlCacheBehavior [ RunTime:0.000781s ]
INFO: [ app_begin ] --END-- [ RunTime:0.000887s ]
SQL: SHOW COLUMNS FROM `lewo_schedule` [ RunTime:0.0075s ]
SQL: SHOW COLUMNS FROM `lewo_room` [ RunTime:0.0075s ]
SQL: SHOW COLUMNS FROM `lewo_account` [ RunTime:0.0072s ]
SQL: SELECT * FROM `lewo_schedule` WHERE `is_finish` = 0 AND `admin_type` = 2  [ RunTime:0.0010s ]
SQL: SELECT COUNT(*) AS tp_count FROM `lewo_schedule` WHERE `schedule_type` = 1 AND `is_finish` = 0 AND `admin_type` = 2 LIMIT 1   [ RunTime:0.0005s ]
SQL: SELECT COUNT(*) AS tp_count FROM `lewo_schedule` WHERE `schedule_type` = 2 AND `is_finish` = 0 AND `admin_type` = 2 LIMIT 1   [ RunTime:0.0007s ]
SQL: SELECT COUNT(*) AS tp_count FROM `lewo_schedule` WHERE `schedule_type` = 3 AND `is_finish` = 0 AND `admin_type` = 2 LIMIT 1   [ RunTime:0.0006s ]
SQL: SHOW COLUMNS FROM `lewo_back_bill` [ RunTime:0.0064s ]
SQL: SELECT COUNT(*) AS tp_count FROM `lewo_back_bill` WHERE `is_finish` = 0 AND `is_affirm` = 2 AND `back_type` = 1 LIMIT 1   [ RunTime:0.0006s ]
SQL: SELECT COUNT(*) AS tp_count FROM `lewo_back_bill` WHERE `is_finish` = 0 AND `is_affirm` = 2 AND `back_type` = 2 LIMIT 1   [ RunTime:0.0004s ]

[ 2016-11-24T17:48:48+08:00 ] 127.0.0.1 /index.php/Admin/Index/refesh_schedule_count.html
INFO: [ app_init ] --START--
INFO: Run Behavior\BuildLiteBehavior [ RunTime:0.000028s ]
INFO: [ app_init ] --END-- [ RunTime:0.000723s ]
INFO: [ app_begin ] --START--
INFO: Run Behavior\ReadHtmlCacheBehavior [ RunTime:0.001478s ]
INFO: [ app_begin ] --END-- [ RunTime:0.001596s ]
SQL: SHOW COLUMNS FROM `lewo_schedule` [ RunTime:0.0063s ]
SQL: SHOW COLUMNS FROM `lewo_room` [ RunTime:0.0067s ]
SQL: SHOW COLUMNS FROM `lewo_account` [ RunTime:0.0074s ]
SQL: SELECT * FROM `lewo_schedule` WHERE `is_finish` = 0 AND `admin_type` = 2  [ RunTime:0.0007s ]
SQL: SELECT COUNT(*) AS tp_count FROM `lewo_schedule` WHERE `schedule_type` = 1 AND `is_finish` = 0 AND `admin_type` = 2 LIMIT 1   [ RunTime:0.0004s ]
SQL: SELECT COUNT(*) AS tp_count FROM `lewo_schedule` WHERE `schedule_type` = 2 AND `is_finish` = 0 AND `admin_type` = 2 LIMIT 1   [ RunTime:0.0004s ]
SQL: SELECT COUNT(*) AS tp_count FROM `lewo_schedule` WHERE `schedule_type` = 3 AND `is_finish` = 0 AND `admin_type` = 2 LIMIT 1   [ RunTime:0.0004s ]
SQL: SHOW COLUMNS FROM `lewo_back_bill` [ RunTime:0.0066s ]
SQL: SELECT COUNT(*) AS tp_count FROM `lewo_back_bill` WHERE `is_finish` = 0 AND `is_affirm` = 2 AND `back_type` = 1 LIMIT 1   [ RunTime:0.0007s ]
SQL: SELECT COUNT(*) AS tp_count FROM `lewo_back_bill` WHERE `is_finish` = 0 AND `is_affirm` = 2 AND `back_type` = 2 LIMIT 1   [ RunTime:0.0004s ]

[ 2016-11-24T17:49:48+08:00 ] 127.0.0.1 /index.php/Admin/Index/refesh_schedule_count.html
INFO: [ app_init ] --START--
INFO: Run Behavior\BuildLiteBehavior [ RunTime:0.000028s ]
INFO: [ app_init ] --END-- [ RunTime:0.000641s ]
INFO: [ app_begin ] --START--
INFO: Run Behavior\ReadHtmlCacheBehavior [ RunTime:0.001815s ]
INFO: [ app_begin ] --END-- [ RunTime:0.002053s ]
SQL: SHOW COLUMNS FROM `lewo_schedule` [ RunTime:0.0069s ]
SQL: SHOW COLUMNS FROM `lewo_room` [ RunTime:0.0073s ]
SQL: SHOW COLUMNS FROM `lewo_account` [ RunTime:0.0071s ]
SQL: SELECT * FROM `lewo_schedule` WHERE `is_finish` = 0 AND `admin_type` = 2  [ RunTime:0.0007s ]
SQL: SELECT COUNT(*) AS tp_count FROM `lewo_schedule` WHERE `schedule_type` = 1 AND `is_finish` = 0 AND `admin_type` = 2 LIMIT 1   [ RunTime:0.0004s ]
SQL: SELECT COUNT(*) AS tp_count FROM `lewo_schedule` WHERE `schedule_type` = 2 AND `is_finish` = 0 AND `admin_type` = 2 LIMIT 1   [ RunTime:0.0004s ]
SQL: SELECT COUNT(*) AS tp_count FROM `lewo_schedule` WHERE `schedule_type` = 3 AND `is_finish` = 0 AND `admin_type` = 2 LIMIT 1   [ RunTime:0.0004s ]
SQL: SHOW COLUMNS FROM `lewo_back_bill` [ RunTime:0.0072s ]
SQL: SELECT COUNT(*) AS tp_count FROM `lewo_back_bill` WHERE `is_finish` = 0 AND `is_affirm` = 2 AND `back_type` = 1 LIMIT 1   [ RunTime:0.0005s ]
SQL: SELECT COUNT(*) AS tp_count FROM `lewo_back_bill` WHERE `is_finish` = 0 AND `is_affirm` = 2 AND `back_type` = 2 LIMIT 1   [ RunTime:0.0004s ]

[ 2016-11-24T17:50:48+08:00 ] 127.0.0.1 /index.php/Admin/Index/refesh_schedule_count.html
INFO: [ app_init ] --START--
INFO: Run Behavior\BuildLiteBehavior [ RunTime:0.000028s ]
INFO: [ app_init ] --END-- [ RunTime:0.000623s ]
INFO: [ app_begin ] --START--
INFO: Run Behavior\ReadHtmlCacheBehavior [ RunTime:0.000840s ]
INFO: [ app_begin ] --END-- [ RunTime:0.000952s ]
SQL: SHOW COLUMNS FROM `lewo_schedule` [ RunTime:0.0069s ]
SQL: SHOW COLUMNS FROM `lewo_room` [ RunTime:0.0066s ]
SQL: SHOW COLUMNS FROM `lewo_account` [ RunTime:0.0066s ]
SQL: SELECT * FROM `lewo_schedule` WHERE `is_finish` = 0 AND `admin_type` = 2  [ RunTime:0.0007s ]
SQL: SELECT COUNT(*) AS tp_count FROM `lewo_schedule` WHERE `schedule_type` = 1 AND `is_finish` = 0 AND `admin_type` = 2 LIMIT 1   [ RunTime:0.0005s ]
SQL: SELECT COUNT(*) AS tp_count FROM `lewo_schedule` WHERE `schedule_type` = 2 AND `is_finish` = 0 AND `admin_type` = 2 LIMIT 1   [ RunTime:0.0004s ]
SQL: SELECT COUNT(*) AS tp_count FROM `lewo_schedule` WHERE `schedule_type` = 3 AND `is_finish` = 0 AND `admin_type` = 2 LIMIT 1   [ RunTime:0.0005s ]
SQL: SHOW COLUMNS FROM `lewo_back_bill` [ RunTime:0.0079s ]
SQL: SELECT COUNT(*) AS tp_count FROM `lewo_back_bill` WHERE `is_finish` = 0 AND `is_affirm` = 2 AND `back_type` = 1 LIMIT 1   [ RunTime:0.0004s ]
SQL: SELECT COUNT(*) AS tp_count FROM `lewo_back_bill` WHERE `is_finish` = 0 AND `is_affirm` = 2 AND `back_type` = 2 LIMIT 1   [ RunTime:0.0004s ]

[ 2016-11-24T17:51:48+08:00 ] 127.0.0.1 /index.php/Admin/Index/refesh_schedule_count.html
INFO: [ app_init ] --START--
INFO: Run Behavior\BuildLiteBehavior [ RunTime:0.000029s ]
INFO: [ app_init ] --END-- [ RunTime:0.000752s ]
INFO: [ app_begin ] --START--
INFO: Run Behavior\ReadHtmlCacheBehavior [ RunTime:0.000916s ]
INFO: [ app_begin ] --END-- [ RunTime:0.001029s ]
SQL: SHOW COLUMNS FROM `lewo_schedule` [ RunTime:0.0069s ]
SQL: SHOW COLUMNS FROM `lewo_room` [ RunTime:0.0070s ]
SQL: SHOW COLUMNS FROM `lewo_account` [ RunTime:0.0066s ]
SQL: SELECT * FROM `lewo_schedule` WHERE `is_finish` = 0 AND `admin_type` = 2  [ RunTime:0.0007s ]
SQL: SELECT COUNT(*) AS tp_count FROM `lewo_schedule` WHERE `schedule_type` = 1 AND `is_finish` = 0 AND `admin_type` = 2 LIMIT 1   [ RunTime:0.0004s ]
SQL: SELECT COUNT(*) AS tp_count FROM `lewo_schedule` WHERE `schedule_type` = 2 AND `is_finish` = 0 AND `admin_type` = 2 LIMIT 1   [ RunTime:0.0004s ]
SQL: SELECT COUNT(*) AS tp_count FROM `lewo_schedule` WHERE `schedule_type` = 3 AND `is_finish` = 0 AND `admin_type` = 2 LIMIT 1   [ RunTime:0.0004s ]
SQL: SHOW COLUMNS FROM `lewo_back_bill` [ RunTime:0.0069s ]
SQL: SELECT COUNT(*) AS tp_count FROM `lewo_back_bill` WHERE `is_finish` = 0 AND `is_affirm` = 2 AND `back_type` = 1 LIMIT 1   [ RunTime:0.0004s ]
SQL: SELECT COUNT(*) AS tp_count FROM `lewo_back_bill` WHERE `is_finish` = 0 AND `is_affirm` = 2 AND `back_type` = 2 LIMIT 1   [ RunTime:0.0004s ]

[ 2016-11-24T17:52:48+08:00 ] 127.0.0.1 /index.php/Admin/Index/refesh_schedule_count.html
INFO: [ app_init ] --START--
INFO: Run Behavior\BuildLiteBehavior [ RunTime:0.000028s ]
INFO: [ app_init ] --END-- [ RunTime:0.000625s ]
INFO: [ app_begin ] --START--
INFO: Run Behavior\ReadHtmlCacheBehavior [ RunTime:0.000790s ]
INFO: [ app_begin ] --END-- [ RunTime:0.000898s ]
SQL: SHOW COLUMNS FROM `lewo_schedule` [ RunTime:0.0080s ]
SQL: SHOW COLUMNS FROM `lewo_room` [ RunTime:0.0067s ]
SQL: SHOW COLUMNS FROM `lewo_account` [ RunTime:0.0074s ]
SQL: SELECT * FROM `lewo_schedule` WHERE `is_finish` = 0 AND `admin_type` = 2  [ RunTime:0.0007s ]
SQL: SELECT COUNT(*) AS tp_count FROM `lewo_schedule` WHERE `schedule_type` = 1 AND `is_finish` = 0 AND `admin_type` = 2 LIMIT 1   [ RunTime:0.0004s ]
SQL: SELECT COUNT(*) AS tp_count FROM `lewo_schedule` WHERE `schedule_type` = 2 AND `is_finish` = 0 AND `admin_type` = 2 LIMIT 1   [ RunTime:0.0004s ]
SQL: SELECT COUNT(*) AS tp_count FROM `lewo_schedule` WHERE `schedule_type` = 3 AND `is_finish` = 0 AND `admin_type` = 2 LIMIT 1   [ RunTime:0.0004s ]
SQL: SHOW COLUMNS FROM `lewo_back_bill` [ RunTime:0.0065s ]
SQL: SELECT COUNT(*) AS tp_count FROM `lewo_back_bill` WHERE `is_finish` = 0 AND `is_affirm` = 2 AND `back_type` = 1 LIMIT 1   [ RunTime:0.0004s ]
SQL: SELECT COUNT(*) AS tp_count FROM `lewo_back_bill` WHERE `is_finish` = 0 AND `is_affirm` = 2 AND `back_type` = 2 LIMIT 1   [ RunTime:0.0003s ]

[ 2016-11-24T17:53:48+08:00 ] 127.0.0.1 /index.php/Admin/Index/refesh_schedule_count.html
INFO: [ app_init ] --START--
INFO: Run Behavior\BuildLiteBehavior [ RunTime:0.000028s ]
INFO: [ app_init ] --END-- [ RunTime:0.000642s ]
INFO: [ app_begin ] --START--
INFO: Run Behavior\ReadHtmlCacheBehavior [ RunTime:0.000764s ]
INFO: [ app_begin ] --END-- [ RunTime:0.000869s ]
SQL: SHOW COLUMNS FROM `lewo_schedule` [ RunTime:0.0071s ]
SQL: SHOW COLUMNS FROM `lewo_room` [ RunTime:0.0066s ]
SQL: SHOW COLUMNS FROM `lewo_account` [ RunTime:0.0070s ]
SQL: SELECT * FROM `lewo_schedule` WHERE `is_finish` = 0 AND `admin_type` = 2  [ RunTime:0.0007s ]
SQL: SELECT COUNT(*) AS tp_count FROM `lewo_schedule` WHERE `schedule_type` = 1 AND `is_finish` = 0 AND `admin_type` = 2 LIMIT 1   [ RunTime:0.0006s ]
SQL: SELECT COUNT(*) AS tp_count FROM `lewo_schedule` WHERE `schedule_type` = 2 AND `is_finish` = 0 AND `admin_type` = 2 LIMIT 1   [ RunTime:0.0005s ]
SQL: SELECT COUNT(*) AS tp_count FROM `lewo_schedule` WHERE `schedule_type` = 3 AND `is_finish` = 0 AND `admin_type` = 2 LIMIT 1   [ RunTime:0.0004s ]
SQL: SHOW COLUMNS FROM `lewo_back_bill` [ RunTime:0.0060s ]
SQL: SELECT COUNT(*) AS tp_count FROM `lewo_back_bill` WHERE `is_finish` = 0 AND `is_affirm` = 2 AND `back_type` = 1 LIMIT 1   [ RunTime:0.0007s ]
SQL: SELECT COUNT(*) AS tp_count FROM `lewo_back_bill` WHERE `is_finish` = 0 AND `is_affirm` = 2 AND `back_type` = 2 LIMIT 1   [ RunTime:0.0004s ]

[ 2016-11-24T17:54:48+08:00 ] 127.0.0.1 /index.php/Admin/Index/refesh_schedule_count.html
INFO: [ app_init ] --START--
INFO: Run Behavior\BuildLiteBehavior [ RunTime:0.000029s ]
INFO: [ app_init ] --END-- [ RunTime:0.000680s ]
INFO: [ app_begin ] --START--
INFO: Run Behavior\ReadHtmlCacheBehavior [ RunTime:0.001363s ]
INFO: [ app_begin ] --END-- [ RunTime:0.001496s ]
SQL: SHOW COLUMNS FROM `lewo_schedule` [ RunTime:0.0067s ]
SQL: SHOW COLUMNS FROM `lewo_room` [ RunTime:0.0092s ]
SQL: SHOW COLUMNS FROM `lewo_account` [ RunTime:0.0073s ]
SQL: SELECT * FROM `lewo_schedule` WHERE `is_finish` = 0 AND `admin_type` = 2  [ RunTime:0.0010s ]
SQL: SELECT COUNT(*) AS tp_count FROM `lewo_schedule` WHERE `schedule_type` = 1 AND `is_finish` = 0 AND `admin_type` = 2 LIMIT 1   [ RunTime:0.0004s ]
SQL: SELECT COUNT(*) AS tp_count FROM `lewo_schedule` WHERE `schedule_type` = 2 AND `is_finish` = 0 AND `admin_type` = 2 LIMIT 1   [ RunTime:0.0004s ]
SQL: SELECT COUNT(*) AS tp_count FROM `lewo_schedule` WHERE `schedule_type` = 3 AND `is_finish` = 0 AND `admin_type` = 2 LIMIT 1   [ RunTime:0.0008s ]
SQL: SHOW COLUMNS FROM `lewo_back_bill` [ RunTime:0.0062s ]
SQL: SELECT COUNT(*) AS tp_count FROM `lewo_back_bill` WHERE `is_finish` = 0 AND `is_affirm` = 2 AND `back_type` = 1 LIMIT 1   [ RunTime:0.0004s ]
SQL: SELECT COUNT(*) AS tp_count FROM `lewo_back_bill` WHERE `is_finish` = 0 AND `is_affirm` = 2 AND `back_type` = 2 LIMIT 1   [ RunTime:0.0003s ]

[ 2016-11-24T17:55:48+08:00 ] 127.0.0.1 /index.php/Admin/Index/refesh_schedule_count.html
INFO: [ app_init ] --START--
INFO: Run Behavior\BuildLiteBehavior [ RunTime:0.000039s ]
INFO: [ app_init ] --END-- [ RunTime:0.001796s ]
INFO: [ app_begin ] --START--
INFO: Run Behavior\ReadHtmlCacheBehavior [ RunTime:0.004639s ]
INFO: [ app_begin ] --END-- [ RunTime:0.004805s ]
SQL: SHOW COLUMNS FROM `lewo_schedule` [ RunTime:0.0069s ]
SQL: SHOW COLUMNS FROM `lewo_room` [ RunTime:0.0069s ]
SQL: SHOW COLUMNS FROM `lewo_account` [ RunTime:0.0070s ]
SQL: SELECT * FROM `lewo_schedule` WHERE `is_finish` = 0 AND `admin_type` = 2  [ RunTime:0.0007s ]
SQL: SELECT COUNT(*) AS tp_count FROM `lewo_schedule` WHERE `schedule_type` = 1 AND `is_finish` = 0 AND `admin_type` = 2 LIMIT 1   [ RunTime:0.0008s ]
SQL: SELECT COUNT(*) AS tp_count FROM `lewo_schedule` WHERE `schedule_type` = 2 AND `is_finish` = 0 AND `admin_type` = 2 LIMIT 1   [ RunTime:0.0004s ]
SQL: SELECT COUNT(*) AS tp_count FROM `lewo_schedule` WHERE `schedule_type` = 3 AND `is_finish` = 0 AND `admin_type` = 2 LIMIT 1   [ RunTime:0.0004s ]
SQL: SHOW COLUMNS FROM `lewo_back_bill` [ RunTime:0.0061s ]
SQL: SELECT COUNT(*) AS tp_count FROM `lewo_back_bill` WHERE `is_finish` = 0 AND `is_affirm` = 2 AND `back_type` = 1 LIMIT 1   [ RunTime:0.0008s ]
SQL: SELECT COUNT(*) AS tp_count FROM `lewo_back_bill` WHERE `is_finish` = 0 AND `is_affirm` = 2 AND `back_type` = 2 LIMIT 1   [ RunTime:0.0005s ]

[ 2016-11-24T17:56:48+08:00 ] 127.0.0.1 /index.php/Admin/Index/refesh_schedule_count.html
INFO: [ app_init ] --START--
INFO: Run Behavior\BuildLiteBehavior [ RunTime:0.000028s ]
INFO: [ app_init ] --END-- [ RunTime:0.000628s ]
INFO: [ app_begin ] --START--
INFO: Run Behavior\ReadHtmlCacheBehavior [ RunTime:0.000783s ]
INFO: [ app_begin ] --END-- [ RunTime:0.000895s ]
SQL: SHOW COLUMNS FROM `lewo_schedule` [ RunTime:0.0070s ]
SQL: SHOW COLUMNS FROM `lewo_room` [ RunTime:0.0078s ]
SQL: SHOW COLUMNS FROM `lewo_account` [ RunTime:0.0067s ]
SQL: SELECT * FROM `lewo_schedule` WHERE `is_finish` = 0 AND `admin_type` = 2  [ RunTime:0.0007s ]
SQL: SELECT COUNT(*) AS tp_count FROM `lewo_schedule` WHERE `schedule_type` = 1 AND `is_finish` = 0 AND `admin_type` = 2 LIMIT 1   [ RunTime:0.0005s ]
SQL: SELECT COUNT(*) AS tp_count FROM `lewo_schedule` WHERE `schedule_type` = 2 AND `is_finish` = 0 AND `admin_type` = 2 LIMIT 1   [ RunTime:0.0005s ]
SQL: SELECT COUNT(*) AS tp_count FROM `lewo_schedule` WHERE `schedule_type` = 3 AND `is_finish` = 0 AND `admin_type` = 2 LIMIT 1   [ RunTime:0.0004s ]
SQL: SHOW COLUMNS FROM `lewo_back_bill` [ RunTime:0.0073s ]
SQL: SELECT COUNT(*) AS tp_count FROM `lewo_back_bill` WHERE `is_finish` = 0 AND `is_affirm` = 2 AND `back_type` = 1 LIMIT 1   [ RunTime:0.0004s ]
SQL: SELECT COUNT(*) AS tp_count FROM `lewo_back_bill` WHERE `is_finish` = 0 AND `is_affirm` = 2 AND `back_type` = 2 LIMIT 1   [ RunTime:0.0004s ]

[ 2016-11-24T17:57:48+08:00 ] 127.0.0.1 /index.php/Admin/Index/refesh_schedule_count.html
INFO: [ app_init ] --START--
INFO: Run Behavior\BuildLiteBehavior [ RunTime:0.000028s ]
INFO: [ app_init ] --END-- [ RunTime:0.000668s ]
INFO: [ app_begin ] --START--
INFO: Run Behavior\ReadHtmlCacheBehavior [ RunTime:0.000905s ]
INFO: [ app_begin ] --END-- [ RunTime:0.001030s ]
SQL: SHOW COLUMNS FROM `lewo_schedule` [ RunTime:0.0070s ]
SQL: SHOW COLUMNS FROM `lewo_room` [ RunTime:0.0069s ]
SQL: SHOW COLUMNS FROM `lewo_account` [ RunTime:0.0077s ]
SQL: SELECT * FROM `lewo_schedule` WHERE `is_finish` = 0 AND `admin_type` = 2  [ RunTime:0.0007s ]
SQL: SELECT COUNT(*) AS tp_count FROM `lewo_schedule` WHERE `schedule_type` = 1 AND `is_finish` = 0 AND `admin_type` = 2 LIMIT 1   [ RunTime:0.0004s ]
SQL: SELECT COUNT(*) AS tp_count FROM `lewo_schedule` WHERE `schedule_type` = 2 AND `is_finish` = 0 AND `admin_type` = 2 LIMIT 1   [ RunTime:0.0004s ]
SQL: SELECT COUNT(*) AS tp_count FROM `lewo_schedule` WHERE `schedule_type` = 3 AND `is_finish` = 0 AND `admin_type` = 2 LIMIT 1   [ RunTime:0.0004s ]
SQL: SHOW COLUMNS FROM `lewo_back_bill` [ RunTime:0.0064s ]
SQL: SELECT COUNT(*) AS tp_count FROM `lewo_back_bill` WHERE `is_finish` = 0 AND `is_affirm` = 2 AND `back_type` = 1 LIMIT 1   [ RunTime:0.0004s ]
SQL: SELECT COUNT(*) AS tp_count FROM `lewo_back_bill` WHERE `is_finish` = 0 AND `is_affirm` = 2 AND `back_type` = 2 LIMIT 1   [ RunTime:0.0003s ]

[ 2016-11-24T17:58:48+08:00 ] 127.0.0.1 /index.php/Admin/Index/refesh_schedule_count.html
INFO: [ app_init ] --START--
INFO: Run Behavior\BuildLiteBehavior [ RunTime:0.000028s ]
INFO: [ app_init ] --END-- [ RunTime:0.000649s ]
INFO: [ app_begin ] --START--
INFO: Run Behavior\ReadHtmlCacheBehavior [ RunTime:0.000755s ]
INFO: [ app_begin ] --END-- [ RunTime:0.000898s ]
SQL: SHOW COLUMNS FROM `lewo_schedule` [ RunTime:0.0070s ]
SQL: SHOW COLUMNS FROM `lewo_room` [ RunTime:0.0069s ]
SQL: SHOW COLUMNS FROM `lewo_account` [ RunTime:0.0068s ]
SQL: SELECT * FROM `lewo_schedule` WHERE `is_finish` = 0 AND `admin_type` = 2  [ RunTime:0.0009s ]
SQL: SELECT COUNT(*) AS tp_count FROM `lewo_schedule` WHERE `schedule_type` = 1 AND `is_finish` = 0 AND `admin_type` = 2 LIMIT 1   [ RunTime:0.0004s ]
SQL: SELECT COUNT(*) AS tp_count FROM `lewo_schedule` WHERE `schedule_type` = 2 AND `is_finish` = 0 AND `admin_type` = 2 LIMIT 1   [ RunTime:0.0004s ]
SQL: SELECT COUNT(*) AS tp_count FROM `lewo_schedule` WHERE `schedule_type` = 3 AND `is_finish` = 0 AND `admin_type` = 2 LIMIT 1   [ RunTime:0.0004s ]
SQL: SHOW COLUMNS FROM `lewo_back_bill` [ RunTime:0.0074s ]
SQL: SELECT COUNT(*) AS tp_count FROM `lewo_back_bill` WHERE `is_finish` = 0 AND `is_affirm` = 2 AND `back_type` = 1 LIMIT 1   [ RunTime:0.0005s ]
SQL: SELECT COUNT(*) AS tp_count FROM `lewo_back_bill` WHERE `is_finish` = 0 AND `is_affirm` = 2 AND `back_type` = 2 LIMIT 1   [ RunTime:0.0004s ]

[ 2016-11-24T17:59:48+08:00 ] 127.0.0.1 /index.php/Admin/Index/refesh_schedule_count.html
INFO: [ app_init ] --START--
INFO: Run Behavior\BuildLiteBehavior [ RunTime:0.000036s ]
INFO: [ app_init ] --END-- [ RunTime:0.001010s ]
INFO: [ app_begin ] --START--
INFO: Run Behavior\ReadHtmlCacheBehavior [ RunTime:0.001296s ]
INFO: [ app_begin ] --END-- [ RunTime:0.001453s ]
SQL: SHOW COLUMNS FROM `lewo_schedule` [ RunTime:0.0082s ]
SQL: SHOW COLUMNS FROM `lewo_room` [ RunTime:0.0069s ]
SQL: SHOW COLUMNS FROM `lewo_account` [ RunTime:0.0079s ]
SQL: SELECT * FROM `lewo_schedule` WHERE `is_finish` = 0 AND `admin_type` = 2  [ RunTime:0.0007s ]
SQL: SELECT COUNT(*) AS tp_count FROM `lewo_schedule` WHERE `schedule_type` = 1 AND `is_finish` = 0 AND `admin_type` = 2 LIMIT 1   [ RunTime:0.0004s ]
SQL: SELECT COUNT(*) AS tp_count FROM `lewo_schedule` WHERE `schedule_type` = 2 AND `is_finish` = 0 AND `admin_type` = 2 LIMIT 1   [ RunTime:0.0004s ]
SQL: SELECT COUNT(*) AS tp_count FROM `lewo_schedule` WHERE `schedule_type` = 3 AND `is_finish` = 0 AND `admin_type` = 2 LIMIT 1   [ RunTime:0.0004s ]
SQL: SHOW COLUMNS FROM `lewo_back_bill` [ RunTime:0.0094s ]
SQL: SELECT COUNT(*) AS tp_count FROM `lewo_back_bill` WHERE `is_finish` = 0 AND `is_affirm` = 2 AND `back_type` = 1 LIMIT 1   [ RunTime:0.0004s ]
SQL: SELECT COUNT(*) AS tp_count FROM `lewo_back_bill` WHERE `is_finish` = 0 AND `is_affirm` = 2 AND `back_type` = 2 LIMIT 1   [ RunTime:0.0004s ]

[ 2016-11-24T18:00:48+08:00 ] 127.0.0.1 /index.php/Admin/Index/refesh_schedule_count.html
INFO: [ app_init ] --START--
INFO: Run Behavior\BuildLiteBehavior [ RunTime:0.000029s ]
INFO: [ app_init ] --END-- [ RunTime:0.000733s ]
INFO: [ app_begin ] --START--
INFO: Run Behavior\ReadHtmlCacheBehavior [ RunTime:0.000907s ]
INFO: [ app_begin ] --END-- [ RunTime:0.001017s ]
SQL: SHOW COLUMNS FROM `lewo_schedule` [ RunTime:0.0070s ]
SQL: SHOW COLUMNS FROM `lewo_room` [ RunTime:0.0080s ]
SQL: SHOW COLUMNS FROM `lewo_account` [ RunTime:0.0078s ]
SQL: SELECT * FROM `lewo_schedule` WHERE `is_finish` = 0 AND `admin_type` = 2  [ RunTime:0.0007s ]
SQL: SELECT COUNT(*) AS tp_count FROM `lewo_schedule` WHERE `schedule_type` = 1 AND `is_finish` = 0 AND `admin_type` = 2 LIMIT 1   [ RunTime:0.0004s ]
SQL: SELECT COUNT(*) AS tp_count FROM `lewo_schedule` WHERE `schedule_type` = 2 AND `is_finish` = 0 AND `admin_type` = 2 LIMIT 1   [ RunTime:0.0004s ]
SQL: SELECT COUNT(*) AS tp_count FROM `lewo_schedule` WHERE `schedule_type` = 3 AND `is_finish` = 0 AND `admin_type` = 2 LIMIT 1   [ RunTime:0.0004s ]
SQL: SHOW COLUMNS FROM `lewo_back_bill` [ RunTime:0.0072s ]
SQL: SELECT COUNT(*) AS tp_count FROM `lewo_back_bill` WHERE `is_finish` = 0 AND `is_affirm` = 2 AND `back_type` = 1 LIMIT 1   [ RunTime:0.0005s ]
SQL: SELECT COUNT(*) AS tp_count FROM `lewo_back_bill` WHERE `is_finish` = 0 AND `is_affirm` = 2 AND `back_type` = 2 LIMIT 1   [ RunTime:0.0004s ]

[ 2016-11-24T18:01:48+08:00 ] 127.0.0.1 /index.php/Admin/Index/refesh_schedule_count.html
INFO: [ app_init ] --START--
INFO: Run Behavior\BuildLiteBehavior [ RunTime:0.000028s ]
INFO: [ app_init ] --END-- [ RunTime:0.000670s ]
INFO: [ app_begin ] --START--
INFO: Run Behavior\ReadHtmlCacheBehavior [ RunTime:0.000792s ]
INFO: [ app_begin ] --END-- [ RunTime:0.000900s ]
SQL: SHOW COLUMNS FROM `lewo_schedule` [ RunTime:0.0066s ]
SQL: SHOW COLUMNS FROM `lewo_room` [ RunTime:0.0070s ]
SQL: SHOW COLUMNS FROM `lewo_account` [ RunTime:0.0067s ]
SQL: SELECT * FROM `lewo_schedule` WHERE `is_finish` = 0 AND `admin_type` = 2  [ RunTime:0.0007s ]
SQL: SELECT COUNT(*) AS tp_count FROM `lewo_schedule` WHERE `schedule_type` = 1 AND `is_finish` = 0 AND `admin_type` = 2 LIMIT 1   [ RunTime:0.0004s ]
SQL: SELECT COUNT(*) AS tp_count FROM `lewo_schedule` WHERE `schedule_type` = 2 AND `is_finish` = 0 AND `admin_type` = 2 LIMIT 1   [ RunTime:0.0004s ]
SQL: SELECT COUNT(*) AS tp_count FROM `lewo_schedule` WHERE `schedule_type` = 3 AND `is_finish` = 0 AND `admin_type` = 2 LIMIT 1   [ RunTime:0.0004s ]
SQL: SHOW COLUMNS FROM `lewo_back_bill` [ RunTime:0.0067s ]
SQL: SELECT COUNT(*) AS tp_count FROM `lewo_back_bill` WHERE `is_finish` = 0 AND `is_affirm` = 2 AND `back_type` = 1 LIMIT 1   [ RunTime:0.0004s ]
SQL: SELECT COUNT(*) AS tp_count FROM `lewo_back_bill` WHERE `is_finish` = 0 AND `is_affirm` = 2 AND `back_type` = 2 LIMIT 1   [ RunTime:0.0004s ]

[ 2016-11-24T18:02:48+08:00 ] 127.0.0.1 /index.php/Admin/Index/refesh_schedule_count.html
INFO: [ app_init ] --START--
INFO: Run Behavior\BuildLiteBehavior [ RunTime:0.000032s ]
INFO: [ app_init ] --END-- [ RunTime:0.000970s ]
INFO: [ app_begin ] --START--
INFO: Run Behavior\ReadHtmlCacheBehavior [ RunTime:0.001259s ]
INFO: [ app_begin ] --END-- [ RunTime:0.001384s ]
SQL: SHOW COLUMNS FROM `lewo_schedule` [ RunTime:0.0066s ]
SQL: SHOW COLUMNS FROM `lewo_room` [ RunTime:0.0076s ]
SQL: SHOW COLUMNS FROM `lewo_account` [ RunTime:0.0066s ]
SQL: SELECT * FROM `lewo_schedule` WHERE `is_finish` = 0 AND `admin_type` = 2  [ RunTime:0.0007s ]
SQL: SELECT COUNT(*) AS tp_count FROM `lewo_schedule` WHERE `schedule_type` = 1 AND `is_finish` = 0 AND `admin_type` = 2 LIMIT 1   [ RunTime:0.0004s ]
SQL: SELECT COUNT(*) AS tp_count FROM `lewo_schedule` WHERE `schedule_type` = 2 AND `is_finish` = 0 AND `admin_type` = 2 LIMIT 1   [ RunTime:0.0004s ]
SQL: SELECT COUNT(*) AS tp_count FROM `lewo_schedule` WHERE `schedule_type` = 3 AND `is_finish` = 0 AND `admin_type` = 2 LIMIT 1   [ RunTime:0.0006s ]
SQL: SHOW COLUMNS FROM `lewo_back_bill` [ RunTime:0.0071s ]
SQL: SELECT COUNT(*) AS tp_count FROM `lewo_back_bill` WHERE `is_finish` = 0 AND `is_affirm` = 2 AND `back_type` = 1 LIMIT 1   [ RunTime:0.0004s ]
SQL: SELECT COUNT(*) AS tp_count FROM `lewo_back_bill` WHERE `is_finish` = 0 AND `is_affirm` = 2 AND `back_type` = 2 LIMIT 1   [ RunTime:0.0004s ]

[ 2016-11-24T18:03:48+08:00 ] 127.0.0.1 /index.php/Admin/Index/refesh_schedule_count.html
INFO: [ app_init ] --START--
INFO: Run Behavior\BuildLiteBehavior [ RunTime:0.000029s ]
INFO: [ app_init ] --END-- [ RunTime:0.000688s ]
INFO: [ app_begin ] --START--
INFO: Run Behavior\ReadHtmlCacheBehavior [ RunTime:0.000944s ]
INFO: [ app_begin ] --END-- [ RunTime:0.001055s ]
SQL: SHOW COLUMNS FROM `lewo_schedule` [ RunTime:0.0075s ]
SQL: SHOW COLUMNS FROM `lewo_room` [ RunTime:0.0066s ]
SQL: SHOW COLUMNS FROM `lewo_account` [ RunTime:0.0068s ]
SQL: SELECT * FROM `lewo_schedule` WHERE `is_finish` = 0 AND `admin_type` = 2  [ RunTime:0.0007s ]
SQL: SELECT COUNT(*) AS tp_count FROM `lewo_schedule` WHERE `schedule_type` = 1 AND `is_finish` = 0 AND `admin_type` = 2 LIMIT 1   [ RunTime:0.0004s ]
SQL: SELECT COUNT(*) AS tp_count FROM `lewo_schedule` WHERE `schedule_type` = 2 AND `is_finish` = 0 AND `admin_type` = 2 LIMIT 1   [ RunTime:0.0005s ]
SQL: SELECT COUNT(*) AS tp_count FROM `lewo_schedule` WHERE `schedule_type` = 3 AND `is_finish` = 0 AND `admin_type` = 2 LIMIT 1   [ RunTime:0.0004s ]
SQL: SHOW COLUMNS FROM `lewo_back_bill` [ RunTime:0.0073s ]
SQL: SELECT COUNT(*) AS tp_count FROM `lewo_back_bill` WHERE `is_finish` = 0 AND `is_affirm` = 2 AND `back_type` = 1 LIMIT 1   [ RunTime:0.0013s ]
SQL: SELECT COUNT(*) AS tp_count FROM `lewo_back_bill` WHERE `is_finish` = 0 AND `is_affirm` = 2 AND `back_type` = 2 LIMIT 1   [ RunTime:0.0006s ]

[ 2016-11-24T18:04:48+08:00 ] 127.0.0.1 /index.php/Admin/Index/refesh_schedule_count.html
INFO: [ app_init ] --START--
INFO: Run Behavior\BuildLiteBehavior [ RunTime:0.000035s ]
INFO: [ app_init ] --END-- [ RunTime:0.000701s ]
INFO: [ app_begin ] --START--
INFO: Run Behavior\ReadHtmlCacheBehavior [ RunTime:0.000774s ]
INFO: [ app_begin ] --END-- [ RunTime:0.000881s ]
SQL: SHOW COLUMNS FROM `lewo_schedule` [ RunTime:0.0065s ]
SQL: SHOW COLUMNS FROM `lewo_room` [ RunTime:0.0072s ]
SQL: SHOW COLUMNS FROM `lewo_account` [ RunTime:0.0066s ]
SQL: SELECT * FROM `lewo_schedule` WHERE `is_finish` = 0 AND `admin_type` = 2  [ RunTime:0.0016s ]
SQL: SELECT COUNT(*) AS tp_count FROM `lewo_schedule` WHERE `schedule_type` = 1 AND `is_finish` = 0 AND `admin_type` = 2 LIMIT 1   [ RunTime:0.0007s ]
SQL: SELECT COUNT(*) AS tp_count FROM `lewo_schedule` WHERE `schedule_type` = 2 AND `is_finish` = 0 AND `admin_type` = 2 LIMIT 1   [ RunTime:0.0005s ]
SQL: SELECT COUNT(*) AS tp_count FROM `lewo_schedule` WHERE `schedule_type` = 3 AND `is_finish` = 0 AND `admin_type` = 2 LIMIT 1   [ RunTime:0.0004s ]
SQL: SHOW COLUMNS FROM `lewo_back_bill` [ RunTime:0.0068s ]
SQL: SELECT COUNT(*) AS tp_count FROM `lewo_back_bill` WHERE `is_finish` = 0 AND `is_affirm` = 2 AND `back_type` = 1 LIMIT 1   [ RunTime:0.0004s ]
SQL: SELECT COUNT(*) AS tp_count FROM `lewo_back_bill` WHERE `is_finish` = 0 AND `is_affirm` = 2 AND `back_type` = 2 LIMIT 1   [ RunTime:0.0004s ]

[ 2016-11-24T18:05:48+08:00 ] 127.0.0.1 /index.php/Admin/Index/refesh_schedule_count.html
INFO: [ app_init ] --START--
INFO: Run Behavior\BuildLiteBehavior [ RunTime:0.000027s ]
INFO: [ app_init ] --END-- [ RunTime:0.000619s ]
INFO: [ app_begin ] --START--
INFO: Run Behavior\ReadHtmlCacheBehavior [ RunTime:0.002024s ]
INFO: [ app_begin ] --END-- [ RunTime:0.002152s ]
SQL: SHOW COLUMNS FROM `lewo_schedule` [ RunTime:0.0064s ]
SQL: SHOW COLUMNS FROM `lewo_room` [ RunTime:0.0073s ]
SQL: SHOW COLUMNS FROM `lewo_account` [ RunTime:0.0071s ]
SQL: SELECT * FROM `lewo_schedule` WHERE `is_finish` = 0 AND `admin_type` = 2  [ RunTime:0.0007s ]
SQL: SELECT COUNT(*) AS tp_count FROM `lewo_schedule` WHERE `schedule_type` = 1 AND `is_finish` = 0 AND `admin_type` = 2 LIMIT 1   [ RunTime:0.0004s ]
SQL: SELECT COUNT(*) AS tp_count FROM `lewo_schedule` WHERE `schedule_type` = 2 AND `is_finish` = 0 AND `admin_type` = 2 LIMIT 1   [ RunTime:0.0004s ]
SQL: SELECT COUNT(*) AS tp_count FROM `lewo_schedule` WHERE `schedule_type` = 3 AND `is_finish` = 0 AND `admin_type` = 2 LIMIT 1   [ RunTime:0.0004s ]
SQL: SHOW COLUMNS FROM `lewo_back_bill` [ RunTime:0.0072s ]
SQL: SELECT COUNT(*) AS tp_count FROM `lewo_back_bill` WHERE `is_finish` = 0 AND `is_affirm` = 2 AND `back_type` = 1 LIMIT 1   [ RunTime:0.0004s ]
SQL: SELECT COUNT(*) AS tp_count FROM `lewo_back_bill` WHERE `is_finish` = 0 AND `is_affirm` = 2 AND `back_type` = 2 LIMIT 1   [ RunTime:0.0004s ]

[ 2016-11-24T18:06:48+08:00 ] 127.0.0.1 /index.php/Admin/Index/refesh_schedule_count.html
INFO: [ app_init ] --START--
INFO: Run Behavior\BuildLiteBehavior [ RunTime:0.000029s ]
INFO: [ app_init ] --END-- [ RunTime:0.000677s ]
INFO: [ app_begin ] --START--
INFO: Run Behavior\ReadHtmlCacheBehavior [ RunTime:0.000889s ]
INFO: [ app_begin ] --END-- [ RunTime:0.000999s ]
SQL: SHOW COLUMNS FROM `lewo_schedule` [ RunTime:0.0067s ]
SQL: SHOW COLUMNS FROM `lewo_room` [ RunTime:0.0071s ]
SQL: SHOW COLUMNS FROM `lewo_account` [ RunTime:0.0068s ]
SQL: SELECT * FROM `lewo_schedule` WHERE `is_finish` = 0 AND `admin_type` = 2  [ RunTime:0.0007s ]
SQL: SELECT COUNT(*) AS tp_count FROM `lewo_schedule` WHERE `schedule_type` = 1 AND `is_finish` = 0 AND `admin_type` = 2 LIMIT 1   [ RunTime:0.0004s ]
SQL: SELECT COUNT(*) AS tp_count FROM `lewo_schedule` WHERE `schedule_type` = 2 AND `is_finish` = 0 AND `admin_type` = 2 LIMIT 1   [ RunTime:0.0007s ]
SQL: SELECT COUNT(*) AS tp_count FROM `lewo_schedule` WHERE `schedule_type` = 3 AND `is_finish` = 0 AND `admin_type` = 2 LIMIT 1   [ RunTime:0.0013s ]
SQL: SHOW COLUMNS FROM `lewo_back_bill` [ RunTime:0.0064s ]
SQL: SELECT COUNT(*) AS tp_count FROM `lewo_back_bill` WHERE `is_finish` = 0 AND `is_affirm` = 2 AND `back_type` = 1 LIMIT 1   [ RunTime:0.0004s ]
SQL: SELECT COUNT(*) AS tp_count FROM `lewo_back_bill` WHERE `is_finish` = 0 AND `is_affirm` = 2 AND `back_type` = 2 LIMIT 1   [ RunTime:0.0004s ]

[ 2016-11-24T18:07:48+08:00 ] 127.0.0.1 /index.php/Admin/Index/refesh_schedule_count.html
INFO: [ app_init ] --START--
INFO: Run Behavior\BuildLiteBehavior [ RunTime:0.000039s ]
INFO: [ app_init ] --END-- [ RunTime:0.000920s ]
INFO: [ app_begin ] --START--
INFO: Run Behavior\ReadHtmlCacheBehavior [ RunTime:0.001106s ]
INFO: [ app_begin ] --END-- [ RunTime:0.001278s ]
SQL: SHOW COLUMNS FROM `lewo_schedule` [ RunTime:0.0126s ]
SQL: SHOW COLUMNS FROM `lewo_room` [ RunTime:0.0086s ]
SQL: SHOW COLUMNS FROM `lewo_account` [ RunTime:0.0077s ]
SQL: SELECT * FROM `lewo_schedule` WHERE `is_finish` = 0 AND `admin_type` = 2  [ RunTime:0.0007s ]
SQL: SELECT COUNT(*) AS tp_count FROM `lewo_schedule` WHERE `schedule_type` = 1 AND `is_finish` = 0 AND `admin_type` = 2 LIMIT 1   [ RunTime:0.0004s ]
SQL: SELECT COUNT(*) AS tp_count FROM `lewo_schedule` WHERE `schedule_type` = 2 AND `is_finish` = 0 AND `admin_type` = 2 LIMIT 1   [ RunTime:0.0004s ]
SQL: SELECT COUNT(*) AS tp_count FROM `lewo_schedule` WHERE `schedule_type` = 3 AND `is_finish` = 0 AND `admin_type` = 2 LIMIT 1   [ RunTime:0.0004s ]
SQL: SHOW COLUMNS FROM `lewo_back_bill` [ RunTime:0.0072s ]
SQL: SELECT COUNT(*) AS tp_count FROM `lewo_back_bill` WHERE `is_finish` = 0 AND `is_affirm` = 2 AND `back_type` = 1 LIMIT 1   [ RunTime:0.0005s ]
SQL: SELECT COUNT(*) AS tp_count FROM `lewo_back_bill` WHERE `is_finish` = 0 AND `is_affirm` = 2 AND `back_type` = 2 LIMIT 1   [ RunTime:0.0005s ]

[ 2016-11-24T18:08:48+08:00 ] 127.0.0.1 /index.php/Admin/Index/refesh_schedule_count.html
INFO: [ app_init ] --START--
INFO: Run Behavior\BuildLiteBehavior [ RunTime:0.000028s ]
INFO: [ app_init ] --END-- [ RunTime:0.000637s ]
INFO: [ app_begin ] --START--
INFO: Run Behavior\ReadHtmlCacheBehavior [ RunTime:0.000758s ]
INFO: [ app_begin ] --END-- [ RunTime:0.000865s ]
SQL: SHOW COLUMNS FROM `lewo_schedule` [ RunTime:0.0065s ]
SQL: SHOW COLUMNS FROM `lewo_room` [ RunTime:0.0066s ]
SQL: SHOW COLUMNS FROM `lewo_account` [ RunTime:0.0071s ]
SQL: SELECT * FROM `lewo_schedule` WHERE `is_finish` = 0 AND `admin_type` = 2  [ RunTime:0.0007s ]
SQL: SELECT COUNT(*) AS tp_count FROM `lewo_schedule` WHERE `schedule_type` = 1 AND `is_finish` = 0 AND `admin_type` = 2 LIMIT 1   [ RunTime:0.0004s ]
SQL: SELECT COUNT(*) AS tp_count FROM `lewo_schedule` WHERE `schedule_type` = 2 AND `is_finish` = 0 AND `admin_type` = 2 LIMIT 1   [ RunTime:0.0004s ]
SQL: SELECT COUNT(*) AS tp_count FROM `lewo_schedule` WHERE `schedule_type` = 3 AND `is_finish` = 0 AND `admin_type` = 2 LIMIT 1   [ RunTime:0.0004s ]
SQL: SHOW COLUMNS FROM `lewo_back_bill` [ RunTime:0.0060s ]
SQL: SELECT COUNT(*) AS tp_count FROM `lewo_back_bill` WHERE `is_finish` = 0 AND `is_affirm` = 2 AND `back_type` = 1 LIMIT 1   [ RunTime:0.0005s ]
SQL: SELECT COUNT(*) AS tp_count FROM `lewo_back_bill` WHERE `is_finish` = 0 AND `is_affirm` = 2 AND `back_type` = 2 LIMIT 1   [ RunTime:0.0010s ]

[ 2016-11-24T18:09:48+08:00 ] 127.0.0.1 /index.php/Admin/Index/refesh_schedule_count.html
INFO: [ app_init ] --START--
INFO: Run Behavior\BuildLiteBehavior [ RunTime:0.000028s ]
INFO: [ app_init ] --END-- [ RunTime:0.000690s ]
INFO: [ app_begin ] --START--
INFO: Run Behavior\ReadHtmlCacheBehavior [ RunTime:0.000920s ]
INFO: [ app_begin ] --END-- [ RunTime:0.001030s ]
SQL: SHOW COLUMNS FROM `lewo_schedule` [ RunTime:0.0076s ]
SQL: SHOW COLUMNS FROM `lewo_room` [ RunTime:0.0071s ]
SQL: SHOW COLUMNS FROM `lewo_account` [ RunTime:0.0075s ]
SQL: SELECT * FROM `lewo_schedule` WHERE `is_finish` = 0 AND `admin_type` = 2  [ RunTime:0.0009s ]
SQL: SELECT COUNT(*) AS tp_count FROM `lewo_schedule` WHERE `schedule_type` = 1 AND `is_finish` = 0 AND `admin_type` = 2 LIMIT 1   [ RunTime:0.0004s ]
SQL: SELECT COUNT(*) AS tp_count FROM `lewo_schedule` WHERE `schedule_type` = 2 AND `is_finish` = 0 AND `admin_type` = 2 LIMIT 1   [ RunTime:0.0004s ]
SQL: SELECT COUNT(*) AS tp_count FROM `lewo_schedule` WHERE `schedule_type` = 3 AND `is_finish` = 0 AND `admin_type` = 2 LIMIT 1   [ RunTime:0.0004s ]
SQL: SHOW COLUMNS FROM `lewo_back_bill` [ RunTime:0.0067s ]
SQL: SELECT COUNT(*) AS tp_count FROM `lewo_back_bill` WHERE `is_finish` = 0 AND `is_affirm` = 2 AND `back_type` = 1 LIMIT 1   [ RunTime:0.0006s ]
SQL: SELECT COUNT(*) AS tp_count FROM `lewo_back_bill` WHERE `is_finish` = 0 AND `is_affirm` = 2 AND `back_type` = 2 LIMIT 1   [ RunTime:0.0004s ]

[ 2016-11-24T18:10:48+08:00 ] 127.0.0.1 /index.php/Admin/Index/refesh_schedule_count.html
INFO: [ app_init ] --START--
INFO: Run Behavior\BuildLiteBehavior [ RunTime:0.000046s ]
INFO: [ app_init ] --END-- [ RunTime:0.001002s ]
INFO: [ app_begin ] --START--
INFO: Run Behavior\ReadHtmlCacheBehavior [ RunTime:0.001241s ]
INFO: [ app_begin ] --END-- [ RunTime:0.001392s ]
SQL: SHOW COLUMNS FROM `lewo_schedule` [ RunTime:0.0070s ]
SQL: SHOW COLUMNS FROM `lewo_room` [ RunTime:0.0066s ]
SQL: SHOW COLUMNS FROM `lewo_account` [ RunTime:0.0066s ]
SQL: SELECT * FROM `lewo_schedule` WHERE `is_finish` = 0 AND `admin_type` = 2  [ RunTime:0.0007s ]
SQL: SELECT COUNT(*) AS tp_count FROM `lewo_schedule` WHERE `schedule_type` = 1 AND `is_finish` = 0 AND `admin_type` = 2 LIMIT 1   [ RunTime:0.0006s ]
SQL: SELECT COUNT(*) AS tp_count FROM `lewo_schedule` WHERE `schedule_type` = 2 AND `is_finish` = 0 AND `admin_type` = 2 LIMIT 1   [ RunTime:0.0005s ]
SQL: SELECT COUNT(*) AS tp_count FROM `lewo_schedule` WHERE `schedule_type` = 3 AND `is_finish` = 0 AND `admin_type` = 2 LIMIT 1   [ RunTime:0.0004s ]
SQL: SHOW COLUMNS FROM `lewo_back_bill` [ RunTime:0.0065s ]
SQL: SELECT COUNT(*) AS tp_count FROM `lewo_back_bill` WHERE `is_finish` = 0 AND `is_affirm` = 2 AND `back_type` = 1 LIMIT 1   [ RunTime:0.0004s ]
SQL: SELECT COUNT(*) AS tp_count FROM `lewo_back_bill` WHERE `is_finish` = 0 AND `is_affirm` = 2 AND `back_type` = 2 LIMIT 1   [ RunTime:0.0004s ]

