[ 2016-11-26T22:14:00+08:00 ] 127.0.0.1 /index.php/Admin/Houses/check_bill/house_id/22/year/2016/month/10.html
INFO: [ app_init ] --START--
INFO: Run Behavior\BuildLiteBehavior [ RunTime:0.000036s ]
INFO: [ app_init ] --END-- [ RunTime:0.000851s ]
INFO: [ app_begin ] --START--
INFO: Run Behavior\ReadHtmlCacheBehavior [ RunTime:0.001051s ]
INFO: [ app_begin ] --END-- [ RunTime:0.001212s ]
SQL: SHOW COLUMNS FROM `lewo_houses` [ RunTime:0.0077s ]
SQL: SHOW COLUMNS FROM `lewo_area` [ RunTime:0.0111s ]
SQL: SELECT `house_code` FROM `lewo_houses` WHERE `id` = 22 LIMIT 1   [ RunTime:0.0024s ]
SQL: SELECT * FROM `lewo_houses` WHERE `house_code` = 'A805A' LIMIT 1   [ RunTime:0.0011s ]
SQL: SELECT * FROM `lewo_area` WHERE `id` = 4 LIMIT 1   [ RunTime:0.0007s ]
SQL: SHOW COLUMNS FROM `lewo_charge_bill` [ RunTime:0.0085s ]
SQL: SHOW COLUMNS FROM `lewo_charge_bill` [ RunTime:0.0086s ]
SQL: SELECT cb.*,p.*,cb.id AS cb_id,p.id AS p_id,a.realname,r.room_sort,r.bed_code FROM lewo_charge_bill cb INNER JOIN lewo_pay p ON cb.pro_id = p.pro_id INNER JOIN lewo_account a ON p.account_id = a.id INNER JOIN lewo_room r ON p.room_id = r.id  WHERE cb.house_code = 'A805A' AND p.input_year = '2016' AND p.input_month = '10' AND cb.type = 1 ORDER BY r.room_sort asc,r.bed_code asc  [ RunTime:0.0093s ]
SQL: SHOW COLUMNS FROM `lewo_charge_house` [ RunTime:0.0080s ]
SQL: SELECT * FROM `lewo_charge_house` WHERE `house_id` = 22 AND `input_year` = 2016 AND `input_month` = 10 LIMIT 1   [ RunTime:0.0007s ]
SQL: SELECT * FROM `lewo_charge_bill` WHERE `house_code` = 'A805A' AND `input_year` = 2016 AND `input_month` = 10 AND `type` NOT IN ('1')  [ RunTime:0.0014s ]
SQL: SHOW COLUMNS FROM `lewo_account` [ RunTime:0.0082s ]
SQL: SHOW COLUMNS FROM `lewo_room` [ RunTime:0.0074s ]
SQL: SELECT * FROM `lewo_room` WHERE `id` = 36 LIMIT 1   [ RunTime:0.0008s ]
SQL: SELECT * FROM `lewo_room` WHERE `id` = 37 LIMIT 1   [ RunTime:0.0009s ]
SQL: SELECT * FROM `lewo_room` WHERE `id` = 39 LIMIT 1   [ RunTime:0.0007s ]
SQL: SELECT * FROM `lewo_room` WHERE `id` = 38 LIMIT 1   [ RunTime:0.0009s ]
NOTIC: [8] Undefined variable: ammeter G:\wamp2\www\lewo\lewo\Admin\Controller\HousesController.class.php 第 553 行.
NOTIC: [8] Undefined variable: last_ammeter G:\wamp2\www\lewo\lewo\Admin\Controller\HousesController.class.php 第 554 行.
INFO: [ view_parse ] --START--
INFO: [ template_filter ] --START--
INFO: Run Behavior\ContentReplaceBehavior [ RunTime:0.000327s ]
INFO: [ template_filter ] --END-- [ RunTime:0.000500s ]
INFO: Run Behavior\ParseTemplateBehavior [ RunTime:0.039970s ]
INFO: [ view_parse ] --END-- [ RunTime:0.040187s ]
INFO: [ view_filter ] --START--
INFO: Run Behavior\WriteHtmlCacheBehavior [ RunTime:0.001692s ]
INFO: [ view_filter ] --END-- [ RunTime:0.001859s ]
INFO: [ app_end ] --START--
INFO: Run Behavior\ShowPageTraceBehavior [ RunTime:0.001197s ]
INFO: [ app_end ] --END-- [ RunTime:0.001356s ]

[ 2016-11-26T22:16:09+08:00 ] 127.0.0.1 /index.php/Admin/Houses/check_bill/house_id/22/year/2016/month/10.html
INFO: [ app_init ] --START--
INFO: Run Behavior\BuildLiteBehavior [ RunTime:0.000053s ]
INFO: [ app_init ] --END-- [ RunTime:0.001501s ]
INFO: [ app_begin ] --START--
INFO: Run Behavior\ReadHtmlCacheBehavior [ RunTime:0.001523s ]
INFO: [ app_begin ] --END-- [ RunTime:0.001725s ]
SQL: SHOW COLUMNS FROM `lewo_houses` [ RunTime:0.0072s ]
SQL: SHOW COLUMNS FROM `lewo_area` [ RunTime:0.0061s ]
SQL: SELECT `house_code` FROM `lewo_houses` WHERE `id` = 22 LIMIT 1   [ RunTime:0.0005s ]
SQL: SELECT * FROM `lewo_houses` WHERE `house_code` = 'A805A' LIMIT 1   [ RunTime:0.0006s ]
SQL: SELECT * FROM `lewo_area` WHERE `id` = 4 LIMIT 1   [ RunTime:0.0004s ]
SQL: SHOW COLUMNS FROM `lewo_charge_bill` [ RunTime:0.0071s ]
SQL: SHOW COLUMNS FROM `lewo_charge_bill` [ RunTime:0.0074s ]
SQL: SELECT cb.*,p.*,cb.id AS cb_id,p.id AS p_id,a.realname,r.room_sort,r.bed_code FROM lewo_charge_bill cb INNER JOIN lewo_pay p ON cb.pro_id = p.pro_id INNER JOIN lewo_account a ON p.account_id = a.id INNER JOIN lewo_room r ON p.room_id = r.id  WHERE cb.house_code = 'A805A' AND p.input_year = '2016' AND p.input_month = '10' AND cb.type = 1 ORDER BY r.room_sort asc,r.bed_code asc  [ RunTime:0.0065s ]
SQL: SHOW COLUMNS FROM `lewo_charge_house` [ RunTime:0.0058s ]
SQL: SELECT * FROM `lewo_charge_house` WHERE `house_id` = 22 AND `input_year` = 2016 AND `input_month` = 10 LIMIT 1   [ RunTime:0.0006s ]
SQL: SELECT * FROM `lewo_charge_bill` WHERE `house_code` = 'A805A' AND `input_year` = 2016 AND `input_month` = 10 AND `type` NOT IN ('1')  [ RunTime:0.0008s ]
SQL: SHOW COLUMNS FROM `lewo_account` [ RunTime:0.0057s ]
SQL: SHOW COLUMNS FROM `lewo_room` [ RunTime:0.0066s ]
SQL: SELECT * FROM `lewo_room` WHERE `id` = 36 LIMIT 1   [ RunTime:0.0005s ]
SQL: SELECT * FROM `lewo_room` WHERE `id` = 37 LIMIT 1   [ RunTime:0.0005s ]
SQL: SELECT * FROM `lewo_room` WHERE `id` = 39 LIMIT 1   [ RunTime:0.0005s ]
SQL: SELECT * FROM `lewo_room` WHERE `id` = 38 LIMIT 1   [ RunTime:0.0008s ]
NOTIC: [8] Undefined variable: ammeter G:\wamp2\www\lewo\lewo\Admin\Controller\HousesController.class.php 第 553 行.
NOTIC: [8] Undefined variable: last_ammeter G:\wamp2\www\lewo\lewo\Admin\Controller\HousesController.class.php 第 554 行.
INFO: [ view_parse ] --START--
INFO: [ template_filter ] --START--
INFO: Run Behavior\ContentReplaceBehavior [ RunTime:0.000275s ]
INFO: [ template_filter ] --END-- [ RunTime:0.000395s ]
INFO: Run Behavior\ParseTemplateBehavior [ RunTime:0.030579s ]
INFO: [ view_parse ] --END-- [ RunTime:0.030693s ]
INFO: [ view_filter ] --START--
INFO: Run Behavior\WriteHtmlCacheBehavior [ RunTime:0.000594s ]
INFO: [ view_filter ] --END-- [ RunTime:0.000702s ]
INFO: [ app_end ] --START--
INFO: Run Behavior\ShowPageTraceBehavior [ RunTime:0.000870s ]
INFO: [ app_end ] --END-- [ RunTime:0.000980s ]

[ 2016-11-26T22:16:18+08:00 ] 127.0.0.1 /index.php/Admin/Houses/check_bill/house_id/22/year/2016/month/10.html
INFO: [ app_init ] --START--
INFO: Run Behavior\BuildLiteBehavior [ RunTime:0.000027s ]
INFO: [ app_init ] --END-- [ RunTime:0.000655s ]
INFO: [ app_begin ] --START--
INFO: Run Behavior\ReadHtmlCacheBehavior [ RunTime:0.000880s ]
INFO: [ app_begin ] --END-- [ RunTime:0.001004s ]
SQL: SHOW COLUMNS FROM `lewo_houses` [ RunTime:0.0061s ]
SQL: SHOW COLUMNS FROM `lewo_area` [ RunTime:0.0051s ]
SQL: SELECT `house_code` FROM `lewo_houses` WHERE `id` = 22 LIMIT 1   [ RunTime:0.0005s ]
SQL: SELECT * FROM `lewo_houses` WHERE `house_code` = 'A805A' LIMIT 1   [ RunTime:0.0006s ]
SQL: SELECT * FROM `lewo_area` WHERE `id` = 4 LIMIT 1   [ RunTime:0.0004s ]
SQL: SHOW COLUMNS FROM `lewo_charge_bill` [ RunTime:0.0063s ]
SQL: SHOW COLUMNS FROM `lewo_charge_bill` [ RunTime:0.0088s ]
SQL: SELECT cb.*,p.*,cb.id AS cb_id,p.id AS p_id,a.realname,r.room_sort,r.bed_code FROM lewo_charge_bill cb INNER JOIN lewo_pay p ON cb.pro_id = p.pro_id INNER JOIN lewo_account a ON p.account_id = a.id INNER JOIN lewo_room r ON p.room_id = r.id  WHERE cb.house_code = 'A805A' AND p.input_year = '2016' AND p.input_month = '10' AND cb.type = 1 ORDER BY r.room_sort asc,r.bed_code asc  [ RunTime:0.0073s ]
SQL: SHOW COLUMNS FROM `lewo_charge_house` [ RunTime:0.0051s ]
SQL: SELECT * FROM `lewo_charge_house` WHERE `house_id` = 22 AND `input_year` = 2016 AND `input_month` = 10 LIMIT 1   [ RunTime:0.0005s ]
SQL: SELECT * FROM `lewo_charge_bill` WHERE `house_code` = 'A805A' AND `input_year` = 2016 AND `input_month` = 10 AND `type` NOT IN ('1')  [ RunTime:0.0014s ]
SQL: SHOW COLUMNS FROM `lewo_account` [ RunTime:0.0055s ]
SQL: SHOW COLUMNS FROM `lewo_room` [ RunTime:0.0065s ]
SQL: SELECT * FROM `lewo_room` WHERE `id` = 36 LIMIT 1   [ RunTime:0.0005s ]
SQL: SELECT * FROM `lewo_room` WHERE `id` = 37 LIMIT 1   [ RunTime:0.0005s ]
SQL: SELECT * FROM `lewo_room` WHERE `id` = 39 LIMIT 1   [ RunTime:0.0005s ]
SQL: SELECT * FROM `lewo_room` WHERE `id` = 38 LIMIT 1   [ RunTime:0.0007s ]
NOTIC: [8] Undefined variable: ammeter G:\wamp2\www\lewo\lewo\Admin\Controller\HousesController.class.php 第 553 行.
NOTIC: [8] Undefined variable: last_ammeter G:\wamp2\www\lewo\lewo\Admin\Controller\HousesController.class.php 第 554 行.
INFO: [ view_parse ] --START--
INFO: [ template_filter ] --START--
INFO: Run Behavior\ContentReplaceBehavior [ RunTime:0.000285s ]
INFO: [ template_filter ] --END-- [ RunTime:0.000400s ]
INFO: Run Behavior\ParseTemplateBehavior [ RunTime:0.031241s ]
INFO: [ view_parse ] --END-- [ RunTime:0.031393s ]
INFO: [ view_filter ] --START--
INFO: Run Behavior\WriteHtmlCacheBehavior [ RunTime:0.000783s ]
INFO: [ view_filter ] --END-- [ RunTime:0.000916s ]
INFO: [ app_end ] --START--
INFO: Run Behavior\ShowPageTraceBehavior [ RunTime:0.000919s ]
INFO: [ app_end ] --END-- [ RunTime:0.001031s ]

[ 2016-11-26T22:16:37+08:00 ] 127.0.0.1 /index.php/Admin/Houses/check_bill/house_id/22/year/2016/month/10.html
INFO: [ app_init ] --START--
INFO: Run Behavior\BuildLiteBehavior [ RunTime:0.000045s ]
INFO: [ app_init ] --END-- [ RunTime:0.001466s ]
INFO: [ app_begin ] --START--
INFO: Run Behavior\ReadHtmlCacheBehavior [ RunTime:0.001176s ]
INFO: [ app_begin ] --END-- [ RunTime:0.001354s ]
SQL: SHOW COLUMNS FROM `lewo_houses` [ RunTime:0.0055s ]
SQL: SHOW COLUMNS FROM `lewo_area` [ RunTime:0.0066s ]
SQL: SELECT `house_code` FROM `lewo_houses` WHERE `id` = 22 LIMIT 1   [ RunTime:0.0005s ]
SQL: SELECT * FROM `lewo_houses` WHERE `house_code` = 'A805A' LIMIT 1   [ RunTime:0.0006s ]
SQL: SELECT * FROM `lewo_area` WHERE `id` = 4 LIMIT 1   [ RunTime:0.0005s ]
SQL: SHOW COLUMNS FROM `lewo_charge_bill` [ RunTime:0.0085s ]
SQL: SHOW COLUMNS FROM `lewo_charge_bill` [ RunTime:0.0092s ]
SQL: SELECT cb.*,p.*,cb.id AS cb_id,p.id AS p_id,a.realname,r.room_sort,r.bed_code FROM lewo_charge_bill cb INNER JOIN lewo_pay p ON cb.pro_id = p.pro_id INNER JOIN lewo_account a ON p.account_id = a.id INNER JOIN lewo_room r ON p.room_id = r.id  WHERE cb.house_code = 'A805A' AND p.input_year = '2016' AND p.input_month = '10' AND cb.type = 1 ORDER BY r.room_sort asc,r.bed_code asc  [ RunTime:0.0092s ]
SQL: SHOW COLUMNS FROM `lewo_charge_house` [ RunTime:0.0072s ]
SQL: SELECT * FROM `lewo_charge_house` WHERE `house_id` = 22 AND `input_year` = 2016 AND `input_month` = 10 LIMIT 1   [ RunTime:0.0007s ]
SQL: SELECT * FROM `lewo_charge_bill` WHERE `house_code` = 'A805A' AND `input_year` = 2016 AND `input_month` = 10 AND `type` NOT IN ('1')  [ RunTime:0.0013s ]
SQL: SHOW COLUMNS FROM `lewo_account` [ RunTime:0.0089s ]
SQL: SHOW COLUMNS FROM `lewo_room` [ RunTime:0.0079s ]
SQL: SELECT * FROM `lewo_room` WHERE `id` = 36 LIMIT 1   [ RunTime:0.0009s ]
SQL: SELECT * FROM `lewo_room` WHERE `id` = 37 LIMIT 1   [ RunTime:0.0005s ]
SQL: SELECT * FROM `lewo_room` WHERE `id` = 39 LIMIT 1   [ RunTime:0.0005s ]
SQL: SELECT * FROM `lewo_room` WHERE `id` = 38 LIMIT 1   [ RunTime:0.0005s ]
NOTIC: [8] Undefined variable: ammeter G:\wamp2\www\lewo\lewo\Admin\Controller\HousesController.class.php 第 553 行.
NOTIC: [8] Undefined variable: last_ammeter G:\wamp2\www\lewo\lewo\Admin\Controller\HousesController.class.php 第 554 行.
INFO: [ view_parse ] --START--
INFO: [ template_filter ] --START--
INFO: Run Behavior\ContentReplaceBehavior [ RunTime:0.000280s ]
INFO: [ template_filter ] --END-- [ RunTime:0.000394s ]
INFO: Run Behavior\ParseTemplateBehavior [ RunTime:0.030777s ]
INFO: [ view_parse ] --END-- [ RunTime:0.030891s ]
INFO: [ view_filter ] --START--
INFO: Run Behavior\WriteHtmlCacheBehavior [ RunTime:0.000514s ]
INFO: [ view_filter ] --END-- [ RunTime:0.000642s ]
INFO: [ app_end ] --START--
INFO: Run Behavior\ShowPageTraceBehavior [ RunTime:0.000805s ]
INFO: [ app_end ] --END-- [ RunTime:0.000933s ]

[ 2016-11-26T22:17:22+08:00 ] 127.0.0.1 /index.php/Admin/Houses/check_bill/house_id/22/year/2016/month/10.html
INFO: [ app_init ] --START--
INFO: Run Behavior\BuildLiteBehavior [ RunTime:0.000046s ]
INFO: [ app_init ] --END-- [ RunTime:0.001007s ]
INFO: [ app_begin ] --START--
INFO: Run Behavior\ReadHtmlCacheBehavior [ RunTime:0.001454s ]
INFO: [ app_begin ] --END-- [ RunTime:0.001783s ]
SQL: SHOW COLUMNS FROM `lewo_houses` [ RunTime:0.0059s ]
SQL: SHOW COLUMNS FROM `lewo_area` [ RunTime:0.0066s ]
SQL: SELECT `house_code` FROM `lewo_houses` WHERE `id` = 22 LIMIT 1   [ RunTime:0.0005s ]
SQL: SELECT * FROM `lewo_houses` WHERE `house_code` = 'A805A' LIMIT 1   [ RunTime:0.0006s ]
SQL: SELECT * FROM `lewo_area` WHERE `id` = 4 LIMIT 1   [ RunTime:0.0006s ]
SQL: SHOW COLUMNS FROM `lewo_charge_bill` [ RunTime:0.0070s ]
SQL: SHOW COLUMNS FROM `lewo_charge_bill` [ RunTime:0.0071s ]
SQL: SELECT cb.*,p.*,cb.id AS cb_id,p.id AS p_id,a.realname,r.room_sort,r.bed_code FROM lewo_charge_bill cb INNER JOIN lewo_pay p ON cb.pro_id = p.pro_id INNER JOIN lewo_account a ON p.account_id = a.id INNER JOIN lewo_room r ON p.room_id = r.id  WHERE cb.house_code = 'A805A' AND p.input_year = '2016' AND p.input_month = '10' AND cb.type = 1 ORDER BY r.room_sort asc,r.bed_code asc  [ RunTime:0.0089s ]
SQL: SHOW COLUMNS FROM `lewo_charge_house` [ RunTime:0.0052s ]
SQL: SELECT * FROM `lewo_charge_house` WHERE `house_id` = 22 AND `input_year` = 2016 AND `input_month` = 10 LIMIT 1   [ RunTime:0.0005s ]
SQL: SELECT * FROM `lewo_charge_bill` WHERE `house_code` = 'A805A' AND `input_year` = 2016 AND `input_month` = 10 AND `type` NOT IN ('1')  [ RunTime:0.0008s ]
SQL: SHOW COLUMNS FROM `lewo_account` [ RunTime:0.0055s ]
SQL: SHOW COLUMNS FROM `lewo_room` [ RunTime:0.0061s ]
SQL: SELECT * FROM `lewo_room` WHERE `id` = 36 LIMIT 1   [ RunTime:0.0006s ]
SQL: SELECT * FROM `lewo_room` WHERE `id` = 37 LIMIT 1   [ RunTime:0.0005s ]
SQL: SELECT * FROM `lewo_room` WHERE `id` = 39 LIMIT 1   [ RunTime:0.0005s ]
SQL: SELECT * FROM `lewo_room` WHERE `id` = 38 LIMIT 1   [ RunTime:0.0005s ]
NOTIC: [8] Undefined variable: ammeter G:\wamp2\www\lewo\lewo\Admin\Controller\HousesController.class.php 第 553 行.
NOTIC: [8] Undefined variable: last_ammeter G:\wamp2\www\lewo\lewo\Admin\Controller\HousesController.class.php 第 554 行.
INFO: [ view_parse ] --START--
INFO: [ template_filter ] --START--
INFO: Run Behavior\ContentReplaceBehavior [ RunTime:0.000267s ]
INFO: [ template_filter ] --END-- [ RunTime:0.000379s ]
INFO: Run Behavior\ParseTemplateBehavior [ RunTime:0.030414s ]
INFO: [ view_parse ] --END-- [ RunTime:0.030535s ]
INFO: [ view_filter ] --START--
INFO: Run Behavior\WriteHtmlCacheBehavior [ RunTime:0.000507s ]
INFO: [ view_filter ] --END-- [ RunTime:0.000618s ]
INFO: [ app_end ] --START--
INFO: Run Behavior\ShowPageTraceBehavior [ RunTime:0.000813s ]
INFO: [ app_end ] --END-- [ RunTime:0.000925s ]

[ 2016-11-26T22:17:32+08:00 ] 127.0.0.1 /index.php/Admin/Houses/check_bill/house_id/22/year/2016/month/10.html
INFO: [ app_init ] --START--
INFO: Run Behavior\BuildLiteBehavior [ RunTime:0.000047s ]
INFO: [ app_init ] --END-- [ RunTime:0.000967s ]
INFO: [ app_begin ] --START--
INFO: Run Behavior\ReadHtmlCacheBehavior [ RunTime:0.001265s ]
INFO: [ app_begin ] --END-- [ RunTime:0.001451s ]
SQL: SHOW COLUMNS FROM `lewo_houses` [ RunTime:0.0101s ]
SQL: SHOW COLUMNS FROM `lewo_area` [ RunTime:0.0054s ]
SQL: SELECT `house_code` FROM `lewo_houses` WHERE `id` = 22 LIMIT 1   [ RunTime:0.0004s ]
SQL: SELECT * FROM `lewo_houses` WHERE `house_code` = 'A805A' LIMIT 1   [ RunTime:0.0006s ]
SQL: SELECT * FROM `lewo_area` WHERE `id` = 4 LIMIT 1   [ RunTime:0.0004s ]
SQL: SHOW COLUMNS FROM `lewo_charge_bill` [ RunTime:0.0084s ]
SQL: SHOW COLUMNS FROM `lewo_charge_bill` [ RunTime:0.0068s ]
SQL: SELECT cb.*,p.*,cb.id AS cb_id,p.id AS p_id,a.realname,r.room_sort,r.bed_code FROM lewo_charge_bill cb INNER JOIN lewo_pay p ON cb.pro_id = p.pro_id INNER JOIN lewo_account a ON p.account_id = a.id INNER JOIN lewo_room r ON p.room_id = r.id  WHERE cb.house_code = 'A805A' AND p.input_year = '2016' AND p.input_month = '10' AND cb.type = 1 ORDER BY r.room_sort asc,r.bed_code asc  [ RunTime:0.0069s ]
SQL: SHOW COLUMNS FROM `lewo_charge_house` [ RunTime:0.0056s ]
SQL: SELECT * FROM `lewo_charge_house` WHERE `house_id` = 22 AND `input_year` = 2016 AND `input_month` = 10 LIMIT 1   [ RunTime:0.0006s ]
SQL: SELECT * FROM `lewo_charge_bill` WHERE `house_code` = 'A805A' AND `input_year` = 2016 AND `input_month` = 10 AND `type` NOT IN ('1')  [ RunTime:0.0013s ]
SQL: SHOW COLUMNS FROM `lewo_account` [ RunTime:0.0058s ]
SQL: SHOW COLUMNS FROM `lewo_room` [ RunTime:0.0055s ]
SQL: SELECT * FROM `lewo_room` WHERE `id` = 36 LIMIT 1   [ RunTime:0.0005s ]
SQL: SELECT * FROM `lewo_room` WHERE `id` = 37 LIMIT 1   [ RunTime:0.0005s ]
SQL: SELECT * FROM `lewo_room` WHERE `id` = 39 LIMIT 1   [ RunTime:0.0005s ]
SQL: SELECT * FROM `lewo_room` WHERE `id` = 38 LIMIT 1   [ RunTime:0.0005s ]
NOTIC: [8] Undefined variable: ammeter G:\wamp2\www\lewo\lewo\Admin\Controller\HousesController.class.php 第 553 行.
NOTIC: [8] Undefined variable: last_ammeter G:\wamp2\www\lewo\lewo\Admin\Controller\HousesController.class.php 第 554 行.
INFO: [ view_parse ] --START--
INFO: [ template_filter ] --START--
INFO: Run Behavior\ContentReplaceBehavior [ RunTime:0.000274s ]
INFO: [ template_filter ] --END-- [ RunTime:0.000398s ]
INFO: Run Behavior\ParseTemplateBehavior [ RunTime:0.030426s ]
INFO: [ view_parse ] --END-- [ RunTime:0.030539s ]
INFO: [ view_filter ] --START--
INFO: Run Behavior\WriteHtmlCacheBehavior [ RunTime:0.000489s ]
INFO: [ view_filter ] --END-- [ RunTime:0.000596s ]
INFO: [ app_end ] --START--
INFO: Run Behavior\ShowPageTraceBehavior [ RunTime:0.000808s ]
INFO: [ app_end ] --END-- [ RunTime:0.000915s ]

[ 2016-11-26T22:30:33+08:00 ] 127.0.0.1 /index.php/Admin/Houses/check_bill/house_id/22/year/2016/month/10.html
INFO: [ app_init ] --START--
INFO: Run Behavior\BuildLiteBehavior [ RunTime:0.000039s ]
INFO: [ app_init ] --END-- [ RunTime:0.001014s ]
INFO: [ app_begin ] --START--
INFO: Run Behavior\ReadHtmlCacheBehavior [ RunTime:0.001565s ]
INFO: [ app_begin ] --END-- [ RunTime:0.001788s ]
SQL: SHOW COLUMNS FROM `lewo_houses` [ RunTime:0.0056s ]
SQL: SHOW COLUMNS FROM `lewo_area` [ RunTime:0.0049s ]
SQL: SELECT `house_code` FROM `lewo_houses` WHERE `id` = 22 LIMIT 1   [ RunTime:0.0008s ]
SQL: SELECT * FROM `lewo_houses` WHERE `house_code` = 'A805A' LIMIT 1   [ RunTime:0.0011s ]
SQL: SELECT * FROM `lewo_area` WHERE `id` = 4 LIMIT 1   [ RunTime:0.0005s ]
SQL: SHOW COLUMNS FROM `lewo_charge_bill` [ RunTime:0.0071s ]
SQL: SHOW COLUMNS FROM `lewo_charge_bill` [ RunTime:0.0063s ]
SQL: SELECT cb.*,p.*,cb.id AS cb_id,p.id AS p_id,a.realname,r.room_sort,r.bed_code FROM lewo_charge_bill cb INNER JOIN lewo_pay p ON cb.pro_id = p.pro_id INNER JOIN lewo_account a ON p.account_id = a.id INNER JOIN lewo_room r ON p.room_id = r.id  WHERE cb.house_code = 'A805A' AND p.input_year = '2016' AND p.input_month = '10' AND cb.type = 1 ORDER BY r.room_sort asc,r.bed_code asc  [ RunTime:0.0064s ]
SQL: SHOW COLUMNS FROM `lewo_charge_house` [ RunTime:0.0072s ]
SQL: SELECT * FROM `lewo_charge_house` WHERE `house_id` = 22 AND `input_year` = 2016 AND `input_month` = 10 LIMIT 1   [ RunTime:0.0005s ]
SQL: SELECT * FROM `lewo_charge_bill` WHERE `house_code` = 'A805A' AND `input_year` = 2016 AND `input_month` = 10 AND `type` NOT IN ('1')  [ RunTime:0.0009s ]
SQL: SHOW COLUMNS FROM `lewo_account` [ RunTime:0.0057s ]
SQL: SHOW COLUMNS FROM `lewo_room` [ RunTime:0.0055s ]
SQL: SELECT * FROM `lewo_room` WHERE `id` = 36 LIMIT 1   [ RunTime:0.0006s ]
SQL: SELECT * FROM `lewo_room` WHERE `id` = 37 LIMIT 1   [ RunTime:0.0005s ]
SQL: SELECT * FROM `lewo_room` WHERE `id` = 39 LIMIT 1   [ RunTime:0.0005s ]
SQL: SELECT * FROM `lewo_room` WHERE `id` = 38 LIMIT 1   [ RunTime:0.0005s ]

[ 2016-11-26T22:44:34+08:00 ] 127.0.0.1 /index.php/Admin/Houses/check_bill/house_id/22/year/2016/month/10.html
INFO: [ app_init ] --START--
INFO: Run Behavior\BuildLiteBehavior [ RunTime:0.000036s ]
INFO: [ app_init ] --END-- [ RunTime:0.001179s ]
INFO: [ app_begin ] --START--
INFO: Run Behavior\ReadHtmlCacheBehavior [ RunTime:0.001343s ]
INFO: [ app_begin ] --END-- [ RunTime:0.001529s ]
SQL: SHOW COLUMNS FROM `lewo_houses` [ RunTime:0.0058s ]
SQL: SHOW COLUMNS FROM `lewo_area` [ RunTime:0.0053s ]
SQL: SELECT `house_code` FROM `lewo_houses` WHERE `id` = 22 LIMIT 1   [ RunTime:0.0005s ]
SQL: SELECT * FROM `lewo_houses` WHERE `house_code` = 'A805A' LIMIT 1   [ RunTime:0.0007s ]
SQL: SELECT * FROM `lewo_area` WHERE `id` = 4 LIMIT 1   [ RunTime:0.0004s ]
SQL: SHOW COLUMNS FROM `lewo_charge_bill` [ RunTime:0.0076s ]
SQL: SHOW COLUMNS FROM `lewo_charge_bill` [ RunTime:0.0074s ]
SQL: SELECT cb.*,p.*,cb.id AS cb_id,p.id AS p_id,a.realname,r.room_sort,r.bed_code FROM lewo_charge_bill cb INNER JOIN lewo_pay p ON cb.pro_id = p.pro_id INNER JOIN lewo_account a ON p.account_id = a.id INNER JOIN lewo_room r ON p.room_id = r.id  WHERE cb.house_code = 'A805A' AND p.input_year = '2016' AND p.input_month = '10' AND cb.type = 1 ORDER BY r.room_sort asc,r.bed_code asc  [ RunTime:0.0063s ]
SQL: SHOW COLUMNS FROM `lewo_charge_house` [ RunTime:0.0057s ]
SQL: SELECT * FROM `lewo_charge_house` WHERE `house_id` = 22 AND `input_year` = 2016 AND `input_month` = 10 LIMIT 1   [ RunTime:0.0007s ]
SQL: SELECT * FROM `lewo_charge_bill` WHERE `house_code` = 'A805A' AND `input_year` = 2016 AND `input_month` = 10 AND `type` NOT IN ('1')  [ RunTime:0.0009s ]
SQL: SHOW COLUMNS FROM `lewo_account` [ RunTime:0.0055s ]

[ 2016-11-26T22:45:27+08:00 ] 127.0.0.1 /index.php/Admin/Houses/check_bill/house_id/22/year/2016/month/10.html
INFO: [ app_init ] --START--
INFO: Run Behavior\BuildLiteBehavior [ RunTime:0.000036s ]
INFO: [ app_init ] --END-- [ RunTime:0.000968s ]
INFO: [ app_begin ] --START--
INFO: Run Behavior\ReadHtmlCacheBehavior [ RunTime:0.001307s ]
INFO: [ app_begin ] --END-- [ RunTime:0.001475s ]
SQL: SHOW COLUMNS FROM `lewo_houses` [ RunTime:0.0064s ]
SQL: SHOW COLUMNS FROM `lewo_area` [ RunTime:0.0061s ]
SQL: SELECT `house_code` FROM `lewo_houses` WHERE `id` = 22 LIMIT 1   [ RunTime:0.0009s ]
SQL: SELECT * FROM `lewo_houses` WHERE `house_code` = 'A805A' LIMIT 1   [ RunTime:0.0012s ]
SQL: SELECT * FROM `lewo_area` WHERE `id` = 4 LIMIT 1   [ RunTime:0.0010s ]
SQL: SHOW COLUMNS FROM `lewo_charge_bill` [ RunTime:0.0081s ]
SQL: SHOW COLUMNS FROM `lewo_charge_bill` [ RunTime:0.0083s ]
SQL: SELECT cb.*,p.*,cb.id AS cb_id,p.id AS p_id,a.realname,r.room_sort,r.room_code,r.bed_code FROM lewo_charge_bill cb INNER JOIN lewo_pay p ON cb.pro_id = p.pro_id INNER JOIN lewo_account a ON p.account_id = a.id INNER JOIN lewo_room r ON p.room_id = r.id  WHERE cb.house_code = 'A805A' AND p.input_year = '2016' AND p.input_month = '10' AND cb.type = 1 ORDER BY r.room_sort asc,r.bed_code asc  [ RunTime:0.0097s ]
SQL: SHOW COLUMNS FROM `lewo_charge_house` [ RunTime:0.0065s ]
SQL: SELECT * FROM `lewo_charge_house` WHERE `house_id` = 22 AND `input_year` = 2016 AND `input_month` = 10 LIMIT 1   [ RunTime:0.0015s ]
SQL: SELECT * FROM `lewo_charge_bill` WHERE `house_code` = 'A805A' AND `input_year` = 2016 AND `input_month` = 10 AND `type` NOT IN ('1')  [ RunTime:0.0014s ]
SQL: SHOW COLUMNS FROM `lewo_account` [ RunTime:0.0088s ]

[ 2016-11-26T22:46:13+08:00 ] 127.0.0.1 /index.php/Admin/Houses/check_bill/house_id/22/year/2016/month/10.html
INFO: [ app_init ] --START--
INFO: Run Behavior\BuildLiteBehavior [ RunTime:0.000038s ]
INFO: [ app_init ] --END-- [ RunTime:0.000906s ]
INFO: [ app_begin ] --START--
INFO: Run Behavior\ReadHtmlCacheBehavior [ RunTime:0.001141s ]
INFO: [ app_begin ] --END-- [ RunTime:0.001311s ]
SQL: SHOW COLUMNS FROM `lewo_houses` [ RunTime:0.0070s ]
SQL: SHOW COLUMNS FROM `lewo_area` [ RunTime:0.0049s ]
SQL: SHOW COLUMNS FROM `lewo_account` [ RunTime:0.0076s ]
SQL: SELECT `house_code` FROM `lewo_houses` WHERE `id` = 22 LIMIT 1   [ RunTime:0.0005s ]
SQL: SELECT * FROM `lewo_houses` WHERE `house_code` = 'A805A' LIMIT 1   [ RunTime:0.0007s ]
SQL: SELECT * FROM `lewo_area` WHERE `id` = 4 LIMIT 1   [ RunTime:0.0004s ]
SQL: SHOW COLUMNS FROM `lewo_charge_bill` [ RunTime:0.0064s ]
SQL: SHOW COLUMNS FROM `lewo_charge_bill` [ RunTime:0.0065s ]
SQL: SELECT cb.*,p.*,cb.id AS cb_id,p.id AS p_id,a.realname,r.room_sort,r.room_code,r.bed_code FROM lewo_charge_bill cb INNER JOIN lewo_pay p ON cb.pro_id = p.pro_id INNER JOIN lewo_account a ON p.account_id = a.id INNER JOIN lewo_room r ON p.room_id = r.id  WHERE cb.house_code = 'A805A' AND p.input_year = '2016' AND p.input_month = '10' AND cb.type = 1 ORDER BY r.room_sort asc,r.bed_code asc  [ RunTime:0.0073s ]
SQL: SHOW COLUMNS FROM `lewo_charge_house` [ RunTime:0.0051s ]
SQL: SELECT * FROM `lewo_charge_house` WHERE `house_id` = 22 AND `input_year` = 2016 AND `input_month` = 10 LIMIT 1   [ RunTime:0.0005s ]
SQL: SELECT * FROM `lewo_charge_bill` WHERE `house_code` = 'A805A' AND `input_year` = 2016 AND `input_month` = 10 AND `type` NOT IN ('1')  [ RunTime:0.0009s ]

[ 2016-11-26T22:46:26+08:00 ] 127.0.0.1 /index.php/Admin/Houses/check_bill/house_id/22/year/2016/month/10.html
INFO: [ app_init ] --START--
INFO: Run Behavior\BuildLiteBehavior [ RunTime:0.000134s ]
INFO: [ app_init ] --END-- [ RunTime:0.000923s ]
INFO: [ app_begin ] --START--
INFO: Run Behavior\ReadHtmlCacheBehavior [ RunTime:0.001033s ]
INFO: [ app_begin ] --END-- [ RunTime:0.001189s ]
SQL: SHOW COLUMNS FROM `lewo_houses` [ RunTime:0.0081s ]
SQL: SHOW COLUMNS FROM `lewo_area` [ RunTime:0.0067s ]
SQL: SHOW COLUMNS FROM `lewo_account` [ RunTime:0.0079s ]
SQL: SELECT `house_code` FROM `lewo_houses` WHERE `id` = 22 LIMIT 1   [ RunTime:0.0006s ]
SQL: SELECT * FROM `lewo_houses` WHERE `house_code` = 'A805A' LIMIT 1   [ RunTime:0.0008s ]
SQL: SELECT * FROM `lewo_area` WHERE `id` = 4 LIMIT 1   [ RunTime:0.0006s ]
SQL: SHOW COLUMNS FROM `lewo_charge_bill` [ RunTime:0.0090s ]
SQL: SHOW COLUMNS FROM `lewo_charge_bill` [ RunTime:0.0083s ]
SQL: SELECT cb.*,p.price,cb.id AS cb_id,p.id AS p_id,a.realname,r.room_sort,r.room_code,r.bed_code FROM lewo_charge_bill cb INNER JOIN lewo_pay p ON cb.pro_id = p.pro_id INNER JOIN lewo_account a ON p.account_id = a.id INNER JOIN lewo_room r ON p.room_id = r.id  WHERE cb.house_code = 'A805A' AND p.input_year = '2016' AND p.input_month = '10' AND cb.type = 1 ORDER BY r.room_sort asc,r.bed_code asc  [ RunTime:0.0108s ]
SQL: SHOW COLUMNS FROM `lewo_charge_house` [ RunTime:0.0085s ]
SQL: SELECT * FROM `lewo_charge_house` WHERE `house_id` = 22 AND `input_year` = 2016 AND `input_month` = 10 LIMIT 1   [ RunTime:0.0009s ]
SQL: SELECT * FROM `lewo_charge_bill` WHERE `house_code` = 'A805A' AND `input_year` = 2016 AND `input_month` = 10 AND `type` NOT IN ('1')  [ RunTime:0.0012s ]

