[ 2016-12-11T21:54:33+08:00 ] 127.0.0.1 /index.php/Admin/Tool
INFO: [ app_init ] --START--
INFO: Run Behavior\BuildLiteBehavior [ RunTime:0.000028s ]
INFO: [ app_init ] --END-- [ RunTime:0.002627s ]
INFO: [ app_begin ] --START--
INFO: Run Behavior\ReadHtmlCacheBehavior [ RunTime:0.001739s ]
INFO: [ app_begin ] --END-- [ RunTime:0.001879s ]

[ 2016-12-11T21:54:34+08:00 ] 127.0.0.1 /index.php/Admin/Index/login.html
INFO: [ app_init ] --START--
INFO: Run Behavior\BuildLiteBehavior [ RunTime:0.000027s ]
INFO: [ app_init ] --END-- [ RunTime:0.000625s ]
INFO: [ app_begin ] --START--
INFO: Run Behavior\ReadHtmlCacheBehavior [ RunTime:0.000758s ]
INFO: [ app_begin ] --END-- [ RunTime:0.000879s ]
INFO: [ view_parse ] --START--
INFO: [ template_filter ] --START--
INFO: Run Behavior\ContentReplaceBehavior [ RunTime:0.000425s ]
INFO: [ template_filter ] --END-- [ RunTime:0.000553s ]
INFO: Run Behavior\ParseTemplateBehavior [ RunTime:0.054475s ]
INFO: [ view_parse ] --END-- [ RunTime:0.054674s ]
INFO: [ view_filter ] --START--
INFO: Run Behavior\WriteHtmlCacheBehavior [ RunTime:0.026204s ]
INFO: [ view_filter ] --END-- [ RunTime:0.026323s ]

[ 2016-12-11T21:54:39+08:00 ] 127.0.0.1 /index.php/Admin/Index/login.html
INFO: [ app_init ] --START--
INFO: Run Behavior\BuildLiteBehavior [ RunTime:0.000028s ]
INFO: [ app_init ] --END-- [ RunTime:0.000680s ]
INFO: [ app_begin ] --START--
INFO: Run Behavior\ReadHtmlCacheBehavior [ RunTime:0.000750s ]
INFO: [ app_begin ] --END-- [ RunTime:0.000867s ]
SQL: SHOW COLUMNS FROM `lewo_admin_user` [ RunTime:0.0103s ]
SQL: SELECT * FROM `lewo_admin_user` WHERE `username` = 'lewoadmin' AND `password` = '6b1c5f2dfc828405850929e845df7963' LIMIT 1   [ RunTime:0.0013s ]

[ 2016-12-11T21:54:39+08:00 ] 127.0.0.1 /index.php/Admin/Index/index.html
INFO: [ app_init ] --START--
INFO: Run Behavior\BuildLiteBehavior [ RunTime:0.000027s ]
INFO: [ app_init ] --END-- [ RunTime:0.000617s ]
INFO: [ app_begin ] --START--
INFO: Run Behavior\ReadHtmlCacheBehavior [ RunTime:0.000780s ]
INFO: [ app_begin ] --END-- [ RunTime:0.000898s ]
SQL: SHOW COLUMNS FROM `lewo_schedule` [ RunTime:0.0074s ]
SQL: SHOW COLUMNS FROM `lewo_room` [ RunTime:0.0118s ]
SQL: SHOW COLUMNS FROM `lewo_account` [ RunTime:0.0115s ]
SQL: SELECT * FROM `lewo_schedule` WHERE `is_finish` = 0 AND `admin_type` = 2  [ RunTime:0.0007s ]
SQL: SELECT COUNT(*) AS tp_count FROM `lewo_schedule` WHERE `schedule_type` = 1 AND `is_finish` = 0 AND `admin_type` = 2 LIMIT 1   [ RunTime:0.0011s ]
SQL: SELECT COUNT(*) AS tp_count FROM `lewo_schedule` WHERE `schedule_type` = 2 AND `is_finish` = 0 AND `admin_type` = 2 LIMIT 1   [ RunTime:0.0004s ]
SQL: SELECT COUNT(*) AS tp_count FROM `lewo_schedule` WHERE `schedule_type` = 3 AND `is_finish` = 0 AND `admin_type` = 2 LIMIT 1   [ RunTime:0.0004s ]
SQL: SHOW COLUMNS FROM `lewo_back_bill` [ RunTime:0.0066s ]
SQL: SELECT COUNT(*) AS tp_count FROM `lewo_back_bill` WHERE `is_finish` = 0 AND `is_affirm` = 1 AND `back_type` = 1 LIMIT 1   [ RunTime:0.0006s ]
SQL: SELECT COUNT(*) AS tp_count FROM `lewo_back_bill` WHERE `is_finish` = 0 AND `is_affirm` = 1 AND `back_type` = 2 LIMIT 1   [ RunTime:0.0006s ]
SQL: SHOW COLUMNS FROM `lewo_contract` [ RunTime:0.0126s ]
SQL: SELECT SUM(rent) AS tp_sum FROM `lewo_contract` WHERE `start_time` = '2016-12-11' LIMIT 1   [ RunTime:0.0060s ]
SQL: SELECT SUM(fee) AS tp_sum FROM `lewo_contract` WHERE `start_time` = '2016-12-11' LIMIT 1   [ RunTime:0.0013s ]
SQL: SELECT SUM(deposit) AS tp_sum FROM `lewo_contract` WHERE `start_time` = '2016-12-11' LIMIT 1   [ RunTime:0.0013s ]
SQL: SELECT SUM(rent) AS tp_sum FROM `lewo_contract` WHERE `start_time` = '2016-12-10' LIMIT 1   [ RunTime:0.0013s ]
SQL: SELECT SUM(fee) AS tp_sum FROM `lewo_contract` WHERE `start_time` = '2016-12-10' LIMIT 1   [ RunTime:0.0013s ]
SQL: SELECT SUM(deposit) AS tp_sum FROM `lewo_contract` WHERE `start_time` = '2016-12-10' LIMIT 1   [ RunTime:0.0014s ]
SQL: SELECT COUNT(*) AS tp_count FROM `lewo_contract` WHERE `start_time` = '2016-12-11' LIMIT 1   [ RunTime:0.0013s ]
SQL: SHOW COLUMNS FROM `lewo_schedule` [ RunTime:0.0065s ]
SQL: SELECT SUM(money) AS tp_sum FROM `lewo_schedule` WHERE `create_date` = '2016-12-11' AND `schedule_type` = 4 LIMIT 1   [ RunTime:0.0005s ]
SQL: SHOW COLUMNS FROM `lewo_room` [ RunTime:0.0055s ]
SQL: SELECT COUNT(*) AS tp_count FROM `lewo_room` WHERE `room_type` = 1 AND `is_show` = 1 LIMIT 1   [ RunTime:0.0045s ]
SQL: SELECT COUNT(*) AS tp_count FROM `lewo_room` WHERE `status` = 0 AND `room_type` = 1 AND `is_show` = 1 LIMIT 1   [ RunTime:0.0010s ]
SQL: SELECT COUNT(*) AS tp_count FROM `lewo_room` WHERE `room_type` = 2 AND `is_show` = 1 LIMIT 1   [ RunTime:0.0009s ]
SQL: SELECT COUNT(*) AS tp_count FROM `lewo_room` WHERE `status` = 0 AND `room_type` = 2 AND `is_show` = 1 LIMIT 1   [ RunTime:0.0009s ]
INFO: [ view_parse ] --START--
INFO: [ template_filter ] --START--
INFO: Run Behavior\ContentReplaceBehavior [ RunTime:0.000101s ]
INFO: [ template_filter ] --END-- [ RunTime:0.000225s ]
INFO: Run Behavior\ParseTemplateBehavior [ RunTime:0.032299s ]
INFO: [ view_parse ] --END-- [ RunTime:0.032435s ]
INFO: [ view_filter ] --START--
INFO: Run Behavior\WriteHtmlCacheBehavior [ RunTime:0.000435s ]
INFO: [ view_filter ] --END-- [ RunTime:0.000537s ]
INFO: [ view_parse ] --START--
INFO: [ template_filter ] --START--
INFO: Run Behavior\ContentReplaceBehavior [ RunTime:0.000094s ]
INFO: [ template_filter ] --END-- [ RunTime:-0.030085s ]
INFO: Run Behavior\ParseTemplateBehavior [ RunTime:0.021912s ]
INFO: [ view_parse ] --END-- [ RunTime:-0.001384s ]
INFO: [ view_filter ] --START--
INFO: Run Behavior\WriteHtmlCacheBehavior [ RunTime:0.000028s ]
INFO: [ view_filter ] --END-- [ RunTime:-0.022872s ]
INFO: [ view_parse ] --START--
INFO: [ template_filter ] --START--
INFO: Run Behavior\ContentReplaceBehavior [ RunTime:0.000078s ]
INFO: [ template_filter ] --END-- [ RunTime:-0.045187s ]
INFO: Run Behavior\ParseTemplateBehavior [ RunTime:0.010419s ]
INFO: [ view_parse ] --END-- [ RunTime:-0.024383s ]
INFO: [ view_filter ] --START--
INFO: Run Behavior\WriteHtmlCacheBehavior [ RunTime:0.000031s ]
INFO: [ view_filter ] --END-- [ RunTime:-0.034437s ]
INFO: [ view_parse ] --START--
INFO: [ template_filter ] --START--
INFO: Run Behavior\ContentReplaceBehavior [ RunTime:0.000123s ]
INFO: [ template_filter ] --END-- [ RunTime:-0.060127s ]
INFO: Run Behavior\ParseTemplateBehavior [ RunTime:0.014230s ]
INFO: [ view_parse ] --END-- [ RunTime:-0.036186s ]
INFO: [ view_filter ] --START--
INFO: Run Behavior\WriteHtmlCacheBehavior [ RunTime:0.000029s ]
INFO: [ view_filter ] --END-- [ RunTime:-0.050012s ]
INFO: [ app_end ] --START--
INFO: Run Behavior\ShowPageTraceBehavior [ RunTime:0.014484s ]
INFO: [ app_end ] --END-- [ RunTime:0.014602s ]

